2020-06-11 17:38:02,959 - INFO - <module>- Main part starts
2020-06-11 17:38:09,287 - ERROR - only_fx_mfista- Too large L!! Change l1 or l2 values!!
2020-06-11 17:38:09,287 - INFO - only_fx_mfista- end fitting: itercount: 17
2020-06-11 17:38:11,486 - DEBUG - only_fx_mfista- iternum:50, L: 1.161443e+05, F_xk: 7.094239e+00, chi:6.221756e+06, reg: 6.197482e+06, rela_err:1.087648e-05
2020-06-11 17:38:12,571 - DEBUG - only_fx_mfista- iternum:100, L: 1.277588e+05, F_xk: 7.091228e+00, chi:6.205888e+06, reg: 6.131015e+06, rela_err:1.624981e-06
2020-06-11 17:38:13,694 - DEBUG - only_fx_mfista- iternum:150, L: 1.277588e+05, F_xk: 7.090566e+00, chi:6.203699e+06, reg: 6.114778e+06, rela_err:6.409891e-07
2020-06-11 17:38:14,782 - DEBUG - only_fx_mfista- iternum:200, L: 1.161443e+05, F_xk: 7.090233e+00, chi:6.202466e+06, reg: 6.106699e+06, rela_err:3.454100e-07
2020-06-11 17:38:15,921 - DEBUG - only_fx_mfista- iternum:250, L: 1.161443e+05, F_xk: 7.090057e+00, chi:6.202099e+06, reg: 6.102141e+06, rela_err:1.837083e-07
2020-06-11 17:38:17,063 - DEBUG - only_fx_mfista- iternum:300, L: 1.277588e+05, F_xk: 7.089961e+00, chi:6.201674e+06, reg: 6.099875e+06, rela_err:1.074308e-07
2020-06-11 17:38:17,390 - INFO - only_fx_mfista- end; fitting. iternum:308, relative dif of F: 9.989396e-08
2020-06-11 17:38:17,425 - DEBUG - fx_L1_mfista- itercount: 0, L: 9.523810e-05, eta:1.050000e+00
2020-06-11 17:38:17,432 - DEBUG - fx_L1_mfista- itercount: 0, L: 1.000000e-04, eta:1.050000e+00
2020-06-11 17:38:17,439 - DEBUG - fx_L1_mfista- itercount: 0, L: 1.050000e-04, eta:1.050000e+00
2020-06-11 17:38:17,448 - DEBUG - fx_L1_mfista- itercount: 0, L: 1.102500e-04, eta:1.050000e+00
2020-06-11 17:38:17,454 - DEBUG - fx_L1_mfista- itercount: 0, L: 1.157625e-04, eta:1.050000e+00
2020-06-11 17:38:17,461 - DEBUG - fx_L1_mfista- itercount: 0, L: 1.215506e-04, eta:1.050000e+00
2020-06-11 17:38:17,468 - DEBUG - fx_L1_mfista- itercount: 0, L: 1.276282e-04, eta:1.050000e+00
2020-06-11 17:38:17,475 - DEBUG - fx_L1_mfista- itercount: 0, L: 1.340096e-04, eta:1.050000e+00
2020-06-11 17:38:17,483 - DEBUG - fx_L1_mfista- itercount: 0, L: 1.407100e-04, eta:1.050000e+00
2020-06-11 17:38:17,489 - DEBUG - fx_L1_mfista- itercount: 0, L: 1.477455e-04, eta:1.050000e+00
2020-06-11 17:38:17,495 - DEBUG - fx_L1_mfista- itercount: 0, L: 1.551328e-04, eta:1.050000e+00
2020-06-11 17:38:17,501 - DEBUG - fx_L1_mfista- itercount: 0, L: 1.628895e-04, eta:1.050000e+00
2020-06-11 17:38:17,508 - DEBUG - fx_L1_mfista- itercount: 0, L: 1.710339e-04, eta:1.050000e+00
2020-06-11 17:38:17,515 - DEBUG - fx_L1_mfista- itercount: 0, L: 1.795856e-04, eta:1.050000e+00
2020-06-11 17:38:17,521 - DEBUG - fx_L1_mfista- itercount: 0, L: 1.885649e-04, eta:1.050000e+00
2020-06-11 17:38:17,529 - DEBUG - fx_L1_mfista- itercount: 0, L: 1.979932e-04, eta:1.050000e+00
2020-06-11 17:38:17,535 - DEBUG - fx_L1_mfista- itercount: 0, L: 2.078928e-04, eta:1.050000e+00
2020-06-11 17:38:17,541 - DEBUG - fx_L1_mfista- itercount: 0, L: 2.182875e-04, eta:1.050000e+00
2020-06-11 17:38:17,548 - DEBUG - fx_L1_mfista- itercount: 0, L: 2.292018e-04, eta:1.050000e+00
2020-06-11 17:38:17,555 - DEBUG - fx_L1_mfista- itercount: 0, L: 2.406619e-04, eta:1.050000e+00
2020-06-11 17:38:17,563 - DEBUG - fx_L1_mfista- itercount: 0, L: 2.526950e-04, eta:1.050000e+00
2020-06-11 17:38:17,569 - DEBUG - fx_L1_mfista- itercount: 0, L: 2.653298e-04, eta:1.050000e+00
2020-06-11 17:38:17,574 - DEBUG - fx_L1_mfista- itercount: 0, L: 2.785963e-04, eta:1.050000e+00
2020-06-11 17:38:17,580 - DEBUG - fx_L1_mfista- itercount: 0, L: 2.925261e-04, eta:1.050000e+00
2020-06-11 17:38:17,586 - DEBUG - fx_L1_mfista- itercount: 0, L: 3.071524e-04, eta:1.050000e+00
2020-06-11 17:38:17,593 - DEBUG - fx_L1_mfista- itercount: 0, L: 3.225100e-04, eta:1.050000e+00
2020-06-11 17:38:17,599 - DEBUG - fx_L1_mfista- itercount: 0, L: 3.386355e-04, eta:1.050000e+00
2020-06-11 17:38:17,605 - DEBUG - fx_L1_mfista- itercount: 0, L: 3.555673e-04, eta:1.050000e+00
2020-06-11 17:38:17,613 - DEBUG - fx_L1_mfista- itercount: 0, L: 3.733456e-04, eta:1.050000e+00
2020-06-11 17:38:17,619 - DEBUG - fx_L1_mfista- itercount: 0, L: 3.920129e-04, eta:1.050000e+00
2020-06-11 17:38:17,626 - DEBUG - fx_L1_mfista- itercount: 0, L: 4.116136e-04, eta:1.050000e+00
2020-06-11 17:38:17,633 - DEBUG - fx_L1_mfista- itercount: 0, L: 4.321942e-04, eta:1.050000e+00
2020-06-11 17:38:17,639 - DEBUG - fx_L1_mfista- itercount: 0, L: 4.538039e-04, eta:1.050000e+00
2020-06-11 17:38:17,648 - DEBUG - fx_L1_mfista- itercount: 0, L: 4.764941e-04, eta:1.050000e+00
2020-06-11 17:38:17,654 - DEBUG - fx_L1_mfista- itercount: 0, L: 5.003189e-04, eta:1.050000e+00
2020-06-11 17:38:17,661 - DEBUG - fx_L1_mfista- itercount: 0, L: 5.253348e-04, eta:1.050000e+00
2020-06-11 17:38:17,667 - DEBUG - fx_L1_mfista- itercount: 0, L: 5.516015e-04, eta:1.050000e+00
2020-06-11 17:38:17,673 - DEBUG - fx_L1_mfista- itercount: 0, L: 5.791816e-04, eta:1.050000e+00
2020-06-11 17:38:17,680 - DEBUG - fx_L1_mfista- itercount: 0, L: 6.081407e-04, eta:1.050000e+00
2020-06-11 17:38:17,686 - DEBUG - fx_L1_mfista- itercount: 0, L: 6.385477e-04, eta:1.050000e+00
2020-06-11 17:38:17,692 - DEBUG - fx_L1_mfista- itercount: 0, L: 6.704751e-04, eta:1.050000e+00
2020-06-11 17:38:17,698 - DEBUG - fx_L1_mfista- itercount: 0, L: 7.039989e-04, eta:1.050000e+00
2020-06-11 17:38:17,703 - DEBUG - fx_L1_mfista- itercount: 0, L: 7.391988e-04, eta:1.050000e+00
2020-06-11 17:38:17,710 - DEBUG - fx_L1_mfista- itercount: 0, L: 7.761588e-04, eta:1.050000e+00
2020-06-11 17:38:17,715 - DEBUG - fx_L1_mfista- itercount: 0, L: 8.149667e-04, eta:1.050000e+00
2020-06-11 17:38:17,721 - DEBUG - fx_L1_mfista- itercount: 0, L: 8.557150e-04, eta:1.050000e+00
2020-06-11 17:38:17,727 - DEBUG - fx_L1_mfista- itercount: 0, L: 8.985008e-04, eta:1.050000e+00
2020-06-11 17:38:17,734 - DEBUG - fx_L1_mfista- itercount: 0, L: 9.434258e-04, eta:1.050000e+00
2020-06-11 17:38:17,739 - DEBUG - fx_L1_mfista- itercount: 0, L: 9.905971e-04, eta:1.050000e+00
2020-06-11 17:38:17,746 - DEBUG - fx_L1_mfista- itercount: 0, L: 1.040127e-03, eta:1.050000e+00
2020-06-11 17:38:17,752 - DEBUG - fx_L1_mfista- itercount: 0, L: 1.092133e-03, eta:1.050000e+00
2020-06-11 17:38:17,757 - DEBUG - fx_L1_mfista- itercount: 0, L: 1.146740e-03, eta:1.050000e+00
2020-06-11 17:38:17,764 - DEBUG - fx_L1_mfista- itercount: 0, L: 1.204077e-03, eta:1.050000e+00
2020-06-11 17:38:17,770 - DEBUG - fx_L1_mfista- itercount: 0, L: 1.264281e-03, eta:1.050000e+00
2020-06-11 17:38:17,775 - DEBUG - fx_L1_mfista- itercount: 0, L: 1.327495e-03, eta:1.050000e+00
2020-06-11 17:38:17,781 - DEBUG - fx_L1_mfista- itercount: 0, L: 1.393870e-03, eta:1.050000e+00
2020-06-11 17:38:17,787 - DEBUG - fx_L1_mfista- itercount: 0, L: 1.463563e-03, eta:1.050000e+00
2020-06-11 17:38:17,793 - DEBUG - fx_L1_mfista- itercount: 0, L: 1.536741e-03, eta:1.050000e+00
2020-06-11 17:38:17,799 - DEBUG - fx_L1_mfista- itercount: 0, L: 1.613578e-03, eta:1.050000e+00
2020-06-11 17:38:17,806 - DEBUG - fx_L1_mfista- itercount: 0, L: 1.694257e-03, eta:1.050000e+00
2020-06-11 17:38:17,811 - DEBUG - fx_L1_mfista- itercount: 0, L: 1.778970e-03, eta:1.050000e+00
2020-06-11 17:38:17,817 - DEBUG - fx_L1_mfista- itercount: 0, L: 1.867919e-03, eta:1.050000e+00
2020-06-11 17:38:17,823 - DEBUG - fx_L1_mfista- itercount: 0, L: 1.961315e-03, eta:1.050000e+00
2020-06-11 17:38:17,829 - DEBUG - fx_L1_mfista- itercount: 0, L: 2.059380e-03, eta:1.050000e+00
2020-06-11 17:38:17,835 - DEBUG - fx_L1_mfista- itercount: 0, L: 2.162349e-03, eta:1.050000e+00
2020-06-11 17:38:17,841 - DEBUG - fx_L1_mfista- itercount: 0, L: 2.270467e-03, eta:1.050000e+00
2020-06-11 17:38:17,847 - DEBUG - fx_L1_mfista- itercount: 0, L: 2.383990e-03, eta:1.050000e+00
2020-06-11 17:38:17,853 - DEBUG - fx_L1_mfista- itercount: 0, L: 2.503190e-03, eta:1.050000e+00
2020-06-11 17:38:17,859 - DEBUG - fx_L1_mfista- itercount: 0, L: 2.628349e-03, eta:1.050000e+00
2020-06-11 17:38:17,864 - DEBUG - fx_L1_mfista- itercount: 0, L: 2.759766e-03, eta:1.050000e+00
2020-06-11 17:38:17,871 - DEBUG - fx_L1_mfista- itercount: 0, L: 2.897755e-03, eta:1.050000e+00
2020-06-11 17:38:17,877 - DEBUG - fx_L1_mfista- itercount: 0, L: 3.042643e-03, eta:1.050000e+00
2020-06-11 17:38:17,883 - DEBUG - fx_L1_mfista- itercount: 0, L: 3.194775e-03, eta:1.050000e+00
2020-06-11 17:38:17,888 - DEBUG - fx_L1_mfista- itercount: 0, L: 3.354513e-03, eta:1.050000e+00
2020-06-11 17:38:17,894 - DEBUG - fx_L1_mfista- itercount: 0, L: 3.522239e-03, eta:1.050000e+00
2020-06-11 17:38:17,899 - DEBUG - fx_L1_mfista- itercount: 0, L: 3.698351e-03, eta:1.050000e+00
2020-06-11 17:38:17,906 - DEBUG - fx_L1_mfista- itercount: 0, L: 3.883269e-03, eta:1.050000e+00
2020-06-11 17:38:17,912 - DEBUG - fx_L1_mfista- itercount: 0, L: 4.077432e-03, eta:1.050000e+00
2020-06-11 17:38:17,918 - DEBUG - fx_L1_mfista- itercount: 0, L: 4.281304e-03, eta:1.050000e+00
2020-06-11 17:38:17,924 - DEBUG - fx_L1_mfista- itercount: 0, L: 4.495369e-03, eta:1.050000e+00
2020-06-11 17:38:17,930 - DEBUG - fx_L1_mfista- itercount: 0, L: 4.720137e-03, eta:1.050000e+00
2020-06-11 17:38:17,935 - DEBUG - fx_L1_mfista- itercount: 0, L: 4.956144e-03, eta:1.050000e+00
2020-06-11 17:38:17,942 - DEBUG - fx_L1_mfista- itercount: 0, L: 5.203951e-03, eta:1.050000e+00
2020-06-11 17:38:17,948 - DEBUG - fx_L1_mfista- itercount: 0, L: 5.464149e-03, eta:1.050000e+00
2020-06-11 17:38:17,954 - DEBUG - fx_L1_mfista- itercount: 0, L: 5.737356e-03, eta:1.050000e+00
2020-06-11 17:38:17,961 - DEBUG - fx_L1_mfista- itercount: 0, L: 6.024224e-03, eta:1.050000e+00
2020-06-11 17:38:17,966 - DEBUG - fx_L1_mfista- itercount: 0, L: 6.325435e-03, eta:1.050000e+00
2020-06-11 17:38:17,972 - DEBUG - fx_L1_mfista- itercount: 0, L: 6.641707e-03, eta:1.050000e+00
2020-06-11 17:38:17,978 - DEBUG - fx_L1_mfista- itercount: 0, L: 6.973792e-03, eta:1.050000e+00
2020-06-11 17:38:17,984 - DEBUG - fx_L1_mfista- itercount: 0, L: 7.322482e-03, eta:1.050000e+00
2020-06-11 17:38:17,990 - DEBUG - fx_L1_mfista- itercount: 0, L: 7.688606e-03, eta:1.050000e+00
2020-06-11 17:38:17,997 - DEBUG - fx_L1_mfista- itercount: 0, L: 8.073037e-03, eta:1.050000e+00
2020-06-11 17:38:18,003 - DEBUG - fx_L1_mfista- itercount: 0, L: 8.476688e-03, eta:1.050000e+00
2020-06-11 17:38:18,008 - DEBUG - fx_L1_mfista- itercount: 0, L: 8.900523e-03, eta:1.050000e+00
2020-06-11 17:38:18,014 - DEBUG - fx_L1_mfista- itercount: 0, L: 9.345549e-03, eta:1.050000e+00
2020-06-11 17:38:18,020 - DEBUG - fx_L1_mfista- itercount: 0, L: 9.812826e-03, eta:1.050000e+00
2020-06-11 17:38:18,027 - DEBUG - fx_L1_mfista- itercount: 0, L: 1.030347e-02, eta:1.050000e+00
2020-06-11 17:38:18,032 - DEBUG - fx_L1_mfista- itercount: 0, L: 1.081864e-02, eta:1.050000e+00
2020-06-11 17:38:18,038 - DEBUG - fx_L1_mfista- itercount: 0, L: 1.135957e-02, eta:1.050000e+00
2020-06-11 17:38:18,044 - DEBUG - fx_L1_mfista- itercount: 0, L: 1.192755e-02, eta:1.050000e+00
2020-06-11 17:38:18,050 - DEBUG - fx_L1_mfista- itercount: 0, L: 1.252393e-02, eta:1.050000e+00
2020-06-11 17:38:18,056 - DEBUG - fx_L1_mfista- itercount: 0, L: 1.315013e-02, eta:1.050000e+00
2020-06-11 17:38:18,062 - DEBUG - fx_L1_mfista- itercount: 0, L: 1.380763e-02, eta:1.050000e+00
2020-06-11 17:38:18,068 - DEBUG - fx_L1_mfista- itercount: 0, L: 1.449801e-02, eta:1.050000e+00
2020-06-11 17:38:18,073 - DEBUG - fx_L1_mfista- itercount: 0, L: 1.522291e-02, eta:1.050000e+00
2020-06-11 17:38:18,080 - DEBUG - fx_L1_mfista- itercount: 0, L: 1.598406e-02, eta:1.050000e+00
2020-06-11 17:38:18,085 - DEBUG - fx_L1_mfista- itercount: 0, L: 1.678326e-02, eta:1.050000e+00
2020-06-11 17:38:18,091 - DEBUG - fx_L1_mfista- itercount: 0, L: 1.762243e-02, eta:1.050000e+00
2020-06-11 17:38:18,097 - DEBUG - fx_L1_mfista- itercount: 0, L: 1.850355e-02, eta:1.050000e+00
2020-06-11 17:38:18,103 - DEBUG - fx_L1_mfista- itercount: 0, L: 1.942872e-02, eta:1.050000e+00
2020-06-11 17:38:18,109 - DEBUG - fx_L1_mfista- itercount: 0, L: 2.040016e-02, eta:1.050000e+00
2020-06-11 17:38:18,115 - DEBUG - fx_L1_mfista- itercount: 0, L: 2.142017e-02, eta:1.050000e+00
2020-06-11 17:38:18,121 - DEBUG - fx_L1_mfista- itercount: 0, L: 2.249118e-02, eta:1.050000e+00
2020-06-11 17:38:18,127 - DEBUG - fx_L1_mfista- itercount: 0, L: 2.361574e-02, eta:1.050000e+00
2020-06-11 17:38:18,133 - DEBUG - fx_L1_mfista- itercount: 0, L: 2.479652e-02, eta:1.050000e+00
2020-06-11 17:38:18,139 - DEBUG - fx_L1_mfista- itercount: 0, L: 2.603635e-02, eta:1.050000e+00
2020-06-11 17:38:18,145 - DEBUG - fx_L1_mfista- itercount: 0, L: 2.733817e-02, eta:1.050000e+00
2020-06-11 17:38:18,151 - DEBUG - fx_L1_mfista- itercount: 0, L: 2.870508e-02, eta:1.050000e+00
2020-06-11 17:38:18,157 - DEBUG - fx_L1_mfista- itercount: 0, L: 3.014033e-02, eta:1.050000e+00
2020-06-11 17:38:18,164 - DEBUG - fx_L1_mfista- itercount: 0, L: 3.164735e-02, eta:1.050000e+00
2020-06-11 17:38:18,169 - DEBUG - fx_L1_mfista- itercount: 0, L: 3.322971e-02, eta:1.050000e+00
2020-06-11 17:38:18,175 - DEBUG - fx_L1_mfista- itercount: 0, L: 3.489120e-02, eta:1.050000e+00
2020-06-11 17:38:18,181 - DEBUG - fx_L1_mfista- itercount: 0, L: 3.663576e-02, eta:1.050000e+00
2020-06-11 17:38:18,188 - DEBUG - fx_L1_mfista- itercount: 0, L: 3.846755e-02, eta:1.050000e+00
2020-06-11 17:38:18,194 - DEBUG - fx_L1_mfista- itercount: 0, L: 4.039092e-02, eta:1.050000e+00
2020-06-11 17:38:18,199 - DEBUG - fx_L1_mfista- itercount: 0, L: 4.241047e-02, eta:1.050000e+00
2020-06-11 17:38:18,205 - DEBUG - fx_L1_mfista- itercount: 0, L: 4.453099e-02, eta:1.050000e+00
2020-06-11 17:38:18,211 - DEBUG - fx_L1_mfista- itercount: 0, L: 4.675754e-02, eta:1.050000e+00
2020-06-11 17:38:18,217 - DEBUG - fx_L1_mfista- itercount: 0, L: 4.909542e-02, eta:1.050000e+00
2020-06-11 17:38:18,223 - DEBUG - fx_L1_mfista- itercount: 0, L: 5.155019e-02, eta:1.050000e+00
2020-06-11 17:38:18,229 - DEBUG - fx_L1_mfista- itercount: 0, L: 5.412770e-02, eta:1.050000e+00
2020-06-11 17:38:18,235 - DEBUG - fx_L1_mfista- itercount: 0, L: 5.683409e-02, eta:1.050000e+00
2020-06-11 17:38:18,241 - DEBUG - fx_L1_mfista- itercount: 0, L: 5.967579e-02, eta:1.050000e+00
2020-06-11 17:38:18,247 - DEBUG - fx_L1_mfista- itercount: 0, L: 6.265958e-02, eta:1.050000e+00
2020-06-11 17:38:18,252 - DEBUG - fx_L1_mfista- itercount: 0, L: 6.579256e-02, eta:1.050000e+00
2020-06-11 17:38:18,258 - DEBUG - fx_L1_mfista- itercount: 0, L: 6.908219e-02, eta:1.050000e+00
2020-06-11 17:38:18,264 - DEBUG - fx_L1_mfista- itercount: 0, L: 7.253630e-02, eta:1.050000e+00
2020-06-11 17:38:18,270 - DEBUG - fx_L1_mfista- itercount: 0, L: 7.616311e-02, eta:1.050000e+00
2020-06-11 17:38:18,276 - DEBUG - fx_L1_mfista- itercount: 0, L: 7.997127e-02, eta:1.050000e+00
2020-06-11 17:38:18,283 - DEBUG - fx_L1_mfista- itercount: 0, L: 8.396983e-02, eta:1.050000e+00
2020-06-11 17:38:18,289 - DEBUG - fx_L1_mfista- itercount: 0, L: 8.816832e-02, eta:1.050000e+00
2020-06-11 17:38:18,295 - DEBUG - fx_L1_mfista- itercount: 0, L: 9.257674e-02, eta:1.050000e+00
2020-06-11 17:38:18,301 - DEBUG - fx_L1_mfista- itercount: 0, L: 9.720557e-02, eta:1.050000e+00
2020-06-11 17:38:18,306 - DEBUG - fx_L1_mfista- itercount: 0, L: 1.020659e-01, eta:1.050000e+00
2020-06-11 17:38:18,313 - DEBUG - fx_L1_mfista- itercount: 0, L: 1.071691e-01, eta:1.050000e+00
2020-06-11 17:38:18,318 - DEBUG - fx_L1_mfista- itercount: 0, L: 1.125276e-01, eta:1.050000e+00
2020-06-11 17:38:18,324 - DEBUG - fx_L1_mfista- itercount: 0, L: 1.181540e-01, eta:1.050000e+00
2020-06-11 17:38:18,330 - DEBUG - fx_L1_mfista- itercount: 0, L: 1.240617e-01, eta:1.050000e+00
2020-06-11 17:38:18,337 - DEBUG - fx_L1_mfista- itercount: 0, L: 1.302648e-01, eta:1.050000e+00
2020-06-11 17:38:18,343 - DEBUG - fx_L1_mfista- itercount: 0, L: 1.367780e-01, eta:1.050000e+00
2020-06-11 17:38:18,349 - DEBUG - fx_L1_mfista- itercount: 0, L: 1.436169e-01, eta:1.050000e+00
2020-06-11 17:38:18,355 - DEBUG - fx_L1_mfista- itercount: 0, L: 1.507977e-01, eta:1.050000e+00
2020-06-11 17:38:18,361 - DEBUG - fx_L1_mfista- itercount: 0, L: 1.583376e-01, eta:1.050000e+00
2020-06-11 17:38:18,367 - DEBUG - fx_L1_mfista- itercount: 0, L: 1.662545e-01, eta:1.050000e+00
2020-06-11 17:38:18,372 - DEBUG - fx_L1_mfista- itercount: 0, L: 1.745672e-01, eta:1.050000e+00
2020-06-11 17:38:18,378 - DEBUG - fx_L1_mfista- itercount: 0, L: 1.832956e-01, eta:1.050000e+00
2020-06-11 17:38:18,384 - DEBUG - fx_L1_mfista- itercount: 0, L: 1.924604e-01, eta:1.050000e+00
2020-06-11 17:38:18,391 - DEBUG - fx_L1_mfista- itercount: 0, L: 2.020834e-01, eta:1.050000e+00
2020-06-11 17:38:18,397 - DEBUG - fx_L1_mfista- itercount: 0, L: 2.121876e-01, eta:1.050000e+00
2020-06-11 17:38:18,403 - DEBUG - fx_L1_mfista- itercount: 0, L: 2.227970e-01, eta:1.050000e+00
2020-06-11 17:38:18,408 - DEBUG - fx_L1_mfista- itercount: 0, L: 2.339368e-01, eta:1.050000e+00
2020-06-11 17:38:18,415 - DEBUG - fx_L1_mfista- itercount: 0, L: 2.456336e-01, eta:1.050000e+00
2020-06-11 17:38:18,420 - DEBUG - fx_L1_mfista- itercount: 0, L: 2.579153e-01, eta:1.050000e+00
2020-06-11 17:38:18,426 - DEBUG - fx_L1_mfista- itercount: 0, L: 2.708111e-01, eta:1.050000e+00
2020-06-11 17:38:18,432 - DEBUG - fx_L1_mfista- itercount: 0, L: 2.843516e-01, eta:1.050000e+00
2020-06-11 17:38:18,439 - DEBUG - fx_L1_mfista- itercount: 0, L: 2.985692e-01, eta:1.050000e+00
2020-06-11 17:38:18,445 - DEBUG - fx_L1_mfista- itercount: 0, L: 3.134977e-01, eta:1.050000e+00
2020-06-11 17:38:18,451 - DEBUG - fx_L1_mfista- itercount: 0, L: 3.291726e-01, eta:1.050000e+00
2020-06-11 17:38:18,457 - DEBUG - fx_L1_mfista- itercount: 0, L: 3.456312e-01, eta:1.050000e+00
2020-06-11 17:38:18,463 - DEBUG - fx_L1_mfista- itercount: 0, L: 3.629128e-01, eta:1.050000e+00
2020-06-11 17:38:18,469 - DEBUG - fx_L1_mfista- itercount: 0, L: 3.810584e-01, eta:1.050000e+00
2020-06-11 17:38:18,474 - DEBUG - fx_L1_mfista- itercount: 0, L: 4.001113e-01, eta:1.050000e+00
2020-06-11 17:38:18,480 - DEBUG - fx_L1_mfista- itercount: 0, L: 4.201169e-01, eta:1.050000e+00
2020-06-11 17:38:18,486 - DEBUG - fx_L1_mfista- itercount: 0, L: 4.411227e-01, eta:1.050000e+00
2020-06-11 17:38:18,492 - DEBUG - fx_L1_mfista- itercount: 0, L: 4.631789e-01, eta:1.050000e+00
2020-06-11 17:38:18,498 - DEBUG - fx_L1_mfista- itercount: 0, L: 4.863378e-01, eta:1.050000e+00
2020-06-11 17:38:18,504 - DEBUG - fx_L1_mfista- itercount: 0, L: 5.106547e-01, eta:1.050000e+00
2020-06-11 17:38:18,509 - DEBUG - fx_L1_mfista- itercount: 0, L: 5.361874e-01, eta:1.050000e+00
2020-06-11 17:38:18,515 - DEBUG - fx_L1_mfista- itercount: 0, L: 5.629968e-01, eta:1.050000e+00
2020-06-11 17:38:18,521 - DEBUG - fx_L1_mfista- itercount: 0, L: 5.911467e-01, eta:1.050000e+00
2020-06-11 17:38:18,527 - DEBUG - fx_L1_mfista- itercount: 0, L: 6.207040e-01, eta:1.050000e+00
2020-06-11 17:38:18,533 - DEBUG - fx_L1_mfista- itercount: 0, L: 6.517392e-01, eta:1.050000e+00
2020-06-11 17:38:18,539 - DEBUG - fx_L1_mfista- itercount: 0, L: 6.843261e-01, eta:1.050000e+00
2020-06-11 17:38:18,546 - DEBUG - fx_L1_mfista- itercount: 0, L: 7.185425e-01, eta:1.050000e+00
2020-06-11 17:38:18,551 - DEBUG - fx_L1_mfista- itercount: 0, L: 7.544696e-01, eta:1.050000e+00
2020-06-11 17:38:18,557 - DEBUG - fx_L1_mfista- itercount: 0, L: 7.921931e-01, eta:1.050000e+00
2020-06-11 17:38:18,563 - DEBUG - fx_L1_mfista- itercount: 0, L: 8.318027e-01, eta:1.050000e+00
2020-06-11 17:38:18,569 - DEBUG - fx_L1_mfista- itercount: 0, L: 8.733928e-01, eta:1.050000e+00
2020-06-11 17:38:18,575 - DEBUG - fx_L1_mfista- itercount: 0, L: 9.170625e-01, eta:1.050000e+00
2020-06-11 17:38:18,581 - DEBUG - fx_L1_mfista- itercount: 0, L: 9.629156e-01, eta:1.050000e+00
2020-06-11 17:38:18,587 - DEBUG - fx_L1_mfista- itercount: 0, L: 1.011061e+00, eta:1.050000e+00
2020-06-11 17:38:18,592 - DEBUG - fx_L1_mfista- itercount: 0, L: 1.061614e+00, eta:1.050000e+00
2020-06-11 17:38:18,598 - DEBUG - fx_L1_mfista- itercount: 0, L: 1.114695e+00, eta:1.050000e+00
2020-06-11 17:38:18,603 - DEBUG - fx_L1_mfista- itercount: 0, L: 1.170430e+00, eta:1.050000e+00
2020-06-11 17:38:18,610 - DEBUG - fx_L1_mfista- itercount: 0, L: 1.228951e+00, eta:1.050000e+00
2020-06-11 17:38:18,615 - DEBUG - fx_L1_mfista- itercount: 0, L: 1.290399e+00, eta:1.050000e+00
2020-06-11 17:38:18,621 - DEBUG - fx_L1_mfista- itercount: 0, L: 1.354919e+00, eta:1.050000e+00
2020-06-11 17:38:18,627 - DEBUG - fx_L1_mfista- itercount: 0, L: 1.422665e+00, eta:1.050000e+00
2020-06-11 17:38:18,633 - DEBUG - fx_L1_mfista- itercount: 0, L: 1.493798e+00, eta:1.050000e+00
2020-06-11 17:38:18,639 - DEBUG - fx_L1_mfista- itercount: 0, L: 1.568488e+00, eta:1.050000e+00
2020-06-11 17:38:18,644 - DEBUG - fx_L1_mfista- itercount: 0, L: 1.646912e+00, eta:1.050000e+00
2020-06-11 17:38:18,651 - DEBUG - fx_L1_mfista- itercount: 0, L: 1.729258e+00, eta:1.050000e+00
2020-06-11 17:38:18,657 - DEBUG - fx_L1_mfista- itercount: 0, L: 1.815721e+00, eta:1.050000e+00
2020-06-11 17:38:18,663 - DEBUG - fx_L1_mfista- itercount: 0, L: 1.906507e+00, eta:1.050000e+00
2020-06-11 17:38:18,668 - DEBUG - fx_L1_mfista- itercount: 0, L: 2.001832e+00, eta:1.050000e+00
2020-06-11 17:38:18,674 - DEBUG - fx_L1_mfista- itercount: 0, L: 2.101924e+00, eta:1.050000e+00
2020-06-11 17:38:18,680 - DEBUG - fx_L1_mfista- itercount: 0, L: 2.207020e+00, eta:1.050000e+00
2020-06-11 17:38:18,686 - DEBUG - fx_L1_mfista- itercount: 0, L: 2.317371e+00, eta:1.050000e+00
2020-06-11 17:38:18,692 - DEBUG - fx_L1_mfista- itercount: 0, L: 2.433240e+00, eta:1.050000e+00
2020-06-11 17:38:18,699 - DEBUG - fx_L1_mfista- itercount: 0, L: 2.554902e+00, eta:1.050000e+00
2020-06-11 17:38:18,705 - DEBUG - fx_L1_mfista- itercount: 0, L: 2.682647e+00, eta:1.050000e+00
2020-06-11 17:38:18,710 - DEBUG - fx_L1_mfista- itercount: 0, L: 2.816779e+00, eta:1.050000e+00
2020-06-11 17:38:18,716 - DEBUG - fx_L1_mfista- itercount: 0, L: 2.957618e+00, eta:1.050000e+00
2020-06-11 17:38:18,723 - DEBUG - fx_L1_mfista- itercount: 0, L: 3.105499e+00, eta:1.050000e+00
2020-06-11 17:38:18,729 - DEBUG - fx_L1_mfista- itercount: 0, L: 3.260774e+00, eta:1.050000e+00
2020-06-11 17:38:18,734 - DEBUG - fx_L1_mfista- itercount: 0, L: 3.423813e+00, eta:1.050000e+00
2020-06-11 17:38:18,740 - DEBUG - fx_L1_mfista- itercount: 0, L: 3.595003e+00, eta:1.050000e+00
2020-06-11 17:38:18,746 - DEBUG - fx_L1_mfista- itercount: 0, L: 3.774754e+00, eta:1.050000e+00
2020-06-11 17:38:18,752 - DEBUG - fx_L1_mfista- itercount: 0, L: 3.963491e+00, eta:1.050000e+00
2020-06-11 17:38:18,758 - DEBUG - fx_L1_mfista- itercount: 0, L: 4.161666e+00, eta:1.050000e+00
2020-06-11 17:38:18,764 - DEBUG - fx_L1_mfista- itercount: 0, L: 4.369749e+00, eta:1.050000e+00
2020-06-11 17:38:18,770 - DEBUG - fx_L1_mfista- itercount: 0, L: 4.588236e+00, eta:1.050000e+00
2020-06-11 17:38:18,776 - DEBUG - fx_L1_mfista- itercount: 0, L: 4.817648e+00, eta:1.050000e+00
2020-06-11 17:38:18,782 - DEBUG - fx_L1_mfista- itercount: 0, L: 5.058531e+00, eta:1.050000e+00
2020-06-11 17:38:18,788 - DEBUG - fx_L1_mfista- itercount: 0, L: 5.311457e+00, eta:1.050000e+00
2020-06-11 17:38:18,794 - DEBUG - fx_L1_mfista- itercount: 0, L: 5.577030e+00, eta:1.050000e+00
2020-06-11 17:38:18,800 - DEBUG - fx_L1_mfista- itercount: 0, L: 5.855882e+00, eta:1.050000e+00
2020-06-11 17:38:18,806 - DEBUG - fx_L1_mfista- itercount: 0, L: 6.148676e+00, eta:1.050000e+00
2020-06-11 17:38:18,812 - DEBUG - fx_L1_mfista- itercount: 0, L: 6.456110e+00, eta:1.050000e+00
2020-06-11 17:38:18,818 - DEBUG - fx_L1_mfista- itercount: 0, L: 6.778915e+00, eta:1.050000e+00
2020-06-11 17:38:18,824 - DEBUG - fx_L1_mfista- itercount: 0, L: 7.117861e+00, eta:1.050000e+00
2020-06-11 17:38:18,830 - DEBUG - fx_L1_mfista- itercount: 0, L: 7.473754e+00, eta:1.050000e+00
2020-06-11 17:38:18,836 - DEBUG - fx_L1_mfista- itercount: 0, L: 7.847441e+00, eta:1.050000e+00
2020-06-11 17:38:18,842 - DEBUG - fx_L1_mfista- itercount: 0, L: 8.239814e+00, eta:1.050000e+00
2020-06-11 17:38:18,847 - DEBUG - fx_L1_mfista- itercount: 0, L: 8.651804e+00, eta:1.050000e+00
2020-06-11 17:38:18,853 - DEBUG - fx_L1_mfista- itercount: 0, L: 9.084394e+00, eta:1.050000e+00
2020-06-11 17:38:18,859 - DEBUG - fx_L1_mfista- itercount: 0, L: 9.538614e+00, eta:1.050000e+00
2020-06-11 17:38:18,865 - DEBUG - fx_L1_mfista- itercount: 0, L: 1.001554e+01, eta:1.050000e+00
2020-06-11 17:38:18,871 - DEBUG - fx_L1_mfista- itercount: 0, L: 1.051632e+01, eta:1.050000e+00
2020-06-11 17:38:18,876 - DEBUG - fx_L1_mfista- itercount: 0, L: 1.104214e+01, eta:1.050000e+00
2020-06-11 17:38:18,883 - DEBUG - fx_L1_mfista- itercount: 0, L: 1.159425e+01, eta:1.050000e+00
2020-06-11 17:38:18,889 - DEBUG - fx_L1_mfista- itercount: 0, L: 1.217396e+01, eta:1.050000e+00
2020-06-11 17:38:18,895 - DEBUG - fx_L1_mfista- itercount: 0, L: 1.278266e+01, eta:1.050000e+00
2020-06-11 17:38:18,901 - DEBUG - fx_L1_mfista- itercount: 0, L: 1.342179e+01, eta:1.050000e+00
2020-06-11 17:38:18,907 - DEBUG - fx_L1_mfista- itercount: 0, L: 1.409288e+01, eta:1.050000e+00
2020-06-11 17:38:18,913 - DEBUG - fx_L1_mfista- itercount: 0, L: 1.479752e+01, eta:1.050000e+00
2020-06-11 17:38:18,920 - DEBUG - fx_L1_mfista- itercount: 0, L: 1.553740e+01, eta:1.050000e+00
2020-06-11 17:38:18,926 - DEBUG - fx_L1_mfista- itercount: 0, L: 1.631427e+01, eta:1.050000e+00
2020-06-11 17:38:18,932 - DEBUG - fx_L1_mfista- itercount: 0, L: 1.712998e+01, eta:1.050000e+00
2020-06-11 17:38:18,938 - DEBUG - fx_L1_mfista- itercount: 0, L: 1.798648e+01, eta:1.050000e+00
2020-06-11 17:38:18,944 - DEBUG - fx_L1_mfista- itercount: 0, L: 1.888580e+01, eta:1.050000e+00
2020-06-11 17:38:18,949 - DEBUG - fx_L1_mfista- itercount: 0, L: 1.983009e+01, eta:1.050000e+00
2020-06-11 17:38:18,955 - DEBUG - fx_L1_mfista- itercount: 0, L: 2.082160e+01, eta:1.050000e+00
2020-06-11 17:38:18,962 - DEBUG - fx_L1_mfista- itercount: 0, L: 2.186268e+01, eta:1.050000e+00
2020-06-11 17:38:18,967 - DEBUG - fx_L1_mfista- itercount: 0, L: 2.295581e+01, eta:1.050000e+00
2020-06-11 17:38:18,973 - DEBUG - fx_L1_mfista- itercount: 0, L: 2.410360e+01, eta:1.050000e+00
2020-06-11 17:38:18,979 - DEBUG - fx_L1_mfista- itercount: 0, L: 2.530878e+01, eta:1.050000e+00
2020-06-11 17:38:18,985 - DEBUG - fx_L1_mfista- itercount: 0, L: 2.657422e+01, eta:1.050000e+00
2020-06-11 17:38:18,991 - DEBUG - fx_L1_mfista- itercount: 0, L: 2.790293e+01, eta:1.050000e+00
2020-06-11 17:38:18,997 - DEBUG - fx_L1_mfista- itercount: 0, L: 2.929808e+01, eta:1.050000e+00
2020-06-11 17:38:19,003 - DEBUG - fx_L1_mfista- itercount: 0, L: 3.076298e+01, eta:1.050000e+00
2020-06-11 17:38:19,008 - DEBUG - fx_L1_mfista- itercount: 0, L: 3.230113e+01, eta:1.050000e+00
2020-06-11 17:38:19,015 - DEBUG - fx_L1_mfista- itercount: 0, L: 3.391619e+01, eta:1.050000e+00
2020-06-11 17:38:19,021 - DEBUG - fx_L1_mfista- itercount: 0, L: 3.561200e+01, eta:1.050000e+00
2020-06-11 17:38:19,026 - DEBUG - fx_L1_mfista- itercount: 0, L: 3.739260e+01, eta:1.050000e+00
2020-06-11 17:38:19,032 - DEBUG - fx_L1_mfista- itercount: 0, L: 3.926223e+01, eta:1.050000e+00
2020-06-11 17:38:19,038 - DEBUG - fx_L1_mfista- itercount: 0, L: 4.122534e+01, eta:1.050000e+00
2020-06-11 17:38:19,044 - DEBUG - fx_L1_mfista- itercount: 0, L: 4.328661e+01, eta:1.050000e+00
2020-06-11 17:38:19,050 - DEBUG - fx_L1_mfista- itercount: 0, L: 4.545094e+01, eta:1.050000e+00
2020-06-11 17:38:19,056 - DEBUG - fx_L1_mfista- itercount: 0, L: 4.772349e+01, eta:1.050000e+00
2020-06-11 17:38:19,062 - DEBUG - fx_L1_mfista- itercount: 0, L: 5.010966e+01, eta:1.050000e+00
2020-06-11 17:38:19,068 - DEBUG - fx_L1_mfista- itercount: 0, L: 5.261514e+01, eta:1.050000e+00
2020-06-11 17:38:19,074 - DEBUG - fx_L1_mfista- itercount: 0, L: 5.524590e+01, eta:1.050000e+00
2020-06-11 17:38:19,080 - DEBUG - fx_L1_mfista- itercount: 0, L: 5.800819e+01, eta:1.050000e+00
2020-06-11 17:38:19,086 - DEBUG - fx_L1_mfista- itercount: 0, L: 6.090860e+01, eta:1.050000e+00
2020-06-11 17:38:19,091 - DEBUG - fx_L1_mfista- itercount: 0, L: 6.395403e+01, eta:1.050000e+00
2020-06-11 17:38:19,098 - DEBUG - fx_L1_mfista- itercount: 0, L: 6.715174e+01, eta:1.050000e+00
2020-06-11 17:38:19,103 - DEBUG - fx_L1_mfista- itercount: 0, L: 7.050932e+01, eta:1.050000e+00
2020-06-11 17:38:19,109 - DEBUG - fx_L1_mfista- itercount: 0, L: 7.403479e+01, eta:1.050000e+00
2020-06-11 17:38:19,115 - DEBUG - fx_L1_mfista- itercount: 0, L: 7.773653e+01, eta:1.050000e+00
2020-06-11 17:38:19,121 - DEBUG - fx_L1_mfista- itercount: 0, L: 8.162335e+01, eta:1.050000e+00
2020-06-11 17:38:19,127 - DEBUG - fx_L1_mfista- itercount: 0, L: 8.570452e+01, eta:1.050000e+00
2020-06-11 17:38:19,133 - DEBUG - fx_L1_mfista- itercount: 0, L: 8.998975e+01, eta:1.050000e+00
2020-06-11 17:38:19,139 - DEBUG - fx_L1_mfista- itercount: 0, L: 9.448924e+01, eta:1.050000e+00
2020-06-11 17:38:19,145 - DEBUG - fx_L1_mfista- itercount: 0, L: 9.921370e+01, eta:1.050000e+00
2020-06-11 17:38:19,151 - DEBUG - fx_L1_mfista- itercount: 0, L: 1.041744e+02, eta:1.050000e+00
2020-06-11 17:38:19,157 - DEBUG - fx_L1_mfista- itercount: 0, L: 1.093831e+02, eta:1.050000e+00
2020-06-11 17:38:19,163 - DEBUG - fx_L1_mfista- itercount: 0, L: 1.148523e+02, eta:1.050000e+00
2020-06-11 17:38:19,169 - DEBUG - fx_L1_mfista- itercount: 0, L: 1.205949e+02, eta:1.050000e+00
2020-06-11 17:38:19,175 - DEBUG - fx_L1_mfista- itercount: 0, L: 1.266246e+02, eta:1.050000e+00
2020-06-11 17:38:19,180 - DEBUG - fx_L1_mfista- itercount: 0, L: 1.329558e+02, eta:1.050000e+00
2020-06-11 17:38:19,186 - DEBUG - fx_L1_mfista- itercount: 0, L: 1.396036e+02, eta:1.050000e+00
2020-06-11 17:38:19,193 - DEBUG - fx_L1_mfista- itercount: 0, L: 1.465838e+02, eta:1.050000e+00
2020-06-11 17:38:19,199 - DEBUG - fx_L1_mfista- itercount: 0, L: 1.539130e+02, eta:1.050000e+00
2020-06-11 17:38:19,204 - DEBUG - fx_L1_mfista- itercount: 0, L: 1.616087e+02, eta:1.050000e+00
2020-06-11 17:38:19,211 - DEBUG - fx_L1_mfista- itercount: 0, L: 1.696891e+02, eta:1.050000e+00
2020-06-11 17:38:19,217 - DEBUG - fx_L1_mfista- itercount: 0, L: 1.781735e+02, eta:1.050000e+00
2020-06-11 17:38:19,222 - DEBUG - fx_L1_mfista- itercount: 0, L: 1.870822e+02, eta:1.050000e+00
2020-06-11 17:38:19,228 - DEBUG - fx_L1_mfista- itercount: 0, L: 1.964363e+02, eta:1.050000e+00
2020-06-11 17:38:19,234 - DEBUG - fx_L1_mfista- itercount: 0, L: 2.062582e+02, eta:1.050000e+00
2020-06-11 17:38:19,240 - DEBUG - fx_L1_mfista- itercount: 0, L: 2.165711e+02, eta:1.050000e+00
2020-06-11 17:38:19,246 - DEBUG - fx_L1_mfista- itercount: 0, L: 2.273996e+02, eta:1.050000e+00
2020-06-11 17:38:19,252 - DEBUG - fx_L1_mfista- itercount: 0, L: 2.387696e+02, eta:1.050000e+00
2020-06-11 17:38:19,258 - DEBUG - fx_L1_mfista- itercount: 0, L: 2.507081e+02, eta:1.050000e+00
2020-06-11 17:38:19,264 - DEBUG - fx_L1_mfista- itercount: 0, L: 2.632435e+02, eta:1.050000e+00
2020-06-11 17:38:19,269 - DEBUG - fx_L1_mfista- itercount: 0, L: 2.764057e+02, eta:1.050000e+00
2020-06-11 17:38:19,276 - DEBUG - fx_L1_mfista- itercount: 0, L: 2.902259e+02, eta:1.050000e+00
2020-06-11 17:38:19,282 - DEBUG - fx_L1_mfista- itercount: 0, L: 3.047372e+02, eta:1.050000e+00
2020-06-11 17:38:19,288 - DEBUG - fx_L1_mfista- itercount: 0, L: 3.199741e+02, eta:1.050000e+00
2020-06-11 17:38:19,294 - DEBUG - fx_L1_mfista- itercount: 0, L: 3.359728e+02, eta:1.050000e+00
2020-06-11 17:38:19,299 - DEBUG - fx_L1_mfista- itercount: 0, L: 3.527714e+02, eta:1.050000e+00
2020-06-11 17:38:19,305 - DEBUG - fx_L1_mfista- itercount: 0, L: 3.704100e+02, eta:1.050000e+00
2020-06-11 17:38:19,311 - DEBUG - fx_L1_mfista- itercount: 0, L: 3.889305e+02, eta:1.050000e+00
2020-06-11 17:38:19,317 - DEBUG - fx_L1_mfista- itercount: 0, L: 4.083770e+02, eta:1.050000e+00
2020-06-11 17:38:19,322 - DEBUG - fx_L1_mfista- itercount: 0, L: 4.287959e+02, eta:1.050000e+00
2020-06-11 17:38:19,329 - DEBUG - fx_L1_mfista- itercount: 0, L: 4.502357e+02, eta:1.050000e+00
2020-06-11 17:38:19,335 - DEBUG - fx_L1_mfista- itercount: 0, L: 4.727475e+02, eta:1.050000e+00
2020-06-11 17:38:19,340 - DEBUG - fx_L1_mfista- itercount: 0, L: 4.963848e+02, eta:1.050000e+00
2020-06-11 17:38:19,347 - DEBUG - fx_L1_mfista- itercount: 0, L: 5.212041e+02, eta:1.050000e+00
2020-06-11 17:38:19,353 - DEBUG - fx_L1_mfista- itercount: 0, L: 5.472643e+02, eta:1.050000e+00
2020-06-11 17:38:19,359 - DEBUG - fx_L1_mfista- itercount: 0, L: 5.746275e+02, eta:1.050000e+00
2020-06-11 17:38:19,365 - DEBUG - fx_L1_mfista- itercount: 0, L: 6.033589e+02, eta:1.050000e+00
2020-06-11 17:38:19,371 - DEBUG - fx_L1_mfista- itercount: 0, L: 6.335268e+02, eta:1.050000e+00
2020-06-11 17:38:19,377 - DEBUG - fx_L1_mfista- itercount: 0, L: 6.652032e+02, eta:1.050000e+00
2020-06-11 17:38:19,383 - DEBUG - fx_L1_mfista- itercount: 0, L: 6.984633e+02, eta:1.050000e+00
2020-06-11 17:38:19,390 - DEBUG - fx_L1_mfista- itercount: 0, L: 7.333865e+02, eta:1.050000e+00
2020-06-11 17:38:19,396 - DEBUG - fx_L1_mfista- itercount: 0, L: 7.700558e+02, eta:1.050000e+00
2020-06-11 17:38:19,401 - DEBUG - fx_L1_mfista- itercount: 0, L: 8.085586e+02, eta:1.050000e+00
2020-06-11 17:38:19,408 - DEBUG - fx_L1_mfista- itercount: 0, L: 8.489865e+02, eta:1.050000e+00
2020-06-11 17:38:19,414 - DEBUG - fx_L1_mfista- itercount: 0, L: 8.914358e+02, eta:1.050000e+00
2020-06-11 17:38:19,420 - DEBUG - fx_L1_mfista- itercount: 0, L: 9.360076e+02, eta:1.050000e+00
2020-06-11 17:38:19,425 - DEBUG - fx_L1_mfista- itercount: 0, L: 9.828080e+02, eta:1.050000e+00
2020-06-11 17:38:19,431 - DEBUG - fx_L1_mfista- itercount: 0, L: 1.031948e+03, eta:1.050000e+00
2020-06-11 17:38:19,438 - DEBUG - fx_L1_mfista- itercount: 0, L: 1.083546e+03, eta:1.050000e+00
2020-06-11 17:38:19,444 - DEBUG - fx_L1_mfista- itercount: 0, L: 1.137723e+03, eta:1.050000e+00
2020-06-11 17:38:19,451 - DEBUG - fx_L1_mfista- itercount: 0, L: 1.194609e+03, eta:1.050000e+00
2020-06-11 17:38:19,456 - DEBUG - fx_L1_mfista- itercount: 0, L: 1.254340e+03, eta:1.050000e+00
2020-06-11 17:38:19,462 - DEBUG - fx_L1_mfista- itercount: 0, L: 1.317057e+03, eta:1.050000e+00
2020-06-11 17:38:19,469 - DEBUG - fx_L1_mfista- itercount: 0, L: 1.382910e+03, eta:1.050000e+00
2020-06-11 17:38:19,475 - DEBUG - fx_L1_mfista- itercount: 0, L: 1.452055e+03, eta:1.050000e+00
2020-06-11 17:38:19,481 - DEBUG - fx_L1_mfista- itercount: 0, L: 1.524658e+03, eta:1.050000e+00
2020-06-11 17:38:19,487 - DEBUG - fx_L1_mfista- itercount: 0, L: 1.600891e+03, eta:1.050000e+00
2020-06-11 17:38:19,492 - DEBUG - fx_L1_mfista- itercount: 0, L: 1.680935e+03, eta:1.050000e+00
2020-06-11 17:38:19,501 - DEBUG - fx_L1_mfista- itercount: 0, L: 1.764982e+03, eta:1.050000e+00
2020-06-11 17:38:19,509 - DEBUG - fx_L1_mfista- itercount: 0, L: 1.853231e+03, eta:1.050000e+00
2020-06-11 17:38:19,517 - DEBUG - fx_L1_mfista- itercount: 0, L: 1.945893e+03, eta:1.050000e+00
2020-06-11 17:38:19,524 - DEBUG - fx_L1_mfista- itercount: 0, L: 2.043187e+03, eta:1.050000e+00
2020-06-11 17:38:19,530 - DEBUG - fx_L1_mfista- itercount: 0, L: 2.145347e+03, eta:1.050000e+00
2020-06-11 17:38:19,535 - DEBUG - fx_L1_mfista- itercount: 0, L: 2.252614e+03, eta:1.050000e+00
2020-06-11 17:38:19,541 - DEBUG - fx_L1_mfista- itercount: 0, L: 2.365245e+03, eta:1.050000e+00
2020-06-11 17:38:19,548 - DEBUG - fx_L1_mfista- itercount: 0, L: 2.483507e+03, eta:1.050000e+00
2020-06-11 17:38:19,554 - DEBUG - fx_L1_mfista- itercount: 0, L: 2.607682e+03, eta:1.050000e+00
2020-06-11 17:38:19,560 - DEBUG - fx_L1_mfista- itercount: 0, L: 2.738066e+03, eta:1.050000e+00
2020-06-11 17:38:19,566 - DEBUG - fx_L1_mfista- itercount: 0, L: 2.874970e+03, eta:1.050000e+00
2020-06-11 17:38:19,572 - DEBUG - fx_L1_mfista- itercount: 0, L: 3.018718e+03, eta:1.050000e+00
2020-06-11 17:38:19,577 - DEBUG - fx_L1_mfista- itercount: 0, L: 3.169654e+03, eta:1.050000e+00
2020-06-11 17:38:19,584 - DEBUG - fx_L1_mfista- itercount: 0, L: 3.328137e+03, eta:1.050000e+00
2020-06-11 17:38:19,590 - DEBUG - fx_L1_mfista- itercount: 0, L: 3.494544e+03, eta:1.050000e+00
2020-06-11 17:38:19,596 - DEBUG - fx_L1_mfista- itercount: 0, L: 3.669271e+03, eta:1.050000e+00
2020-06-11 17:38:19,602 - DEBUG - fx_L1_mfista- itercount: 0, L: 3.852734e+03, eta:1.050000e+00
2020-06-11 17:38:19,607 - DEBUG - fx_L1_mfista- itercount: 0, L: 4.045371e+03, eta:1.050000e+00
2020-06-11 17:38:19,613 - DEBUG - fx_L1_mfista- itercount: 0, L: 4.247640e+03, eta:1.050000e+00
2020-06-11 17:38:19,619 - DEBUG - fx_L1_mfista- itercount: 0, L: 4.460022e+03, eta:1.050000e+00
2020-06-11 17:38:19,625 - DEBUG - fx_L1_mfista- itercount: 0, L: 4.683023e+03, eta:1.050000e+00
2020-06-11 17:38:19,631 - DEBUG - fx_L1_mfista- itercount: 0, L: 4.917174e+03, eta:1.050000e+00
2020-06-11 17:38:19,637 - DEBUG - fx_L1_mfista- itercount: 0, L: 5.163033e+03, eta:1.050000e+00
2020-06-11 17:38:19,643 - DEBUG - fx_L1_mfista- itercount: 0, L: 5.421184e+03, eta:1.050000e+00
2020-06-11 17:38:19,649 - DEBUG - fx_L1_mfista- itercount: 0, L: 5.692243e+03, eta:1.050000e+00
2020-06-11 17:38:19,655 - DEBUG - fx_L1_mfista- itercount: 0, L: 5.976856e+03, eta:1.050000e+00
2020-06-11 17:38:19,661 - DEBUG - fx_L1_mfista- itercount: 0, L: 6.275698e+03, eta:1.050000e+00
2020-06-11 17:38:19,667 - DEBUG - fx_L1_mfista- itercount: 0, L: 6.589483e+03, eta:1.050000e+00
2020-06-11 17:38:19,672 - DEBUG - fx_L1_mfista- itercount: 0, L: 6.918957e+03, eta:1.050000e+00
2020-06-11 17:38:19,679 - DEBUG - fx_L1_mfista- itercount: 0, L: 7.264905e+03, eta:1.050000e+00
2020-06-11 17:38:19,684 - DEBUG - fx_L1_mfista- itercount: 0, L: 7.628151e+03, eta:1.050000e+00
2020-06-11 17:38:19,691 - DEBUG - fx_L1_mfista- itercount: 0, L: 8.009558e+03, eta:1.050000e+00
2020-06-11 17:38:19,697 - DEBUG - fx_L1_mfista- itercount: 0, L: 8.410036e+03, eta:1.050000e+00
2020-06-11 17:38:19,703 - DEBUG - fx_L1_mfista- itercount: 0, L: 8.830538e+03, eta:1.050000e+00
2020-06-11 17:38:19,709 - DEBUG - fx_L1_mfista- itercount: 0, L: 9.272065e+03, eta:1.050000e+00
2020-06-11 17:38:19,715 - DEBUG - fx_L1_mfista- itercount: 0, L: 9.735668e+03, eta:1.050000e+00
2020-06-11 17:38:19,721 - DEBUG - fx_L1_mfista- itercount: 0, L: 1.022245e+04, eta:1.050000e+00
2020-06-11 17:38:19,727 - DEBUG - fx_L1_mfista- itercount: 0, L: 1.073357e+04, eta:1.050000e+00
2020-06-11 17:38:19,733 - DEBUG - fx_L1_mfista- itercount: 0, L: 1.127025e+04, eta:1.050000e+00
2020-06-11 17:38:19,739 - DEBUG - fx_L1_mfista- itercount: 0, L: 1.183377e+04, eta:1.050000e+00
2020-06-11 17:38:19,745 - DEBUG - fx_L1_mfista- itercount: 0, L: 1.242545e+04, eta:1.050000e+00
2020-06-11 17:38:19,751 - DEBUG - fx_L1_mfista- itercount: 0, L: 1.304673e+04, eta:1.050000e+00
2020-06-11 17:38:19,756 - DEBUG - fx_L1_mfista- itercount: 0, L: 1.369906e+04, eta:1.050000e+00
2020-06-11 17:38:19,762 - DEBUG - fx_L1_mfista- itercount: 0, L: 1.438402e+04, eta:1.050000e+00
2020-06-11 17:38:19,768 - DEBUG - fx_L1_mfista- itercount: 0, L: 1.510322e+04, eta:1.050000e+00
2020-06-11 17:38:19,774 - DEBUG - fx_L1_mfista- itercount: 0, L: 1.585838e+04, eta:1.050000e+00
2020-06-11 17:38:19,780 - DEBUG - fx_L1_mfista- itercount: 0, L: 1.665130e+04, eta:1.050000e+00
2020-06-11 17:38:19,786 - DEBUG - fx_L1_mfista- itercount: 0, L: 1.748386e+04, eta:1.050000e+00
2020-06-11 17:38:19,792 - DEBUG - fx_L1_mfista- itercount: 0, L: 1.835805e+04, eta:1.050000e+00
2020-06-11 17:38:19,798 - DEBUG - fx_L1_mfista- itercount: 0, L: 1.927596e+04, eta:1.050000e+00
2020-06-11 17:38:19,804 - DEBUG - fx_L1_mfista- itercount: 0, L: 2.023975e+04, eta:1.050000e+00
2020-06-11 17:38:19,809 - DEBUG - fx_L1_mfista- itercount: 0, L: 2.125174e+04, eta:1.050000e+00
2020-06-11 17:38:19,816 - DEBUG - fx_L1_mfista- itercount: 0, L: 2.231433e+04, eta:1.050000e+00
2020-06-11 17:38:19,822 - DEBUG - fx_L1_mfista- itercount: 0, L: 2.343005e+04, eta:1.050000e+00
2020-06-11 17:38:19,828 - DEBUG - fx_L1_mfista- itercount: 0, L: 2.460155e+04, eta:1.050000e+00
2020-06-11 17:38:19,834 - DEBUG - fx_L1_mfista- itercount: 0, L: 2.583163e+04, eta:1.050000e+00
2020-06-11 17:38:19,840 - DEBUG - fx_L1_mfista- itercount: 0, L: 2.712321e+04, eta:1.050000e+00
2020-06-11 17:38:19,845 - DEBUG - fx_L1_mfista- itercount: 0, L: 2.847937e+04, eta:1.050000e+00
2020-06-11 17:38:19,851 - DEBUG - fx_L1_mfista- itercount: 0, L: 2.990334e+04, eta:1.050000e+00
2020-06-11 17:38:19,857 - DEBUG - fx_L1_mfista- itercount: 0, L: 3.139850e+04, eta:1.050000e+00
2020-06-11 17:38:19,864 - DEBUG - fx_L1_mfista- itercount: 0, L: 3.296843e+04, eta:1.050000e+00
2020-06-11 17:38:19,869 - DEBUG - fx_L1_mfista- itercount: 0, L: 3.461685e+04, eta:1.050000e+00
2020-06-11 17:38:19,875 - DEBUG - fx_L1_mfista- itercount: 0, L: 3.634769e+04, eta:1.050000e+00
2020-06-11 17:38:19,881 - DEBUG - fx_L1_mfista- itercount: 0, L: 3.816508e+04, eta:1.050000e+00
2020-06-11 17:38:19,887 - DEBUG - fx_L1_mfista- itercount: 0, L: 4.007333e+04, eta:1.050000e+00
2020-06-11 17:38:19,892 - DEBUG - fx_L1_mfista- itercount: 0, L: 4.207700e+04, eta:1.050000e+00
2020-06-11 17:38:19,898 - DEBUG - fx_L1_mfista- itercount: 0, L: 4.418085e+04, eta:1.050000e+00
2020-06-11 17:38:19,904 - DEBUG - fx_L1_mfista- itercount: 0, L: 4.638989e+04, eta:1.050000e+00
2020-06-11 17:38:19,911 - DEBUG - fx_L1_mfista- itercount: 0, L: 4.870938e+04, eta:1.050000e+00
2020-06-11 17:38:19,917 - DEBUG - fx_L1_mfista- itercount: 0, L: 5.114485e+04, eta:1.050000e+00
2020-06-11 17:38:19,922 - DEBUG - fx_L1_mfista- itercount: 0, L: 5.370209e+04, eta:1.050000e+00
2020-06-11 17:38:19,928 - DEBUG - fx_L1_mfista- itercount: 0, L: 5.638720e+04, eta:1.050000e+00
2020-06-11 17:38:19,934 - DEBUG - fx_L1_mfista- itercount: 0, L: 5.920656e+04, eta:1.050000e+00
2020-06-11 17:38:19,941 - DEBUG - fx_L1_mfista- itercount: 0, L: 6.216689e+04, eta:1.050000e+00
2020-06-11 17:38:19,947 - DEBUG - fx_L1_mfista- itercount: 0, L: 6.527523e+04, eta:1.050000e+00
2020-06-11 17:38:19,953 - DEBUG - fx_L1_mfista- itercount: 0, L: 6.853899e+04, eta:1.050000e+00
2020-06-11 17:38:19,959 - DEBUG - fx_L1_mfista- itercount: 0, L: 7.196594e+04, eta:1.050000e+00
2020-06-11 17:38:19,964 - DEBUG - fx_L1_mfista- itercount: 0, L: 7.556424e+04, eta:1.050000e+00
2020-06-11 17:38:19,971 - DEBUG - fx_L1_mfista- itercount: 0, L: 7.934245e+04, eta:1.050000e+00
2020-06-11 17:38:19,977 - DEBUG - fx_L1_mfista- itercount: 0, L: 8.330957e+04, eta:1.050000e+00
2020-06-11 17:38:19,982 - DEBUG - fx_L1_mfista- itercount: 0, L: 8.747505e+04, eta:1.050000e+00
2020-06-11 17:38:19,988 - DEBUG - fx_L1_mfista- itercount: 0, L: 9.184880e+04, eta:1.050000e+00
2020-06-11 17:38:20,004 - DEBUG - fx_L1_mfista- itercount: 1, L: 8.747505e+04, eta:1.050000e+00
2020-06-11 17:38:20,010 - DEBUG - fx_L1_mfista- itercount: 1, L: 9.184880e+04, eta:1.050000e+00
2020-06-11 17:38:20,017 - DEBUG - fx_L1_mfista- itercount: 1, L: 9.644124e+04, eta:1.050000e+00
2020-06-11 17:38:20,023 - DEBUG - fx_L1_mfista- itercount: 1, L: 1.012633e+05, eta:1.050000e+00
2020-06-11 17:38:20,029 - DEBUG - fx_L1_mfista- itercount: 1, L: 1.063265e+05, eta:1.050000e+00
2020-06-11 17:38:20,044 - DEBUG - fx_L1_mfista- itercount: 2, L: 1.012633e+05, eta:1.050000e+00
2020-06-11 17:38:20,050 - DEBUG - fx_L1_mfista- itercount: 2, L: 1.063265e+05, eta:1.050000e+00
2020-06-11 17:38:20,056 - DEBUG - fx_L1_mfista- itercount: 2, L: 1.116428e+05, eta:1.050000e+00
2020-06-11 17:38:20,062 - DEBUG - fx_L1_mfista- itercount: 2, L: 1.172249e+05, eta:1.050000e+00
2020-06-11 17:38:20,068 - DEBUG - fx_L1_mfista- itercount: 2, L: 1.230862e+05, eta:1.050000e+00
2020-06-11 17:38:20,084 - DEBUG - fx_L1_mfista- itercount: 3, L: 1.172249e+05, eta:1.050000e+00
2020-06-11 17:38:20,099 - DEBUG - fx_L1_mfista- itercount: 4, L: 1.116428e+05, eta:1.050000e+00
2020-06-11 17:38:20,113 - DEBUG - fx_L1_mfista- itercount: 5, L: 1.063265e+05, eta:1.050000e+00
2020-06-11 17:38:20,127 - DEBUG - fx_L1_mfista- itercount: 6, L: 1.012633e+05, eta:1.050000e+00
2020-06-11 17:38:20,142 - DEBUG - fx_L1_mfista- itercount: 7, L: 9.644124e+04, eta:1.050000e+00
2020-06-11 17:38:20,156 - DEBUG - fx_L1_mfista- itercount: 8, L: 9.184880e+04, eta:1.050000e+00
2020-06-11 17:38:20,170 - DEBUG - fx_L1_mfista- itercount: 9, L: 8.747505e+04, eta:1.050000e+00
2020-06-11 17:38:20,185 - DEBUG - fx_L1_mfista- itercount: 10, L: 8.330957e+04, eta:1.050000e+00
2020-06-11 17:38:20,200 - DEBUG - fx_L1_mfista- itercount: 11, L: 7.934245e+04, eta:1.050000e+00
2020-06-11 17:38:20,214 - DEBUG - fx_L1_mfista- itercount: 12, L: 7.556424e+04, eta:1.050000e+00
2020-06-11 17:38:20,230 - DEBUG - fx_L1_mfista- itercount: 13, L: 7.196594e+04, eta:1.050000e+00
2020-06-11 17:38:20,244 - DEBUG - fx_L1_mfista- itercount: 14, L: 6.853899e+04, eta:1.050000e+00
2020-06-11 17:38:20,258 - DEBUG - fx_L1_mfista- itercount: 15, L: 6.527523e+04, eta:1.050000e+00
2020-06-11 17:38:20,273 - DEBUG - fx_L1_mfista- itercount: 16, L: 6.216689e+04, eta:1.050000e+00
2020-06-11 17:38:20,288 - DEBUG - fx_L1_mfista- itercount: 17, L: 5.920656e+04, eta:1.050000e+00
2020-06-11 17:38:20,302 - DEBUG - fx_L1_mfista- itercount: 18, L: 5.638720e+04, eta:1.050000e+00
2020-06-11 17:38:20,316 - DEBUG - fx_L1_mfista- itercount: 19, L: 5.370209e+04, eta:1.050000e+00
2020-06-11 17:38:20,331 - DEBUG - fx_L1_mfista- itercount: 20, L: 5.114485e+04, eta:1.050000e+00
2020-06-11 17:38:20,345 - DEBUG - fx_L1_mfista- itercount: 21, L: 4.870938e+04, eta:1.050000e+00
2020-06-11 17:38:20,359 - DEBUG - fx_L1_mfista- itercount: 22, L: 4.638989e+04, eta:1.050000e+00
2020-06-11 17:38:20,374 - DEBUG - fx_L1_mfista- itercount: 23, L: 4.418085e+04, eta:1.050000e+00
2020-06-11 17:38:20,380 - DEBUG - fx_L1_mfista- itercount: 23, L: 4.638989e+04, eta:1.050000e+00
2020-06-11 17:38:20,386 - DEBUG - fx_L1_mfista- itercount: 23, L: 4.870938e+04, eta:1.050000e+00
2020-06-11 17:38:20,391 - DEBUG - fx_L1_mfista- itercount: 23, L: 5.114485e+04, eta:1.050000e+00
2020-06-11 17:38:20,397 - DEBUG - fx_L1_mfista- itercount: 23, L: 5.370209e+04, eta:1.050000e+00
2020-06-11 17:38:20,403 - DEBUG - fx_L1_mfista- itercount: 23, L: 5.638720e+04, eta:1.050000e+00
2020-06-11 17:38:20,409 - DEBUG - fx_L1_mfista- itercount: 23, L: 5.920656e+04, eta:1.050000e+00
2020-06-11 17:38:20,423 - DEBUG - fx_L1_mfista- itercount: 24, L: 5.638720e+04, eta:1.050000e+00
2020-06-11 17:38:20,429 - DEBUG - fx_L1_mfista- itercount: 24, L: 5.920656e+04, eta:1.050000e+00
2020-06-11 17:38:20,435 - DEBUG - fx_L1_mfista- itercount: 24, L: 6.216689e+04, eta:1.050000e+00
2020-06-11 17:38:20,442 - DEBUG - fx_L1_mfista- itercount: 24, L: 6.527523e+04, eta:1.050000e+00
2020-06-11 17:38:20,448 - DEBUG - fx_L1_mfista- itercount: 24, L: 6.853899e+04, eta:1.050000e+00
2020-06-11 17:38:20,462 - DEBUG - fx_L1_mfista- itercount: 25, L: 6.527523e+04, eta:1.050000e+00
2020-06-11 17:38:20,476 - DEBUG - fx_L1_mfista- itercount: 26, L: 6.216689e+04, eta:1.050000e+00
2020-06-11 17:38:20,482 - DEBUG - fx_L1_mfista- itercount: 26, L: 6.527523e+04, eta:1.050000e+00
2020-06-11 17:38:20,488 - DEBUG - fx_L1_mfista- itercount: 26, L: 6.853899e+04, eta:1.050000e+00
2020-06-11 17:38:20,502 - DEBUG - fx_L1_mfista- itercount: 27, L: 6.527523e+04, eta:1.050000e+00
2020-06-11 17:38:20,522 - DEBUG - fx_L1_mfista- itercount: 28, L: 6.216689e+04, eta:1.050000e+00
2020-06-11 17:38:20,539 - DEBUG - fx_L1_mfista- itercount: 29, L: 5.920656e+04, eta:1.050000e+00
2020-06-11 17:38:20,544 - DEBUG - fx_L1_mfista- itercount: 29, L: 6.216689e+04, eta:1.050000e+00
2020-06-11 17:38:20,550 - DEBUG - fx_L1_mfista- itercount: 29, L: 6.527523e+04, eta:1.050000e+00
2020-06-11 17:38:20,565 - DEBUG - fx_L1_mfista- itercount: 30, L: 6.216689e+04, eta:1.050000e+00
2020-06-11 17:38:20,570 - DEBUG - fx_L1_mfista- itercount: 30, L: 6.527523e+04, eta:1.050000e+00
2020-06-11 17:38:20,587 - DEBUG - fx_L1_mfista- itercount: 31, L: 6.216689e+04, eta:1.050000e+00
2020-06-11 17:38:20,593 - DEBUG - fx_L1_mfista- itercount: 31, L: 6.527523e+04, eta:1.050000e+00
2020-06-11 17:38:20,610 - DEBUG - fx_L1_mfista- itercount: 32, L: 6.216689e+04, eta:1.050000e+00
2020-06-11 17:38:20,624 - DEBUG - fx_L1_mfista- itercount: 33, L: 5.920656e+04, eta:1.050000e+00
2020-06-11 17:38:20,630 - DEBUG - fx_L1_mfista- itercount: 33, L: 6.216689e+04, eta:1.050000e+00
2020-06-11 17:38:20,635 - DEBUG - fx_L1_mfista- itercount: 33, L: 6.527523e+04, eta:1.050000e+00
2020-06-11 17:38:20,650 - DEBUG - fx_L1_mfista- itercount: 34, L: 6.216689e+04, eta:1.050000e+00
2020-06-11 17:38:20,664 - DEBUG - fx_L1_mfista- itercount: 35, L: 5.920656e+04, eta:1.050000e+00
2020-06-11 17:38:20,678 - DEBUG - fx_L1_mfista- itercount: 36, L: 5.638720e+04, eta:1.050000e+00
2020-06-11 17:38:20,684 - DEBUG - fx_L1_mfista- itercount: 36, L: 5.920656e+04, eta:1.050000e+00
2020-06-11 17:38:20,691 - DEBUG - fx_L1_mfista- itercount: 36, L: 6.216689e+04, eta:1.050000e+00
2020-06-11 17:38:20,705 - DEBUG - fx_L1_mfista- itercount: 37, L: 5.920656e+04, eta:1.050000e+00
2020-06-11 17:38:20,719 - DEBUG - fx_L1_mfista- itercount: 38, L: 5.638720e+04, eta:1.050000e+00
2020-06-11 17:38:20,734 - DEBUG - fx_L1_mfista- itercount: 39, L: 5.370209e+04, eta:1.050000e+00
2020-06-11 17:38:20,740 - DEBUG - fx_L1_mfista- itercount: 39, L: 5.638720e+04, eta:1.050000e+00
2020-06-11 17:38:20,745 - DEBUG - fx_L1_mfista- itercount: 39, L: 5.920656e+04, eta:1.050000e+00
2020-06-11 17:38:20,759 - DEBUG - fx_L1_mfista- itercount: 40, L: 5.638720e+04, eta:1.050000e+00
2020-06-11 17:38:20,774 - DEBUG - fx_L1_mfista- itercount: 41, L: 5.370209e+04, eta:1.050000e+00
2020-06-11 17:38:20,780 - DEBUG - fx_L1_mfista- itercount: 41, L: 5.638720e+04, eta:1.050000e+00
2020-06-11 17:38:20,795 - DEBUG - fx_L1_mfista- itercount: 42, L: 5.370209e+04, eta:1.050000e+00
2020-06-11 17:38:20,800 - DEBUG - fx_L1_mfista- itercount: 42, L: 5.638720e+04, eta:1.050000e+00
2020-06-11 17:38:20,806 - DEBUG - fx_L1_mfista- itercount: 42, L: 5.920656e+04, eta:1.050000e+00
2020-06-11 17:38:20,821 - DEBUG - fx_L1_mfista- itercount: 43, L: 5.638720e+04, eta:1.050000e+00
2020-06-11 17:38:20,836 - DEBUG - fx_L1_mfista- itercount: 44, L: 5.370209e+04, eta:1.050000e+00
2020-06-11 17:38:20,850 - DEBUG - fx_L1_mfista- itercount: 45, L: 5.114485e+04, eta:1.050000e+00
2020-06-11 17:38:20,856 - DEBUG - fx_L1_mfista- itercount: 45, L: 5.370209e+04, eta:1.050000e+00
2020-06-11 17:38:20,863 - DEBUG - fx_L1_mfista- itercount: 45, L: 5.638720e+04, eta:1.050000e+00
2020-06-11 17:38:20,877 - DEBUG - fx_L1_mfista- itercount: 46, L: 5.370209e+04, eta:1.050000e+00
2020-06-11 17:38:20,892 - DEBUG - fx_L1_mfista- itercount: 47, L: 5.114485e+04, eta:1.050000e+00
2020-06-11 17:38:20,898 - DEBUG - fx_L1_mfista- itercount: 47, L: 5.370209e+04, eta:1.050000e+00
2020-06-11 17:38:20,913 - DEBUG - fx_L1_mfista- itercount: 48, L: 5.114485e+04, eta:1.050000e+00
2020-06-11 17:38:20,919 - DEBUG - fx_L1_mfista- itercount: 48, L: 5.370209e+04, eta:1.050000e+00
2020-06-11 17:38:20,933 - DEBUG - fx_L1_mfista- itercount: 49, L: 5.114485e+04, eta:1.050000e+00
2020-06-11 17:38:20,947 - DEBUG - fx_L1_mfista- iternum:50, L: 5.114485e+04, F_xk: 7.112942e+00, chi:6.030132e+06, reg: 3.369259e+05, rela_err:4.067728e-05
2020-06-11 17:38:20,967 - DEBUG - fx_L1_mfista- itercount: 50, L: 4.870938e+04, eta:1.050000e+00
2020-06-11 17:38:20,975 - DEBUG - fx_L1_mfista- itercount: 50, L: 5.114485e+04, eta:1.050000e+00
2020-06-11 17:38:20,982 - DEBUG - fx_L1_mfista- itercount: 50, L: 5.370209e+04, eta:1.050000e+00
2020-06-11 17:38:21,001 - DEBUG - fx_L1_mfista- itercount: 51, L: 5.114485e+04, eta:1.050000e+00
2020-06-11 17:38:21,007 - DEBUG - fx_L1_mfista- itercount: 51, L: 5.370209e+04, eta:1.050000e+00
2020-06-11 17:38:21,023 - DEBUG - fx_L1_mfista- itercount: 52, L: 5.114485e+04, eta:1.050000e+00
2020-06-11 17:38:21,038 - DEBUG - fx_L1_mfista- itercount: 53, L: 4.870938e+04, eta:1.050000e+00
2020-06-11 17:38:21,044 - DEBUG - fx_L1_mfista- itercount: 53, L: 5.114485e+04, eta:1.050000e+00
2020-06-11 17:38:21,052 - DEBUG - fx_L1_mfista- itercount: 53, L: 5.370209e+04, eta:1.050000e+00
2020-06-11 17:38:21,067 - DEBUG - fx_L1_mfista- itercount: 54, L: 5.114485e+04, eta:1.050000e+00
2020-06-11 17:38:21,085 - DEBUG - fx_L1_mfista- itercount: 55, L: 4.870938e+04, eta:1.050000e+00
2020-06-11 17:38:21,091 - DEBUG - fx_L1_mfista- itercount: 55, L: 5.114485e+04, eta:1.050000e+00
2020-06-11 17:38:21,097 - DEBUG - fx_L1_mfista- itercount: 55, L: 5.370209e+04, eta:1.050000e+00
2020-06-11 17:38:21,113 - DEBUG - fx_L1_mfista- itercount: 56, L: 5.114485e+04, eta:1.050000e+00
2020-06-11 17:38:21,127 - DEBUG - fx_L1_mfista- itercount: 57, L: 4.870938e+04, eta:1.050000e+00
2020-06-11 17:38:21,144 - DEBUG - fx_L1_mfista- itercount: 58, L: 4.638989e+04, eta:1.050000e+00
2020-06-11 17:38:21,151 - DEBUG - fx_L1_mfista- itercount: 58, L: 4.870938e+04, eta:1.050000e+00
2020-06-11 17:38:21,169 - DEBUG - fx_L1_mfista- itercount: 59, L: 4.638989e+04, eta:1.050000e+00
2020-06-11 17:38:21,175 - DEBUG - fx_L1_mfista- itercount: 59, L: 4.870938e+04, eta:1.050000e+00
2020-06-11 17:38:21,181 - DEBUG - fx_L1_mfista- itercount: 59, L: 5.114485e+04, eta:1.050000e+00
2020-06-11 17:38:21,198 - DEBUG - fx_L1_mfista- itercount: 60, L: 4.870938e+04, eta:1.050000e+00
2020-06-11 17:38:21,215 - DEBUG - fx_L1_mfista- itercount: 61, L: 4.638989e+04, eta:1.050000e+00
2020-06-11 17:38:21,222 - DEBUG - fx_L1_mfista- itercount: 61, L: 4.870938e+04, eta:1.050000e+00
2020-06-11 17:38:21,227 - DEBUG - fx_L1_mfista- itercount: 61, L: 5.114485e+04, eta:1.050000e+00
2020-06-11 17:38:21,242 - DEBUG - fx_L1_mfista- itercount: 62, L: 4.870938e+04, eta:1.050000e+00
2020-06-11 17:38:21,256 - DEBUG - fx_L1_mfista- itercount: 63, L: 4.638989e+04, eta:1.050000e+00
2020-06-11 17:38:21,270 - DEBUG - fx_L1_mfista- itercount: 64, L: 4.418085e+04, eta:1.050000e+00
2020-06-11 17:38:21,284 - DEBUG - fx_L1_mfista- itercount: 65, L: 4.207700e+04, eta:1.050000e+00
2020-06-11 17:38:21,289 - DEBUG - fx_L1_mfista- itercount: 65, L: 4.418085e+04, eta:1.050000e+00
2020-06-11 17:38:21,295 - DEBUG - fx_L1_mfista- itercount: 65, L: 4.638989e+04, eta:1.050000e+00
2020-06-11 17:38:21,301 - DEBUG - fx_L1_mfista- itercount: 65, L: 4.870938e+04, eta:1.050000e+00
2020-06-11 17:38:21,315 - DEBUG - fx_L1_mfista- itercount: 66, L: 4.638989e+04, eta:1.050000e+00
2020-06-11 17:38:21,330 - DEBUG - fx_L1_mfista- itercount: 67, L: 4.418085e+04, eta:1.050000e+00
2020-06-11 17:38:21,336 - DEBUG - fx_L1_mfista- itercount: 67, L: 4.638989e+04, eta:1.050000e+00
2020-06-11 17:38:21,351 - DEBUG - fx_L1_mfista- itercount: 68, L: 4.418085e+04, eta:1.050000e+00
2020-06-11 17:38:21,357 - DEBUG - fx_L1_mfista- itercount: 68, L: 4.638989e+04, eta:1.050000e+00
2020-06-11 17:38:21,371 - DEBUG - fx_L1_mfista- itercount: 69, L: 4.418085e+04, eta:1.050000e+00
2020-06-11 17:38:21,377 - DEBUG - fx_L1_mfista- itercount: 69, L: 4.638989e+04, eta:1.050000e+00
2020-06-11 17:38:21,383 - DEBUG - fx_L1_mfista- itercount: 69, L: 4.870938e+04, eta:1.050000e+00
2020-06-11 17:38:21,397 - DEBUG - fx_L1_mfista- itercount: 70, L: 4.638989e+04, eta:1.050000e+00
2020-06-11 17:38:21,411 - DEBUG - fx_L1_mfista- itercount: 71, L: 4.418085e+04, eta:1.050000e+00
2020-06-11 17:38:21,425 - DEBUG - fx_L1_mfista- itercount: 72, L: 4.207700e+04, eta:1.050000e+00
2020-06-11 17:38:21,439 - DEBUG - fx_L1_mfista- itercount: 73, L: 4.007333e+04, eta:1.050000e+00
2020-06-11 17:38:21,446 - DEBUG - fx_L1_mfista- itercount: 73, L: 4.207700e+04, eta:1.050000e+00
2020-06-11 17:38:21,460 - DEBUG - fx_L1_mfista- itercount: 74, L: 4.007333e+04, eta:1.050000e+00
2020-06-11 17:38:21,466 - DEBUG - fx_L1_mfista- itercount: 74, L: 4.207700e+04, eta:1.050000e+00
2020-06-11 17:38:21,472 - DEBUG - fx_L1_mfista- itercount: 74, L: 4.418085e+04, eta:1.050000e+00
2020-06-11 17:38:21,478 - DEBUG - fx_L1_mfista- itercount: 74, L: 4.638989e+04, eta:1.050000e+00
2020-06-11 17:38:21,493 - DEBUG - fx_L1_mfista- itercount: 75, L: 4.418085e+04, eta:1.050000e+00
2020-06-11 17:38:21,508 - DEBUG - fx_L1_mfista- itercount: 76, L: 4.207700e+04, eta:1.050000e+00
2020-06-11 17:38:21,513 - DEBUG - fx_L1_mfista- itercount: 76, L: 4.418085e+04, eta:1.050000e+00
2020-06-11 17:38:21,519 - DEBUG - fx_L1_mfista- itercount: 76, L: 4.638989e+04, eta:1.050000e+00
2020-06-11 17:38:21,525 - DEBUG - fx_L1_mfista- itercount: 76, L: 4.870938e+04, eta:1.050000e+00
2020-06-11 17:38:21,540 - DEBUG - fx_L1_mfista- itercount: 77, L: 4.638989e+04, eta:1.050000e+00
2020-06-11 17:38:21,554 - DEBUG - fx_L1_mfista- itercount: 78, L: 4.418085e+04, eta:1.050000e+00
2020-06-11 17:38:21,567 - DEBUG - fx_L1_mfista- itercount: 79, L: 4.207700e+04, eta:1.050000e+00
2020-06-11 17:38:21,582 - DEBUG - fx_L1_mfista- itercount: 80, L: 4.007333e+04, eta:1.050000e+00
2020-06-11 17:38:21,596 - DEBUG - fx_L1_mfista- itercount: 81, L: 3.816508e+04, eta:1.050000e+00
2020-06-11 17:38:21,610 - DEBUG - fx_L1_mfista- itercount: 82, L: 3.634769e+04, eta:1.050000e+00
2020-06-11 17:38:21,616 - DEBUG - fx_L1_mfista- itercount: 82, L: 3.816508e+04, eta:1.050000e+00
2020-06-11 17:38:21,622 - DEBUG - fx_L1_mfista- itercount: 82, L: 4.007333e+04, eta:1.050000e+00
2020-06-11 17:38:21,628 - DEBUG - fx_L1_mfista- itercount: 82, L: 4.207700e+04, eta:1.050000e+00
2020-06-11 17:38:21,634 - DEBUG - fx_L1_mfista- itercount: 82, L: 4.418085e+04, eta:1.050000e+00
2020-06-11 17:38:21,648 - DEBUG - fx_L1_mfista- itercount: 83, L: 4.207700e+04, eta:1.050000e+00
2020-06-11 17:38:21,654 - DEBUG - fx_L1_mfista- itercount: 83, L: 4.418085e+04, eta:1.050000e+00
2020-06-11 17:38:21,659 - DEBUG - fx_L1_mfista- itercount: 83, L: 4.638989e+04, eta:1.050000e+00
2020-06-11 17:38:21,673 - DEBUG - fx_L1_mfista- itercount: 84, L: 4.418085e+04, eta:1.050000e+00
2020-06-11 17:38:21,689 - DEBUG - fx_L1_mfista- itercount: 85, L: 4.207700e+04, eta:1.050000e+00
2020-06-11 17:38:21,705 - DEBUG - fx_L1_mfista- itercount: 86, L: 4.007333e+04, eta:1.050000e+00
2020-06-11 17:38:21,719 - DEBUG - fx_L1_mfista- itercount: 87, L: 3.816508e+04, eta:1.050000e+00
2020-06-11 17:38:21,734 - DEBUG - fx_L1_mfista- itercount: 88, L: 3.634769e+04, eta:1.050000e+00
2020-06-11 17:38:21,749 - DEBUG - fx_L1_mfista- itercount: 89, L: 3.461685e+04, eta:1.050000e+00
2020-06-11 17:38:21,762 - DEBUG - fx_L1_mfista- itercount: 90, L: 3.296843e+04, eta:1.050000e+00
2020-06-11 17:38:21,776 - DEBUG - fx_L1_mfista- itercount: 91, L: 3.139850e+04, eta:1.050000e+00
2020-06-11 17:38:21,791 - DEBUG - fx_L1_mfista- itercount: 92, L: 2.990334e+04, eta:1.050000e+00
2020-06-11 17:38:21,805 - DEBUG - fx_L1_mfista- itercount: 93, L: 2.847937e+04, eta:1.050000e+00
2020-06-11 17:38:21,811 - DEBUG - fx_L1_mfista- itercount: 93, L: 2.990334e+04, eta:1.050000e+00
2020-06-11 17:38:21,817 - DEBUG - fx_L1_mfista- itercount: 93, L: 3.139850e+04, eta:1.050000e+00
2020-06-11 17:38:21,822 - DEBUG - fx_L1_mfista- itercount: 93, L: 3.296843e+04, eta:1.050000e+00
2020-06-11 17:38:21,828 - DEBUG - fx_L1_mfista- itercount: 93, L: 3.461685e+04, eta:1.050000e+00
2020-06-11 17:38:21,834 - DEBUG - fx_L1_mfista- itercount: 93, L: 3.634769e+04, eta:1.050000e+00
2020-06-11 17:38:21,840 - DEBUG - fx_L1_mfista- itercount: 93, L: 3.816508e+04, eta:1.050000e+00
2020-06-11 17:38:21,854 - DEBUG - fx_L1_mfista- itercount: 94, L: 3.634769e+04, eta:1.050000e+00
2020-06-11 17:38:21,860 - DEBUG - fx_L1_mfista- itercount: 94, L: 3.816508e+04, eta:1.050000e+00
2020-06-11 17:38:21,866 - DEBUG - fx_L1_mfista- itercount: 94, L: 4.007333e+04, eta:1.050000e+00
2020-06-11 17:38:21,881 - DEBUG - fx_L1_mfista- itercount: 95, L: 3.816508e+04, eta:1.050000e+00
2020-06-11 17:38:21,894 - DEBUG - fx_L1_mfista- itercount: 96, L: 3.634769e+04, eta:1.050000e+00
2020-06-11 17:38:21,900 - DEBUG - fx_L1_mfista- itercount: 96, L: 3.816508e+04, eta:1.050000e+00
2020-06-11 17:38:21,905 - DEBUG - fx_L1_mfista- itercount: 96, L: 4.007333e+04, eta:1.050000e+00
2020-06-11 17:38:21,920 - DEBUG - fx_L1_mfista- itercount: 97, L: 3.816508e+04, eta:1.050000e+00
2020-06-11 17:38:21,925 - DEBUG - fx_L1_mfista- itercount: 97, L: 4.007333e+04, eta:1.050000e+00
2020-06-11 17:38:21,939 - DEBUG - fx_L1_mfista- itercount: 98, L: 3.816508e+04, eta:1.050000e+00
2020-06-11 17:38:21,946 - DEBUG - fx_L1_mfista- itercount: 98, L: 4.007333e+04, eta:1.050000e+00
2020-06-11 17:38:21,960 - DEBUG - fx_L1_mfista- itercount: 99, L: 3.816508e+04, eta:1.050000e+00
2020-06-11 17:38:21,966 - DEBUG - fx_L1_mfista- itercount: 99, L: 4.007333e+04, eta:1.050000e+00
2020-06-11 17:38:21,978 - DEBUG - fx_L1_mfista- iternum:100, L: 4.007333e+04, F_xk: 7.107053e+00, chi:6.030158e+06, reg: 3.811845e+05, rela_err:4.566056e-07
2020-06-11 17:38:21,999 - DEBUG - fx_L1_mfista- itercount: 100, L: 3.816508e+04, eta:1.050000e+00
2020-06-11 17:38:22,006 - DEBUG - fx_L1_mfista- itercount: 100, L: 4.007333e+04, eta:1.050000e+00
2020-06-11 17:38:22,021 - DEBUG - fx_L1_mfista- itercount: 101, L: 3.816508e+04, eta:1.050000e+00
2020-06-11 17:38:22,026 - DEBUG - fx_L1_mfista- itercount: 101, L: 4.007333e+04, eta:1.050000e+00
2020-06-11 17:38:22,041 - DEBUG - fx_L1_mfista- itercount: 102, L: 3.816508e+04, eta:1.050000e+00
2020-06-11 17:38:22,049 - DEBUG - fx_L1_mfista- itercount: 102, L: 4.007333e+04, eta:1.050000e+00
2020-06-11 17:38:22,063 - DEBUG - fx_L1_mfista- itercount: 103, L: 3.816508e+04, eta:1.050000e+00
2020-06-11 17:38:22,069 - DEBUG - fx_L1_mfista- itercount: 103, L: 4.007333e+04, eta:1.050000e+00
2020-06-11 17:38:22,085 - DEBUG - fx_L1_mfista- itercount: 104, L: 3.816508e+04, eta:1.050000e+00
2020-06-11 17:38:22,091 - DEBUG - fx_L1_mfista- itercount: 104, L: 4.007333e+04, eta:1.050000e+00
2020-06-11 17:38:22,098 - DEBUG - fx_L1_mfista- itercount: 104, L: 4.207700e+04, eta:1.050000e+00
2020-06-11 17:38:22,113 - DEBUG - fx_L1_mfista- itercount: 105, L: 4.007333e+04, eta:1.050000e+00
2020-06-11 17:38:22,129 - DEBUG - fx_L1_mfista- itercount: 106, L: 3.816508e+04, eta:1.050000e+00
2020-06-11 17:38:22,146 - DEBUG - fx_L1_mfista- itercount: 107, L: 3.634769e+04, eta:1.050000e+00
2020-06-11 17:38:22,151 - DEBUG - fx_L1_mfista- itercount: 107, L: 3.816508e+04, eta:1.050000e+00
2020-06-11 17:38:22,157 - DEBUG - fx_L1_mfista- itercount: 107, L: 4.007333e+04, eta:1.050000e+00
2020-06-11 17:38:22,162 - DEBUG - fx_L1_mfista- itercount: 107, L: 4.207700e+04, eta:1.050000e+00
2020-06-11 17:38:22,178 - DEBUG - fx_L1_mfista- itercount: 108, L: 4.007333e+04, eta:1.050000e+00
2020-06-11 17:38:22,196 - DEBUG - fx_L1_mfista- itercount: 109, L: 3.816508e+04, eta:1.050000e+00
2020-06-11 17:38:22,202 - DEBUG - fx_L1_mfista- itercount: 109, L: 4.007333e+04, eta:1.050000e+00
2020-06-11 17:38:22,217 - DEBUG - fx_L1_mfista- itercount: 110, L: 3.816508e+04, eta:1.050000e+00
2020-06-11 17:38:22,224 - DEBUG - fx_L1_mfista- itercount: 110, L: 4.007333e+04, eta:1.050000e+00
2020-06-11 17:38:22,231 - DEBUG - fx_L1_mfista- itercount: 110, L: 4.207700e+04, eta:1.050000e+00
2020-06-11 17:38:22,246 - DEBUG - fx_L1_mfista- itercount: 111, L: 4.007333e+04, eta:1.050000e+00
2020-06-11 17:38:22,261 - DEBUG - fx_L1_mfista- itercount: 112, L: 3.816508e+04, eta:1.050000e+00
2020-06-11 17:38:22,267 - DEBUG - fx_L1_mfista- itercount: 112, L: 4.007333e+04, eta:1.050000e+00
2020-06-11 17:38:22,283 - DEBUG - fx_L1_mfista- itercount: 113, L: 3.816508e+04, eta:1.050000e+00
2020-06-11 17:38:22,288 - DEBUG - fx_L1_mfista- itercount: 113, L: 4.007333e+04, eta:1.050000e+00
2020-06-11 17:38:22,304 - DEBUG - fx_L1_mfista- itercount: 114, L: 3.816508e+04, eta:1.050000e+00
2020-06-11 17:38:22,309 - DEBUG - fx_L1_mfista- itercount: 114, L: 4.007333e+04, eta:1.050000e+00
2020-06-11 17:38:22,327 - DEBUG - fx_L1_mfista- itercount: 115, L: 3.816508e+04, eta:1.050000e+00
2020-06-11 17:38:22,333 - DEBUG - fx_L1_mfista- itercount: 115, L: 4.007333e+04, eta:1.050000e+00
2020-06-11 17:38:22,341 - DEBUG - fx_L1_mfista- itercount: 115, L: 4.207700e+04, eta:1.050000e+00
2020-06-11 17:38:22,356 - DEBUG - fx_L1_mfista- itercount: 116, L: 4.007333e+04, eta:1.050000e+00
2020-06-11 17:38:22,372 - DEBUG - fx_L1_mfista- itercount: 117, L: 3.816508e+04, eta:1.050000e+00
2020-06-11 17:38:22,379 - DEBUG - fx_L1_mfista- itercount: 117, L: 4.007333e+04, eta:1.050000e+00
2020-06-11 17:38:22,394 - DEBUG - fx_L1_mfista- itercount: 118, L: 3.816508e+04, eta:1.050000e+00
2020-06-11 17:38:22,402 - DEBUG - fx_L1_mfista- itercount: 118, L: 4.007333e+04, eta:1.050000e+00
2020-06-11 17:38:22,408 - DEBUG - fx_L1_mfista- itercount: 118, L: 4.207700e+04, eta:1.050000e+00
2020-06-11 17:38:22,422 - DEBUG - fx_L1_mfista- itercount: 119, L: 4.007333e+04, eta:1.050000e+00
2020-06-11 17:38:22,437 - DEBUG - fx_L1_mfista- itercount: 120, L: 3.816508e+04, eta:1.050000e+00
2020-06-11 17:38:22,443 - DEBUG - fx_L1_mfista- itercount: 120, L: 4.007333e+04, eta:1.050000e+00
2020-06-11 17:38:22,457 - DEBUG - fx_L1_mfista- itercount: 121, L: 3.816508e+04, eta:1.050000e+00
2020-06-11 17:38:22,463 - DEBUG - fx_L1_mfista- itercount: 121, L: 4.007333e+04, eta:1.050000e+00
2020-06-11 17:38:22,468 - DEBUG - fx_L1_mfista- itercount: 121, L: 4.207700e+04, eta:1.050000e+00
2020-06-11 17:38:22,484 - DEBUG - fx_L1_mfista- itercount: 122, L: 4.007333e+04, eta:1.050000e+00
2020-06-11 17:38:22,498 - DEBUG - fx_L1_mfista- itercount: 123, L: 3.816508e+04, eta:1.050000e+00
2020-06-11 17:38:22,504 - DEBUG - fx_L1_mfista- itercount: 123, L: 4.007333e+04, eta:1.050000e+00
2020-06-11 17:38:22,520 - DEBUG - fx_L1_mfista- itercount: 124, L: 3.816508e+04, eta:1.050000e+00
2020-06-11 17:38:22,525 - DEBUG - fx_L1_mfista- itercount: 124, L: 4.007333e+04, eta:1.050000e+00
2020-06-11 17:38:22,531 - DEBUG - fx_L1_mfista- itercount: 124, L: 4.207700e+04, eta:1.050000e+00
2020-06-11 17:38:22,545 - DEBUG - fx_L1_mfista- itercount: 125, L: 4.007333e+04, eta:1.050000e+00
2020-06-11 17:38:22,560 - DEBUG - fx_L1_mfista- itercount: 126, L: 3.816508e+04, eta:1.050000e+00
2020-06-11 17:38:22,565 - DEBUG - fx_L1_mfista- itercount: 126, L: 4.007333e+04, eta:1.050000e+00
2020-06-11 17:38:22,578 - DEBUG - fx_L1_mfista- itercount: 127, L: 3.816508e+04, eta:1.050000e+00
2020-06-11 17:38:22,585 - DEBUG - fx_L1_mfista- itercount: 127, L: 4.007333e+04, eta:1.050000e+00
2020-06-11 17:38:22,591 - DEBUG - fx_L1_mfista- itercount: 127, L: 4.207700e+04, eta:1.050000e+00
2020-06-11 17:38:22,605 - DEBUG - fx_L1_mfista- itercount: 128, L: 4.007333e+04, eta:1.050000e+00
2020-06-11 17:38:22,619 - DEBUG - fx_L1_mfista- itercount: 129, L: 3.816508e+04, eta:1.050000e+00
2020-06-11 17:38:22,626 - DEBUG - fx_L1_mfista- itercount: 129, L: 4.007333e+04, eta:1.050000e+00
2020-06-11 17:38:22,643 - DEBUG - fx_L1_mfista- itercount: 130, L: 3.816508e+04, eta:1.050000e+00
2020-06-11 17:38:22,657 - DEBUG - fx_L1_mfista- itercount: 131, L: 3.634769e+04, eta:1.050000e+00
2020-06-11 17:38:22,663 - DEBUG - fx_L1_mfista- itercount: 131, L: 3.816508e+04, eta:1.050000e+00
2020-06-11 17:38:22,668 - DEBUG - fx_L1_mfista- itercount: 131, L: 4.007333e+04, eta:1.050000e+00
2020-06-11 17:38:22,674 - DEBUG - fx_L1_mfista- itercount: 131, L: 4.207700e+04, eta:1.050000e+00
2020-06-11 17:38:22,689 - DEBUG - fx_L1_mfista- itercount: 132, L: 4.007333e+04, eta:1.050000e+00
2020-06-11 17:38:22,695 - DEBUG - fx_L1_mfista- itercount: 132, L: 4.207700e+04, eta:1.050000e+00
2020-06-11 17:38:22,709 - DEBUG - fx_L1_mfista- itercount: 133, L: 4.007333e+04, eta:1.050000e+00
2020-06-11 17:38:22,724 - DEBUG - fx_L1_mfista- itercount: 134, L: 3.816508e+04, eta:1.050000e+00
2020-06-11 17:38:22,729 - DEBUG - fx_L1_mfista- itercount: 134, L: 4.007333e+04, eta:1.050000e+00
2020-06-11 17:38:22,743 - DEBUG - fx_L1_mfista- itercount: 135, L: 3.816508e+04, eta:1.050000e+00
2020-06-11 17:38:22,749 - DEBUG - fx_L1_mfista- itercount: 135, L: 4.007333e+04, eta:1.050000e+00
2020-06-11 17:38:22,763 - DEBUG - fx_L1_mfista- itercount: 136, L: 3.816508e+04, eta:1.050000e+00
2020-06-11 17:38:22,768 - DEBUG - fx_L1_mfista- itercount: 136, L: 4.007333e+04, eta:1.050000e+00
2020-06-11 17:38:22,782 - DEBUG - fx_L1_mfista- itercount: 137, L: 3.816508e+04, eta:1.050000e+00
2020-06-11 17:38:22,790 - DEBUG - fx_L1_mfista- itercount: 137, L: 4.007333e+04, eta:1.050000e+00
2020-06-11 17:38:22,804 - DEBUG - fx_L1_mfista- itercount: 138, L: 3.816508e+04, eta:1.050000e+00
2020-06-11 17:38:22,810 - DEBUG - fx_L1_mfista- itercount: 138, L: 4.007333e+04, eta:1.050000e+00
2020-06-11 17:38:22,824 - DEBUG - fx_L1_mfista- itercount: 139, L: 3.816508e+04, eta:1.050000e+00
2020-06-11 17:38:22,831 - DEBUG - fx_L1_mfista- itercount: 139, L: 4.007333e+04, eta:1.050000e+00
2020-06-11 17:38:22,846 - DEBUG - fx_L1_mfista- itercount: 140, L: 3.816508e+04, eta:1.050000e+00
2020-06-11 17:38:22,860 - DEBUG - fx_L1_mfista- itercount: 141, L: 3.634769e+04, eta:1.050000e+00
2020-06-11 17:38:22,866 - DEBUG - fx_L1_mfista- itercount: 141, L: 3.816508e+04, eta:1.050000e+00
2020-06-11 17:38:22,872 - DEBUG - fx_L1_mfista- itercount: 141, L: 4.007333e+04, eta:1.050000e+00
2020-06-11 17:38:22,877 - DEBUG - fx_L1_mfista- itercount: 141, L: 4.207700e+04, eta:1.050000e+00
2020-06-11 17:38:22,891 - DEBUG - fx_L1_mfista- itercount: 142, L: 4.007333e+04, eta:1.050000e+00
2020-06-11 17:38:22,906 - DEBUG - fx_L1_mfista- itercount: 143, L: 3.816508e+04, eta:1.050000e+00
2020-06-11 17:38:22,921 - DEBUG - fx_L1_mfista- itercount: 144, L: 3.634769e+04, eta:1.050000e+00
2020-06-11 17:38:22,935 - DEBUG - fx_L1_mfista- itercount: 145, L: 3.461685e+04, eta:1.050000e+00
2020-06-11 17:38:22,949 - DEBUG - fx_L1_mfista- itercount: 146, L: 3.296843e+04, eta:1.050000e+00
2020-06-11 17:38:22,964 - DEBUG - fx_L1_mfista- itercount: 147, L: 3.139850e+04, eta:1.050000e+00
2020-06-11 17:38:22,977 - DEBUG - fx_L1_mfista- itercount: 148, L: 2.990334e+04, eta:1.050000e+00
2020-06-11 17:38:22,992 - DEBUG - fx_L1_mfista- itercount: 149, L: 2.847937e+04, eta:1.050000e+00
2020-06-11 17:38:23,005 - DEBUG - fx_L1_mfista- iternum:150, L: 2.847937e+04, F_xk: 7.106966e+00, chi:6.030398e+06, reg: 3.706651e+05, rela_err:1.913498e-09
2020-06-11 17:38:23,024 - DEBUG - fx_L1_mfista- itercount: 150, L: 2.712321e+04, eta:1.050000e+00
2020-06-11 17:38:23,032 - DEBUG - fx_L1_mfista- itercount: 150, L: 2.847937e+04, eta:1.050000e+00
2020-06-11 17:38:23,039 - DEBUG - fx_L1_mfista- itercount: 150, L: 2.990334e+04, eta:1.050000e+00
2020-06-11 17:38:23,048 - DEBUG - fx_L1_mfista- itercount: 150, L: 3.139850e+04, eta:1.050000e+00
2020-06-11 17:38:23,054 - DEBUG - fx_L1_mfista- itercount: 150, L: 3.296843e+04, eta:1.050000e+00
2020-06-11 17:38:23,060 - DEBUG - fx_L1_mfista- itercount: 150, L: 3.461685e+04, eta:1.050000e+00
2020-06-11 17:38:23,075 - DEBUG - fx_L1_mfista- itercount: 151, L: 3.296843e+04, eta:1.050000e+00
2020-06-11 17:38:23,083 - DEBUG - fx_L1_mfista- itercount: 151, L: 3.461685e+04, eta:1.050000e+00
2020-06-11 17:38:23,089 - DEBUG - fx_L1_mfista- itercount: 151, L: 3.634769e+04, eta:1.050000e+00
2020-06-11 17:38:23,095 - DEBUG - fx_L1_mfista- itercount: 151, L: 3.816508e+04, eta:1.050000e+00
2020-06-11 17:38:23,101 - DEBUG - fx_L1_mfista- itercount: 151, L: 4.007333e+04, eta:1.050000e+00
2020-06-11 17:38:23,106 - DEBUG - fx_L1_mfista- itercount: 151, L: 4.207700e+04, eta:1.050000e+00
2020-06-11 17:38:23,122 - DEBUG - fx_L1_mfista- itercount: 152, L: 4.007333e+04, eta:1.050000e+00
2020-06-11 17:38:23,138 - DEBUG - fx_L1_mfista- itercount: 153, L: 3.816508e+04, eta:1.050000e+00
2020-06-11 17:38:23,152 - DEBUG - fx_L1_mfista- itercount: 154, L: 3.634769e+04, eta:1.050000e+00
2020-06-11 17:38:23,169 - DEBUG - fx_L1_mfista- itercount: 155, L: 3.461685e+04, eta:1.050000e+00
2020-06-11 17:38:23,175 - DEBUG - fx_L1_mfista- itercount: 155, L: 3.634769e+04, eta:1.050000e+00
2020-06-11 17:38:23,183 - DEBUG - fx_L1_mfista- itercount: 155, L: 3.816508e+04, eta:1.050000e+00
2020-06-11 17:38:23,188 - DEBUG - fx_L1_mfista- itercount: 155, L: 4.007333e+04, eta:1.050000e+00
2020-06-11 17:38:23,203 - DEBUG - fx_L1_mfista- itercount: 156, L: 3.816508e+04, eta:1.050000e+00
2020-06-11 17:38:23,210 - DEBUG - fx_L1_mfista- itercount: 156, L: 4.007333e+04, eta:1.050000e+00
2020-06-11 17:38:23,224 - DEBUG - fx_L1_mfista- itercount: 157, L: 3.816508e+04, eta:1.050000e+00
2020-06-11 17:38:23,232 - DEBUG - fx_L1_mfista- itercount: 157, L: 4.007333e+04, eta:1.050000e+00
2020-06-11 17:38:23,247 - DEBUG - fx_L1_mfista- itercount: 158, L: 3.816508e+04, eta:1.050000e+00
2020-06-11 17:38:23,261 - DEBUG - fx_L1_mfista- itercount: 159, L: 3.634769e+04, eta:1.050000e+00
2020-06-11 17:38:23,270 - DEBUG - fx_L1_mfista- itercount: 159, L: 3.816508e+04, eta:1.050000e+00
2020-06-11 17:38:23,275 - DEBUG - fx_L1_mfista- itercount: 159, L: 4.007333e+04, eta:1.050000e+00
2020-06-11 17:38:23,290 - DEBUG - fx_L1_mfista- itercount: 160, L: 3.816508e+04, eta:1.050000e+00
2020-06-11 17:38:23,299 - DEBUG - fx_L1_mfista- itercount: 160, L: 4.007333e+04, eta:1.050000e+00
2020-06-11 17:38:23,313 - DEBUG - fx_L1_mfista- itercount: 161, L: 3.816508e+04, eta:1.050000e+00
2020-06-11 17:38:23,318 - DEBUG - fx_L1_mfista- itercount: 161, L: 4.007333e+04, eta:1.050000e+00
2020-06-11 17:38:23,334 - DEBUG - fx_L1_mfista- itercount: 162, L: 3.816508e+04, eta:1.050000e+00
2020-06-11 17:38:23,339 - DEBUG - fx_L1_mfista- itercount: 162, L: 4.007333e+04, eta:1.050000e+00
2020-06-11 17:38:23,356 - DEBUG - fx_L1_mfista- itercount: 163, L: 3.816508e+04, eta:1.050000e+00
2020-06-11 17:38:23,362 - DEBUG - fx_L1_mfista- itercount: 163, L: 4.007333e+04, eta:1.050000e+00
2020-06-11 17:38:23,378 - DEBUG - fx_L1_mfista- itercount: 164, L: 3.816508e+04, eta:1.050000e+00
2020-06-11 17:38:23,386 - DEBUG - fx_L1_mfista- itercount: 164, L: 4.007333e+04, eta:1.050000e+00
2020-06-11 17:38:23,400 - DEBUG - fx_L1_mfista- itercount: 165, L: 3.816508e+04, eta:1.050000e+00
2020-06-11 17:38:23,406 - DEBUG - fx_L1_mfista- itercount: 165, L: 4.007333e+04, eta:1.050000e+00
2020-06-11 17:38:23,422 - DEBUG - fx_L1_mfista- itercount: 166, L: 3.816508e+04, eta:1.050000e+00
2020-06-11 17:38:23,427 - DEBUG - fx_L1_mfista- itercount: 166, L: 4.007333e+04, eta:1.050000e+00
2020-06-11 17:38:23,436 - DEBUG - fx_L1_mfista- itercount: 166, L: 4.207700e+04, eta:1.050000e+00
2020-06-11 17:38:23,451 - DEBUG - fx_L1_mfista- itercount: 167, L: 4.007333e+04, eta:1.050000e+00
2020-06-11 17:38:23,467 - DEBUG - fx_L1_mfista- itercount: 168, L: 3.816508e+04, eta:1.050000e+00
2020-06-11 17:38:23,484 - DEBUG - fx_L1_mfista- itercount: 169, L: 3.634769e+04, eta:1.050000e+00
2020-06-11 17:38:23,490 - DEBUG - fx_L1_mfista- itercount: 169, L: 3.816508e+04, eta:1.050000e+00
2020-06-11 17:38:23,497 - DEBUG - fx_L1_mfista- itercount: 169, L: 4.007333e+04, eta:1.050000e+00
2020-06-11 17:38:23,503 - DEBUG - fx_L1_mfista- itercount: 169, L: 4.207700e+04, eta:1.050000e+00
2020-06-11 17:38:23,522 - DEBUG - fx_L1_mfista- itercount: 170, L: 4.007333e+04, eta:1.050000e+00
2020-06-11 17:38:23,536 - DEBUG - fx_L1_mfista- itercount: 171, L: 3.816508e+04, eta:1.050000e+00
2020-06-11 17:38:23,542 - DEBUG - fx_L1_mfista- itercount: 171, L: 4.007333e+04, eta:1.050000e+00
2020-06-11 17:38:23,547 - DEBUG - fx_L1_mfista- itercount: 171, L: 4.207700e+04, eta:1.050000e+00
2020-06-11 17:38:23,561 - DEBUG - fx_L1_mfista- itercount: 172, L: 4.007333e+04, eta:1.050000e+00
2020-06-11 17:38:23,576 - DEBUG - fx_L1_mfista- itercount: 173, L: 3.816508e+04, eta:1.050000e+00
2020-06-11 17:38:23,582 - DEBUG - fx_L1_mfista- itercount: 173, L: 4.007333e+04, eta:1.050000e+00
2020-06-11 17:38:23,597 - DEBUG - fx_L1_mfista- itercount: 174, L: 3.816508e+04, eta:1.050000e+00
2020-06-11 17:38:23,602 - DEBUG - fx_L1_mfista- itercount: 174, L: 4.007333e+04, eta:1.050000e+00
2020-06-11 17:38:23,608 - DEBUG - fx_L1_mfista- itercount: 174, L: 4.207700e+04, eta:1.050000e+00
2020-06-11 17:38:23,621 - DEBUG - fx_L1_mfista- itercount: 175, L: 4.007333e+04, eta:1.050000e+00
2020-06-11 17:38:23,635 - DEBUG - fx_L1_mfista- itercount: 176, L: 3.816508e+04, eta:1.050000e+00
2020-06-11 17:38:23,641 - DEBUG - fx_L1_mfista- itercount: 176, L: 4.007333e+04, eta:1.050000e+00
2020-06-11 17:38:23,647 - DEBUG - fx_L1_mfista- itercount: 176, L: 4.207700e+04, eta:1.050000e+00
2020-06-11 17:38:23,661 - DEBUG - fx_L1_mfista- itercount: 177, L: 4.007333e+04, eta:1.050000e+00
2020-06-11 17:38:23,675 - DEBUG - fx_L1_mfista- itercount: 178, L: 3.816508e+04, eta:1.050000e+00
2020-06-11 17:38:23,682 - DEBUG - fx_L1_mfista- itercount: 178, L: 4.007333e+04, eta:1.050000e+00
2020-06-11 17:38:23,687 - DEBUG - fx_L1_mfista- itercount: 178, L: 4.207700e+04, eta:1.050000e+00
2020-06-11 17:38:23,701 - DEBUG - fx_L1_mfista- itercount: 179, L: 4.007333e+04, eta:1.050000e+00
2020-06-11 17:38:23,716 - DEBUG - fx_L1_mfista- itercount: 180, L: 3.816508e+04, eta:1.050000e+00
2020-06-11 17:38:23,722 - DEBUG - fx_L1_mfista- itercount: 180, L: 4.007333e+04, eta:1.050000e+00
2020-06-11 17:38:23,727 - DEBUG - fx_L1_mfista- itercount: 180, L: 4.207700e+04, eta:1.050000e+00
2020-06-11 17:38:23,741 - DEBUG - fx_L1_mfista- itercount: 181, L: 4.007333e+04, eta:1.050000e+00
2020-06-11 17:38:23,755 - DEBUG - fx_L1_mfista- itercount: 182, L: 3.816508e+04, eta:1.050000e+00
2020-06-11 17:38:23,761 - DEBUG - fx_L1_mfista- itercount: 182, L: 4.007333e+04, eta:1.050000e+00
2020-06-11 17:38:23,767 - DEBUG - fx_L1_mfista- itercount: 182, L: 4.207700e+04, eta:1.050000e+00
2020-06-11 17:38:23,780 - DEBUG - fx_L1_mfista- itercount: 183, L: 4.007333e+04, eta:1.050000e+00
2020-06-11 17:38:23,795 - DEBUG - fx_L1_mfista- itercount: 184, L: 3.816508e+04, eta:1.050000e+00
2020-06-11 17:38:23,800 - DEBUG - fx_L1_mfista- itercount: 184, L: 4.007333e+04, eta:1.050000e+00
2020-06-11 17:38:23,815 - DEBUG - fx_L1_mfista- itercount: 185, L: 3.816508e+04, eta:1.050000e+00
2020-06-11 17:38:23,821 - DEBUG - fx_L1_mfista- itercount: 185, L: 4.007333e+04, eta:1.050000e+00
2020-06-11 17:38:23,826 - DEBUG - fx_L1_mfista- itercount: 185, L: 4.207700e+04, eta:1.050000e+00
2020-06-11 17:38:23,841 - DEBUG - fx_L1_mfista- itercount: 186, L: 4.007333e+04, eta:1.050000e+00
2020-06-11 17:38:23,855 - DEBUG - fx_L1_mfista- itercount: 187, L: 3.816508e+04, eta:1.050000e+00
2020-06-11 17:38:23,869 - DEBUG - fx_L1_mfista- itercount: 188, L: 3.634769e+04, eta:1.050000e+00
2020-06-11 17:38:23,875 - DEBUG - fx_L1_mfista- itercount: 188, L: 3.816508e+04, eta:1.050000e+00
2020-06-11 17:38:23,881 - DEBUG - fx_L1_mfista- itercount: 188, L: 4.007333e+04, eta:1.050000e+00
2020-06-11 17:38:23,894 - DEBUG - fx_L1_mfista- itercount: 189, L: 3.816508e+04, eta:1.050000e+00
2020-06-11 17:38:23,901 - DEBUG - fx_L1_mfista- itercount: 189, L: 4.007333e+04, eta:1.050000e+00
2020-06-11 17:38:23,914 - DEBUG - fx_L1_mfista- itercount: 190, L: 3.816508e+04, eta:1.050000e+00
2020-06-11 17:38:23,929 - DEBUG - fx_L1_mfista- itercount: 191, L: 3.634769e+04, eta:1.050000e+00
2020-06-11 17:38:23,945 - DEBUG - fx_L1_mfista- itercount: 192, L: 3.461685e+04, eta:1.050000e+00
2020-06-11 17:38:23,959 - DEBUG - fx_L1_mfista- itercount: 193, L: 3.296843e+04, eta:1.050000e+00
2020-06-11 17:38:23,974 - DEBUG - fx_L1_mfista- itercount: 194, L: 3.139850e+04, eta:1.050000e+00
2020-06-11 17:38:23,988 - DEBUG - fx_L1_mfista- itercount: 195, L: 2.990334e+04, eta:1.050000e+00
2020-06-11 17:38:24,002 - DEBUG - fx_L1_mfista- itercount: 196, L: 2.847937e+04, eta:1.050000e+00
2020-06-11 17:38:24,016 - DEBUG - fx_L1_mfista- itercount: 197, L: 2.712321e+04, eta:1.050000e+00
2020-06-11 17:38:24,022 - DEBUG - fx_L1_mfista- itercount: 197, L: 2.847937e+04, eta:1.050000e+00
2020-06-11 17:38:24,027 - DEBUG - fx_L1_mfista- itercount: 197, L: 2.990334e+04, eta:1.050000e+00
2020-06-11 17:38:24,034 - DEBUG - fx_L1_mfista- itercount: 197, L: 3.139850e+04, eta:1.050000e+00
2020-06-11 17:38:24,040 - DEBUG - fx_L1_mfista- itercount: 197, L: 3.296843e+04, eta:1.050000e+00
2020-06-11 17:38:24,045 - DEBUG - fx_L1_mfista- itercount: 197, L: 3.461685e+04, eta:1.050000e+00
2020-06-11 17:38:24,051 - DEBUG - fx_L1_mfista- itercount: 197, L: 3.634769e+04, eta:1.050000e+00
2020-06-11 17:38:24,066 - DEBUG - fx_L1_mfista- itercount: 198, L: 3.461685e+04, eta:1.050000e+00
2020-06-11 17:38:24,071 - DEBUG - fx_L1_mfista- itercount: 198, L: 3.634769e+04, eta:1.050000e+00
2020-06-11 17:38:24,077 - DEBUG - fx_L1_mfista- itercount: 198, L: 3.816508e+04, eta:1.050000e+00
2020-06-11 17:38:24,082 - DEBUG - fx_L1_mfista- itercount: 198, L: 4.007333e+04, eta:1.050000e+00
2020-06-11 17:38:24,097 - DEBUG - fx_L1_mfista- itercount: 199, L: 3.816508e+04, eta:1.050000e+00
2020-06-11 17:38:24,109 - DEBUG - fx_L1_mfista- iternum:200, L: 3.816508e+04, F_xk: 7.106966e+00, chi:6.030374e+06, reg: 3.712680e+05, rela_err:1.194793e-11
2020-06-11 17:38:24,130 - DEBUG - fx_L1_mfista- itercount: 200, L: 3.634769e+04, eta:1.050000e+00
2020-06-11 17:38:24,139 - DEBUG - fx_L1_mfista- itercount: 200, L: 3.816508e+04, eta:1.050000e+00
2020-06-11 17:38:24,157 - DEBUG - fx_L1_mfista- itercount: 201, L: 3.634769e+04, eta:1.050000e+00
2020-06-11 17:38:24,162 - DEBUG - fx_L1_mfista- itercount: 201, L: 3.816508e+04, eta:1.050000e+00
2020-06-11 17:38:24,168 - DEBUG - fx_L1_mfista- itercount: 201, L: 4.007333e+04, eta:1.050000e+00
2020-06-11 17:38:24,184 - DEBUG - fx_L1_mfista- itercount: 202, L: 3.816508e+04, eta:1.050000e+00
2020-06-11 17:38:24,201 - DEBUG - fx_L1_mfista- itercount: 203, L: 3.634769e+04, eta:1.050000e+00
2020-06-11 17:38:24,207 - DEBUG - fx_L1_mfista- itercount: 203, L: 3.816508e+04, eta:1.050000e+00
2020-06-11 17:38:24,213 - DEBUG - fx_L1_mfista- itercount: 203, L: 4.007333e+04, eta:1.050000e+00
2020-06-11 17:38:24,231 - DEBUG - fx_L1_mfista- itercount: 204, L: 3.816508e+04, eta:1.050000e+00
2020-06-11 17:38:24,245 - DEBUG - fx_L1_mfista- itercount: 205, L: 3.634769e+04, eta:1.050000e+00
2020-06-11 17:38:24,251 - DEBUG - fx_L1_mfista- itercount: 205, L: 3.816508e+04, eta:1.050000e+00
2020-06-11 17:38:24,257 - DEBUG - fx_L1_mfista- itercount: 205, L: 4.007333e+04, eta:1.050000e+00
2020-06-11 17:38:24,271 - DEBUG - fx_L1_mfista- itercount: 206, L: 3.816508e+04, eta:1.050000e+00
2020-06-11 17:38:24,277 - DEBUG - fx_L1_mfista- itercount: 206, L: 4.007333e+04, eta:1.050000e+00
2020-06-11 17:38:24,293 - DEBUG - fx_L1_mfista- itercount: 207, L: 3.816508e+04, eta:1.050000e+00
2020-06-11 17:38:24,299 - DEBUG - fx_L1_mfista- itercount: 207, L: 4.007333e+04, eta:1.050000e+00
2020-06-11 17:38:24,315 - DEBUG - fx_L1_mfista- itercount: 208, L: 3.816508e+04, eta:1.050000e+00
2020-06-11 17:38:24,320 - DEBUG - fx_L1_mfista- itercount: 208, L: 4.007333e+04, eta:1.050000e+00
2020-06-11 17:38:24,339 - DEBUG - fx_L1_mfista- itercount: 209, L: 3.816508e+04, eta:1.050000e+00
2020-06-11 17:38:24,355 - DEBUG - fx_L1_mfista- itercount: 210, L: 3.634769e+04, eta:1.050000e+00
2020-06-11 17:38:24,361 - DEBUG - fx_L1_mfista- itercount: 210, L: 3.816508e+04, eta:1.050000e+00
2020-06-11 17:38:24,369 - DEBUG - fx_L1_mfista- itercount: 210, L: 4.007333e+04, eta:1.050000e+00
2020-06-11 17:38:24,375 - DEBUG - fx_L1_mfista- itercount: 210, L: 4.207700e+04, eta:1.050000e+00
2020-06-11 17:38:24,389 - DEBUG - fx_L1_mfista- itercount: 211, L: 4.007333e+04, eta:1.050000e+00
2020-06-11 17:38:24,405 - DEBUG - fx_L1_mfista- itercount: 212, L: 3.816508e+04, eta:1.050000e+00
2020-06-11 17:38:24,424 - DEBUG - fx_L1_mfista- itercount: 213, L: 3.634769e+04, eta:1.050000e+00
2020-06-11 17:38:24,430 - DEBUG - fx_L1_mfista- itercount: 213, L: 3.816508e+04, eta:1.050000e+00
2020-06-11 17:38:24,435 - DEBUG - fx_L1_mfista- itercount: 213, L: 4.007333e+04, eta:1.050000e+00
2020-06-11 17:38:24,441 - DEBUG - fx_L1_mfista- itercount: 213, L: 4.207700e+04, eta:1.050000e+00
2020-06-11 17:38:24,457 - DEBUG - fx_L1_mfista- itercount: 214, L: 4.007333e+04, eta:1.050000e+00
2020-06-11 17:38:24,471 - DEBUG - fx_L1_mfista- itercount: 215, L: 3.816508e+04, eta:1.050000e+00
2020-06-11 17:38:24,486 - DEBUG - fx_L1_mfista- itercount: 216, L: 3.634769e+04, eta:1.050000e+00
2020-06-11 17:38:24,492 - DEBUG - fx_L1_mfista- itercount: 216, L: 3.816508e+04, eta:1.050000e+00
2020-06-11 17:38:24,498 - DEBUG - fx_L1_mfista- itercount: 216, L: 4.007333e+04, eta:1.050000e+00
2020-06-11 17:38:24,504 - DEBUG - fx_L1_mfista- itercount: 216, L: 4.207700e+04, eta:1.050000e+00
2020-06-11 17:38:24,518 - DEBUG - fx_L1_mfista- itercount: 217, L: 4.007333e+04, eta:1.050000e+00
2020-06-11 17:38:24,533 - DEBUG - fx_L1_mfista- itercount: 218, L: 3.816508e+04, eta:1.050000e+00
2020-06-11 17:38:24,539 - DEBUG - fx_L1_mfista- itercount: 218, L: 4.007333e+04, eta:1.050000e+00
2020-06-11 17:38:24,553 - DEBUG - fx_L1_mfista- itercount: 219, L: 3.816508e+04, eta:1.050000e+00
2020-06-11 17:38:24,558 - DEBUG - fx_L1_mfista- itercount: 219, L: 4.007333e+04, eta:1.050000e+00
2020-06-11 17:38:24,564 - DEBUG - fx_L1_mfista- itercount: 219, L: 4.207700e+04, eta:1.050000e+00
2020-06-11 17:38:24,578 - DEBUG - fx_L1_mfista- itercount: 220, L: 4.007333e+04, eta:1.050000e+00
2020-06-11 17:38:24,592 - DEBUG - fx_L1_mfista- itercount: 221, L: 3.816508e+04, eta:1.050000e+00
2020-06-11 17:38:24,598 - DEBUG - fx_L1_mfista- itercount: 221, L: 4.007333e+04, eta:1.050000e+00
2020-06-11 17:38:24,611 - DEBUG - fx_L1_mfista- itercount: 222, L: 3.816508e+04, eta:1.050000e+00
2020-06-11 17:38:24,617 - DEBUG - fx_L1_mfista- itercount: 222, L: 4.007333e+04, eta:1.050000e+00
2020-06-11 17:38:24,631 - DEBUG - fx_L1_mfista- itercount: 223, L: 3.816508e+04, eta:1.050000e+00
2020-06-11 17:38:24,638 - DEBUG - fx_L1_mfista- itercount: 223, L: 4.007333e+04, eta:1.050000e+00
2020-06-11 17:38:24,652 - DEBUG - fx_L1_mfista- itercount: 224, L: 3.816508e+04, eta:1.050000e+00
2020-06-11 17:38:24,658 - DEBUG - fx_L1_mfista- itercount: 224, L: 4.007333e+04, eta:1.050000e+00
2020-06-11 17:38:24,664 - DEBUG - fx_L1_mfista- itercount: 224, L: 4.207700e+04, eta:1.050000e+00
2020-06-11 17:38:24,678 - DEBUG - fx_L1_mfista- itercount: 225, L: 4.007333e+04, eta:1.050000e+00
2020-06-11 17:38:24,692 - DEBUG - fx_L1_mfista- itercount: 226, L: 3.816508e+04, eta:1.050000e+00
2020-06-11 17:38:24,699 - DEBUG - fx_L1_mfista- itercount: 226, L: 4.007333e+04, eta:1.050000e+00
2020-06-11 17:38:24,713 - DEBUG - fx_L1_mfista- itercount: 227, L: 3.816508e+04, eta:1.050000e+00
2020-06-11 17:38:24,719 - DEBUG - fx_L1_mfista- itercount: 227, L: 4.007333e+04, eta:1.050000e+00
2020-06-11 17:38:24,725 - DEBUG - fx_L1_mfista- itercount: 227, L: 4.207700e+04, eta:1.050000e+00
2020-06-11 17:38:24,739 - DEBUG - fx_L1_mfista- itercount: 228, L: 4.007333e+04, eta:1.050000e+00
2020-06-11 17:38:24,754 - DEBUG - fx_L1_mfista- itercount: 229, L: 3.816508e+04, eta:1.050000e+00
2020-06-11 17:38:24,759 - DEBUG - fx_L1_mfista- itercount: 229, L: 4.007333e+04, eta:1.050000e+00
2020-06-11 17:38:24,774 - DEBUG - fx_L1_mfista- itercount: 230, L: 3.816508e+04, eta:1.050000e+00
2020-06-11 17:38:24,780 - DEBUG - fx_L1_mfista- itercount: 230, L: 4.007333e+04, eta:1.050000e+00
2020-06-11 17:38:24,794 - DEBUG - fx_L1_mfista- itercount: 231, L: 3.816508e+04, eta:1.050000e+00
2020-06-11 17:38:24,800 - DEBUG - fx_L1_mfista- itercount: 231, L: 4.007333e+04, eta:1.050000e+00
2020-06-11 17:38:24,805 - DEBUG - fx_L1_mfista- itercount: 231, L: 4.207700e+04, eta:1.050000e+00
2020-06-11 17:38:24,820 - DEBUG - fx_L1_mfista- itercount: 232, L: 4.007333e+04, eta:1.050000e+00
2020-06-11 17:38:24,834 - DEBUG - fx_L1_mfista- itercount: 233, L: 3.816508e+04, eta:1.050000e+00
2020-06-11 17:38:24,848 - DEBUG - fx_L1_mfista- itercount: 234, L: 3.634769e+04, eta:1.050000e+00
2020-06-11 17:38:24,854 - DEBUG - fx_L1_mfista- itercount: 234, L: 3.816508e+04, eta:1.050000e+00
2020-06-11 17:38:24,859 - DEBUG - fx_L1_mfista- itercount: 234, L: 4.007333e+04, eta:1.050000e+00
2020-06-11 17:38:24,866 - DEBUG - fx_L1_mfista- itercount: 234, L: 4.207700e+04, eta:1.050000e+00
2020-06-11 17:38:24,880 - DEBUG - fx_L1_mfista- itercount: 235, L: 4.007333e+04, eta:1.050000e+00
2020-06-11 17:38:24,894 - DEBUG - fx_L1_mfista- itercount: 236, L: 3.816508e+04, eta:1.050000e+00
2020-06-11 17:38:24,900 - DEBUG - fx_L1_mfista- itercount: 236, L: 4.007333e+04, eta:1.050000e+00
2020-06-11 17:38:24,914 - DEBUG - fx_L1_mfista- itercount: 237, L: 3.816508e+04, eta:1.050000e+00
2020-06-11 17:38:24,919 - DEBUG - fx_L1_mfista- itercount: 237, L: 4.007333e+04, eta:1.050000e+00
2020-06-11 17:38:24,925 - DEBUG - fx_L1_mfista- itercount: 237, L: 4.207700e+04, eta:1.050000e+00
2020-06-11 17:38:24,939 - DEBUG - fx_L1_mfista- itercount: 238, L: 4.007333e+04, eta:1.050000e+00
2020-06-11 17:38:24,955 - DEBUG - fx_L1_mfista- itercount: 239, L: 3.816508e+04, eta:1.050000e+00
2020-06-11 17:38:24,968 - DEBUG - fx_L1_mfista- itercount: 240, L: 3.634769e+04, eta:1.050000e+00
2020-06-11 17:38:24,974 - DEBUG - fx_L1_mfista- itercount: 240, L: 3.816508e+04, eta:1.050000e+00
2020-06-11 17:38:24,980 - DEBUG - fx_L1_mfista- itercount: 240, L: 4.007333e+04, eta:1.050000e+00
2020-06-11 17:38:24,986 - DEBUG - fx_L1_mfista- itercount: 240, L: 4.207700e+04, eta:1.050000e+00
2020-06-11 17:38:25,000 - DEBUG - fx_L1_mfista- itercount: 241, L: 4.007333e+04, eta:1.050000e+00
2020-06-11 17:38:25,014 - DEBUG - fx_L1_mfista- itercount: 242, L: 3.816508e+04, eta:1.050000e+00
2020-06-11 17:38:25,021 - DEBUG - fx_L1_mfista- itercount: 242, L: 4.007333e+04, eta:1.050000e+00
2020-06-11 17:38:25,035 - DEBUG - fx_L1_mfista- itercount: 243, L: 3.816508e+04, eta:1.050000e+00
2020-06-11 17:38:25,041 - DEBUG - fx_L1_mfista- itercount: 243, L: 4.007333e+04, eta:1.050000e+00
2020-06-11 17:38:25,046 - DEBUG - fx_L1_mfista- itercount: 243, L: 4.207700e+04, eta:1.050000e+00
2020-06-11 17:38:25,060 - DEBUG - fx_L1_mfista- itercount: 244, L: 4.007333e+04, eta:1.050000e+00
2020-06-11 17:38:25,074 - DEBUG - fx_L1_mfista- itercount: 245, L: 3.816508e+04, eta:1.050000e+00
2020-06-11 17:38:25,080 - DEBUG - fx_L1_mfista- itercount: 245, L: 4.007333e+04, eta:1.050000e+00
2020-06-11 17:38:25,094 - DEBUG - fx_L1_mfista- itercount: 246, L: 3.816508e+04, eta:1.050000e+00
2020-06-11 17:38:25,100 - DEBUG - fx_L1_mfista- itercount: 246, L: 4.007333e+04, eta:1.050000e+00
2020-06-11 17:38:25,106 - DEBUG - fx_L1_mfista- itercount: 246, L: 4.207700e+04, eta:1.050000e+00
2020-06-11 17:38:25,121 - DEBUG - fx_L1_mfista- itercount: 247, L: 4.007333e+04, eta:1.050000e+00
2020-06-11 17:38:25,134 - DEBUG - fx_L1_mfista- itercount: 248, L: 3.816508e+04, eta:1.050000e+00
2020-06-11 17:38:25,140 - DEBUG - fx_L1_mfista- itercount: 248, L: 4.007333e+04, eta:1.050000e+00
2020-06-11 17:38:25,155 - DEBUG - fx_L1_mfista- itercount: 249, L: 3.816508e+04, eta:1.050000e+00
2020-06-11 17:38:25,160 - DEBUG - fx_L1_mfista- itercount: 249, L: 4.007333e+04, eta:1.050000e+00
2020-06-11 17:38:25,165 - DEBUG - fx_L1_mfista- itercount: 249, L: 4.207700e+04, eta:1.050000e+00
2020-06-11 17:38:25,178 - DEBUG - fx_L1_mfista- iternum:250, L: 4.207700e+04, F_xk: 7.106966e+00, chi:6.030374e+06, reg: 3.712328e+05, rela_err:3.171566e-13
2020-06-11 17:38:25,201 - DEBUG - fx_L1_mfista- itercount: 250, L: 4.007333e+04, eta:1.050000e+00
2020-06-11 17:38:25,305 - INFO - fx_L1_mfista- end; fitting. iternum:250, relative dif of F: 2.775283e-13
2020-06-11 17:38:27,650 - INFO - plots_comp- 0 model, rms:2.174535e+01
2020-06-11 17:38:27,691 - INFO - plots_comp- 1 model, rms:2.014747e+01
2020-06-11 17:38:27,745 - INFO - plots_comp- 2 model, rms:2.057416e+01
2020-06-11 17:38:27,789 - INFO - plots_comp- 3 model, rms:3.094796e+01
2020-06-11 17:38:27,866 - INFO - plots_comp- 4 model, rms:8.984902e+00
2020-06-11 17:38:27,911 - INFO - plots_comp- 5 model, rms:0.000000e+00
