2020-06-11 17:37:18,377 - INFO - <module>- Main part starts
2020-06-11 17:37:20,665 - DEBUG - only_fx_mfista- iternum:50, L: 1.055858e+05, F_xk: 7.280603e+00, chi:7.889243e+06, reg: 1.119183e+07, rela_err:5.509372e-11
2020-06-11 17:37:26,042 - ERROR - only_fx_mfista- Too large L!! Change l1 or l2 values!!
2020-06-11 17:37:26,042 - INFO - only_fx_mfista- end fitting: itercount: 77
2020-06-11 17:37:28,247 - DEBUG - only_fx_mfista- iternum:50, L: 8.726096e+04, F_xk: 6.865565e+00, chi:7.240918e+06, reg: 9.645489e+04, rela_err:1.944507e-06
2020-06-11 17:37:29,418 - DEBUG - only_fx_mfista- iternum:100, L: 9.598706e+04, F_xk: 6.864906e+00, chi:7.240882e+06, reg: 8.565401e+04, rela_err:5.736121e-07
2020-06-11 17:37:30,593 - DEBUG - only_fx_mfista- iternum:150, L: 9.598706e+04, F_xk: 6.864632e+00, chi:7.240868e+06, reg: 8.110368e+04, rela_err:2.984734e-07
2020-06-11 17:37:31,682 - DEBUG - only_fx_mfista- iternum:200, L: 9.598706e+04, F_xk: 6.864482e+00, chi:7.240861e+06, reg: 7.860739e+04, rela_err:1.750697e-07
2020-06-11 17:37:32,804 - DEBUG - only_fx_mfista- iternum:250, L: 9.598706e+04, F_xk: 6.864389e+00, chi:7.240858e+06, reg: 7.705435e+04, rela_err:1.142435e-07
2020-06-11 17:37:33,333 - INFO - only_fx_mfista- end; fitting. iternum:266, relative dif of F: 9.975981e-08
2020-06-11 17:37:33,371 - DEBUG - fx_L1_mfista- itercount: 0, L: 9.523810e-05, eta:1.050000e+00
2020-06-11 17:37:33,378 - DEBUG - fx_L1_mfista- itercount: 0, L: 1.000000e-04, eta:1.050000e+00
2020-06-11 17:37:33,384 - DEBUG - fx_L1_mfista- itercount: 0, L: 1.050000e-04, eta:1.050000e+00
2020-06-11 17:37:33,391 - DEBUG - fx_L1_mfista- itercount: 0, L: 1.102500e-04, eta:1.050000e+00
2020-06-11 17:37:33,397 - DEBUG - fx_L1_mfista- itercount: 0, L: 1.157625e-04, eta:1.050000e+00
2020-06-11 17:37:33,403 - DEBUG - fx_L1_mfista- itercount: 0, L: 1.215506e-04, eta:1.050000e+00
2020-06-11 17:37:33,410 - DEBUG - fx_L1_mfista- itercount: 0, L: 1.276282e-04, eta:1.050000e+00
2020-06-11 17:37:33,417 - DEBUG - fx_L1_mfista- itercount: 0, L: 1.340096e-04, eta:1.050000e+00
2020-06-11 17:37:33,425 - DEBUG - fx_L1_mfista- itercount: 0, L: 1.407100e-04, eta:1.050000e+00
2020-06-11 17:37:33,431 - DEBUG - fx_L1_mfista- itercount: 0, L: 1.477455e-04, eta:1.050000e+00
2020-06-11 17:37:33,437 - DEBUG - fx_L1_mfista- itercount: 0, L: 1.551328e-04, eta:1.050000e+00
2020-06-11 17:37:33,443 - DEBUG - fx_L1_mfista- itercount: 0, L: 1.628895e-04, eta:1.050000e+00
2020-06-11 17:37:33,449 - DEBUG - fx_L1_mfista- itercount: 0, L: 1.710339e-04, eta:1.050000e+00
2020-06-11 17:37:33,456 - DEBUG - fx_L1_mfista- itercount: 0, L: 1.795856e-04, eta:1.050000e+00
2020-06-11 17:37:33,464 - DEBUG - fx_L1_mfista- itercount: 0, L: 1.885649e-04, eta:1.050000e+00
2020-06-11 17:37:33,470 - DEBUG - fx_L1_mfista- itercount: 0, L: 1.979932e-04, eta:1.050000e+00
2020-06-11 17:37:33,476 - DEBUG - fx_L1_mfista- itercount: 0, L: 2.078928e-04, eta:1.050000e+00
2020-06-11 17:37:33,482 - DEBUG - fx_L1_mfista- itercount: 0, L: 2.182875e-04, eta:1.050000e+00
2020-06-11 17:37:33,488 - DEBUG - fx_L1_mfista- itercount: 0, L: 2.292018e-04, eta:1.050000e+00
2020-06-11 17:37:33,495 - DEBUG - fx_L1_mfista- itercount: 0, L: 2.406619e-04, eta:1.050000e+00
2020-06-11 17:37:33,501 - DEBUG - fx_L1_mfista- itercount: 0, L: 2.526950e-04, eta:1.050000e+00
2020-06-11 17:37:33,508 - DEBUG - fx_L1_mfista- itercount: 0, L: 2.653298e-04, eta:1.050000e+00
2020-06-11 17:37:33,514 - DEBUG - fx_L1_mfista- itercount: 0, L: 2.785963e-04, eta:1.050000e+00
2020-06-11 17:37:33,520 - DEBUG - fx_L1_mfista- itercount: 0, L: 2.925261e-04, eta:1.050000e+00
2020-06-11 17:37:33,526 - DEBUG - fx_L1_mfista- itercount: 0, L: 3.071524e-04, eta:1.050000e+00
2020-06-11 17:37:33,533 - DEBUG - fx_L1_mfista- itercount: 0, L: 3.225100e-04, eta:1.050000e+00
2020-06-11 17:37:33,541 - DEBUG - fx_L1_mfista- itercount: 0, L: 3.386355e-04, eta:1.050000e+00
2020-06-11 17:37:33,547 - DEBUG - fx_L1_mfista- itercount: 0, L: 3.555673e-04, eta:1.050000e+00
2020-06-11 17:37:33,554 - DEBUG - fx_L1_mfista- itercount: 0, L: 3.733456e-04, eta:1.050000e+00
2020-06-11 17:37:33,560 - DEBUG - fx_L1_mfista- itercount: 0, L: 3.920129e-04, eta:1.050000e+00
2020-06-11 17:37:33,565 - DEBUG - fx_L1_mfista- itercount: 0, L: 4.116136e-04, eta:1.050000e+00
2020-06-11 17:37:33,574 - DEBUG - fx_L1_mfista- itercount: 0, L: 4.321942e-04, eta:1.050000e+00
2020-06-11 17:37:33,581 - DEBUG - fx_L1_mfista- itercount: 0, L: 4.538039e-04, eta:1.050000e+00
2020-06-11 17:37:33,588 - DEBUG - fx_L1_mfista- itercount: 0, L: 4.764941e-04, eta:1.050000e+00
2020-06-11 17:37:33,595 - DEBUG - fx_L1_mfista- itercount: 0, L: 5.003189e-04, eta:1.050000e+00
2020-06-11 17:37:33,602 - DEBUG - fx_L1_mfista- itercount: 0, L: 5.253348e-04, eta:1.050000e+00
2020-06-11 17:37:33,608 - DEBUG - fx_L1_mfista- itercount: 0, L: 5.516015e-04, eta:1.050000e+00
2020-06-11 17:37:33,615 - DEBUG - fx_L1_mfista- itercount: 0, L: 5.791816e-04, eta:1.050000e+00
2020-06-11 17:37:33,622 - DEBUG - fx_L1_mfista- itercount: 0, L: 6.081407e-04, eta:1.050000e+00
2020-06-11 17:37:33,629 - DEBUG - fx_L1_mfista- itercount: 0, L: 6.385477e-04, eta:1.050000e+00
2020-06-11 17:37:33,636 - DEBUG - fx_L1_mfista- itercount: 0, L: 6.704751e-04, eta:1.050000e+00
2020-06-11 17:37:33,642 - DEBUG - fx_L1_mfista- itercount: 0, L: 7.039989e-04, eta:1.050000e+00
2020-06-11 17:37:33,648 - DEBUG - fx_L1_mfista- itercount: 0, L: 7.391988e-04, eta:1.050000e+00
2020-06-11 17:37:33,655 - DEBUG - fx_L1_mfista- itercount: 0, L: 7.761588e-04, eta:1.050000e+00
2020-06-11 17:37:33,661 - DEBUG - fx_L1_mfista- itercount: 0, L: 8.149667e-04, eta:1.050000e+00
2020-06-11 17:37:33,667 - DEBUG - fx_L1_mfista- itercount: 0, L: 8.557150e-04, eta:1.050000e+00
2020-06-11 17:37:33,675 - DEBUG - fx_L1_mfista- itercount: 0, L: 8.985008e-04, eta:1.050000e+00
2020-06-11 17:37:33,681 - DEBUG - fx_L1_mfista- itercount: 0, L: 9.434258e-04, eta:1.050000e+00
2020-06-11 17:37:33,687 - DEBUG - fx_L1_mfista- itercount: 0, L: 9.905971e-04, eta:1.050000e+00
2020-06-11 17:37:33,694 - DEBUG - fx_L1_mfista- itercount: 0, L: 1.040127e-03, eta:1.050000e+00
2020-06-11 17:37:33,700 - DEBUG - fx_L1_mfista- itercount: 0, L: 1.092133e-03, eta:1.050000e+00
2020-06-11 17:37:33,708 - DEBUG - fx_L1_mfista- itercount: 0, L: 1.146740e-03, eta:1.050000e+00
2020-06-11 17:37:33,715 - DEBUG - fx_L1_mfista- itercount: 0, L: 1.204077e-03, eta:1.050000e+00
2020-06-11 17:37:33,721 - DEBUG - fx_L1_mfista- itercount: 0, L: 1.264281e-03, eta:1.050000e+00
2020-06-11 17:37:33,727 - DEBUG - fx_L1_mfista- itercount: 0, L: 1.327495e-03, eta:1.050000e+00
2020-06-11 17:37:33,733 - DEBUG - fx_L1_mfista- itercount: 0, L: 1.393870e-03, eta:1.050000e+00
2020-06-11 17:37:33,741 - DEBUG - fx_L1_mfista- itercount: 0, L: 1.463563e-03, eta:1.050000e+00
2020-06-11 17:37:33,747 - DEBUG - fx_L1_mfista- itercount: 0, L: 1.536741e-03, eta:1.050000e+00
2020-06-11 17:37:33,753 - DEBUG - fx_L1_mfista- itercount: 0, L: 1.613578e-03, eta:1.050000e+00
2020-06-11 17:37:33,759 - DEBUG - fx_L1_mfista- itercount: 0, L: 1.694257e-03, eta:1.050000e+00
2020-06-11 17:37:33,765 - DEBUG - fx_L1_mfista- itercount: 0, L: 1.778970e-03, eta:1.050000e+00
2020-06-11 17:37:33,771 - DEBUG - fx_L1_mfista- itercount: 0, L: 1.867919e-03, eta:1.050000e+00
2020-06-11 17:37:33,778 - DEBUG - fx_L1_mfista- itercount: 0, L: 1.961315e-03, eta:1.050000e+00
2020-06-11 17:37:33,784 - DEBUG - fx_L1_mfista- itercount: 0, L: 2.059380e-03, eta:1.050000e+00
2020-06-11 17:37:33,790 - DEBUG - fx_L1_mfista- itercount: 0, L: 2.162349e-03, eta:1.050000e+00
2020-06-11 17:37:33,797 - DEBUG - fx_L1_mfista- itercount: 0, L: 2.270467e-03, eta:1.050000e+00
2020-06-11 17:37:33,803 - DEBUG - fx_L1_mfista- itercount: 0, L: 2.383990e-03, eta:1.050000e+00
2020-06-11 17:37:33,809 - DEBUG - fx_L1_mfista- itercount: 0, L: 2.503190e-03, eta:1.050000e+00
2020-06-11 17:37:33,818 - DEBUG - fx_L1_mfista- itercount: 0, L: 2.628349e-03, eta:1.050000e+00
2020-06-11 17:37:33,825 - DEBUG - fx_L1_mfista- itercount: 0, L: 2.759766e-03, eta:1.050000e+00
2020-06-11 17:37:33,831 - DEBUG - fx_L1_mfista- itercount: 0, L: 2.897755e-03, eta:1.050000e+00
2020-06-11 17:37:33,839 - DEBUG - fx_L1_mfista- itercount: 0, L: 3.042643e-03, eta:1.050000e+00
2020-06-11 17:37:33,846 - DEBUG - fx_L1_mfista- itercount: 0, L: 3.194775e-03, eta:1.050000e+00
2020-06-11 17:37:33,853 - DEBUG - fx_L1_mfista- itercount: 0, L: 3.354513e-03, eta:1.050000e+00
2020-06-11 17:37:33,860 - DEBUG - fx_L1_mfista- itercount: 0, L: 3.522239e-03, eta:1.050000e+00
2020-06-11 17:37:33,867 - DEBUG - fx_L1_mfista- itercount: 0, L: 3.698351e-03, eta:1.050000e+00
2020-06-11 17:37:33,872 - DEBUG - fx_L1_mfista- itercount: 0, L: 3.883269e-03, eta:1.050000e+00
2020-06-11 17:37:33,879 - DEBUG - fx_L1_mfista- itercount: 0, L: 4.077432e-03, eta:1.050000e+00
2020-06-11 17:37:33,885 - DEBUG - fx_L1_mfista- itercount: 0, L: 4.281304e-03, eta:1.050000e+00
2020-06-11 17:37:33,891 - DEBUG - fx_L1_mfista- itercount: 0, L: 4.495369e-03, eta:1.050000e+00
2020-06-11 17:37:33,897 - DEBUG - fx_L1_mfista- itercount: 0, L: 4.720137e-03, eta:1.050000e+00
2020-06-11 17:37:33,903 - DEBUG - fx_L1_mfista- itercount: 0, L: 4.956144e-03, eta:1.050000e+00
2020-06-11 17:37:33,910 - DEBUG - fx_L1_mfista- itercount: 0, L: 5.203951e-03, eta:1.050000e+00
2020-06-11 17:37:33,916 - DEBUG - fx_L1_mfista- itercount: 0, L: 5.464149e-03, eta:1.050000e+00
2020-06-11 17:37:33,922 - DEBUG - fx_L1_mfista- itercount: 0, L: 5.737356e-03, eta:1.050000e+00
2020-06-11 17:37:33,928 - DEBUG - fx_L1_mfista- itercount: 0, L: 6.024224e-03, eta:1.050000e+00
2020-06-11 17:37:33,935 - DEBUG - fx_L1_mfista- itercount: 0, L: 6.325435e-03, eta:1.050000e+00
2020-06-11 17:37:33,941 - DEBUG - fx_L1_mfista- itercount: 0, L: 6.641707e-03, eta:1.050000e+00
2020-06-11 17:37:33,947 - DEBUG - fx_L1_mfista- itercount: 0, L: 6.973792e-03, eta:1.050000e+00
2020-06-11 17:37:33,953 - DEBUG - fx_L1_mfista- itercount: 0, L: 7.322482e-03, eta:1.050000e+00
2020-06-11 17:37:33,959 - DEBUG - fx_L1_mfista- itercount: 0, L: 7.688606e-03, eta:1.050000e+00
2020-06-11 17:37:33,965 - DEBUG - fx_L1_mfista- itercount: 0, L: 8.073037e-03, eta:1.050000e+00
2020-06-11 17:37:33,971 - DEBUG - fx_L1_mfista- itercount: 0, L: 8.476688e-03, eta:1.050000e+00
2020-06-11 17:37:33,977 - DEBUG - fx_L1_mfista- itercount: 0, L: 8.900523e-03, eta:1.050000e+00
2020-06-11 17:37:33,983 - DEBUG - fx_L1_mfista- itercount: 0, L: 9.345549e-03, eta:1.050000e+00
2020-06-11 17:37:33,989 - DEBUG - fx_L1_mfista- itercount: 0, L: 9.812826e-03, eta:1.050000e+00
2020-06-11 17:37:33,995 - DEBUG - fx_L1_mfista- itercount: 0, L: 1.030347e-02, eta:1.050000e+00
2020-06-11 17:37:34,000 - DEBUG - fx_L1_mfista- itercount: 0, L: 1.081864e-02, eta:1.050000e+00
2020-06-11 17:37:34,006 - DEBUG - fx_L1_mfista- itercount: 0, L: 1.135957e-02, eta:1.050000e+00
2020-06-11 17:37:34,012 - DEBUG - fx_L1_mfista- itercount: 0, L: 1.192755e-02, eta:1.050000e+00
2020-06-11 17:37:34,019 - DEBUG - fx_L1_mfista- itercount: 0, L: 1.252393e-02, eta:1.050000e+00
2020-06-11 17:37:34,025 - DEBUG - fx_L1_mfista- itercount: 0, L: 1.315013e-02, eta:1.050000e+00
2020-06-11 17:37:34,031 - DEBUG - fx_L1_mfista- itercount: 0, L: 1.380763e-02, eta:1.050000e+00
2020-06-11 17:37:34,037 - DEBUG - fx_L1_mfista- itercount: 0, L: 1.449801e-02, eta:1.050000e+00
2020-06-11 17:37:34,043 - DEBUG - fx_L1_mfista- itercount: 0, L: 1.522291e-02, eta:1.050000e+00
2020-06-11 17:37:34,050 - DEBUG - fx_L1_mfista- itercount: 0, L: 1.598406e-02, eta:1.050000e+00
2020-06-11 17:37:34,056 - DEBUG - fx_L1_mfista- itercount: 0, L: 1.678326e-02, eta:1.050000e+00
2020-06-11 17:37:34,062 - DEBUG - fx_L1_mfista- itercount: 0, L: 1.762243e-02, eta:1.050000e+00
2020-06-11 17:37:34,067 - DEBUG - fx_L1_mfista- itercount: 0, L: 1.850355e-02, eta:1.050000e+00
2020-06-11 17:37:34,073 - DEBUG - fx_L1_mfista- itercount: 0, L: 1.942872e-02, eta:1.050000e+00
2020-06-11 17:37:34,080 - DEBUG - fx_L1_mfista- itercount: 0, L: 2.040016e-02, eta:1.050000e+00
2020-06-11 17:37:34,085 - DEBUG - fx_L1_mfista- itercount: 0, L: 2.142017e-02, eta:1.050000e+00
2020-06-11 17:37:34,092 - DEBUG - fx_L1_mfista- itercount: 0, L: 2.249118e-02, eta:1.050000e+00
2020-06-11 17:37:34,098 - DEBUG - fx_L1_mfista- itercount: 0, L: 2.361574e-02, eta:1.050000e+00
2020-06-11 17:37:34,104 - DEBUG - fx_L1_mfista- itercount: 0, L: 2.479652e-02, eta:1.050000e+00
2020-06-11 17:37:34,110 - DEBUG - fx_L1_mfista- itercount: 0, L: 2.603635e-02, eta:1.050000e+00
2020-06-11 17:37:34,116 - DEBUG - fx_L1_mfista- itercount: 0, L: 2.733817e-02, eta:1.050000e+00
2020-06-11 17:37:34,122 - DEBUG - fx_L1_mfista- itercount: 0, L: 2.870508e-02, eta:1.050000e+00
2020-06-11 17:37:34,128 - DEBUG - fx_L1_mfista- itercount: 0, L: 3.014033e-02, eta:1.050000e+00
2020-06-11 17:37:34,134 - DEBUG - fx_L1_mfista- itercount: 0, L: 3.164735e-02, eta:1.050000e+00
2020-06-11 17:37:34,140 - DEBUG - fx_L1_mfista- itercount: 0, L: 3.322971e-02, eta:1.050000e+00
2020-06-11 17:37:34,146 - DEBUG - fx_L1_mfista- itercount: 0, L: 3.489120e-02, eta:1.050000e+00
2020-06-11 17:37:34,152 - DEBUG - fx_L1_mfista- itercount: 0, L: 3.663576e-02, eta:1.050000e+00
2020-06-11 17:37:34,158 - DEBUG - fx_L1_mfista- itercount: 0, L: 3.846755e-02, eta:1.050000e+00
2020-06-11 17:37:34,164 - DEBUG - fx_L1_mfista- itercount: 0, L: 4.039092e-02, eta:1.050000e+00
2020-06-11 17:37:34,171 - DEBUG - fx_L1_mfista- itercount: 0, L: 4.241047e-02, eta:1.050000e+00
2020-06-11 17:37:34,177 - DEBUG - fx_L1_mfista- itercount: 0, L: 4.453099e-02, eta:1.050000e+00
2020-06-11 17:37:34,183 - DEBUG - fx_L1_mfista- itercount: 0, L: 4.675754e-02, eta:1.050000e+00
2020-06-11 17:37:34,188 - DEBUG - fx_L1_mfista- itercount: 0, L: 4.909542e-02, eta:1.050000e+00
2020-06-11 17:37:34,194 - DEBUG - fx_L1_mfista- itercount: 0, L: 5.155019e-02, eta:1.050000e+00
2020-06-11 17:37:34,200 - DEBUG - fx_L1_mfista- itercount: 0, L: 5.412770e-02, eta:1.050000e+00
2020-06-11 17:37:34,206 - DEBUG - fx_L1_mfista- itercount: 0, L: 5.683409e-02, eta:1.050000e+00
2020-06-11 17:37:34,212 - DEBUG - fx_L1_mfista- itercount: 0, L: 5.967579e-02, eta:1.050000e+00
2020-06-11 17:37:34,218 - DEBUG - fx_L1_mfista- itercount: 0, L: 6.265958e-02, eta:1.050000e+00
2020-06-11 17:37:34,224 - DEBUG - fx_L1_mfista- itercount: 0, L: 6.579256e-02, eta:1.050000e+00
2020-06-11 17:37:34,231 - DEBUG - fx_L1_mfista- itercount: 0, L: 6.908219e-02, eta:1.050000e+00
2020-06-11 17:37:34,236 - DEBUG - fx_L1_mfista- itercount: 0, L: 7.253630e-02, eta:1.050000e+00
2020-06-11 17:37:34,242 - DEBUG - fx_L1_mfista- itercount: 0, L: 7.616311e-02, eta:1.050000e+00
2020-06-11 17:37:34,248 - DEBUG - fx_L1_mfista- itercount: 0, L: 7.997127e-02, eta:1.050000e+00
2020-06-11 17:37:34,254 - DEBUG - fx_L1_mfista- itercount: 0, L: 8.396983e-02, eta:1.050000e+00
2020-06-11 17:37:34,261 - DEBUG - fx_L1_mfista- itercount: 0, L: 8.816832e-02, eta:1.050000e+00
2020-06-11 17:37:34,266 - DEBUG - fx_L1_mfista- itercount: 0, L: 9.257674e-02, eta:1.050000e+00
2020-06-11 17:37:34,272 - DEBUG - fx_L1_mfista- itercount: 0, L: 9.720557e-02, eta:1.050000e+00
2020-06-11 17:37:34,278 - DEBUG - fx_L1_mfista- itercount: 0, L: 1.020659e-01, eta:1.050000e+00
2020-06-11 17:37:34,284 - DEBUG - fx_L1_mfista- itercount: 0, L: 1.071691e-01, eta:1.050000e+00
2020-06-11 17:37:34,290 - DEBUG - fx_L1_mfista- itercount: 0, L: 1.125276e-01, eta:1.050000e+00
2020-06-11 17:37:34,296 - DEBUG - fx_L1_mfista- itercount: 0, L: 1.181540e-01, eta:1.050000e+00
2020-06-11 17:37:34,302 - DEBUG - fx_L1_mfista- itercount: 0, L: 1.240617e-01, eta:1.050000e+00
2020-06-11 17:37:34,307 - DEBUG - fx_L1_mfista- itercount: 0, L: 1.302648e-01, eta:1.050000e+00
2020-06-11 17:37:34,313 - DEBUG - fx_L1_mfista- itercount: 0, L: 1.367780e-01, eta:1.050000e+00
2020-06-11 17:37:34,319 - DEBUG - fx_L1_mfista- itercount: 0, L: 1.436169e-01, eta:1.050000e+00
2020-06-11 17:37:34,325 - DEBUG - fx_L1_mfista- itercount: 0, L: 1.507977e-01, eta:1.050000e+00
2020-06-11 17:37:34,332 - DEBUG - fx_L1_mfista- itercount: 0, L: 1.583376e-01, eta:1.050000e+00
2020-06-11 17:37:34,338 - DEBUG - fx_L1_mfista- itercount: 0, L: 1.662545e-01, eta:1.050000e+00
2020-06-11 17:37:34,344 - DEBUG - fx_L1_mfista- itercount: 0, L: 1.745672e-01, eta:1.050000e+00
2020-06-11 17:37:34,350 - DEBUG - fx_L1_mfista- itercount: 0, L: 1.832956e-01, eta:1.050000e+00
2020-06-11 17:37:34,356 - DEBUG - fx_L1_mfista- itercount: 0, L: 1.924604e-01, eta:1.050000e+00
2020-06-11 17:37:34,362 - DEBUG - fx_L1_mfista- itercount: 0, L: 2.020834e-01, eta:1.050000e+00
2020-06-11 17:37:34,368 - DEBUG - fx_L1_mfista- itercount: 0, L: 2.121876e-01, eta:1.050000e+00
2020-06-11 17:37:34,374 - DEBUG - fx_L1_mfista- itercount: 0, L: 2.227970e-01, eta:1.050000e+00
2020-06-11 17:37:34,380 - DEBUG - fx_L1_mfista- itercount: 0, L: 2.339368e-01, eta:1.050000e+00
2020-06-11 17:37:34,386 - DEBUG - fx_L1_mfista- itercount: 0, L: 2.456336e-01, eta:1.050000e+00
2020-06-11 17:37:34,392 - DEBUG - fx_L1_mfista- itercount: 0, L: 2.579153e-01, eta:1.050000e+00
2020-06-11 17:37:34,398 - DEBUG - fx_L1_mfista- itercount: 0, L: 2.708111e-01, eta:1.050000e+00
2020-06-11 17:37:34,404 - DEBUG - fx_L1_mfista- itercount: 0, L: 2.843516e-01, eta:1.050000e+00
2020-06-11 17:37:34,411 - DEBUG - fx_L1_mfista- itercount: 0, L: 2.985692e-01, eta:1.050000e+00
2020-06-11 17:37:34,417 - DEBUG - fx_L1_mfista- itercount: 0, L: 3.134977e-01, eta:1.050000e+00
2020-06-11 17:37:34,423 - DEBUG - fx_L1_mfista- itercount: 0, L: 3.291726e-01, eta:1.050000e+00
2020-06-11 17:37:34,429 - DEBUG - fx_L1_mfista- itercount: 0, L: 3.456312e-01, eta:1.050000e+00
2020-06-11 17:37:34,435 - DEBUG - fx_L1_mfista- itercount: 0, L: 3.629128e-01, eta:1.050000e+00
2020-06-11 17:37:34,442 - DEBUG - fx_L1_mfista- itercount: 0, L: 3.810584e-01, eta:1.050000e+00
2020-06-11 17:37:34,449 - DEBUG - fx_L1_mfista- itercount: 0, L: 4.001113e-01, eta:1.050000e+00
2020-06-11 17:37:34,455 - DEBUG - fx_L1_mfista- itercount: 0, L: 4.201169e-01, eta:1.050000e+00
2020-06-11 17:37:34,461 - DEBUG - fx_L1_mfista- itercount: 0, L: 4.411227e-01, eta:1.050000e+00
2020-06-11 17:37:34,467 - DEBUG - fx_L1_mfista- itercount: 0, L: 4.631789e-01, eta:1.050000e+00
2020-06-11 17:37:34,474 - DEBUG - fx_L1_mfista- itercount: 0, L: 4.863378e-01, eta:1.050000e+00
2020-06-11 17:37:34,480 - DEBUG - fx_L1_mfista- itercount: 0, L: 5.106547e-01, eta:1.050000e+00
2020-06-11 17:37:34,486 - DEBUG - fx_L1_mfista- itercount: 0, L: 5.361874e-01, eta:1.050000e+00
2020-06-11 17:37:34,493 - DEBUG - fx_L1_mfista- itercount: 0, L: 5.629968e-01, eta:1.050000e+00
2020-06-11 17:37:34,499 - DEBUG - fx_L1_mfista- itercount: 0, L: 5.911467e-01, eta:1.050000e+00
2020-06-11 17:37:34,505 - DEBUG - fx_L1_mfista- itercount: 0, L: 6.207040e-01, eta:1.050000e+00
2020-06-11 17:37:34,510 - DEBUG - fx_L1_mfista- itercount: 0, L: 6.517392e-01, eta:1.050000e+00
2020-06-11 17:37:34,517 - DEBUG - fx_L1_mfista- itercount: 0, L: 6.843261e-01, eta:1.050000e+00
2020-06-11 17:37:34,523 - DEBUG - fx_L1_mfista- itercount: 0, L: 7.185425e-01, eta:1.050000e+00
2020-06-11 17:37:34,530 - DEBUG - fx_L1_mfista- itercount: 0, L: 7.544696e-01, eta:1.050000e+00
2020-06-11 17:37:34,535 - DEBUG - fx_L1_mfista- itercount: 0, L: 7.921931e-01, eta:1.050000e+00
2020-06-11 17:37:34,541 - DEBUG - fx_L1_mfista- itercount: 0, L: 8.318027e-01, eta:1.050000e+00
2020-06-11 17:37:34,547 - DEBUG - fx_L1_mfista- itercount: 0, L: 8.733928e-01, eta:1.050000e+00
2020-06-11 17:37:34,553 - DEBUG - fx_L1_mfista- itercount: 0, L: 9.170625e-01, eta:1.050000e+00
2020-06-11 17:37:34,559 - DEBUG - fx_L1_mfista- itercount: 0, L: 9.629156e-01, eta:1.050000e+00
2020-06-11 17:37:34,565 - DEBUG - fx_L1_mfista- itercount: 0, L: 1.011061e+00, eta:1.050000e+00
2020-06-11 17:37:34,571 - DEBUG - fx_L1_mfista- itercount: 0, L: 1.061614e+00, eta:1.050000e+00
2020-06-11 17:37:34,578 - DEBUG - fx_L1_mfista- itercount: 0, L: 1.114695e+00, eta:1.050000e+00
2020-06-11 17:37:34,584 - DEBUG - fx_L1_mfista- itercount: 0, L: 1.170430e+00, eta:1.050000e+00
2020-06-11 17:37:34,590 - DEBUG - fx_L1_mfista- itercount: 0, L: 1.228951e+00, eta:1.050000e+00
2020-06-11 17:37:34,599 - DEBUG - fx_L1_mfista- itercount: 0, L: 1.290399e+00, eta:1.050000e+00
2020-06-11 17:37:34,605 - DEBUG - fx_L1_mfista- itercount: 0, L: 1.354919e+00, eta:1.050000e+00
2020-06-11 17:37:34,611 - DEBUG - fx_L1_mfista- itercount: 0, L: 1.422665e+00, eta:1.050000e+00
2020-06-11 17:37:34,618 - DEBUG - fx_L1_mfista- itercount: 0, L: 1.493798e+00, eta:1.050000e+00
2020-06-11 17:37:34,623 - DEBUG - fx_L1_mfista- itercount: 0, L: 1.568488e+00, eta:1.050000e+00
2020-06-11 17:37:34,629 - DEBUG - fx_L1_mfista- itercount: 0, L: 1.646912e+00, eta:1.050000e+00
2020-06-11 17:37:34,635 - DEBUG - fx_L1_mfista- itercount: 0, L: 1.729258e+00, eta:1.050000e+00
2020-06-11 17:37:34,641 - DEBUG - fx_L1_mfista- itercount: 0, L: 1.815721e+00, eta:1.050000e+00
2020-06-11 17:37:34,647 - DEBUG - fx_L1_mfista- itercount: 0, L: 1.906507e+00, eta:1.050000e+00
2020-06-11 17:37:34,653 - DEBUG - fx_L1_mfista- itercount: 0, L: 2.001832e+00, eta:1.050000e+00
2020-06-11 17:37:34,659 - DEBUG - fx_L1_mfista- itercount: 0, L: 2.101924e+00, eta:1.050000e+00
2020-06-11 17:37:34,664 - DEBUG - fx_L1_mfista- itercount: 0, L: 2.207020e+00, eta:1.050000e+00
2020-06-11 17:37:34,672 - DEBUG - fx_L1_mfista- itercount: 0, L: 2.317371e+00, eta:1.050000e+00
2020-06-11 17:37:34,678 - DEBUG - fx_L1_mfista- itercount: 0, L: 2.433240e+00, eta:1.050000e+00
2020-06-11 17:37:34,684 - DEBUG - fx_L1_mfista- itercount: 0, L: 2.554902e+00, eta:1.050000e+00
2020-06-11 17:37:34,691 - DEBUG - fx_L1_mfista- itercount: 0, L: 2.682647e+00, eta:1.050000e+00
2020-06-11 17:37:34,697 - DEBUG - fx_L1_mfista- itercount: 0, L: 2.816779e+00, eta:1.050000e+00
2020-06-11 17:37:34,703 - DEBUG - fx_L1_mfista- itercount: 0, L: 2.957618e+00, eta:1.050000e+00
2020-06-11 17:37:34,708 - DEBUG - fx_L1_mfista- itercount: 0, L: 3.105499e+00, eta:1.050000e+00
2020-06-11 17:37:34,715 - DEBUG - fx_L1_mfista- itercount: 0, L: 3.260774e+00, eta:1.050000e+00
2020-06-11 17:37:34,721 - DEBUG - fx_L1_mfista- itercount: 0, L: 3.423813e+00, eta:1.050000e+00
2020-06-11 17:37:34,727 - DEBUG - fx_L1_mfista- itercount: 0, L: 3.595003e+00, eta:1.050000e+00
2020-06-11 17:37:34,733 - DEBUG - fx_L1_mfista- itercount: 0, L: 3.774754e+00, eta:1.050000e+00
2020-06-11 17:37:34,739 - DEBUG - fx_L1_mfista- itercount: 0, L: 3.963491e+00, eta:1.050000e+00
2020-06-11 17:37:34,745 - DEBUG - fx_L1_mfista- itercount: 0, L: 4.161666e+00, eta:1.050000e+00
2020-06-11 17:37:34,750 - DEBUG - fx_L1_mfista- itercount: 0, L: 4.369749e+00, eta:1.050000e+00
2020-06-11 17:37:34,757 - DEBUG - fx_L1_mfista- itercount: 0, L: 4.588236e+00, eta:1.050000e+00
2020-06-11 17:37:34,763 - DEBUG - fx_L1_mfista- itercount: 0, L: 4.817648e+00, eta:1.050000e+00
2020-06-11 17:37:34,769 - DEBUG - fx_L1_mfista- itercount: 0, L: 5.058531e+00, eta:1.050000e+00
2020-06-11 17:37:34,774 - DEBUG - fx_L1_mfista- itercount: 0, L: 5.311457e+00, eta:1.050000e+00
2020-06-11 17:37:34,780 - DEBUG - fx_L1_mfista- itercount: 0, L: 5.577030e+00, eta:1.050000e+00
2020-06-11 17:37:34,786 - DEBUG - fx_L1_mfista- itercount: 0, L: 5.855882e+00, eta:1.050000e+00
2020-06-11 17:37:34,792 - DEBUG - fx_L1_mfista- itercount: 0, L: 6.148676e+00, eta:1.050000e+00
2020-06-11 17:37:34,799 - DEBUG - fx_L1_mfista- itercount: 0, L: 6.456110e+00, eta:1.050000e+00
2020-06-11 17:37:34,805 - DEBUG - fx_L1_mfista- itercount: 0, L: 6.778915e+00, eta:1.050000e+00
2020-06-11 17:37:34,811 - DEBUG - fx_L1_mfista- itercount: 0, L: 7.117861e+00, eta:1.050000e+00
2020-06-11 17:37:34,817 - DEBUG - fx_L1_mfista- itercount: 0, L: 7.473754e+00, eta:1.050000e+00
2020-06-11 17:37:34,823 - DEBUG - fx_L1_mfista- itercount: 0, L: 7.847441e+00, eta:1.050000e+00
2020-06-11 17:37:34,829 - DEBUG - fx_L1_mfista- itercount: 0, L: 8.239814e+00, eta:1.050000e+00
2020-06-11 17:37:34,835 - DEBUG - fx_L1_mfista- itercount: 0, L: 8.651804e+00, eta:1.050000e+00
2020-06-11 17:37:34,841 - DEBUG - fx_L1_mfista- itercount: 0, L: 9.084394e+00, eta:1.050000e+00
2020-06-11 17:37:34,847 - DEBUG - fx_L1_mfista- itercount: 0, L: 9.538614e+00, eta:1.050000e+00
2020-06-11 17:37:34,853 - DEBUG - fx_L1_mfista- itercount: 0, L: 1.001554e+01, eta:1.050000e+00
2020-06-11 17:37:34,859 - DEBUG - fx_L1_mfista- itercount: 0, L: 1.051632e+01, eta:1.050000e+00
2020-06-11 17:37:34,866 - DEBUG - fx_L1_mfista- itercount: 0, L: 1.104214e+01, eta:1.050000e+00
2020-06-11 17:37:34,872 - DEBUG - fx_L1_mfista- itercount: 0, L: 1.159425e+01, eta:1.050000e+00
2020-06-11 17:37:34,879 - DEBUG - fx_L1_mfista- itercount: 0, L: 1.217396e+01, eta:1.050000e+00
2020-06-11 17:37:34,885 - DEBUG - fx_L1_mfista- itercount: 0, L: 1.278266e+01, eta:1.050000e+00
2020-06-11 17:37:34,891 - DEBUG - fx_L1_mfista- itercount: 0, L: 1.342179e+01, eta:1.050000e+00
2020-06-11 17:37:34,898 - DEBUG - fx_L1_mfista- itercount: 0, L: 1.409288e+01, eta:1.050000e+00
2020-06-11 17:37:34,903 - DEBUG - fx_L1_mfista- itercount: 0, L: 1.479752e+01, eta:1.050000e+00
2020-06-11 17:37:34,910 - DEBUG - fx_L1_mfista- itercount: 0, L: 1.553740e+01, eta:1.050000e+00
2020-06-11 17:37:34,915 - DEBUG - fx_L1_mfista- itercount: 0, L: 1.631427e+01, eta:1.050000e+00
2020-06-11 17:37:34,922 - DEBUG - fx_L1_mfista- itercount: 0, L: 1.712998e+01, eta:1.050000e+00
2020-06-11 17:37:34,929 - DEBUG - fx_L1_mfista- itercount: 0, L: 1.798648e+01, eta:1.050000e+00
2020-06-11 17:37:34,935 - DEBUG - fx_L1_mfista- itercount: 0, L: 1.888580e+01, eta:1.050000e+00
2020-06-11 17:37:34,940 - DEBUG - fx_L1_mfista- itercount: 0, L: 1.983009e+01, eta:1.050000e+00
2020-06-11 17:37:34,947 - DEBUG - fx_L1_mfista- itercount: 0, L: 2.082160e+01, eta:1.050000e+00
2020-06-11 17:37:34,953 - DEBUG - fx_L1_mfista- itercount: 0, L: 2.186268e+01, eta:1.050000e+00
2020-06-11 17:37:34,960 - DEBUG - fx_L1_mfista- itercount: 0, L: 2.295581e+01, eta:1.050000e+00
2020-06-11 17:37:34,966 - DEBUG - fx_L1_mfista- itercount: 0, L: 2.410360e+01, eta:1.050000e+00
2020-06-11 17:37:34,972 - DEBUG - fx_L1_mfista- itercount: 0, L: 2.530878e+01, eta:1.050000e+00
2020-06-11 17:37:34,978 - DEBUG - fx_L1_mfista- itercount: 0, L: 2.657422e+01, eta:1.050000e+00
2020-06-11 17:37:34,985 - DEBUG - fx_L1_mfista- itercount: 0, L: 2.790293e+01, eta:1.050000e+00
2020-06-11 17:37:34,990 - DEBUG - fx_L1_mfista- itercount: 0, L: 2.929808e+01, eta:1.050000e+00
2020-06-11 17:37:34,997 - DEBUG - fx_L1_mfista- itercount: 0, L: 3.076298e+01, eta:1.050000e+00
2020-06-11 17:37:35,003 - DEBUG - fx_L1_mfista- itercount: 0, L: 3.230113e+01, eta:1.050000e+00
2020-06-11 17:37:35,009 - DEBUG - fx_L1_mfista- itercount: 0, L: 3.391619e+01, eta:1.050000e+00
2020-06-11 17:37:35,015 - DEBUG - fx_L1_mfista- itercount: 0, L: 3.561200e+01, eta:1.050000e+00
2020-06-11 17:37:35,021 - DEBUG - fx_L1_mfista- itercount: 0, L: 3.739260e+01, eta:1.050000e+00
2020-06-11 17:37:35,027 - DEBUG - fx_L1_mfista- itercount: 0, L: 3.926223e+01, eta:1.050000e+00
2020-06-11 17:37:35,033 - DEBUG - fx_L1_mfista- itercount: 0, L: 4.122534e+01, eta:1.050000e+00
2020-06-11 17:37:35,039 - DEBUG - fx_L1_mfista- itercount: 0, L: 4.328661e+01, eta:1.050000e+00
2020-06-11 17:37:35,045 - DEBUG - fx_L1_mfista- itercount: 0, L: 4.545094e+01, eta:1.050000e+00
2020-06-11 17:37:35,051 - DEBUG - fx_L1_mfista- itercount: 0, L: 4.772349e+01, eta:1.050000e+00
2020-06-11 17:37:35,057 - DEBUG - fx_L1_mfista- itercount: 0, L: 5.010966e+01, eta:1.050000e+00
2020-06-11 17:37:35,064 - DEBUG - fx_L1_mfista- itercount: 0, L: 5.261514e+01, eta:1.050000e+00
2020-06-11 17:37:35,070 - DEBUG - fx_L1_mfista- itercount: 0, L: 5.524590e+01, eta:1.050000e+00
2020-06-11 17:37:35,076 - DEBUG - fx_L1_mfista- itercount: 0, L: 5.800819e+01, eta:1.050000e+00
2020-06-11 17:37:35,082 - DEBUG - fx_L1_mfista- itercount: 0, L: 6.090860e+01, eta:1.050000e+00
2020-06-11 17:37:35,088 - DEBUG - fx_L1_mfista- itercount: 0, L: 6.395403e+01, eta:1.050000e+00
2020-06-11 17:37:35,095 - DEBUG - fx_L1_mfista- itercount: 0, L: 6.715174e+01, eta:1.050000e+00
2020-06-11 17:37:35,101 - DEBUG - fx_L1_mfista- itercount: 0, L: 7.050932e+01, eta:1.050000e+00
2020-06-11 17:37:35,107 - DEBUG - fx_L1_mfista- itercount: 0, L: 7.403479e+01, eta:1.050000e+00
2020-06-11 17:37:35,113 - DEBUG - fx_L1_mfista- itercount: 0, L: 7.773653e+01, eta:1.050000e+00
2020-06-11 17:37:35,119 - DEBUG - fx_L1_mfista- itercount: 0, L: 8.162335e+01, eta:1.050000e+00
2020-06-11 17:37:35,125 - DEBUG - fx_L1_mfista- itercount: 0, L: 8.570452e+01, eta:1.050000e+00
2020-06-11 17:37:35,132 - DEBUG - fx_L1_mfista- itercount: 0, L: 8.998975e+01, eta:1.050000e+00
2020-06-11 17:37:35,138 - DEBUG - fx_L1_mfista- itercount: 0, L: 9.448924e+01, eta:1.050000e+00
2020-06-11 17:37:35,144 - DEBUG - fx_L1_mfista- itercount: 0, L: 9.921370e+01, eta:1.050000e+00
2020-06-11 17:37:35,150 - DEBUG - fx_L1_mfista- itercount: 0, L: 1.041744e+02, eta:1.050000e+00
2020-06-11 17:37:35,157 - DEBUG - fx_L1_mfista- itercount: 0, L: 1.093831e+02, eta:1.050000e+00
2020-06-11 17:37:35,164 - DEBUG - fx_L1_mfista- itercount: 0, L: 1.148523e+02, eta:1.050000e+00
2020-06-11 17:37:35,170 - DEBUG - fx_L1_mfista- itercount: 0, L: 1.205949e+02, eta:1.050000e+00
2020-06-11 17:37:35,177 - DEBUG - fx_L1_mfista- itercount: 0, L: 1.266246e+02, eta:1.050000e+00
2020-06-11 17:37:35,183 - DEBUG - fx_L1_mfista- itercount: 0, L: 1.329558e+02, eta:1.050000e+00
2020-06-11 17:37:35,189 - DEBUG - fx_L1_mfista- itercount: 0, L: 1.396036e+02, eta:1.050000e+00
2020-06-11 17:37:35,195 - DEBUG - fx_L1_mfista- itercount: 0, L: 1.465838e+02, eta:1.050000e+00
2020-06-11 17:37:35,201 - DEBUG - fx_L1_mfista- itercount: 0, L: 1.539130e+02, eta:1.050000e+00
2020-06-11 17:37:35,207 - DEBUG - fx_L1_mfista- itercount: 0, L: 1.616087e+02, eta:1.050000e+00
2020-06-11 17:37:35,214 - DEBUG - fx_L1_mfista- itercount: 0, L: 1.696891e+02, eta:1.050000e+00
2020-06-11 17:37:35,220 - DEBUG - fx_L1_mfista- itercount: 0, L: 1.781735e+02, eta:1.050000e+00
2020-06-11 17:37:35,226 - DEBUG - fx_L1_mfista- itercount: 0, L: 1.870822e+02, eta:1.050000e+00
2020-06-11 17:37:35,232 - DEBUG - fx_L1_mfista- itercount: 0, L: 1.964363e+02, eta:1.050000e+00
2020-06-11 17:37:35,238 - DEBUG - fx_L1_mfista- itercount: 0, L: 2.062582e+02, eta:1.050000e+00
2020-06-11 17:37:35,244 - DEBUG - fx_L1_mfista- itercount: 0, L: 2.165711e+02, eta:1.050000e+00
2020-06-11 17:37:35,250 - DEBUG - fx_L1_mfista- itercount: 0, L: 2.273996e+02, eta:1.050000e+00
2020-06-11 17:37:35,256 - DEBUG - fx_L1_mfista- itercount: 0, L: 2.387696e+02, eta:1.050000e+00
2020-06-11 17:37:35,262 - DEBUG - fx_L1_mfista- itercount: 0, L: 2.507081e+02, eta:1.050000e+00
2020-06-11 17:37:35,268 - DEBUG - fx_L1_mfista- itercount: 0, L: 2.632435e+02, eta:1.050000e+00
2020-06-11 17:37:35,274 - DEBUG - fx_L1_mfista- itercount: 0, L: 2.764057e+02, eta:1.050000e+00
2020-06-11 17:37:35,281 - DEBUG - fx_L1_mfista- itercount: 0, L: 2.902259e+02, eta:1.050000e+00
2020-06-11 17:37:35,287 - DEBUG - fx_L1_mfista- itercount: 0, L: 3.047372e+02, eta:1.050000e+00
2020-06-11 17:37:35,293 - DEBUG - fx_L1_mfista- itercount: 0, L: 3.199741e+02, eta:1.050000e+00
2020-06-11 17:37:35,299 - DEBUG - fx_L1_mfista- itercount: 0, L: 3.359728e+02, eta:1.050000e+00
2020-06-11 17:37:35,305 - DEBUG - fx_L1_mfista- itercount: 0, L: 3.527714e+02, eta:1.050000e+00
2020-06-11 17:37:35,311 - DEBUG - fx_L1_mfista- itercount: 0, L: 3.704100e+02, eta:1.050000e+00
2020-06-11 17:37:35,317 - DEBUG - fx_L1_mfista- itercount: 0, L: 3.889305e+02, eta:1.050000e+00
2020-06-11 17:37:35,323 - DEBUG - fx_L1_mfista- itercount: 0, L: 4.083770e+02, eta:1.050000e+00
2020-06-11 17:37:35,329 - DEBUG - fx_L1_mfista- itercount: 0, L: 4.287959e+02, eta:1.050000e+00
2020-06-11 17:37:35,335 - DEBUG - fx_L1_mfista- itercount: 0, L: 4.502357e+02, eta:1.050000e+00
2020-06-11 17:37:35,341 - DEBUG - fx_L1_mfista- itercount: 0, L: 4.727475e+02, eta:1.050000e+00
2020-06-11 17:37:35,347 - DEBUG - fx_L1_mfista- itercount: 0, L: 4.963848e+02, eta:1.050000e+00
2020-06-11 17:37:35,353 - DEBUG - fx_L1_mfista- itercount: 0, L: 5.212041e+02, eta:1.050000e+00
2020-06-11 17:37:35,359 - DEBUG - fx_L1_mfista- itercount: 0, L: 5.472643e+02, eta:1.050000e+00
2020-06-11 17:37:35,364 - DEBUG - fx_L1_mfista- itercount: 0, L: 5.746275e+02, eta:1.050000e+00
2020-06-11 17:37:35,371 - DEBUG - fx_L1_mfista- itercount: 0, L: 6.033589e+02, eta:1.050000e+00
2020-06-11 17:37:35,377 - DEBUG - fx_L1_mfista- itercount: 0, L: 6.335268e+02, eta:1.050000e+00
2020-06-11 17:37:35,383 - DEBUG - fx_L1_mfista- itercount: 0, L: 6.652032e+02, eta:1.050000e+00
2020-06-11 17:37:35,389 - DEBUG - fx_L1_mfista- itercount: 0, L: 6.984633e+02, eta:1.050000e+00
2020-06-11 17:37:35,395 - DEBUG - fx_L1_mfista- itercount: 0, L: 7.333865e+02, eta:1.050000e+00
2020-06-11 17:37:35,401 - DEBUG - fx_L1_mfista- itercount: 0, L: 7.700558e+02, eta:1.050000e+00
2020-06-11 17:37:35,407 - DEBUG - fx_L1_mfista- itercount: 0, L: 8.085586e+02, eta:1.050000e+00
2020-06-11 17:37:35,413 - DEBUG - fx_L1_mfista- itercount: 0, L: 8.489865e+02, eta:1.050000e+00
2020-06-11 17:37:35,420 - DEBUG - fx_L1_mfista- itercount: 0, L: 8.914358e+02, eta:1.050000e+00
2020-06-11 17:37:35,426 - DEBUG - fx_L1_mfista- itercount: 0, L: 9.360076e+02, eta:1.050000e+00
2020-06-11 17:37:35,433 - DEBUG - fx_L1_mfista- itercount: 0, L: 9.828080e+02, eta:1.050000e+00
2020-06-11 17:37:35,439 - DEBUG - fx_L1_mfista- itercount: 0, L: 1.031948e+03, eta:1.050000e+00
2020-06-11 17:37:35,445 - DEBUG - fx_L1_mfista- itercount: 0, L: 1.083546e+03, eta:1.050000e+00
2020-06-11 17:37:35,451 - DEBUG - fx_L1_mfista- itercount: 0, L: 1.137723e+03, eta:1.050000e+00
2020-06-11 17:37:35,457 - DEBUG - fx_L1_mfista- itercount: 0, L: 1.194609e+03, eta:1.050000e+00
2020-06-11 17:37:35,463 - DEBUG - fx_L1_mfista- itercount: 0, L: 1.254340e+03, eta:1.050000e+00
2020-06-11 17:37:35,470 - DEBUG - fx_L1_mfista- itercount: 0, L: 1.317057e+03, eta:1.050000e+00
2020-06-11 17:37:35,475 - DEBUG - fx_L1_mfista- itercount: 0, L: 1.382910e+03, eta:1.050000e+00
2020-06-11 17:37:35,481 - DEBUG - fx_L1_mfista- itercount: 0, L: 1.452055e+03, eta:1.050000e+00
2020-06-11 17:37:35,488 - DEBUG - fx_L1_mfista- itercount: 0, L: 1.524658e+03, eta:1.050000e+00
2020-06-11 17:37:35,496 - DEBUG - fx_L1_mfista- itercount: 0, L: 1.600891e+03, eta:1.050000e+00
2020-06-11 17:37:35,502 - DEBUG - fx_L1_mfista- itercount: 0, L: 1.680935e+03, eta:1.050000e+00
2020-06-11 17:37:35,508 - DEBUG - fx_L1_mfista- itercount: 0, L: 1.764982e+03, eta:1.050000e+00
2020-06-11 17:37:35,514 - DEBUG - fx_L1_mfista- itercount: 0, L: 1.853231e+03, eta:1.050000e+00
2020-06-11 17:37:35,520 - DEBUG - fx_L1_mfista- itercount: 0, L: 1.945893e+03, eta:1.050000e+00
2020-06-11 17:37:35,526 - DEBUG - fx_L1_mfista- itercount: 0, L: 2.043187e+03, eta:1.050000e+00
2020-06-11 17:37:35,532 - DEBUG - fx_L1_mfista- itercount: 0, L: 2.145347e+03, eta:1.050000e+00
2020-06-11 17:37:35,538 - DEBUG - fx_L1_mfista- itercount: 0, L: 2.252614e+03, eta:1.050000e+00
2020-06-11 17:37:35,545 - DEBUG - fx_L1_mfista- itercount: 0, L: 2.365245e+03, eta:1.050000e+00
2020-06-11 17:37:35,551 - DEBUG - fx_L1_mfista- itercount: 0, L: 2.483507e+03, eta:1.050000e+00
2020-06-11 17:37:35,557 - DEBUG - fx_L1_mfista- itercount: 0, L: 2.607682e+03, eta:1.050000e+00
2020-06-11 17:37:35,563 - DEBUG - fx_L1_mfista- itercount: 0, L: 2.738066e+03, eta:1.050000e+00
2020-06-11 17:37:35,569 - DEBUG - fx_L1_mfista- itercount: 0, L: 2.874970e+03, eta:1.050000e+00
2020-06-11 17:37:35,575 - DEBUG - fx_L1_mfista- itercount: 0, L: 3.018718e+03, eta:1.050000e+00
2020-06-11 17:37:35,582 - DEBUG - fx_L1_mfista- itercount: 0, L: 3.169654e+03, eta:1.050000e+00
2020-06-11 17:37:35,589 - DEBUG - fx_L1_mfista- itercount: 0, L: 3.328137e+03, eta:1.050000e+00
2020-06-11 17:37:35,595 - DEBUG - fx_L1_mfista- itercount: 0, L: 3.494544e+03, eta:1.050000e+00
2020-06-11 17:37:35,602 - DEBUG - fx_L1_mfista- itercount: 0, L: 3.669271e+03, eta:1.050000e+00
2020-06-11 17:37:35,609 - DEBUG - fx_L1_mfista- itercount: 0, L: 3.852734e+03, eta:1.050000e+00
2020-06-11 17:37:35,615 - DEBUG - fx_L1_mfista- itercount: 0, L: 4.045371e+03, eta:1.050000e+00
2020-06-11 17:37:35,622 - DEBUG - fx_L1_mfista- itercount: 0, L: 4.247640e+03, eta:1.050000e+00
2020-06-11 17:37:35,628 - DEBUG - fx_L1_mfista- itercount: 0, L: 4.460022e+03, eta:1.050000e+00
2020-06-11 17:37:35,634 - DEBUG - fx_L1_mfista- itercount: 0, L: 4.683023e+03, eta:1.050000e+00
2020-06-11 17:37:35,640 - DEBUG - fx_L1_mfista- itercount: 0, L: 4.917174e+03, eta:1.050000e+00
2020-06-11 17:37:35,646 - DEBUG - fx_L1_mfista- itercount: 0, L: 5.163033e+03, eta:1.050000e+00
2020-06-11 17:37:35,652 - DEBUG - fx_L1_mfista- itercount: 0, L: 5.421184e+03, eta:1.050000e+00
2020-06-11 17:37:35,658 - DEBUG - fx_L1_mfista- itercount: 0, L: 5.692243e+03, eta:1.050000e+00
2020-06-11 17:37:35,665 - DEBUG - fx_L1_mfista- itercount: 0, L: 5.976856e+03, eta:1.050000e+00
2020-06-11 17:37:35,672 - DEBUG - fx_L1_mfista- itercount: 0, L: 6.275698e+03, eta:1.050000e+00
2020-06-11 17:37:35,678 - DEBUG - fx_L1_mfista- itercount: 0, L: 6.589483e+03, eta:1.050000e+00
2020-06-11 17:37:35,684 - DEBUG - fx_L1_mfista- itercount: 0, L: 6.918957e+03, eta:1.050000e+00
2020-06-11 17:37:35,690 - DEBUG - fx_L1_mfista- itercount: 0, L: 7.264905e+03, eta:1.050000e+00
2020-06-11 17:37:35,697 - DEBUG - fx_L1_mfista- itercount: 0, L: 7.628151e+03, eta:1.050000e+00
2020-06-11 17:37:35,703 - DEBUG - fx_L1_mfista- itercount: 0, L: 8.009558e+03, eta:1.050000e+00
2020-06-11 17:37:35,709 - DEBUG - fx_L1_mfista- itercount: 0, L: 8.410036e+03, eta:1.050000e+00
2020-06-11 17:37:35,715 - DEBUG - fx_L1_mfista- itercount: 0, L: 8.830538e+03, eta:1.050000e+00
2020-06-11 17:37:35,721 - DEBUG - fx_L1_mfista- itercount: 0, L: 9.272065e+03, eta:1.050000e+00
2020-06-11 17:37:35,727 - DEBUG - fx_L1_mfista- itercount: 0, L: 9.735668e+03, eta:1.050000e+00
2020-06-11 17:37:35,733 - DEBUG - fx_L1_mfista- itercount: 0, L: 1.022245e+04, eta:1.050000e+00
2020-06-11 17:37:35,740 - DEBUG - fx_L1_mfista- itercount: 0, L: 1.073357e+04, eta:1.050000e+00
2020-06-11 17:37:35,746 - DEBUG - fx_L1_mfista- itercount: 0, L: 1.127025e+04, eta:1.050000e+00
2020-06-11 17:37:35,752 - DEBUG - fx_L1_mfista- itercount: 0, L: 1.183377e+04, eta:1.050000e+00
2020-06-11 17:37:35,759 - DEBUG - fx_L1_mfista- itercount: 0, L: 1.242545e+04, eta:1.050000e+00
2020-06-11 17:37:35,765 - DEBUG - fx_L1_mfista- itercount: 0, L: 1.304673e+04, eta:1.050000e+00
2020-06-11 17:37:35,771 - DEBUG - fx_L1_mfista- itercount: 0, L: 1.369906e+04, eta:1.050000e+00
2020-06-11 17:37:35,777 - DEBUG - fx_L1_mfista- itercount: 0, L: 1.438402e+04, eta:1.050000e+00
2020-06-11 17:37:35,783 - DEBUG - fx_L1_mfista- itercount: 0, L: 1.510322e+04, eta:1.050000e+00
2020-06-11 17:37:35,789 - DEBUG - fx_L1_mfista- itercount: 0, L: 1.585838e+04, eta:1.050000e+00
2020-06-11 17:37:35,795 - DEBUG - fx_L1_mfista- itercount: 0, L: 1.665130e+04, eta:1.050000e+00
2020-06-11 17:37:35,802 - DEBUG - fx_L1_mfista- itercount: 0, L: 1.748386e+04, eta:1.050000e+00
2020-06-11 17:37:35,808 - DEBUG - fx_L1_mfista- itercount: 0, L: 1.835805e+04, eta:1.050000e+00
2020-06-11 17:37:35,814 - DEBUG - fx_L1_mfista- itercount: 0, L: 1.927596e+04, eta:1.050000e+00
2020-06-11 17:37:35,820 - DEBUG - fx_L1_mfista- itercount: 0, L: 2.023975e+04, eta:1.050000e+00
2020-06-11 17:37:35,826 - DEBUG - fx_L1_mfista- itercount: 0, L: 2.125174e+04, eta:1.050000e+00
2020-06-11 17:37:35,832 - DEBUG - fx_L1_mfista- itercount: 0, L: 2.231433e+04, eta:1.050000e+00
2020-06-11 17:37:35,839 - DEBUG - fx_L1_mfista- itercount: 0, L: 2.343005e+04, eta:1.050000e+00
2020-06-11 17:37:35,846 - DEBUG - fx_L1_mfista- itercount: 0, L: 2.460155e+04, eta:1.050000e+00
2020-06-11 17:37:35,852 - DEBUG - fx_L1_mfista- itercount: 0, L: 2.583163e+04, eta:1.050000e+00
2020-06-11 17:37:35,859 - DEBUG - fx_L1_mfista- itercount: 0, L: 2.712321e+04, eta:1.050000e+00
2020-06-11 17:37:35,865 - DEBUG - fx_L1_mfista- itercount: 0, L: 2.847937e+04, eta:1.050000e+00
2020-06-11 17:37:35,871 - DEBUG - fx_L1_mfista- itercount: 0, L: 2.990334e+04, eta:1.050000e+00
2020-06-11 17:37:35,877 - DEBUG - fx_L1_mfista- itercount: 0, L: 3.139850e+04, eta:1.050000e+00
2020-06-11 17:37:35,884 - DEBUG - fx_L1_mfista- itercount: 0, L: 3.296843e+04, eta:1.050000e+00
2020-06-11 17:37:35,891 - DEBUG - fx_L1_mfista- itercount: 0, L: 3.461685e+04, eta:1.050000e+00
2020-06-11 17:37:35,897 - DEBUG - fx_L1_mfista- itercount: 0, L: 3.634769e+04, eta:1.050000e+00
2020-06-11 17:37:35,903 - DEBUG - fx_L1_mfista- itercount: 0, L: 3.816508e+04, eta:1.050000e+00
2020-06-11 17:37:35,910 - DEBUG - fx_L1_mfista- itercount: 0, L: 4.007333e+04, eta:1.050000e+00
2020-06-11 17:37:35,916 - DEBUG - fx_L1_mfista- itercount: 0, L: 4.207700e+04, eta:1.050000e+00
2020-06-11 17:37:35,923 - DEBUG - fx_L1_mfista- itercount: 0, L: 4.418085e+04, eta:1.050000e+00
2020-06-11 17:37:35,929 - DEBUG - fx_L1_mfista- itercount: 0, L: 4.638989e+04, eta:1.050000e+00
2020-06-11 17:37:35,935 - DEBUG - fx_L1_mfista- itercount: 0, L: 4.870938e+04, eta:1.050000e+00
2020-06-11 17:37:35,942 - DEBUG - fx_L1_mfista- itercount: 0, L: 5.114485e+04, eta:1.050000e+00
2020-06-11 17:37:35,947 - DEBUG - fx_L1_mfista- itercount: 0, L: 5.370209e+04, eta:1.050000e+00
2020-06-11 17:37:35,954 - DEBUG - fx_L1_mfista- itercount: 0, L: 5.638720e+04, eta:1.050000e+00
2020-06-11 17:37:35,960 - DEBUG - fx_L1_mfista- itercount: 0, L: 5.920656e+04, eta:1.050000e+00
2020-06-11 17:37:35,965 - DEBUG - fx_L1_mfista- itercount: 0, L: 6.216689e+04, eta:1.050000e+00
2020-06-11 17:37:35,972 - DEBUG - fx_L1_mfista- itercount: 0, L: 6.527523e+04, eta:1.050000e+00
2020-06-11 17:37:35,977 - DEBUG - fx_L1_mfista- itercount: 0, L: 6.853899e+04, eta:1.050000e+00
2020-06-11 17:37:35,984 - DEBUG - fx_L1_mfista- itercount: 0, L: 7.196594e+04, eta:1.050000e+00
2020-06-11 17:37:35,989 - DEBUG - fx_L1_mfista- itercount: 0, L: 7.556424e+04, eta:1.050000e+00
2020-06-11 17:37:35,996 - DEBUG - fx_L1_mfista- itercount: 0, L: 7.934245e+04, eta:1.050000e+00
2020-06-11 17:37:36,003 - DEBUG - fx_L1_mfista- itercount: 0, L: 8.330957e+04, eta:1.050000e+00
2020-06-11 17:37:36,009 - DEBUG - fx_L1_mfista- itercount: 0, L: 8.747505e+04, eta:1.050000e+00
2020-06-11 17:37:36,015 - DEBUG - fx_L1_mfista- itercount: 0, L: 9.184880e+04, eta:1.050000e+00
2020-06-11 17:37:36,031 - DEBUG - fx_L1_mfista- itercount: 1, L: 8.747505e+04, eta:1.050000e+00
2020-06-11 17:37:36,037 - DEBUG - fx_L1_mfista- itercount: 1, L: 9.184880e+04, eta:1.050000e+00
2020-06-11 17:37:36,043 - DEBUG - fx_L1_mfista- itercount: 1, L: 9.644124e+04, eta:1.050000e+00
2020-06-11 17:37:36,050 - DEBUG - fx_L1_mfista- itercount: 1, L: 1.012633e+05, eta:1.050000e+00
2020-06-11 17:37:36,056 - DEBUG - fx_L1_mfista- itercount: 1, L: 1.063265e+05, eta:1.050000e+00
2020-06-11 17:37:36,072 - DEBUG - fx_L1_mfista- itercount: 2, L: 1.012633e+05, eta:1.050000e+00
2020-06-11 17:37:36,079 - DEBUG - fx_L1_mfista- itercount: 2, L: 1.063265e+05, eta:1.050000e+00
2020-06-11 17:37:36,085 - DEBUG - fx_L1_mfista- itercount: 2, L: 1.116428e+05, eta:1.050000e+00
2020-06-11 17:37:36,091 - DEBUG - fx_L1_mfista- itercount: 2, L: 1.172249e+05, eta:1.050000e+00
2020-06-11 17:37:36,098 - DEBUG - fx_L1_mfista- itercount: 2, L: 1.230862e+05, eta:1.050000e+00
2020-06-11 17:37:36,113 - DEBUG - fx_L1_mfista- itercount: 3, L: 1.172249e+05, eta:1.050000e+00
2020-06-11 17:37:36,129 - DEBUG - fx_L1_mfista- itercount: 4, L: 1.116428e+05, eta:1.050000e+00
2020-06-11 17:37:36,143 - DEBUG - fx_L1_mfista- itercount: 5, L: 1.063265e+05, eta:1.050000e+00
2020-06-11 17:37:36,159 - DEBUG - fx_L1_mfista- itercount: 6, L: 1.012633e+05, eta:1.050000e+00
2020-06-11 17:37:36,174 - DEBUG - fx_L1_mfista- itercount: 7, L: 9.644124e+04, eta:1.050000e+00
2020-06-11 17:37:36,188 - DEBUG - fx_L1_mfista- itercount: 8, L: 9.184880e+04, eta:1.050000e+00
2020-06-11 17:37:36,204 - DEBUG - fx_L1_mfista- itercount: 9, L: 8.747505e+04, eta:1.050000e+00
2020-06-11 17:37:36,218 - DEBUG - fx_L1_mfista- itercount: 10, L: 8.330957e+04, eta:1.050000e+00
2020-06-11 17:37:36,232 - DEBUG - fx_L1_mfista- itercount: 11, L: 7.934245e+04, eta:1.050000e+00
2020-06-11 17:37:36,247 - DEBUG - fx_L1_mfista- itercount: 12, L: 7.556424e+04, eta:1.050000e+00
2020-06-11 17:37:36,263 - DEBUG - fx_L1_mfista- itercount: 13, L: 7.196594e+04, eta:1.050000e+00
2020-06-11 17:37:36,277 - DEBUG - fx_L1_mfista- itercount: 14, L: 6.853899e+04, eta:1.050000e+00
2020-06-11 17:37:36,292 - DEBUG - fx_L1_mfista- itercount: 15, L: 6.527523e+04, eta:1.050000e+00
2020-06-11 17:37:36,307 - DEBUG - fx_L1_mfista- itercount: 16, L: 6.216689e+04, eta:1.050000e+00
2020-06-11 17:37:36,322 - DEBUG - fx_L1_mfista- itercount: 17, L: 5.920656e+04, eta:1.050000e+00
2020-06-11 17:37:36,338 - DEBUG - fx_L1_mfista- itercount: 18, L: 5.638720e+04, eta:1.050000e+00
2020-06-11 17:37:36,352 - DEBUG - fx_L1_mfista- itercount: 19, L: 5.370209e+04, eta:1.050000e+00
2020-06-11 17:37:36,366 - DEBUG - fx_L1_mfista- itercount: 20, L: 5.114485e+04, eta:1.050000e+00
2020-06-11 17:37:36,381 - DEBUG - fx_L1_mfista- itercount: 21, L: 4.870938e+04, eta:1.050000e+00
2020-06-11 17:37:36,397 - DEBUG - fx_L1_mfista- itercount: 22, L: 4.638989e+04, eta:1.050000e+00
2020-06-11 17:37:36,403 - DEBUG - fx_L1_mfista- itercount: 22, L: 4.870938e+04, eta:1.050000e+00
2020-06-11 17:37:36,409 - DEBUG - fx_L1_mfista- itercount: 22, L: 5.114485e+04, eta:1.050000e+00
2020-06-11 17:37:36,416 - DEBUG - fx_L1_mfista- itercount: 22, L: 5.370209e+04, eta:1.050000e+00
2020-06-11 17:37:36,423 - DEBUG - fx_L1_mfista- itercount: 22, L: 5.638720e+04, eta:1.050000e+00
2020-06-11 17:37:36,430 - DEBUG - fx_L1_mfista- itercount: 22, L: 5.920656e+04, eta:1.050000e+00
2020-06-11 17:37:36,436 - DEBUG - fx_L1_mfista- itercount: 22, L: 6.216689e+04, eta:1.050000e+00
2020-06-11 17:37:36,442 - DEBUG - fx_L1_mfista- itercount: 22, L: 6.527523e+04, eta:1.050000e+00
2020-06-11 17:37:36,448 - DEBUG - fx_L1_mfista- itercount: 22, L: 6.853899e+04, eta:1.050000e+00
2020-06-11 17:37:36,454 - DEBUG - fx_L1_mfista- itercount: 22, L: 7.196594e+04, eta:1.050000e+00
2020-06-11 17:37:36,461 - DEBUG - fx_L1_mfista- itercount: 22, L: 7.556424e+04, eta:1.050000e+00
2020-06-11 17:37:36,476 - DEBUG - fx_L1_mfista- itercount: 23, L: 7.196594e+04, eta:1.050000e+00
2020-06-11 17:37:36,490 - DEBUG - fx_L1_mfista- itercount: 24, L: 6.853899e+04, eta:1.050000e+00
2020-06-11 17:37:36,496 - DEBUG - fx_L1_mfista- itercount: 24, L: 7.196594e+04, eta:1.050000e+00
2020-06-11 17:37:36,512 - DEBUG - fx_L1_mfista- itercount: 25, L: 6.853899e+04, eta:1.050000e+00
2020-06-11 17:37:36,527 - DEBUG - fx_L1_mfista- itercount: 26, L: 6.527523e+04, eta:1.050000e+00
2020-06-11 17:37:36,533 - DEBUG - fx_L1_mfista- itercount: 26, L: 6.853899e+04, eta:1.050000e+00
2020-06-11 17:37:36,539 - DEBUG - fx_L1_mfista- itercount: 26, L: 7.196594e+04, eta:1.050000e+00
2020-06-11 17:37:36,554 - DEBUG - fx_L1_mfista- itercount: 27, L: 6.853899e+04, eta:1.050000e+00
2020-06-11 17:37:36,569 - DEBUG - fx_L1_mfista- itercount: 28, L: 6.527523e+04, eta:1.050000e+00
2020-06-11 17:37:36,575 - DEBUG - fx_L1_mfista- itercount: 28, L: 6.853899e+04, eta:1.050000e+00
2020-06-11 17:37:36,581 - DEBUG - fx_L1_mfista- itercount: 28, L: 7.196594e+04, eta:1.050000e+00
2020-06-11 17:37:36,596 - DEBUG - fx_L1_mfista- itercount: 29, L: 6.853899e+04, eta:1.050000e+00
2020-06-11 17:37:36,610 - DEBUG - fx_L1_mfista- itercount: 30, L: 6.527523e+04, eta:1.050000e+00
2020-06-11 17:37:36,626 - DEBUG - fx_L1_mfista- itercount: 31, L: 6.216689e+04, eta:1.050000e+00
2020-06-11 17:37:36,632 - DEBUG - fx_L1_mfista- itercount: 31, L: 6.527523e+04, eta:1.050000e+00
2020-06-11 17:37:36,637 - DEBUG - fx_L1_mfista- itercount: 31, L: 6.853899e+04, eta:1.050000e+00
2020-06-11 17:37:36,653 - DEBUG - fx_L1_mfista- itercount: 32, L: 6.527523e+04, eta:1.050000e+00
2020-06-11 17:37:36,667 - DEBUG - fx_L1_mfista- itercount: 33, L: 6.216689e+04, eta:1.050000e+00
2020-06-11 17:37:36,682 - DEBUG - fx_L1_mfista- itercount: 34, L: 5.920656e+04, eta:1.050000e+00
2020-06-11 17:37:36,688 - DEBUG - fx_L1_mfista- itercount: 34, L: 6.216689e+04, eta:1.050000e+00
2020-06-11 17:37:36,694 - DEBUG - fx_L1_mfista- itercount: 34, L: 6.527523e+04, eta:1.050000e+00
2020-06-11 17:37:36,709 - DEBUG - fx_L1_mfista- itercount: 35, L: 6.216689e+04, eta:1.050000e+00
2020-06-11 17:37:36,715 - DEBUG - fx_L1_mfista- itercount: 35, L: 6.527523e+04, eta:1.050000e+00
2020-06-11 17:37:36,729 - DEBUG - fx_L1_mfista- itercount: 36, L: 6.216689e+04, eta:1.050000e+00
2020-06-11 17:37:36,744 - DEBUG - fx_L1_mfista- itercount: 37, L: 5.920656e+04, eta:1.050000e+00
2020-06-11 17:37:36,758 - DEBUG - fx_L1_mfista- itercount: 38, L: 5.638720e+04, eta:1.050000e+00
2020-06-11 17:37:36,764 - DEBUG - fx_L1_mfista- itercount: 38, L: 5.920656e+04, eta:1.050000e+00
2020-06-11 17:37:36,770 - DEBUG - fx_L1_mfista- itercount: 38, L: 6.216689e+04, eta:1.050000e+00
2020-06-11 17:37:36,784 - DEBUG - fx_L1_mfista- itercount: 39, L: 5.920656e+04, eta:1.050000e+00
2020-06-11 17:37:36,790 - DEBUG - fx_L1_mfista- itercount: 39, L: 6.216689e+04, eta:1.050000e+00
2020-06-11 17:37:36,805 - DEBUG - fx_L1_mfista- itercount: 40, L: 5.920656e+04, eta:1.050000e+00
2020-06-11 17:37:36,821 - DEBUG - fx_L1_mfista- itercount: 41, L: 5.638720e+04, eta:1.050000e+00
2020-06-11 17:37:36,835 - DEBUG - fx_L1_mfista- itercount: 42, L: 5.370209e+04, eta:1.050000e+00
2020-06-11 17:37:36,840 - DEBUG - fx_L1_mfista- itercount: 42, L: 5.638720e+04, eta:1.050000e+00
2020-06-11 17:37:36,846 - DEBUG - fx_L1_mfista- itercount: 42, L: 5.920656e+04, eta:1.050000e+00
2020-06-11 17:37:36,861 - DEBUG - fx_L1_mfista- itercount: 43, L: 5.638720e+04, eta:1.050000e+00
2020-06-11 17:37:36,866 - DEBUG - fx_L1_mfista- itercount: 43, L: 5.920656e+04, eta:1.050000e+00
2020-06-11 17:37:36,880 - DEBUG - fx_L1_mfista- itercount: 44, L: 5.638720e+04, eta:1.050000e+00
2020-06-11 17:37:36,895 - DEBUG - fx_L1_mfista- itercount: 45, L: 5.370209e+04, eta:1.050000e+00
2020-06-11 17:37:36,901 - DEBUG - fx_L1_mfista- itercount: 45, L: 5.638720e+04, eta:1.050000e+00
2020-06-11 17:37:36,916 - DEBUG - fx_L1_mfista- itercount: 46, L: 5.370209e+04, eta:1.050000e+00
2020-06-11 17:37:36,921 - DEBUG - fx_L1_mfista- itercount: 46, L: 5.638720e+04, eta:1.050000e+00
2020-06-11 17:37:36,937 - DEBUG - fx_L1_mfista- itercount: 47, L: 5.370209e+04, eta:1.050000e+00
2020-06-11 17:37:36,942 - DEBUG - fx_L1_mfista- itercount: 47, L: 5.638720e+04, eta:1.050000e+00
2020-06-11 17:37:36,957 - DEBUG - fx_L1_mfista- itercount: 48, L: 5.370209e+04, eta:1.050000e+00
2020-06-11 17:37:36,963 - DEBUG - fx_L1_mfista- itercount: 48, L: 5.638720e+04, eta:1.050000e+00
2020-06-11 17:37:36,977 - DEBUG - fx_L1_mfista- itercount: 49, L: 5.370209e+04, eta:1.050000e+00
2020-06-11 17:37:36,983 - DEBUG - fx_L1_mfista- itercount: 49, L: 5.638720e+04, eta:1.050000e+00
2020-06-11 17:37:36,996 - DEBUG - fx_L1_mfista- iternum:50, L: 5.638720e+04, F_xk: 7.153126e+00, chi:7.440793e+06, reg: 3.303922e+05, rela_err:5.097767e-05
2020-06-11 17:37:37,013 - DEBUG - fx_L1_mfista- itercount: 50, L: 5.370209e+04, eta:1.050000e+00
2020-06-11 17:37:37,028 - DEBUG - fx_L1_mfista- itercount: 51, L: 5.114485e+04, eta:1.050000e+00
2020-06-11 17:37:37,034 - DEBUG - fx_L1_mfista- itercount: 51, L: 5.370209e+04, eta:1.050000e+00
2020-06-11 17:37:37,049 - DEBUG - fx_L1_mfista- itercount: 52, L: 5.114485e+04, eta:1.050000e+00
2020-06-11 17:37:37,055 - DEBUG - fx_L1_mfista- itercount: 52, L: 5.370209e+04, eta:1.050000e+00
2020-06-11 17:37:37,070 - DEBUG - fx_L1_mfista- itercount: 53, L: 5.114485e+04, eta:1.050000e+00
2020-06-11 17:37:37,076 - DEBUG - fx_L1_mfista- itercount: 53, L: 5.370209e+04, eta:1.050000e+00
2020-06-11 17:37:37,082 - DEBUG - fx_L1_mfista- itercount: 53, L: 5.638720e+04, eta:1.050000e+00
2020-06-11 17:37:37,096 - DEBUG - fx_L1_mfista- itercount: 54, L: 5.370209e+04, eta:1.050000e+00
2020-06-11 17:37:37,111 - DEBUG - fx_L1_mfista- itercount: 55, L: 5.114485e+04, eta:1.050000e+00
2020-06-11 17:37:37,117 - DEBUG - fx_L1_mfista- itercount: 55, L: 5.370209e+04, eta:1.050000e+00
2020-06-11 17:37:37,122 - DEBUG - fx_L1_mfista- itercount: 55, L: 5.638720e+04, eta:1.050000e+00
2020-06-11 17:37:37,137 - DEBUG - fx_L1_mfista- itercount: 56, L: 5.370209e+04, eta:1.050000e+00
2020-06-11 17:37:37,150 - DEBUG - fx_L1_mfista- itercount: 57, L: 5.114485e+04, eta:1.050000e+00
2020-06-11 17:37:37,165 - DEBUG - fx_L1_mfista- itercount: 58, L: 4.870938e+04, eta:1.050000e+00
2020-06-11 17:37:37,171 - DEBUG - fx_L1_mfista- itercount: 58, L: 5.114485e+04, eta:1.050000e+00
2020-06-11 17:37:37,187 - DEBUG - fx_L1_mfista- itercount: 59, L: 4.870938e+04, eta:1.050000e+00
2020-06-11 17:37:37,192 - DEBUG - fx_L1_mfista- itercount: 59, L: 5.114485e+04, eta:1.050000e+00
2020-06-11 17:37:37,207 - DEBUG - fx_L1_mfista- itercount: 60, L: 4.870938e+04, eta:1.050000e+00
2020-06-11 17:37:37,213 - DEBUG - fx_L1_mfista- itercount: 60, L: 5.114485e+04, eta:1.050000e+00
2020-06-11 17:37:37,219 - DEBUG - fx_L1_mfista- itercount: 60, L: 5.370209e+04, eta:1.050000e+00
2020-06-11 17:37:37,233 - DEBUG - fx_L1_mfista- itercount: 61, L: 5.114485e+04, eta:1.050000e+00
2020-06-11 17:37:37,248 - DEBUG - fx_L1_mfista- itercount: 62, L: 4.870938e+04, eta:1.050000e+00
2020-06-11 17:37:37,254 - DEBUG - fx_L1_mfista- itercount: 62, L: 5.114485e+04, eta:1.050000e+00
2020-06-11 17:37:37,268 - DEBUG - fx_L1_mfista- itercount: 63, L: 4.870938e+04, eta:1.050000e+00
2020-06-11 17:37:37,274 - DEBUG - fx_L1_mfista- itercount: 63, L: 5.114485e+04, eta:1.050000e+00
2020-06-11 17:37:37,288 - DEBUG - fx_L1_mfista- itercount: 64, L: 4.870938e+04, eta:1.050000e+00
2020-06-11 17:37:37,294 - DEBUG - fx_L1_mfista- itercount: 64, L: 5.114485e+04, eta:1.050000e+00
2020-06-11 17:37:37,308 - DEBUG - fx_L1_mfista- itercount: 65, L: 4.870938e+04, eta:1.050000e+00
2020-06-11 17:37:37,314 - DEBUG - fx_L1_mfista- itercount: 65, L: 5.114485e+04, eta:1.050000e+00
2020-06-11 17:37:37,320 - DEBUG - fx_L1_mfista- itercount: 65, L: 5.370209e+04, eta:1.050000e+00
2020-06-11 17:37:37,334 - DEBUG - fx_L1_mfista- itercount: 66, L: 5.114485e+04, eta:1.050000e+00
2020-06-11 17:37:37,348 - DEBUG - fx_L1_mfista- itercount: 67, L: 4.870938e+04, eta:1.050000e+00
2020-06-11 17:37:37,363 - DEBUG - fx_L1_mfista- itercount: 68, L: 4.638989e+04, eta:1.050000e+00
2020-06-11 17:37:37,369 - DEBUG - fx_L1_mfista- itercount: 68, L: 4.870938e+04, eta:1.050000e+00
2020-06-11 17:37:37,383 - DEBUG - fx_L1_mfista- itercount: 69, L: 4.638989e+04, eta:1.050000e+00
2020-06-11 17:37:37,389 - DEBUG - fx_L1_mfista- itercount: 69, L: 4.870938e+04, eta:1.050000e+00
2020-06-11 17:37:37,404 - DEBUG - fx_L1_mfista- itercount: 70, L: 4.638989e+04, eta:1.050000e+00
2020-06-11 17:37:37,410 - DEBUG - fx_L1_mfista- itercount: 70, L: 4.870938e+04, eta:1.050000e+00
2020-06-11 17:37:37,425 - DEBUG - fx_L1_mfista- itercount: 71, L: 4.638989e+04, eta:1.050000e+00
2020-06-11 17:37:37,431 - DEBUG - fx_L1_mfista- itercount: 71, L: 4.870938e+04, eta:1.050000e+00
2020-06-11 17:37:37,445 - DEBUG - fx_L1_mfista- itercount: 72, L: 4.638989e+04, eta:1.050000e+00
2020-06-11 17:37:37,451 - DEBUG - fx_L1_mfista- itercount: 72, L: 4.870938e+04, eta:1.050000e+00
2020-06-11 17:37:37,465 - DEBUG - fx_L1_mfista- itercount: 73, L: 4.638989e+04, eta:1.050000e+00
2020-06-11 17:37:37,472 - DEBUG - fx_L1_mfista- itercount: 73, L: 4.870938e+04, eta:1.050000e+00
2020-06-11 17:37:37,486 - DEBUG - fx_L1_mfista- itercount: 74, L: 4.638989e+04, eta:1.050000e+00
2020-06-11 17:37:37,501 - DEBUG - fx_L1_mfista- itercount: 75, L: 4.418085e+04, eta:1.050000e+00
2020-06-11 17:37:37,506 - DEBUG - fx_L1_mfista- itercount: 75, L: 4.638989e+04, eta:1.050000e+00
2020-06-11 17:37:37,512 - DEBUG - fx_L1_mfista- itercount: 75, L: 4.870938e+04, eta:1.050000e+00
2020-06-11 17:37:37,518 - DEBUG - fx_L1_mfista- itercount: 75, L: 5.114485e+04, eta:1.050000e+00
2020-06-11 17:37:37,524 - DEBUG - fx_L1_mfista- itercount: 75, L: 5.370209e+04, eta:1.050000e+00
2020-06-11 17:37:37,538 - DEBUG - fx_L1_mfista- itercount: 76, L: 5.114485e+04, eta:1.050000e+00
2020-06-11 17:37:37,553 - DEBUG - fx_L1_mfista- itercount: 77, L: 4.870938e+04, eta:1.050000e+00
2020-06-11 17:37:37,567 - DEBUG - fx_L1_mfista- itercount: 78, L: 4.638989e+04, eta:1.050000e+00
2020-06-11 17:37:37,582 - DEBUG - fx_L1_mfista- itercount: 79, L: 4.418085e+04, eta:1.050000e+00
2020-06-11 17:37:37,597 - DEBUG - fx_L1_mfista- itercount: 80, L: 4.207700e+04, eta:1.050000e+00
2020-06-11 17:37:37,612 - DEBUG - fx_L1_mfista- itercount: 81, L: 4.007333e+04, eta:1.050000e+00
2020-06-11 17:37:37,626 - DEBUG - fx_L1_mfista- itercount: 82, L: 3.816508e+04, eta:1.050000e+00
2020-06-11 17:37:37,632 - DEBUG - fx_L1_mfista- itercount: 82, L: 4.007333e+04, eta:1.050000e+00
2020-06-11 17:37:37,646 - DEBUG - fx_L1_mfista- itercount: 83, L: 3.816508e+04, eta:1.050000e+00
2020-06-11 17:37:37,652 - DEBUG - fx_L1_mfista- itercount: 83, L: 4.007333e+04, eta:1.050000e+00
2020-06-11 17:37:37,658 - DEBUG - fx_L1_mfista- itercount: 83, L: 4.207700e+04, eta:1.050000e+00
2020-06-11 17:37:37,664 - DEBUG - fx_L1_mfista- itercount: 83, L: 4.418085e+04, eta:1.050000e+00
2020-06-11 17:37:37,679 - DEBUG - fx_L1_mfista- itercount: 84, L: 4.207700e+04, eta:1.050000e+00
2020-06-11 17:37:37,685 - DEBUG - fx_L1_mfista- itercount: 84, L: 4.418085e+04, eta:1.050000e+00
2020-06-11 17:37:37,691 - DEBUG - fx_L1_mfista- itercount: 84, L: 4.638989e+04, eta:1.050000e+00
2020-06-11 17:37:37,705 - DEBUG - fx_L1_mfista- itercount: 85, L: 4.418085e+04, eta:1.050000e+00
2020-06-11 17:37:37,711 - DEBUG - fx_L1_mfista- itercount: 85, L: 4.638989e+04, eta:1.050000e+00
2020-06-11 17:37:37,717 - DEBUG - fx_L1_mfista- itercount: 85, L: 4.870938e+04, eta:1.050000e+00
2020-06-11 17:37:37,731 - DEBUG - fx_L1_mfista- itercount: 86, L: 4.638989e+04, eta:1.050000e+00
2020-06-11 17:37:37,746 - DEBUG - fx_L1_mfista- itercount: 87, L: 4.418085e+04, eta:1.050000e+00
2020-06-11 17:37:37,762 - DEBUG - fx_L1_mfista- itercount: 88, L: 4.207700e+04, eta:1.050000e+00
2020-06-11 17:37:37,776 - DEBUG - fx_L1_mfista- itercount: 89, L: 4.007333e+04, eta:1.050000e+00
2020-06-11 17:37:37,790 - DEBUG - fx_L1_mfista- itercount: 90, L: 3.816508e+04, eta:1.050000e+00
2020-06-11 17:37:37,805 - DEBUG - fx_L1_mfista- itercount: 91, L: 3.634769e+04, eta:1.050000e+00
2020-06-11 17:37:37,820 - DEBUG - fx_L1_mfista- itercount: 92, L: 3.461685e+04, eta:1.050000e+00
2020-06-11 17:37:37,834 - DEBUG - fx_L1_mfista- itercount: 93, L: 3.296843e+04, eta:1.050000e+00
2020-06-11 17:37:37,850 - DEBUG - fx_L1_mfista- itercount: 94, L: 3.139850e+04, eta:1.050000e+00
2020-06-11 17:37:37,865 - DEBUG - fx_L1_mfista- itercount: 95, L: 2.990334e+04, eta:1.050000e+00
2020-06-11 17:37:37,879 - DEBUG - fx_L1_mfista- itercount: 96, L: 2.847937e+04, eta:1.050000e+00
2020-06-11 17:37:37,885 - DEBUG - fx_L1_mfista- itercount: 96, L: 2.990334e+04, eta:1.050000e+00
2020-06-11 17:37:37,891 - DEBUG - fx_L1_mfista- itercount: 96, L: 3.139850e+04, eta:1.050000e+00
2020-06-11 17:37:37,897 - DEBUG - fx_L1_mfista- itercount: 96, L: 3.296843e+04, eta:1.050000e+00
2020-06-11 17:37:37,903 - DEBUG - fx_L1_mfista- itercount: 96, L: 3.461685e+04, eta:1.050000e+00
2020-06-11 17:37:37,917 - DEBUG - fx_L1_mfista- itercount: 97, L: 3.296843e+04, eta:1.050000e+00
2020-06-11 17:37:37,922 - DEBUG - fx_L1_mfista- itercount: 97, L: 3.461685e+04, eta:1.050000e+00
2020-06-11 17:37:37,929 - DEBUG - fx_L1_mfista- itercount: 97, L: 3.634769e+04, eta:1.050000e+00
2020-06-11 17:37:37,935 - DEBUG - fx_L1_mfista- itercount: 97, L: 3.816508e+04, eta:1.050000e+00
2020-06-11 17:37:37,941 - DEBUG - fx_L1_mfista- itercount: 97, L: 4.007333e+04, eta:1.050000e+00
2020-06-11 17:37:37,947 - DEBUG - fx_L1_mfista- itercount: 97, L: 4.207700e+04, eta:1.050000e+00
2020-06-11 17:37:37,952 - DEBUG - fx_L1_mfista- itercount: 97, L: 4.418085e+04, eta:1.050000e+00
2020-06-11 17:37:37,966 - DEBUG - fx_L1_mfista- itercount: 98, L: 4.207700e+04, eta:1.050000e+00
2020-06-11 17:37:37,981 - DEBUG - fx_L1_mfista- itercount: 99, L: 4.007333e+04, eta:1.050000e+00
2020-06-11 17:37:37,994 - DEBUG - fx_L1_mfista- iternum:100, L: 4.007333e+04, F_xk: 7.145329e+00, chi:7.438061e+06, reg: 3.918874e+05, rela_err:4.999081e-07
2020-06-11 17:37:38,014 - DEBUG - fx_L1_mfista- itercount: 100, L: 3.816508e+04, eta:1.050000e+00
2020-06-11 17:37:38,023 - DEBUG - fx_L1_mfista- itercount: 100, L: 4.007333e+04, eta:1.050000e+00
2020-06-11 17:37:38,030 - DEBUG - fx_L1_mfista- itercount: 100, L: 4.207700e+04, eta:1.050000e+00
2020-06-11 17:37:38,045 - DEBUG - fx_L1_mfista- itercount: 101, L: 4.007333e+04, eta:1.050000e+00
2020-06-11 17:37:38,051 - DEBUG - fx_L1_mfista- itercount: 101, L: 4.207700e+04, eta:1.050000e+00
2020-06-11 17:37:38,066 - DEBUG - fx_L1_mfista- itercount: 102, L: 4.007333e+04, eta:1.050000e+00
2020-06-11 17:37:38,082 - DEBUG - fx_L1_mfista- itercount: 103, L: 3.816508e+04, eta:1.050000e+00
2020-06-11 17:37:38,088 - DEBUG - fx_L1_mfista- itercount: 103, L: 4.007333e+04, eta:1.050000e+00
2020-06-11 17:37:38,095 - DEBUG - fx_L1_mfista- itercount: 103, L: 4.207700e+04, eta:1.050000e+00
2020-06-11 17:37:38,112 - DEBUG - fx_L1_mfista- itercount: 104, L: 4.007333e+04, eta:1.050000e+00
2020-06-11 17:37:38,118 - DEBUG - fx_L1_mfista- itercount: 104, L: 4.207700e+04, eta:1.050000e+00
2020-06-11 17:37:38,133 - DEBUG - fx_L1_mfista- itercount: 105, L: 4.007333e+04, eta:1.050000e+00
2020-06-11 17:37:38,140 - DEBUG - fx_L1_mfista- itercount: 105, L: 4.207700e+04, eta:1.050000e+00
2020-06-11 17:37:38,156 - DEBUG - fx_L1_mfista- itercount: 106, L: 4.007333e+04, eta:1.050000e+00
2020-06-11 17:37:38,170 - DEBUG - fx_L1_mfista- itercount: 107, L: 3.816508e+04, eta:1.050000e+00
2020-06-11 17:37:38,179 - DEBUG - fx_L1_mfista- itercount: 107, L: 4.007333e+04, eta:1.050000e+00
2020-06-11 17:37:38,186 - DEBUG - fx_L1_mfista- itercount: 107, L: 4.207700e+04, eta:1.050000e+00
2020-06-11 17:37:38,201 - DEBUG - fx_L1_mfista- itercount: 108, L: 4.007333e+04, eta:1.050000e+00
2020-06-11 17:37:38,206 - DEBUG - fx_L1_mfista- itercount: 108, L: 4.207700e+04, eta:1.050000e+00
2020-06-11 17:37:38,213 - DEBUG - fx_L1_mfista- itercount: 108, L: 4.418085e+04, eta:1.050000e+00
2020-06-11 17:37:38,228 - DEBUG - fx_L1_mfista- itercount: 109, L: 4.207700e+04, eta:1.050000e+00
2020-06-11 17:37:38,245 - DEBUG - fx_L1_mfista- itercount: 110, L: 4.007333e+04, eta:1.050000e+00
2020-06-11 17:37:38,261 - DEBUG - fx_L1_mfista- itercount: 111, L: 3.816508e+04, eta:1.050000e+00
2020-06-11 17:37:38,267 - DEBUG - fx_L1_mfista- itercount: 111, L: 4.007333e+04, eta:1.050000e+00
2020-06-11 17:37:38,274 - DEBUG - fx_L1_mfista- itercount: 111, L: 4.207700e+04, eta:1.050000e+00
2020-06-11 17:37:38,289 - DEBUG - fx_L1_mfista- itercount: 112, L: 4.007333e+04, eta:1.050000e+00
2020-06-11 17:37:38,295 - DEBUG - fx_L1_mfista- itercount: 112, L: 4.207700e+04, eta:1.050000e+00
2020-06-11 17:37:38,311 - DEBUG - fx_L1_mfista- itercount: 113, L: 4.007333e+04, eta:1.050000e+00
2020-06-11 17:37:38,316 - DEBUG - fx_L1_mfista- itercount: 113, L: 4.207700e+04, eta:1.050000e+00
2020-06-11 17:37:38,335 - DEBUG - fx_L1_mfista- itercount: 114, L: 4.007333e+04, eta:1.050000e+00
2020-06-11 17:37:38,341 - DEBUG - fx_L1_mfista- itercount: 114, L: 4.207700e+04, eta:1.050000e+00
2020-06-11 17:37:38,357 - DEBUG - fx_L1_mfista- itercount: 115, L: 4.007333e+04, eta:1.050000e+00
2020-06-11 17:37:38,374 - DEBUG - fx_L1_mfista- itercount: 116, L: 3.816508e+04, eta:1.050000e+00
2020-06-11 17:37:38,380 - DEBUG - fx_L1_mfista- itercount: 116, L: 4.007333e+04, eta:1.050000e+00
2020-06-11 17:37:38,386 - DEBUG - fx_L1_mfista- itercount: 116, L: 4.207700e+04, eta:1.050000e+00
2020-06-11 17:37:38,393 - DEBUG - fx_L1_mfista- itercount: 116, L: 4.418085e+04, eta:1.050000e+00
2020-06-11 17:37:38,411 - DEBUG - fx_L1_mfista- itercount: 117, L: 4.207700e+04, eta:1.050000e+00
2020-06-11 17:37:38,426 - DEBUG - fx_L1_mfista- itercount: 118, L: 4.007333e+04, eta:1.050000e+00
2020-06-11 17:37:38,443 - DEBUG - fx_L1_mfista- itercount: 119, L: 3.816508e+04, eta:1.050000e+00
2020-06-11 17:37:38,448 - DEBUG - fx_L1_mfista- itercount: 119, L: 4.007333e+04, eta:1.050000e+00
2020-06-11 17:37:38,456 - DEBUG - fx_L1_mfista- itercount: 119, L: 4.207700e+04, eta:1.050000e+00
2020-06-11 17:37:38,471 - DEBUG - fx_L1_mfista- itercount: 120, L: 4.007333e+04, eta:1.050000e+00
2020-06-11 17:37:38,477 - DEBUG - fx_L1_mfista- itercount: 120, L: 4.207700e+04, eta:1.050000e+00
2020-06-11 17:37:38,484 - DEBUG - fx_L1_mfista- itercount: 120, L: 4.418085e+04, eta:1.050000e+00
2020-06-11 17:37:38,498 - DEBUG - fx_L1_mfista- itercount: 121, L: 4.207700e+04, eta:1.050000e+00
2020-06-11 17:37:38,516 - DEBUG - fx_L1_mfista- itercount: 122, L: 4.007333e+04, eta:1.050000e+00
2020-06-11 17:37:38,534 - DEBUG - fx_L1_mfista- itercount: 123, L: 3.816508e+04, eta:1.050000e+00
2020-06-11 17:37:38,542 - DEBUG - fx_L1_mfista- itercount: 123, L: 4.007333e+04, eta:1.050000e+00
2020-06-11 17:37:38,548 - DEBUG - fx_L1_mfista- itercount: 123, L: 4.207700e+04, eta:1.050000e+00
2020-06-11 17:37:38,562 - DEBUG - fx_L1_mfista- itercount: 124, L: 4.007333e+04, eta:1.050000e+00
2020-06-11 17:37:38,568 - DEBUG - fx_L1_mfista- itercount: 124, L: 4.207700e+04, eta:1.050000e+00
2020-06-11 17:37:38,583 - DEBUG - fx_L1_mfista- itercount: 125, L: 4.007333e+04, eta:1.050000e+00
2020-06-11 17:37:38,589 - DEBUG - fx_L1_mfista- itercount: 125, L: 4.207700e+04, eta:1.050000e+00
2020-06-11 17:37:38,603 - DEBUG - fx_L1_mfista- itercount: 126, L: 4.007333e+04, eta:1.050000e+00
2020-06-11 17:37:38,609 - DEBUG - fx_L1_mfista- itercount: 126, L: 4.207700e+04, eta:1.050000e+00
2020-06-11 17:37:38,623 - DEBUG - fx_L1_mfista- itercount: 127, L: 4.007333e+04, eta:1.050000e+00
2020-06-11 17:37:38,638 - DEBUG - fx_L1_mfista- itercount: 128, L: 3.816508e+04, eta:1.050000e+00
2020-06-11 17:37:38,643 - DEBUG - fx_L1_mfista- itercount: 128, L: 4.007333e+04, eta:1.050000e+00
2020-06-11 17:37:38,649 - DEBUG - fx_L1_mfista- itercount: 128, L: 4.207700e+04, eta:1.050000e+00
2020-06-11 17:37:38,655 - DEBUG - fx_L1_mfista- itercount: 128, L: 4.418085e+04, eta:1.050000e+00
2020-06-11 17:37:38,670 - DEBUG - fx_L1_mfista- itercount: 129, L: 4.207700e+04, eta:1.050000e+00
2020-06-11 17:37:38,685 - DEBUG - fx_L1_mfista- itercount: 130, L: 4.007333e+04, eta:1.050000e+00
2020-06-11 17:37:38,699 - DEBUG - fx_L1_mfista- itercount: 131, L: 3.816508e+04, eta:1.050000e+00
2020-06-11 17:37:38,705 - DEBUG - fx_L1_mfista- itercount: 131, L: 4.007333e+04, eta:1.050000e+00
2020-06-11 17:37:38,711 - DEBUG - fx_L1_mfista- itercount: 131, L: 4.207700e+04, eta:1.050000e+00
2020-06-11 17:37:38,726 - DEBUG - fx_L1_mfista- itercount: 132, L: 4.007333e+04, eta:1.050000e+00
2020-06-11 17:37:38,732 - DEBUG - fx_L1_mfista- itercount: 132, L: 4.207700e+04, eta:1.050000e+00
2020-06-11 17:37:38,746 - DEBUG - fx_L1_mfista- itercount: 133, L: 4.007333e+04, eta:1.050000e+00
2020-06-11 17:37:38,752 - DEBUG - fx_L1_mfista- itercount: 133, L: 4.207700e+04, eta:1.050000e+00
2020-06-11 17:37:38,766 - DEBUG - fx_L1_mfista- itercount: 134, L: 4.007333e+04, eta:1.050000e+00
2020-06-11 17:37:38,780 - DEBUG - fx_L1_mfista- itercount: 135, L: 3.816508e+04, eta:1.050000e+00
2020-06-11 17:37:38,785 - DEBUG - fx_L1_mfista- itercount: 135, L: 4.007333e+04, eta:1.050000e+00
2020-06-11 17:37:38,792 - DEBUG - fx_L1_mfista- itercount: 135, L: 4.207700e+04, eta:1.050000e+00
2020-06-11 17:37:38,806 - DEBUG - fx_L1_mfista- itercount: 136, L: 4.007333e+04, eta:1.050000e+00
2020-06-11 17:37:38,820 - DEBUG - fx_L1_mfista- itercount: 137, L: 3.816508e+04, eta:1.050000e+00
2020-06-11 17:37:38,826 - DEBUG - fx_L1_mfista- itercount: 137, L: 4.007333e+04, eta:1.050000e+00
2020-06-11 17:37:38,832 - DEBUG - fx_L1_mfista- itercount: 137, L: 4.207700e+04, eta:1.050000e+00
2020-06-11 17:37:38,847 - DEBUG - fx_L1_mfista- itercount: 138, L: 4.007333e+04, eta:1.050000e+00
2020-06-11 17:37:38,853 - DEBUG - fx_L1_mfista- itercount: 138, L: 4.207700e+04, eta:1.050000e+00
2020-06-11 17:37:38,868 - DEBUG - fx_L1_mfista- itercount: 139, L: 4.007333e+04, eta:1.050000e+00
2020-06-11 17:37:38,882 - DEBUG - fx_L1_mfista- itercount: 140, L: 3.816508e+04, eta:1.050000e+00
2020-06-11 17:37:38,888 - DEBUG - fx_L1_mfista- itercount: 140, L: 4.007333e+04, eta:1.050000e+00
2020-06-11 17:37:38,893 - DEBUG - fx_L1_mfista- itercount: 140, L: 4.207700e+04, eta:1.050000e+00
2020-06-11 17:37:38,908 - DEBUG - fx_L1_mfista- itercount: 141, L: 4.007333e+04, eta:1.050000e+00
2020-06-11 17:37:38,914 - DEBUG - fx_L1_mfista- itercount: 141, L: 4.207700e+04, eta:1.050000e+00
2020-06-11 17:37:38,929 - DEBUG - fx_L1_mfista- itercount: 142, L: 4.007333e+04, eta:1.050000e+00
2020-06-11 17:37:38,944 - DEBUG - fx_L1_mfista- itercount: 143, L: 3.816508e+04, eta:1.050000e+00
2020-06-11 17:37:38,949 - DEBUG - fx_L1_mfista- itercount: 143, L: 4.007333e+04, eta:1.050000e+00
2020-06-11 17:37:38,956 - DEBUG - fx_L1_mfista- itercount: 143, L: 4.207700e+04, eta:1.050000e+00
2020-06-11 17:37:38,970 - DEBUG - fx_L1_mfista- itercount: 144, L: 4.007333e+04, eta:1.050000e+00
2020-06-11 17:37:38,976 - DEBUG - fx_L1_mfista- itercount: 144, L: 4.207700e+04, eta:1.050000e+00
2020-06-11 17:37:38,991 - DEBUG - fx_L1_mfista- itercount: 145, L: 4.007333e+04, eta:1.050000e+00
2020-06-11 17:37:39,005 - DEBUG - fx_L1_mfista- itercount: 146, L: 3.816508e+04, eta:1.050000e+00
2020-06-11 17:37:39,011 - DEBUG - fx_L1_mfista- itercount: 146, L: 4.007333e+04, eta:1.050000e+00
2020-06-11 17:37:39,017 - DEBUG - fx_L1_mfista- itercount: 146, L: 4.207700e+04, eta:1.050000e+00
2020-06-11 17:37:39,031 - DEBUG - fx_L1_mfista- itercount: 147, L: 4.007333e+04, eta:1.050000e+00
2020-06-11 17:37:39,037 - DEBUG - fx_L1_mfista- itercount: 147, L: 4.207700e+04, eta:1.050000e+00
2020-06-11 17:37:39,051 - DEBUG - fx_L1_mfista- itercount: 148, L: 4.007333e+04, eta:1.050000e+00
2020-06-11 17:37:39,065 - DEBUG - fx_L1_mfista- itercount: 149, L: 3.816508e+04, eta:1.050000e+00
2020-06-11 17:37:39,071 - DEBUG - fx_L1_mfista- itercount: 149, L: 4.007333e+04, eta:1.050000e+00
2020-06-11 17:37:39,076 - DEBUG - fx_L1_mfista- itercount: 149, L: 4.207700e+04, eta:1.050000e+00
2020-06-11 17:37:39,090 - DEBUG - fx_L1_mfista- iternum:150, L: 4.207700e+04, F_xk: 7.145249e+00, chi:7.438401e+06, reg: 3.798564e+05, rela_err:3.698183e-10
2020-06-11 17:37:39,110 - DEBUG - fx_L1_mfista- itercount: 150, L: 4.007333e+04, eta:1.050000e+00
2020-06-11 17:37:39,120 - DEBUG - fx_L1_mfista- itercount: 150, L: 4.207700e+04, eta:1.050000e+00
2020-06-11 17:37:39,136 - DEBUG - fx_L1_mfista- itercount: 151, L: 4.007333e+04, eta:1.050000e+00
2020-06-11 17:37:39,151 - DEBUG - fx_L1_mfista- itercount: 152, L: 3.816508e+04, eta:1.050000e+00
2020-06-11 17:37:39,157 - DEBUG - fx_L1_mfista- itercount: 152, L: 4.007333e+04, eta:1.050000e+00
2020-06-11 17:37:39,163 - DEBUG - fx_L1_mfista- itercount: 152, L: 4.207700e+04, eta:1.050000e+00
2020-06-11 17:37:39,181 - DEBUG - fx_L1_mfista- itercount: 153, L: 4.007333e+04, eta:1.050000e+00
2020-06-11 17:37:39,187 - DEBUG - fx_L1_mfista- itercount: 153, L: 4.207700e+04, eta:1.050000e+00
2020-06-11 17:37:39,205 - DEBUG - fx_L1_mfista- itercount: 154, L: 4.007333e+04, eta:1.050000e+00
2020-06-11 17:37:39,219 - DEBUG - fx_L1_mfista- itercount: 155, L: 3.816508e+04, eta:1.050000e+00
2020-06-11 17:37:39,225 - DEBUG - fx_L1_mfista- itercount: 155, L: 4.007333e+04, eta:1.050000e+00
2020-06-11 17:37:39,231 - DEBUG - fx_L1_mfista- itercount: 155, L: 4.207700e+04, eta:1.050000e+00
2020-06-11 17:37:39,246 - DEBUG - fx_L1_mfista- itercount: 156, L: 4.007333e+04, eta:1.050000e+00
2020-06-11 17:37:39,254 - DEBUG - fx_L1_mfista- itercount: 156, L: 4.207700e+04, eta:1.050000e+00
2020-06-11 17:37:39,268 - DEBUG - fx_L1_mfista- itercount: 157, L: 4.007333e+04, eta:1.050000e+00
2020-06-11 17:37:39,283 - DEBUG - fx_L1_mfista- itercount: 158, L: 3.816508e+04, eta:1.050000e+00
2020-06-11 17:37:39,290 - DEBUG - fx_L1_mfista- itercount: 158, L: 4.007333e+04, eta:1.050000e+00
2020-06-11 17:37:39,296 - DEBUG - fx_L1_mfista- itercount: 158, L: 4.207700e+04, eta:1.050000e+00
2020-06-11 17:37:39,312 - DEBUG - fx_L1_mfista- itercount: 159, L: 4.007333e+04, eta:1.050000e+00
2020-06-11 17:37:39,318 - DEBUG - fx_L1_mfista- itercount: 159, L: 4.207700e+04, eta:1.050000e+00
2020-06-11 17:37:39,334 - DEBUG - fx_L1_mfista- itercount: 160, L: 4.007333e+04, eta:1.050000e+00
2020-06-11 17:37:39,342 - DEBUG - fx_L1_mfista- itercount: 160, L: 4.207700e+04, eta:1.050000e+00
2020-06-11 17:37:39,357 - DEBUG - fx_L1_mfista- itercount: 161, L: 4.007333e+04, eta:1.050000e+00
2020-06-11 17:37:39,374 - DEBUG - fx_L1_mfista- itercount: 162, L: 3.816508e+04, eta:1.050000e+00
2020-06-11 17:37:39,381 - DEBUG - fx_L1_mfista- itercount: 162, L: 4.007333e+04, eta:1.050000e+00
2020-06-11 17:37:39,388 - DEBUG - fx_L1_mfista- itercount: 162, L: 4.207700e+04, eta:1.050000e+00
2020-06-11 17:37:39,403 - DEBUG - fx_L1_mfista- itercount: 163, L: 4.007333e+04, eta:1.050000e+00
2020-06-11 17:37:39,408 - DEBUG - fx_L1_mfista- itercount: 163, L: 4.207700e+04, eta:1.050000e+00
2020-06-11 17:37:39,427 - DEBUG - fx_L1_mfista- itercount: 164, L: 4.007333e+04, eta:1.050000e+00
2020-06-11 17:37:39,433 - DEBUG - fx_L1_mfista- itercount: 164, L: 4.207700e+04, eta:1.050000e+00
2020-06-11 17:37:39,448 - DEBUG - fx_L1_mfista- itercount: 165, L: 4.007333e+04, eta:1.050000e+00
2020-06-11 17:37:39,463 - DEBUG - fx_L1_mfista- itercount: 166, L: 3.816508e+04, eta:1.050000e+00
2020-06-11 17:37:39,470 - DEBUG - fx_L1_mfista- itercount: 166, L: 4.007333e+04, eta:1.050000e+00
2020-06-11 17:37:39,476 - DEBUG - fx_L1_mfista- itercount: 166, L: 4.207700e+04, eta:1.050000e+00
2020-06-11 17:37:39,493 - DEBUG - fx_L1_mfista- itercount: 167, L: 4.007333e+04, eta:1.050000e+00
2020-06-11 17:37:39,499 - DEBUG - fx_L1_mfista- itercount: 167, L: 4.207700e+04, eta:1.050000e+00
2020-06-11 17:37:39,515 - DEBUG - fx_L1_mfista- itercount: 168, L: 4.007333e+04, eta:1.050000e+00
2020-06-11 17:37:39,523 - DEBUG - fx_L1_mfista- itercount: 168, L: 4.207700e+04, eta:1.050000e+00
2020-06-11 17:37:39,538 - DEBUG - fx_L1_mfista- itercount: 169, L: 4.007333e+04, eta:1.050000e+00
2020-06-11 17:37:39,555 - DEBUG - fx_L1_mfista- itercount: 170, L: 3.816508e+04, eta:1.050000e+00
2020-06-11 17:37:39,561 - DEBUG - fx_L1_mfista- itercount: 170, L: 4.007333e+04, eta:1.050000e+00
2020-06-11 17:37:39,567 - DEBUG - fx_L1_mfista- itercount: 170, L: 4.207700e+04, eta:1.050000e+00
2020-06-11 17:37:39,575 - DEBUG - fx_L1_mfista- itercount: 170, L: 4.418085e+04, eta:1.050000e+00
2020-06-11 17:37:39,589 - DEBUG - fx_L1_mfista- itercount: 171, L: 4.207700e+04, eta:1.050000e+00
2020-06-11 17:37:39,608 - DEBUG - fx_L1_mfista- itercount: 172, L: 4.007333e+04, eta:1.050000e+00
2020-06-11 17:37:39,622 - DEBUG - fx_L1_mfista- itercount: 173, L: 3.816508e+04, eta:1.050000e+00
2020-06-11 17:37:39,628 - DEBUG - fx_L1_mfista- itercount: 173, L: 4.007333e+04, eta:1.050000e+00
2020-06-11 17:37:39,644 - DEBUG - fx_L1_mfista- itercount: 174, L: 3.816508e+04, eta:1.050000e+00
2020-06-11 17:37:39,651 - DEBUG - fx_L1_mfista- itercount: 174, L: 4.007333e+04, eta:1.050000e+00
2020-06-11 17:37:39,658 - DEBUG - fx_L1_mfista- itercount: 174, L: 4.207700e+04, eta:1.050000e+00
2020-06-11 17:37:39,673 - DEBUG - fx_L1_mfista- itercount: 175, L: 4.007333e+04, eta:1.050000e+00
2020-06-11 17:37:39,682 - DEBUG - fx_L1_mfista- itercount: 175, L: 4.207700e+04, eta:1.050000e+00
2020-06-11 17:37:39,698 - DEBUG - fx_L1_mfista- itercount: 176, L: 4.007333e+04, eta:1.050000e+00
2020-06-11 17:37:39,705 - DEBUG - fx_L1_mfista- itercount: 176, L: 4.207700e+04, eta:1.050000e+00
2020-06-11 17:37:39,719 - DEBUG - fx_L1_mfista- itercount: 177, L: 4.007333e+04, eta:1.050000e+00
2020-06-11 17:37:39,738 - DEBUG - fx_L1_mfista- itercount: 178, L: 3.816508e+04, eta:1.050000e+00
2020-06-11 17:37:39,743 - DEBUG - fx_L1_mfista- itercount: 178, L: 4.007333e+04, eta:1.050000e+00
2020-06-11 17:37:39,749 - DEBUG - fx_L1_mfista- itercount: 178, L: 4.207700e+04, eta:1.050000e+00
2020-06-11 17:37:39,763 - DEBUG - fx_L1_mfista- itercount: 179, L: 4.007333e+04, eta:1.050000e+00
2020-06-11 17:37:39,769 - DEBUG - fx_L1_mfista- itercount: 179, L: 4.207700e+04, eta:1.050000e+00
2020-06-11 17:37:39,785 - DEBUG - fx_L1_mfista- itercount: 180, L: 4.007333e+04, eta:1.050000e+00
2020-06-11 17:37:39,801 - DEBUG - fx_L1_mfista- itercount: 181, L: 3.816508e+04, eta:1.050000e+00
2020-06-11 17:37:39,807 - DEBUG - fx_L1_mfista- itercount: 181, L: 4.007333e+04, eta:1.050000e+00
2020-06-11 17:37:39,813 - DEBUG - fx_L1_mfista- itercount: 181, L: 4.207700e+04, eta:1.050000e+00
2020-06-11 17:37:39,819 - DEBUG - fx_L1_mfista- itercount: 181, L: 4.418085e+04, eta:1.050000e+00
2020-06-11 17:37:39,835 - DEBUG - fx_L1_mfista- itercount: 182, L: 4.207700e+04, eta:1.050000e+00
2020-06-11 17:37:39,851 - DEBUG - fx_L1_mfista- itercount: 183, L: 4.007333e+04, eta:1.050000e+00
2020-06-11 17:37:39,865 - DEBUG - fx_L1_mfista- itercount: 184, L: 3.816508e+04, eta:1.050000e+00
2020-06-11 17:37:39,882 - DEBUG - fx_L1_mfista- itercount: 185, L: 3.634769e+04, eta:1.050000e+00
2020-06-11 17:37:39,890 - DEBUG - fx_L1_mfista- itercount: 185, L: 3.816508e+04, eta:1.050000e+00
2020-06-11 17:37:39,896 - DEBUG - fx_L1_mfista- itercount: 185, L: 4.007333e+04, eta:1.050000e+00
2020-06-11 17:37:39,901 - DEBUG - fx_L1_mfista- itercount: 185, L: 4.207700e+04, eta:1.050000e+00
2020-06-11 17:37:39,907 - DEBUG - fx_L1_mfista- itercount: 185, L: 4.418085e+04, eta:1.050000e+00
2020-06-11 17:37:39,922 - DEBUG - fx_L1_mfista- itercount: 186, L: 4.207700e+04, eta:1.050000e+00
2020-06-11 17:37:39,940 - DEBUG - fx_L1_mfista- itercount: 187, L: 4.007333e+04, eta:1.050000e+00
2020-06-11 17:37:39,954 - DEBUG - fx_L1_mfista- itercount: 188, L: 3.816508e+04, eta:1.050000e+00
2020-06-11 17:37:39,961 - DEBUG - fx_L1_mfista- itercount: 188, L: 4.007333e+04, eta:1.050000e+00
2020-06-11 17:37:39,968 - DEBUG - fx_L1_mfista- itercount: 188, L: 4.207700e+04, eta:1.050000e+00
2020-06-11 17:37:39,984 - DEBUG - fx_L1_mfista- itercount: 189, L: 4.007333e+04, eta:1.050000e+00
2020-06-11 17:37:39,989 - DEBUG - fx_L1_mfista- itercount: 189, L: 4.207700e+04, eta:1.050000e+00
2020-06-11 17:37:40,006 - DEBUG - fx_L1_mfista- itercount: 190, L: 4.007333e+04, eta:1.050000e+00
2020-06-11 17:37:40,022 - DEBUG - fx_L1_mfista- itercount: 191, L: 3.816508e+04, eta:1.050000e+00
2020-06-11 17:37:40,028 - DEBUG - fx_L1_mfista- itercount: 191, L: 4.007333e+04, eta:1.050000e+00
2020-06-11 17:37:40,034 - DEBUG - fx_L1_mfista- itercount: 191, L: 4.207700e+04, eta:1.050000e+00
2020-06-11 17:37:40,050 - DEBUG - fx_L1_mfista- itercount: 192, L: 4.007333e+04, eta:1.050000e+00
2020-06-11 17:37:40,057 - DEBUG - fx_L1_mfista- itercount: 192, L: 4.207700e+04, eta:1.050000e+00
2020-06-11 17:37:40,071 - DEBUG - fx_L1_mfista- itercount: 193, L: 4.007333e+04, eta:1.050000e+00
2020-06-11 17:37:40,087 - DEBUG - fx_L1_mfista- itercount: 194, L: 3.816508e+04, eta:1.050000e+00
2020-06-11 17:37:40,094 - DEBUG - fx_L1_mfista- itercount: 194, L: 4.007333e+04, eta:1.050000e+00
2020-06-11 17:37:40,100 - DEBUG - fx_L1_mfista- itercount: 194, L: 4.207700e+04, eta:1.050000e+00
2020-06-11 17:37:40,116 - DEBUG - fx_L1_mfista- itercount: 195, L: 4.007333e+04, eta:1.050000e+00
2020-06-11 17:37:40,122 - DEBUG - fx_L1_mfista- itercount: 195, L: 4.207700e+04, eta:1.050000e+00
2020-06-11 17:37:40,138 - DEBUG - fx_L1_mfista- itercount: 196, L: 4.007333e+04, eta:1.050000e+00
2020-06-11 17:37:40,154 - DEBUG - fx_L1_mfista- itercount: 197, L: 3.816508e+04, eta:1.050000e+00
2020-06-11 17:37:40,160 - DEBUG - fx_L1_mfista- itercount: 197, L: 4.007333e+04, eta:1.050000e+00
2020-06-11 17:37:40,166 - DEBUG - fx_L1_mfista- itercount: 197, L: 4.207700e+04, eta:1.050000e+00
2020-06-11 17:37:40,184 - DEBUG - fx_L1_mfista- itercount: 198, L: 4.007333e+04, eta:1.050000e+00
2020-06-11 17:37:40,191 - DEBUG - fx_L1_mfista- itercount: 198, L: 4.207700e+04, eta:1.050000e+00
2020-06-11 17:37:40,204 - DEBUG - fx_L1_mfista- itercount: 199, L: 4.007333e+04, eta:1.050000e+00
2020-06-11 17:37:40,217 - DEBUG - fx_L1_mfista- iternum:200, L: 4.007333e+04, F_xk: 7.145248e+00, chi:7.438380e+06, reg: 3.807192e+05, rela_err:9.327166e-11
2020-06-11 17:37:40,235 - DEBUG - fx_L1_mfista- itercount: 200, L: 3.816508e+04, eta:1.050000e+00
2020-06-11 17:37:40,241 - DEBUG - fx_L1_mfista- itercount: 200, L: 4.007333e+04, eta:1.050000e+00
2020-06-11 17:37:40,247 - DEBUG - fx_L1_mfista- itercount: 200, L: 4.207700e+04, eta:1.050000e+00
2020-06-11 17:37:40,261 - DEBUG - fx_L1_mfista- itercount: 201, L: 4.007333e+04, eta:1.050000e+00
2020-06-11 17:37:40,267 - DEBUG - fx_L1_mfista- itercount: 201, L: 4.207700e+04, eta:1.050000e+00
2020-06-11 17:37:40,286 - DEBUG - fx_L1_mfista- itercount: 202, L: 4.007333e+04, eta:1.050000e+00
2020-06-11 17:37:40,301 - DEBUG - fx_L1_mfista- itercount: 203, L: 3.816508e+04, eta:1.050000e+00
2020-06-11 17:37:40,307 - DEBUG - fx_L1_mfista- itercount: 203, L: 4.007333e+04, eta:1.050000e+00
2020-06-11 17:37:40,313 - DEBUG - fx_L1_mfista- itercount: 203, L: 4.207700e+04, eta:1.050000e+00
2020-06-11 17:37:40,329 - DEBUG - fx_L1_mfista- itercount: 204, L: 4.007333e+04, eta:1.050000e+00
2020-06-11 17:37:40,336 - DEBUG - fx_L1_mfista- itercount: 204, L: 4.207700e+04, eta:1.050000e+00
2020-06-11 17:37:40,350 - DEBUG - fx_L1_mfista- itercount: 205, L: 4.007333e+04, eta:1.050000e+00
2020-06-11 17:37:40,366 - DEBUG - fx_L1_mfista- itercount: 206, L: 3.816508e+04, eta:1.050000e+00
2020-06-11 17:37:40,373 - DEBUG - fx_L1_mfista- itercount: 206, L: 4.007333e+04, eta:1.050000e+00
2020-06-11 17:37:40,379 - DEBUG - fx_L1_mfista- itercount: 206, L: 4.207700e+04, eta:1.050000e+00
2020-06-11 17:37:40,395 - DEBUG - fx_L1_mfista- itercount: 207, L: 4.007333e+04, eta:1.050000e+00
2020-06-11 17:37:40,401 - DEBUG - fx_L1_mfista- itercount: 207, L: 4.207700e+04, eta:1.050000e+00
2020-06-11 17:37:40,420 - DEBUG - fx_L1_mfista- itercount: 208, L: 4.007333e+04, eta:1.050000e+00
2020-06-11 17:37:40,435 - DEBUG - fx_L1_mfista- itercount: 209, L: 3.816508e+04, eta:1.050000e+00
2020-06-11 17:37:40,441 - DEBUG - fx_L1_mfista- itercount: 209, L: 4.007333e+04, eta:1.050000e+00
2020-06-11 17:37:40,447 - DEBUG - fx_L1_mfista- itercount: 209, L: 4.207700e+04, eta:1.050000e+00
2020-06-11 17:37:40,462 - DEBUG - fx_L1_mfista- itercount: 210, L: 4.007333e+04, eta:1.050000e+00
2020-06-11 17:37:40,470 - DEBUG - fx_L1_mfista- itercount: 210, L: 4.207700e+04, eta:1.050000e+00
2020-06-11 17:37:40,484 - DEBUG - fx_L1_mfista- itercount: 211, L: 4.007333e+04, eta:1.050000e+00
2020-06-11 17:37:40,499 - DEBUG - fx_L1_mfista- itercount: 212, L: 3.816508e+04, eta:1.050000e+00
2020-06-11 17:37:40,506 - DEBUG - fx_L1_mfista- itercount: 212, L: 4.007333e+04, eta:1.050000e+00
2020-06-11 17:37:40,512 - DEBUG - fx_L1_mfista- itercount: 212, L: 4.207700e+04, eta:1.050000e+00
2020-06-11 17:37:40,529 - DEBUG - fx_L1_mfista- itercount: 213, L: 4.007333e+04, eta:1.050000e+00
2020-06-11 17:37:40,542 - DEBUG - fx_L1_mfista- itercount: 213, L: 4.207700e+04, eta:1.050000e+00
2020-06-11 17:37:40,561 - DEBUG - fx_L1_mfista- itercount: 214, L: 4.007333e+04, eta:1.050000e+00
2020-06-11 17:37:40,575 - DEBUG - fx_L1_mfista- itercount: 215, L: 3.816508e+04, eta:1.050000e+00
2020-06-11 17:37:40,581 - DEBUG - fx_L1_mfista- itercount: 215, L: 4.007333e+04, eta:1.050000e+00
2020-06-11 17:37:40,587 - DEBUG - fx_L1_mfista- itercount: 215, L: 4.207700e+04, eta:1.050000e+00
2020-06-11 17:37:40,601 - DEBUG - fx_L1_mfista- itercount: 216, L: 4.007333e+04, eta:1.050000e+00
2020-06-11 17:37:40,607 - DEBUG - fx_L1_mfista- itercount: 216, L: 4.207700e+04, eta:1.050000e+00
2020-06-11 17:37:40,624 - DEBUG - fx_L1_mfista- itercount: 217, L: 4.007333e+04, eta:1.050000e+00
2020-06-11 17:37:40,640 - DEBUG - fx_L1_mfista- itercount: 218, L: 3.816508e+04, eta:1.050000e+00
2020-06-11 17:37:40,648 - DEBUG - fx_L1_mfista- itercount: 218, L: 4.007333e+04, eta:1.050000e+00
2020-06-11 17:37:40,653 - DEBUG - fx_L1_mfista- itercount: 218, L: 4.207700e+04, eta:1.050000e+00
2020-06-11 17:37:40,669 - DEBUG - fx_L1_mfista- itercount: 219, L: 4.007333e+04, eta:1.050000e+00
2020-06-11 17:37:40,683 - DEBUG - fx_L1_mfista- itercount: 219, L: 4.207700e+04, eta:1.050000e+00
2020-06-11 17:37:40,699 - DEBUG - fx_L1_mfista- itercount: 220, L: 4.007333e+04, eta:1.050000e+00
2020-06-11 17:37:40,713 - DEBUG - fx_L1_mfista- itercount: 221, L: 3.816508e+04, eta:1.050000e+00
2020-06-11 17:37:40,720 - DEBUG - fx_L1_mfista- itercount: 221, L: 4.007333e+04, eta:1.050000e+00
2020-06-11 17:37:40,726 - DEBUG - fx_L1_mfista- itercount: 221, L: 4.207700e+04, eta:1.050000e+00
2020-06-11 17:37:40,740 - DEBUG - fx_L1_mfista- itercount: 222, L: 4.007333e+04, eta:1.050000e+00
2020-06-11 17:37:40,745 - DEBUG - fx_L1_mfista- itercount: 222, L: 4.207700e+04, eta:1.050000e+00
2020-06-11 17:37:40,760 - DEBUG - fx_L1_mfista- itercount: 223, L: 4.007333e+04, eta:1.050000e+00
2020-06-11 17:37:40,775 - DEBUG - fx_L1_mfista- itercount: 224, L: 3.816508e+04, eta:1.050000e+00
2020-06-11 17:37:40,782 - DEBUG - fx_L1_mfista- itercount: 224, L: 4.007333e+04, eta:1.050000e+00
2020-06-11 17:37:40,787 - DEBUG - fx_L1_mfista- itercount: 224, L: 4.207700e+04, eta:1.050000e+00
2020-06-11 17:37:40,801 - DEBUG - fx_L1_mfista- itercount: 225, L: 4.007333e+04, eta:1.050000e+00
2020-06-11 17:37:40,807 - DEBUG - fx_L1_mfista- itercount: 225, L: 4.207700e+04, eta:1.050000e+00
2020-06-11 17:37:40,822 - DEBUG - fx_L1_mfista- itercount: 226, L: 4.007333e+04, eta:1.050000e+00
2020-06-11 17:37:40,835 - DEBUG - fx_L1_mfista- itercount: 227, L: 3.816508e+04, eta:1.050000e+00
2020-06-11 17:37:40,842 - DEBUG - fx_L1_mfista- itercount: 227, L: 4.007333e+04, eta:1.050000e+00
2020-06-11 17:37:40,847 - DEBUG - fx_L1_mfista- itercount: 227, L: 4.207700e+04, eta:1.050000e+00
2020-06-11 17:37:40,853 - DEBUG - fx_L1_mfista- itercount: 227, L: 4.418085e+04, eta:1.050000e+00
2020-06-11 17:37:40,867 - DEBUG - fx_L1_mfista- itercount: 228, L: 4.207700e+04, eta:1.050000e+00
2020-06-11 17:37:40,882 - DEBUG - fx_L1_mfista- itercount: 229, L: 4.007333e+04, eta:1.050000e+00
2020-06-11 17:37:40,896 - DEBUG - fx_L1_mfista- itercount: 230, L: 3.816508e+04, eta:1.050000e+00
2020-06-11 17:37:40,903 - DEBUG - fx_L1_mfista- itercount: 230, L: 4.007333e+04, eta:1.050000e+00
2020-06-11 17:37:40,917 - DEBUG - fx_L1_mfista- itercount: 231, L: 3.816508e+04, eta:1.050000e+00
2020-06-11 17:37:40,923 - DEBUG - fx_L1_mfista- itercount: 231, L: 4.007333e+04, eta:1.050000e+00
2020-06-11 17:37:40,930 - DEBUG - fx_L1_mfista- itercount: 231, L: 4.207700e+04, eta:1.050000e+00
2020-06-11 17:37:40,944 - DEBUG - fx_L1_mfista- itercount: 232, L: 4.007333e+04, eta:1.050000e+00
2020-06-11 17:37:40,950 - DEBUG - fx_L1_mfista- itercount: 232, L: 4.207700e+04, eta:1.050000e+00
2020-06-11 17:37:40,965 - DEBUG - fx_L1_mfista- itercount: 233, L: 4.007333e+04, eta:1.050000e+00
2020-06-11 17:37:40,971 - DEBUG - fx_L1_mfista- itercount: 233, L: 4.207700e+04, eta:1.050000e+00
2020-06-11 17:37:40,985 - DEBUG - fx_L1_mfista- itercount: 234, L: 4.007333e+04, eta:1.050000e+00
2020-06-11 17:37:40,999 - DEBUG - fx_L1_mfista- itercount: 235, L: 3.816508e+04, eta:1.050000e+00
2020-06-11 17:37:41,005 - DEBUG - fx_L1_mfista- itercount: 235, L: 4.007333e+04, eta:1.050000e+00
2020-06-11 17:37:41,011 - DEBUG - fx_L1_mfista- itercount: 235, L: 4.207700e+04, eta:1.050000e+00
2020-06-11 17:37:41,026 - DEBUG - fx_L1_mfista- itercount: 236, L: 4.007333e+04, eta:1.050000e+00
2020-06-11 17:37:41,032 - DEBUG - fx_L1_mfista- itercount: 236, L: 4.207700e+04, eta:1.050000e+00
2020-06-11 17:37:41,047 - DEBUG - fx_L1_mfista- itercount: 237, L: 4.007333e+04, eta:1.050000e+00
2020-06-11 17:37:41,053 - DEBUG - fx_L1_mfista- itercount: 237, L: 4.207700e+04, eta:1.050000e+00
2020-06-11 17:37:41,067 - DEBUG - fx_L1_mfista- itercount: 238, L: 4.007333e+04, eta:1.050000e+00
2020-06-11 17:37:41,073 - DEBUG - fx_L1_mfista- itercount: 238, L: 4.207700e+04, eta:1.050000e+00
2020-06-11 17:37:41,087 - DEBUG - fx_L1_mfista- itercount: 239, L: 4.007333e+04, eta:1.050000e+00
2020-06-11 17:37:41,102 - DEBUG - fx_L1_mfista- itercount: 240, L: 3.816508e+04, eta:1.050000e+00
2020-06-11 17:37:41,108 - DEBUG - fx_L1_mfista- itercount: 240, L: 4.007333e+04, eta:1.050000e+00
2020-06-11 17:37:41,113 - DEBUG - fx_L1_mfista- itercount: 240, L: 4.207700e+04, eta:1.050000e+00
2020-06-11 17:37:41,128 - DEBUG - fx_L1_mfista- itercount: 241, L: 4.007333e+04, eta:1.050000e+00
2020-06-11 17:37:41,134 - DEBUG - fx_L1_mfista- itercount: 241, L: 4.207700e+04, eta:1.050000e+00
2020-06-11 17:37:41,148 - DEBUG - fx_L1_mfista- itercount: 242, L: 4.007333e+04, eta:1.050000e+00
2020-06-11 17:37:41,162 - DEBUG - fx_L1_mfista- itercount: 243, L: 3.816508e+04, eta:1.050000e+00
2020-06-11 17:37:41,169 - DEBUG - fx_L1_mfista- itercount: 243, L: 4.007333e+04, eta:1.050000e+00
2020-06-11 17:37:41,174 - DEBUG - fx_L1_mfista- itercount: 243, L: 4.207700e+04, eta:1.050000e+00
2020-06-11 17:37:41,190 - DEBUG - fx_L1_mfista- itercount: 244, L: 4.007333e+04, eta:1.050000e+00
2020-06-11 17:37:41,195 - DEBUG - fx_L1_mfista- itercount: 244, L: 4.207700e+04, eta:1.050000e+00
2020-06-11 17:37:41,210 - DEBUG - fx_L1_mfista- itercount: 245, L: 4.007333e+04, eta:1.050000e+00
2020-06-11 17:37:41,225 - DEBUG - fx_L1_mfista- itercount: 246, L: 3.816508e+04, eta:1.050000e+00
2020-06-11 17:37:41,230 - DEBUG - fx_L1_mfista- itercount: 246, L: 4.007333e+04, eta:1.050000e+00
2020-06-11 17:37:41,236 - DEBUG - fx_L1_mfista- itercount: 246, L: 4.207700e+04, eta:1.050000e+00
2020-06-11 17:37:41,251 - DEBUG - fx_L1_mfista- itercount: 247, L: 4.007333e+04, eta:1.050000e+00
2020-06-11 17:37:41,257 - DEBUG - fx_L1_mfista- itercount: 247, L: 4.207700e+04, eta:1.050000e+00
2020-06-11 17:37:41,271 - DEBUG - fx_L1_mfista- itercount: 248, L: 4.007333e+04, eta:1.050000e+00
2020-06-11 17:37:41,286 - DEBUG - fx_L1_mfista- itercount: 249, L: 3.816508e+04, eta:1.050000e+00
2020-06-11 17:37:41,299 - DEBUG - fx_L1_mfista- iternum:250, L: 3.816508e+04, F_xk: 7.145248e+00, chi:7.438380e+06, reg: 3.805144e+05, rela_err:0.000000e+00
2020-06-11 17:37:41,317 - DEBUG - fx_L1_mfista- itercount: 250, L: 3.634769e+04, eta:1.050000e+00
2020-06-11 17:37:41,417 - INFO - fx_L1_mfista- end; fitting. iternum:250, relative dif of F: 1.850590e-11
2020-06-11 17:37:43,512 - INFO - plots_comp- 0 model, rms:2.174535e+01
2020-06-11 17:37:43,545 - INFO - plots_comp- 1 model, rms:2.001908e+01
2020-06-11 17:37:43,584 - INFO - plots_comp- 2 model, rms:1.849508e+01
2020-06-11 17:37:43,621 - INFO - plots_comp- 3 model, rms:2.126793e+01
2020-06-11 17:37:43,707 - INFO - plots_comp- 4 model, rms:7.870870e+00
2020-06-11 17:37:43,745 - INFO - plots_comp- 5 model, rms:0.000000e+00
