2020-06-05 15:36:33,742 - INFO - <module>- Main part starts
2020-06-05 15:36:38,780 - INFO - only_fx_mfista- end; fitting. iternum:100, relative dif of F: 1.306748e-16
2020-06-05 15:36:42,963 - INFO - only_fx_mfista- end; fitting. iternum:100, relative dif of F: 2.613495e-15
2020-06-05 15:36:47,109 - INFO - only_fx_mfista- end; fitting. iternum:100, relative dif of F: 2.247601e-13
2020-06-05 15:36:51,312 - INFO - only_fx_mfista- end; fitting. iternum:100, relative dif of F: 1.626872e-11
2020-06-05 15:36:55,630 - INFO - only_fx_mfista- end; fitting. iternum:100, relative dif of F: 6.939549e-10
2020-06-05 15:36:59,912 - INFO - only_fx_mfista- end; fitting. iternum:100, relative dif of F: 1.178608e-08
2020-06-05 15:37:04,194 - INFO - only_fx_mfista- end; fitting. iternum:100, relative dif of F: 1.160990e-09
2020-06-05 15:37:36,667 - ERROR - only_fx_mfista- Too large L!! Change l1 or l2 values!!
2020-06-05 15:37:36,667 - INFO - only_fx_mfista- end fitting: itercount: 52
2020-06-05 15:37:40,151 - INFO - plots_comp- 0 model, rms:1.704571e+01
2020-06-05 15:37:40,187 - INFO - plots_comp- 1 model, rms:1.704571e+01
2020-06-05 15:37:40,219 - INFO - plots_comp- 2 model, rms:1.704567e+01
2020-06-05 15:37:40,252 - INFO - plots_comp- 3 model, rms:1.704534e+01
2020-06-05 15:37:40,283 - INFO - plots_comp- 4 model, rms:1.704281e+01
2020-06-05 15:37:40,316 - INFO - plots_comp- 5 model, rms:1.702519e+01
2020-06-05 15:37:40,349 - INFO - plots_comp- 6 model, rms:1.689644e+01
2020-06-05 15:37:40,442 - INFO - plots_comp- 7 model, rms:1.660339e+01
2020-06-05 15:37:40,475 - INFO - plots_comp- 8 model, rms:1.954752e+01
2020-06-05 15:37:40,509 - INFO - plots_comp- 9 model, rms:2.174266e+01
2020-06-05 15:37:40,541 - INFO - plots_comp- 10 model, rms:0.000000e+00
