2020-06-11 14:56:04,805 - INFO - <module>- Main part starts
2020-06-11 14:56:07,006 - DEBUG - only_fx_mfista- iternum:50, L: 1.055858e+05, F_xk: 7.247593e+00, chi:6.334015e+06, reg: 1.135050e+07, rela_err:6.265965e-11
2020-06-11 14:56:10,743 - DEBUG - only_fx_mfista- iternum:100, L: 8.726096e+04, F_xk: 7.252329e+00, chi:6.322473e+06, reg: 1.149082e+07, rela_err:1.402219e-04
2020-06-11 14:56:11,663 - DEBUG - only_fx_mfista- iternum:150, L: 8.726096e+04, F_xk: 7.247593e+00, chi:6.334014e+06, reg: 1.135050e+07, rela_err:2.947881e-13
2020-06-11 14:56:14,141 - ERROR - only_fx_mfista- Too large L!! Change l1 or l2 values!!
2020-06-11 14:56:14,141 - INFO - only_fx_mfista- end fitting: itercount: 177
2020-06-11 14:56:16,353 - DEBUG - only_fx_mfista- iternum:50, L: 8.726096e+04, F_xk: 6.760349e+00, chi:5.664493e+06, reg: 9.411620e+04, rela_err:2.514484e-06
2020-06-11 14:56:17,538 - DEBUG - only_fx_mfista- iternum:100, L: 1.055858e+05, F_xk: 6.759531e+00, chi:5.664460e+06, reg: 8.360402e+04, rela_err:7.136763e-07
2020-06-11 14:56:18,705 - DEBUG - only_fx_mfista- iternum:150, L: 1.055858e+05, F_xk: 6.759192e+00, chi:5.664448e+06, reg: 7.919172e+04, rela_err:3.895555e-07
2020-06-11 14:56:19,869 - DEBUG - only_fx_mfista- iternum:200, L: 1.055858e+05, F_xk: 6.758996e+00, chi:5.664442e+06, reg: 7.663303e+04, rela_err:2.374123e-07
2020-06-11 14:56:21,017 - DEBUG - only_fx_mfista- iternum:250, L: 9.598706e+04, F_xk: 6.758873e+00, chi:5.664439e+06, reg: 7.501540e+04, rela_err:1.550605e-07
2020-06-11 14:56:22,176 - DEBUG - only_fx_mfista- iternum:300, L: 1.055858e+05, F_xk: 6.758790e+00, chi:5.664437e+06, reg: 7.392976e+04, rela_err:1.061947e-07
2020-06-11 14:56:22,473 - INFO - only_fx_mfista- end; fitting. iternum:307, relative dif of F: 9.996682e-08
2020-06-11 14:56:22,510 - DEBUG - fx_L1_mfista- itercount: 0, L: 9.523810e-05, eta:1.050000e+00
2020-06-11 14:56:22,517 - DEBUG - fx_L1_mfista- itercount: 0, L: 1.000000e-04, eta:1.050000e+00
2020-06-11 14:56:22,524 - DEBUG - fx_L1_mfista- itercount: 0, L: 1.050000e-04, eta:1.050000e+00
2020-06-11 14:56:22,530 - DEBUG - fx_L1_mfista- itercount: 0, L: 1.102500e-04, eta:1.050000e+00
2020-06-11 14:56:22,536 - DEBUG - fx_L1_mfista- itercount: 0, L: 1.157625e-04, eta:1.050000e+00
2020-06-11 14:56:22,542 - DEBUG - fx_L1_mfista- itercount: 0, L: 1.215506e-04, eta:1.050000e+00
2020-06-11 14:56:22,549 - DEBUG - fx_L1_mfista- itercount: 0, L: 1.276282e-04, eta:1.050000e+00
2020-06-11 14:56:22,556 - DEBUG - fx_L1_mfista- itercount: 0, L: 1.340096e-04, eta:1.050000e+00
2020-06-11 14:56:22,562 - DEBUG - fx_L1_mfista- itercount: 0, L: 1.407100e-04, eta:1.050000e+00
2020-06-11 14:56:22,567 - DEBUG - fx_L1_mfista- itercount: 0, L: 1.477455e-04, eta:1.050000e+00
2020-06-11 14:56:22,575 - DEBUG - fx_L1_mfista- itercount: 0, L: 1.551328e-04, eta:1.050000e+00
2020-06-11 14:56:22,581 - DEBUG - fx_L1_mfista- itercount: 0, L: 1.628895e-04, eta:1.050000e+00
2020-06-11 14:56:22,587 - DEBUG - fx_L1_mfista- itercount: 0, L: 1.710339e-04, eta:1.050000e+00
2020-06-11 14:56:22,595 - DEBUG - fx_L1_mfista- itercount: 0, L: 1.795856e-04, eta:1.050000e+00
2020-06-11 14:56:22,600 - DEBUG - fx_L1_mfista- itercount: 0, L: 1.885649e-04, eta:1.050000e+00
2020-06-11 14:56:22,609 - DEBUG - fx_L1_mfista- itercount: 0, L: 1.979932e-04, eta:1.050000e+00
2020-06-11 14:56:22,615 - DEBUG - fx_L1_mfista- itercount: 0, L: 2.078928e-04, eta:1.050000e+00
2020-06-11 14:56:22,620 - DEBUG - fx_L1_mfista- itercount: 0, L: 2.182875e-04, eta:1.050000e+00
2020-06-11 14:56:22,626 - DEBUG - fx_L1_mfista- itercount: 0, L: 2.292018e-04, eta:1.050000e+00
2020-06-11 14:56:22,633 - DEBUG - fx_L1_mfista- itercount: 0, L: 2.406619e-04, eta:1.050000e+00
2020-06-11 14:56:22,640 - DEBUG - fx_L1_mfista- itercount: 0, L: 2.526950e-04, eta:1.050000e+00
2020-06-11 14:56:22,646 - DEBUG - fx_L1_mfista- itercount: 0, L: 2.653298e-04, eta:1.050000e+00
2020-06-11 14:56:22,651 - DEBUG - fx_L1_mfista- itercount: 0, L: 2.785963e-04, eta:1.050000e+00
2020-06-11 14:56:22,659 - DEBUG - fx_L1_mfista- itercount: 0, L: 2.925261e-04, eta:1.050000e+00
2020-06-11 14:56:22,665 - DEBUG - fx_L1_mfista- itercount: 0, L: 3.071524e-04, eta:1.050000e+00
2020-06-11 14:56:22,671 - DEBUG - fx_L1_mfista- itercount: 0, L: 3.225100e-04, eta:1.050000e+00
2020-06-11 14:56:22,679 - DEBUG - fx_L1_mfista- itercount: 0, L: 3.386355e-04, eta:1.050000e+00
2020-06-11 14:56:22,685 - DEBUG - fx_L1_mfista- itercount: 0, L: 3.555673e-04, eta:1.050000e+00
2020-06-11 14:56:22,692 - DEBUG - fx_L1_mfista- itercount: 0, L: 3.733456e-04, eta:1.050000e+00
2020-06-11 14:56:22,698 - DEBUG - fx_L1_mfista- itercount: 0, L: 3.920129e-04, eta:1.050000e+00
2020-06-11 14:56:22,705 - DEBUG - fx_L1_mfista- itercount: 0, L: 4.116136e-04, eta:1.050000e+00
2020-06-11 14:56:22,712 - DEBUG - fx_L1_mfista- itercount: 0, L: 4.321942e-04, eta:1.050000e+00
2020-06-11 14:56:22,719 - DEBUG - fx_L1_mfista- itercount: 0, L: 4.538039e-04, eta:1.050000e+00
2020-06-11 14:56:22,726 - DEBUG - fx_L1_mfista- itercount: 0, L: 4.764941e-04, eta:1.050000e+00
2020-06-11 14:56:22,732 - DEBUG - fx_L1_mfista- itercount: 0, L: 5.003189e-04, eta:1.050000e+00
2020-06-11 14:56:22,738 - DEBUG - fx_L1_mfista- itercount: 0, L: 5.253348e-04, eta:1.050000e+00
2020-06-11 14:56:22,744 - DEBUG - fx_L1_mfista- itercount: 0, L: 5.516015e-04, eta:1.050000e+00
2020-06-11 14:56:22,750 - DEBUG - fx_L1_mfista- itercount: 0, L: 5.791816e-04, eta:1.050000e+00
2020-06-11 14:56:22,757 - DEBUG - fx_L1_mfista- itercount: 0, L: 6.081407e-04, eta:1.050000e+00
2020-06-11 14:56:22,763 - DEBUG - fx_L1_mfista- itercount: 0, L: 6.385477e-04, eta:1.050000e+00
2020-06-11 14:56:22,770 - DEBUG - fx_L1_mfista- itercount: 0, L: 6.704751e-04, eta:1.050000e+00
2020-06-11 14:56:22,777 - DEBUG - fx_L1_mfista- itercount: 0, L: 7.039989e-04, eta:1.050000e+00
2020-06-11 14:56:22,783 - DEBUG - fx_L1_mfista- itercount: 0, L: 7.391988e-04, eta:1.050000e+00
2020-06-11 14:56:22,790 - DEBUG - fx_L1_mfista- itercount: 0, L: 7.761588e-04, eta:1.050000e+00
2020-06-11 14:56:22,798 - DEBUG - fx_L1_mfista- itercount: 0, L: 8.149667e-04, eta:1.050000e+00
2020-06-11 14:56:22,804 - DEBUG - fx_L1_mfista- itercount: 0, L: 8.557150e-04, eta:1.050000e+00
2020-06-11 14:56:22,811 - DEBUG - fx_L1_mfista- itercount: 0, L: 8.985008e-04, eta:1.050000e+00
2020-06-11 14:56:22,817 - DEBUG - fx_L1_mfista- itercount: 0, L: 9.434258e-04, eta:1.050000e+00
2020-06-11 14:56:22,823 - DEBUG - fx_L1_mfista- itercount: 0, L: 9.905971e-04, eta:1.050000e+00
2020-06-11 14:56:22,828 - DEBUG - fx_L1_mfista- itercount: 0, L: 1.040127e-03, eta:1.050000e+00
2020-06-11 14:56:22,835 - DEBUG - fx_L1_mfista- itercount: 0, L: 1.092133e-03, eta:1.050000e+00
2020-06-11 14:56:22,843 - DEBUG - fx_L1_mfista- itercount: 0, L: 1.146740e-03, eta:1.050000e+00
2020-06-11 14:56:22,849 - DEBUG - fx_L1_mfista- itercount: 0, L: 1.204077e-03, eta:1.050000e+00
2020-06-11 14:56:22,855 - DEBUG - fx_L1_mfista- itercount: 0, L: 1.264281e-03, eta:1.050000e+00
2020-06-11 14:56:22,861 - DEBUG - fx_L1_mfista- itercount: 0, L: 1.327495e-03, eta:1.050000e+00
2020-06-11 14:56:22,867 - DEBUG - fx_L1_mfista- itercount: 0, L: 1.393870e-03, eta:1.050000e+00
2020-06-11 14:56:22,873 - DEBUG - fx_L1_mfista- itercount: 0, L: 1.463563e-03, eta:1.050000e+00
2020-06-11 14:56:22,881 - DEBUG - fx_L1_mfista- itercount: 0, L: 1.536741e-03, eta:1.050000e+00
2020-06-11 14:56:22,886 - DEBUG - fx_L1_mfista- itercount: 0, L: 1.613578e-03, eta:1.050000e+00
2020-06-11 14:56:22,894 - DEBUG - fx_L1_mfista- itercount: 0, L: 1.694257e-03, eta:1.050000e+00
2020-06-11 14:56:22,899 - DEBUG - fx_L1_mfista- itercount: 0, L: 1.778970e-03, eta:1.050000e+00
2020-06-11 14:56:22,905 - DEBUG - fx_L1_mfista- itercount: 0, L: 1.867919e-03, eta:1.050000e+00
2020-06-11 14:56:22,912 - DEBUG - fx_L1_mfista- itercount: 0, L: 1.961315e-03, eta:1.050000e+00
2020-06-11 14:56:22,919 - DEBUG - fx_L1_mfista- itercount: 0, L: 2.059380e-03, eta:1.050000e+00
2020-06-11 14:56:22,926 - DEBUG - fx_L1_mfista- itercount: 0, L: 2.162349e-03, eta:1.050000e+00
2020-06-11 14:56:22,932 - DEBUG - fx_L1_mfista- itercount: 0, L: 2.270467e-03, eta:1.050000e+00
2020-06-11 14:56:22,938 - DEBUG - fx_L1_mfista- itercount: 0, L: 2.383990e-03, eta:1.050000e+00
2020-06-11 14:56:22,945 - DEBUG - fx_L1_mfista- itercount: 0, L: 2.503190e-03, eta:1.050000e+00
2020-06-11 14:56:22,952 - DEBUG - fx_L1_mfista- itercount: 0, L: 2.628349e-03, eta:1.050000e+00
2020-06-11 14:56:22,959 - DEBUG - fx_L1_mfista- itercount: 0, L: 2.759766e-03, eta:1.050000e+00
2020-06-11 14:56:22,966 - DEBUG - fx_L1_mfista- itercount: 0, L: 2.897755e-03, eta:1.050000e+00
2020-06-11 14:56:22,972 - DEBUG - fx_L1_mfista- itercount: 0, L: 3.042643e-03, eta:1.050000e+00
2020-06-11 14:56:22,979 - DEBUG - fx_L1_mfista- itercount: 0, L: 3.194775e-03, eta:1.050000e+00
2020-06-11 14:56:22,985 - DEBUG - fx_L1_mfista- itercount: 0, L: 3.354513e-03, eta:1.050000e+00
2020-06-11 14:56:22,990 - DEBUG - fx_L1_mfista- itercount: 0, L: 3.522239e-03, eta:1.050000e+00
2020-06-11 14:56:22,998 - DEBUG - fx_L1_mfista- itercount: 0, L: 3.698351e-03, eta:1.050000e+00
2020-06-11 14:56:23,004 - DEBUG - fx_L1_mfista- itercount: 0, L: 3.883269e-03, eta:1.050000e+00
2020-06-11 14:56:23,012 - DEBUG - fx_L1_mfista- itercount: 0, L: 4.077432e-03, eta:1.050000e+00
2020-06-11 14:56:23,018 - DEBUG - fx_L1_mfista- itercount: 0, L: 4.281304e-03, eta:1.050000e+00
2020-06-11 14:56:23,024 - DEBUG - fx_L1_mfista- itercount: 0, L: 4.495369e-03, eta:1.050000e+00
2020-06-11 14:56:23,030 - DEBUG - fx_L1_mfista- itercount: 0, L: 4.720137e-03, eta:1.050000e+00
2020-06-11 14:56:23,036 - DEBUG - fx_L1_mfista- itercount: 0, L: 4.956144e-03, eta:1.050000e+00
2020-06-11 14:56:23,044 - DEBUG - fx_L1_mfista- itercount: 0, L: 5.203951e-03, eta:1.050000e+00
2020-06-11 14:56:23,049 - DEBUG - fx_L1_mfista- itercount: 0, L: 5.464149e-03, eta:1.050000e+00
2020-06-11 14:56:23,055 - DEBUG - fx_L1_mfista- itercount: 0, L: 5.737356e-03, eta:1.050000e+00
2020-06-11 14:56:23,063 - DEBUG - fx_L1_mfista- itercount: 0, L: 6.024224e-03, eta:1.050000e+00
2020-06-11 14:56:23,069 - DEBUG - fx_L1_mfista- itercount: 0, L: 6.325435e-03, eta:1.050000e+00
2020-06-11 14:56:23,075 - DEBUG - fx_L1_mfista- itercount: 0, L: 6.641707e-03, eta:1.050000e+00
2020-06-11 14:56:23,082 - DEBUG - fx_L1_mfista- itercount: 0, L: 6.973792e-03, eta:1.050000e+00
2020-06-11 14:56:23,088 - DEBUG - fx_L1_mfista- itercount: 0, L: 7.322482e-03, eta:1.050000e+00
2020-06-11 14:56:23,095 - DEBUG - fx_L1_mfista- itercount: 0, L: 7.688606e-03, eta:1.050000e+00
2020-06-11 14:56:23,102 - DEBUG - fx_L1_mfista- itercount: 0, L: 8.073037e-03, eta:1.050000e+00
2020-06-11 14:56:23,108 - DEBUG - fx_L1_mfista- itercount: 0, L: 8.476688e-03, eta:1.050000e+00
2020-06-11 14:56:23,113 - DEBUG - fx_L1_mfista- itercount: 0, L: 8.900523e-03, eta:1.050000e+00
2020-06-11 14:56:23,121 - DEBUG - fx_L1_mfista- itercount: 0, L: 9.345549e-03, eta:1.050000e+00
2020-06-11 14:56:23,129 - DEBUG - fx_L1_mfista- itercount: 0, L: 9.812826e-03, eta:1.050000e+00
2020-06-11 14:56:23,135 - DEBUG - fx_L1_mfista- itercount: 0, L: 1.030347e-02, eta:1.050000e+00
2020-06-11 14:56:23,141 - DEBUG - fx_L1_mfista- itercount: 0, L: 1.081864e-02, eta:1.050000e+00
2020-06-11 14:56:23,147 - DEBUG - fx_L1_mfista- itercount: 0, L: 1.135957e-02, eta:1.050000e+00
2020-06-11 14:56:23,152 - DEBUG - fx_L1_mfista- itercount: 0, L: 1.192755e-02, eta:1.050000e+00
2020-06-11 14:56:23,160 - DEBUG - fx_L1_mfista- itercount: 0, L: 1.252393e-02, eta:1.050000e+00
2020-06-11 14:56:23,166 - DEBUG - fx_L1_mfista- itercount: 0, L: 1.315013e-02, eta:1.050000e+00
2020-06-11 14:56:23,172 - DEBUG - fx_L1_mfista- itercount: 0, L: 1.380763e-02, eta:1.050000e+00
2020-06-11 14:56:23,179 - DEBUG - fx_L1_mfista- itercount: 0, L: 1.449801e-02, eta:1.050000e+00
2020-06-11 14:56:23,185 - DEBUG - fx_L1_mfista- itercount: 0, L: 1.522291e-02, eta:1.050000e+00
2020-06-11 14:56:23,192 - DEBUG - fx_L1_mfista- itercount: 0, L: 1.598406e-02, eta:1.050000e+00
2020-06-11 14:56:23,198 - DEBUG - fx_L1_mfista- itercount: 0, L: 1.678326e-02, eta:1.050000e+00
2020-06-11 14:56:23,204 - DEBUG - fx_L1_mfista- itercount: 0, L: 1.762243e-02, eta:1.050000e+00
2020-06-11 14:56:23,212 - DEBUG - fx_L1_mfista- itercount: 0, L: 1.850355e-02, eta:1.050000e+00
2020-06-11 14:56:23,218 - DEBUG - fx_L1_mfista- itercount: 0, L: 1.942872e-02, eta:1.050000e+00
2020-06-11 14:56:23,224 - DEBUG - fx_L1_mfista- itercount: 0, L: 2.040016e-02, eta:1.050000e+00
2020-06-11 14:56:23,230 - DEBUG - fx_L1_mfista- itercount: 0, L: 2.142017e-02, eta:1.050000e+00
2020-06-11 14:56:23,236 - DEBUG - fx_L1_mfista- itercount: 0, L: 2.249118e-02, eta:1.050000e+00
2020-06-11 14:56:23,243 - DEBUG - fx_L1_mfista- itercount: 0, L: 2.361574e-02, eta:1.050000e+00
2020-06-11 14:56:23,249 - DEBUG - fx_L1_mfista- itercount: 0, L: 2.479652e-02, eta:1.050000e+00
2020-06-11 14:56:23,254 - DEBUG - fx_L1_mfista- itercount: 0, L: 2.603635e-02, eta:1.050000e+00
2020-06-11 14:56:23,262 - DEBUG - fx_L1_mfista- itercount: 0, L: 2.733817e-02, eta:1.050000e+00
2020-06-11 14:56:23,268 - DEBUG - fx_L1_mfista- itercount: 0, L: 2.870508e-02, eta:1.050000e+00
2020-06-11 14:56:23,274 - DEBUG - fx_L1_mfista- itercount: 0, L: 3.014033e-02, eta:1.050000e+00
2020-06-11 14:56:23,281 - DEBUG - fx_L1_mfista- itercount: 0, L: 3.164735e-02, eta:1.050000e+00
2020-06-11 14:56:23,287 - DEBUG - fx_L1_mfista- itercount: 0, L: 3.322971e-02, eta:1.050000e+00
2020-06-11 14:56:23,295 - DEBUG - fx_L1_mfista- itercount: 0, L: 3.489120e-02, eta:1.050000e+00
2020-06-11 14:56:23,301 - DEBUG - fx_L1_mfista- itercount: 0, L: 3.663576e-02, eta:1.050000e+00
2020-06-11 14:56:23,307 - DEBUG - fx_L1_mfista- itercount: 0, L: 3.846755e-02, eta:1.050000e+00
2020-06-11 14:56:23,313 - DEBUG - fx_L1_mfista- itercount: 0, L: 4.039092e-02, eta:1.050000e+00
2020-06-11 14:56:23,320 - DEBUG - fx_L1_mfista- itercount: 0, L: 4.241047e-02, eta:1.050000e+00
2020-06-11 14:56:23,328 - DEBUG - fx_L1_mfista- itercount: 0, L: 4.453099e-02, eta:1.050000e+00
2020-06-11 14:56:23,334 - DEBUG - fx_L1_mfista- itercount: 0, L: 4.675754e-02, eta:1.050000e+00
2020-06-11 14:56:23,340 - DEBUG - fx_L1_mfista- itercount: 0, L: 4.909542e-02, eta:1.050000e+00
2020-06-11 14:56:23,346 - DEBUG - fx_L1_mfista- itercount: 0, L: 5.155019e-02, eta:1.050000e+00
2020-06-11 14:56:23,352 - DEBUG - fx_L1_mfista- itercount: 0, L: 5.412770e-02, eta:1.050000e+00
2020-06-11 14:56:23,359 - DEBUG - fx_L1_mfista- itercount: 0, L: 5.683409e-02, eta:1.050000e+00
2020-06-11 14:56:23,365 - DEBUG - fx_L1_mfista- itercount: 0, L: 5.967579e-02, eta:1.050000e+00
2020-06-11 14:56:23,371 - DEBUG - fx_L1_mfista- itercount: 0, L: 6.265958e-02, eta:1.050000e+00
2020-06-11 14:56:23,378 - DEBUG - fx_L1_mfista- itercount: 0, L: 6.579256e-02, eta:1.050000e+00
2020-06-11 14:56:23,384 - DEBUG - fx_L1_mfista- itercount: 0, L: 6.908219e-02, eta:1.050000e+00
2020-06-11 14:56:23,390 - DEBUG - fx_L1_mfista- itercount: 0, L: 7.253630e-02, eta:1.050000e+00
2020-06-11 14:56:23,396 - DEBUG - fx_L1_mfista- itercount: 0, L: 7.616311e-02, eta:1.050000e+00
2020-06-11 14:56:23,403 - DEBUG - fx_L1_mfista- itercount: 0, L: 7.997127e-02, eta:1.050000e+00
2020-06-11 14:56:23,411 - DEBUG - fx_L1_mfista- itercount: 0, L: 8.396983e-02, eta:1.050000e+00
2020-06-11 14:56:23,417 - DEBUG - fx_L1_mfista- itercount: 0, L: 8.816832e-02, eta:1.050000e+00
2020-06-11 14:56:23,423 - DEBUG - fx_L1_mfista- itercount: 0, L: 9.257674e-02, eta:1.050000e+00
2020-06-11 14:56:23,428 - DEBUG - fx_L1_mfista- itercount: 0, L: 9.720557e-02, eta:1.050000e+00
2020-06-11 14:56:23,434 - DEBUG - fx_L1_mfista- itercount: 0, L: 1.020659e-01, eta:1.050000e+00
2020-06-11 14:56:23,441 - DEBUG - fx_L1_mfista- itercount: 0, L: 1.071691e-01, eta:1.050000e+00
2020-06-11 14:56:23,447 - DEBUG - fx_L1_mfista- itercount: 0, L: 1.125276e-01, eta:1.050000e+00
2020-06-11 14:56:23,453 - DEBUG - fx_L1_mfista- itercount: 0, L: 1.181540e-01, eta:1.050000e+00
2020-06-11 14:56:23,461 - DEBUG - fx_L1_mfista- itercount: 0, L: 1.240617e-01, eta:1.050000e+00
2020-06-11 14:56:23,468 - DEBUG - fx_L1_mfista- itercount: 0, L: 1.302648e-01, eta:1.050000e+00
2020-06-11 14:56:23,475 - DEBUG - fx_L1_mfista- itercount: 0, L: 1.367780e-01, eta:1.050000e+00
2020-06-11 14:56:23,483 - DEBUG - fx_L1_mfista- itercount: 0, L: 1.436169e-01, eta:1.050000e+00
2020-06-11 14:56:23,489 - DEBUG - fx_L1_mfista- itercount: 0, L: 1.507977e-01, eta:1.050000e+00
2020-06-11 14:56:23,496 - DEBUG - fx_L1_mfista- itercount: 0, L: 1.583376e-01, eta:1.050000e+00
2020-06-11 14:56:23,502 - DEBUG - fx_L1_mfista- itercount: 0, L: 1.662545e-01, eta:1.050000e+00
2020-06-11 14:56:23,508 - DEBUG - fx_L1_mfista- itercount: 0, L: 1.745672e-01, eta:1.050000e+00
2020-06-11 14:56:23,514 - DEBUG - fx_L1_mfista- itercount: 0, L: 1.832956e-01, eta:1.050000e+00
2020-06-11 14:56:23,521 - DEBUG - fx_L1_mfista- itercount: 0, L: 1.924604e-01, eta:1.050000e+00
2020-06-11 14:56:23,528 - DEBUG - fx_L1_mfista- itercount: 0, L: 2.020834e-01, eta:1.050000e+00
2020-06-11 14:56:23,534 - DEBUG - fx_L1_mfista- itercount: 0, L: 2.121876e-01, eta:1.050000e+00
2020-06-11 14:56:23,540 - DEBUG - fx_L1_mfista- itercount: 0, L: 2.227970e-01, eta:1.050000e+00
2020-06-11 14:56:23,549 - DEBUG - fx_L1_mfista- itercount: 0, L: 2.339368e-01, eta:1.050000e+00
2020-06-11 14:56:23,555 - DEBUG - fx_L1_mfista- itercount: 0, L: 2.456336e-01, eta:1.050000e+00
2020-06-11 14:56:23,562 - DEBUG - fx_L1_mfista- itercount: 0, L: 2.579153e-01, eta:1.050000e+00
2020-06-11 14:56:23,569 - DEBUG - fx_L1_mfista- itercount: 0, L: 2.708111e-01, eta:1.050000e+00
2020-06-11 14:56:23,576 - DEBUG - fx_L1_mfista- itercount: 0, L: 2.843516e-01, eta:1.050000e+00
2020-06-11 14:56:23,582 - DEBUG - fx_L1_mfista- itercount: 0, L: 2.985692e-01, eta:1.050000e+00
2020-06-11 14:56:23,588 - DEBUG - fx_L1_mfista- itercount: 0, L: 3.134977e-01, eta:1.050000e+00
2020-06-11 14:56:23,594 - DEBUG - fx_L1_mfista- itercount: 0, L: 3.291726e-01, eta:1.050000e+00
2020-06-11 14:56:23,601 - DEBUG - fx_L1_mfista- itercount: 0, L: 3.456312e-01, eta:1.050000e+00
2020-06-11 14:56:23,609 - DEBUG - fx_L1_mfista- itercount: 0, L: 3.629128e-01, eta:1.050000e+00
2020-06-11 14:56:23,615 - DEBUG - fx_L1_mfista- itercount: 0, L: 3.810584e-01, eta:1.050000e+00
2020-06-11 14:56:23,621 - DEBUG - fx_L1_mfista- itercount: 0, L: 4.001113e-01, eta:1.050000e+00
2020-06-11 14:56:23,627 - DEBUG - fx_L1_mfista- itercount: 0, L: 4.201169e-01, eta:1.050000e+00
2020-06-11 14:56:23,633 - DEBUG - fx_L1_mfista- itercount: 0, L: 4.411227e-01, eta:1.050000e+00
2020-06-11 14:56:23,639 - DEBUG - fx_L1_mfista- itercount: 0, L: 4.631789e-01, eta:1.050000e+00
2020-06-11 14:56:23,646 - DEBUG - fx_L1_mfista- itercount: 0, L: 4.863378e-01, eta:1.050000e+00
2020-06-11 14:56:23,652 - DEBUG - fx_L1_mfista- itercount: 0, L: 5.106547e-01, eta:1.050000e+00
2020-06-11 14:56:23,660 - DEBUG - fx_L1_mfista- itercount: 0, L: 5.361874e-01, eta:1.050000e+00
2020-06-11 14:56:23,665 - DEBUG - fx_L1_mfista- itercount: 0, L: 5.629968e-01, eta:1.050000e+00
2020-06-11 14:56:23,671 - DEBUG - fx_L1_mfista- itercount: 0, L: 5.911467e-01, eta:1.050000e+00
2020-06-11 14:56:23,677 - DEBUG - fx_L1_mfista- itercount: 0, L: 6.207040e-01, eta:1.050000e+00
2020-06-11 14:56:23,685 - DEBUG - fx_L1_mfista- itercount: 0, L: 6.517392e-01, eta:1.050000e+00
2020-06-11 14:56:23,691 - DEBUG - fx_L1_mfista- itercount: 0, L: 6.843261e-01, eta:1.050000e+00
2020-06-11 14:56:23,698 - DEBUG - fx_L1_mfista- itercount: 0, L: 7.185425e-01, eta:1.050000e+00
2020-06-11 14:56:23,704 - DEBUG - fx_L1_mfista- itercount: 0, L: 7.544696e-01, eta:1.050000e+00
2020-06-11 14:56:23,710 - DEBUG - fx_L1_mfista- itercount: 0, L: 7.921931e-01, eta:1.050000e+00
2020-06-11 14:56:23,717 - DEBUG - fx_L1_mfista- itercount: 0, L: 8.318027e-01, eta:1.050000e+00
2020-06-11 14:56:23,725 - DEBUG - fx_L1_mfista- itercount: 0, L: 8.733928e-01, eta:1.050000e+00
2020-06-11 14:56:23,731 - DEBUG - fx_L1_mfista- itercount: 0, L: 9.170625e-01, eta:1.050000e+00
2020-06-11 14:56:23,737 - DEBUG - fx_L1_mfista- itercount: 0, L: 9.629156e-01, eta:1.050000e+00
2020-06-11 14:56:23,745 - DEBUG - fx_L1_mfista- itercount: 0, L: 1.011061e+00, eta:1.050000e+00
2020-06-11 14:56:23,751 - DEBUG - fx_L1_mfista- itercount: 0, L: 1.061614e+00, eta:1.050000e+00
2020-06-11 14:56:23,757 - DEBUG - fx_L1_mfista- itercount: 0, L: 1.114695e+00, eta:1.050000e+00
2020-06-11 14:56:23,763 - DEBUG - fx_L1_mfista- itercount: 0, L: 1.170430e+00, eta:1.050000e+00
2020-06-11 14:56:23,770 - DEBUG - fx_L1_mfista- itercount: 0, L: 1.228951e+00, eta:1.050000e+00
2020-06-11 14:56:23,777 - DEBUG - fx_L1_mfista- itercount: 0, L: 1.290399e+00, eta:1.050000e+00
2020-06-11 14:56:23,783 - DEBUG - fx_L1_mfista- itercount: 0, L: 1.354919e+00, eta:1.050000e+00
2020-06-11 14:56:23,790 - DEBUG - fx_L1_mfista- itercount: 0, L: 1.422665e+00, eta:1.050000e+00
2020-06-11 14:56:23,796 - DEBUG - fx_L1_mfista- itercount: 0, L: 1.493798e+00, eta:1.050000e+00
2020-06-11 14:56:23,803 - DEBUG - fx_L1_mfista- itercount: 0, L: 1.568488e+00, eta:1.050000e+00
2020-06-11 14:56:23,810 - DEBUG - fx_L1_mfista- itercount: 0, L: 1.646912e+00, eta:1.050000e+00
2020-06-11 14:56:23,816 - DEBUG - fx_L1_mfista- itercount: 0, L: 1.729258e+00, eta:1.050000e+00
2020-06-11 14:56:23,822 - DEBUG - fx_L1_mfista- itercount: 0, L: 1.815721e+00, eta:1.050000e+00
2020-06-11 14:56:23,829 - DEBUG - fx_L1_mfista- itercount: 0, L: 1.906507e+00, eta:1.050000e+00
2020-06-11 14:56:23,835 - DEBUG - fx_L1_mfista- itercount: 0, L: 2.001832e+00, eta:1.050000e+00
2020-06-11 14:56:23,841 - DEBUG - fx_L1_mfista- itercount: 0, L: 2.101924e+00, eta:1.050000e+00
2020-06-11 14:56:23,848 - DEBUG - fx_L1_mfista- itercount: 0, L: 2.207020e+00, eta:1.050000e+00
2020-06-11 14:56:23,854 - DEBUG - fx_L1_mfista- itercount: 0, L: 2.317371e+00, eta:1.050000e+00
2020-06-11 14:56:23,862 - DEBUG - fx_L1_mfista- itercount: 0, L: 2.433240e+00, eta:1.050000e+00
2020-06-11 14:56:23,868 - DEBUG - fx_L1_mfista- itercount: 0, L: 2.554902e+00, eta:1.050000e+00
2020-06-11 14:56:23,874 - DEBUG - fx_L1_mfista- itercount: 0, L: 2.682647e+00, eta:1.050000e+00
2020-06-11 14:56:23,880 - DEBUG - fx_L1_mfista- itercount: 0, L: 2.816779e+00, eta:1.050000e+00
2020-06-11 14:56:23,887 - DEBUG - fx_L1_mfista- itercount: 0, L: 2.957618e+00, eta:1.050000e+00
2020-06-11 14:56:23,894 - DEBUG - fx_L1_mfista- itercount: 0, L: 3.105499e+00, eta:1.050000e+00
2020-06-11 14:56:23,900 - DEBUG - fx_L1_mfista- itercount: 0, L: 3.260774e+00, eta:1.050000e+00
2020-06-11 14:56:23,906 - DEBUG - fx_L1_mfista- itercount: 0, L: 3.423813e+00, eta:1.050000e+00
2020-06-11 14:56:23,913 - DEBUG - fx_L1_mfista- itercount: 0, L: 3.595003e+00, eta:1.050000e+00
2020-06-11 14:56:23,918 - DEBUG - fx_L1_mfista- itercount: 0, L: 3.774754e+00, eta:1.050000e+00
2020-06-11 14:56:23,925 - DEBUG - fx_L1_mfista- itercount: 0, L: 3.963491e+00, eta:1.050000e+00
2020-06-11 14:56:23,932 - DEBUG - fx_L1_mfista- itercount: 0, L: 4.161666e+00, eta:1.050000e+00
2020-06-11 14:56:23,938 - DEBUG - fx_L1_mfista- itercount: 0, L: 4.369749e+00, eta:1.050000e+00
2020-06-11 14:56:23,945 - DEBUG - fx_L1_mfista- itercount: 0, L: 4.588236e+00, eta:1.050000e+00
2020-06-11 14:56:23,951 - DEBUG - fx_L1_mfista- itercount: 0, L: 4.817648e+00, eta:1.050000e+00
2020-06-11 14:56:23,957 - DEBUG - fx_L1_mfista- itercount: 0, L: 5.058531e+00, eta:1.050000e+00
2020-06-11 14:56:23,963 - DEBUG - fx_L1_mfista- itercount: 0, L: 5.311457e+00, eta:1.050000e+00
2020-06-11 14:56:23,970 - DEBUG - fx_L1_mfista- itercount: 0, L: 5.577030e+00, eta:1.050000e+00
2020-06-11 14:56:23,978 - DEBUG - fx_L1_mfista- itercount: 0, L: 5.855882e+00, eta:1.050000e+00
2020-06-11 14:56:23,984 - DEBUG - fx_L1_mfista- itercount: 0, L: 6.148676e+00, eta:1.050000e+00
2020-06-11 14:56:23,990 - DEBUG - fx_L1_mfista- itercount: 0, L: 6.456110e+00, eta:1.050000e+00
2020-06-11 14:56:23,996 - DEBUG - fx_L1_mfista- itercount: 0, L: 6.778915e+00, eta:1.050000e+00
2020-06-11 14:56:24,001 - DEBUG - fx_L1_mfista- itercount: 0, L: 7.117861e+00, eta:1.050000e+00
2020-06-11 14:56:24,009 - DEBUG - fx_L1_mfista- itercount: 0, L: 7.473754e+00, eta:1.050000e+00
2020-06-11 14:56:24,015 - DEBUG - fx_L1_mfista- itercount: 0, L: 7.847441e+00, eta:1.050000e+00
2020-06-11 14:56:24,021 - DEBUG - fx_L1_mfista- itercount: 0, L: 8.239814e+00, eta:1.050000e+00
2020-06-11 14:56:24,028 - DEBUG - fx_L1_mfista- itercount: 0, L: 8.651804e+00, eta:1.050000e+00
2020-06-11 14:56:24,035 - DEBUG - fx_L1_mfista- itercount: 0, L: 9.084394e+00, eta:1.050000e+00
2020-06-11 14:56:24,042 - DEBUG - fx_L1_mfista- itercount: 0, L: 9.538614e+00, eta:1.050000e+00
2020-06-11 14:56:24,049 - DEBUG - fx_L1_mfista- itercount: 0, L: 1.001554e+01, eta:1.050000e+00
2020-06-11 14:56:24,055 - DEBUG - fx_L1_mfista- itercount: 0, L: 1.051632e+01, eta:1.050000e+00
2020-06-11 14:56:24,062 - DEBUG - fx_L1_mfista- itercount: 0, L: 1.104214e+01, eta:1.050000e+00
2020-06-11 14:56:24,068 - DEBUG - fx_L1_mfista- itercount: 0, L: 1.159425e+01, eta:1.050000e+00
2020-06-11 14:56:24,074 - DEBUG - fx_L1_mfista- itercount: 0, L: 1.217396e+01, eta:1.050000e+00
2020-06-11 14:56:24,080 - DEBUG - fx_L1_mfista- itercount: 0, L: 1.278266e+01, eta:1.050000e+00
2020-06-11 14:56:24,087 - DEBUG - fx_L1_mfista- itercount: 0, L: 1.342179e+01, eta:1.050000e+00
2020-06-11 14:56:24,094 - DEBUG - fx_L1_mfista- itercount: 0, L: 1.409288e+01, eta:1.050000e+00
2020-06-11 14:56:24,099 - DEBUG - fx_L1_mfista- itercount: 0, L: 1.479752e+01, eta:1.050000e+00
2020-06-11 14:56:24,105 - DEBUG - fx_L1_mfista- itercount: 0, L: 1.553740e+01, eta:1.050000e+00
2020-06-11 14:56:24,113 - DEBUG - fx_L1_mfista- itercount: 0, L: 1.631427e+01, eta:1.050000e+00
2020-06-11 14:56:24,119 - DEBUG - fx_L1_mfista- itercount: 0, L: 1.712998e+01, eta:1.050000e+00
2020-06-11 14:56:24,125 - DEBUG - fx_L1_mfista- itercount: 0, L: 1.798648e+01, eta:1.050000e+00
2020-06-11 14:56:24,132 - DEBUG - fx_L1_mfista- itercount: 0, L: 1.888580e+01, eta:1.050000e+00
2020-06-11 14:56:24,138 - DEBUG - fx_L1_mfista- itercount: 0, L: 1.983009e+01, eta:1.050000e+00
2020-06-11 14:56:24,146 - DEBUG - fx_L1_mfista- itercount: 0, L: 2.082160e+01, eta:1.050000e+00
2020-06-11 14:56:24,151 - DEBUG - fx_L1_mfista- itercount: 0, L: 2.186268e+01, eta:1.050000e+00
2020-06-11 14:56:24,157 - DEBUG - fx_L1_mfista- itercount: 0, L: 2.295581e+01, eta:1.050000e+00
2020-06-11 14:56:24,163 - DEBUG - fx_L1_mfista- itercount: 0, L: 2.410360e+01, eta:1.050000e+00
2020-06-11 14:56:24,171 - DEBUG - fx_L1_mfista- itercount: 0, L: 2.530878e+01, eta:1.050000e+00
2020-06-11 14:56:24,178 - DEBUG - fx_L1_mfista- itercount: 0, L: 2.657422e+01, eta:1.050000e+00
2020-06-11 14:56:24,184 - DEBUG - fx_L1_mfista- itercount: 0, L: 2.790293e+01, eta:1.050000e+00
2020-06-11 14:56:24,190 - DEBUG - fx_L1_mfista- itercount: 0, L: 2.929808e+01, eta:1.050000e+00
2020-06-11 14:56:24,196 - DEBUG - fx_L1_mfista- itercount: 0, L: 3.076298e+01, eta:1.050000e+00
2020-06-11 14:56:24,202 - DEBUG - fx_L1_mfista- itercount: 0, L: 3.230113e+01, eta:1.050000e+00
2020-06-11 14:56:24,210 - DEBUG - fx_L1_mfista- itercount: 0, L: 3.391619e+01, eta:1.050000e+00
2020-06-11 14:56:24,216 - DEBUG - fx_L1_mfista- itercount: 0, L: 3.561200e+01, eta:1.050000e+00
2020-06-11 14:56:24,222 - DEBUG - fx_L1_mfista- itercount: 0, L: 3.739260e+01, eta:1.050000e+00
2020-06-11 14:56:24,229 - DEBUG - fx_L1_mfista- itercount: 0, L: 3.926223e+01, eta:1.050000e+00
2020-06-11 14:56:24,235 - DEBUG - fx_L1_mfista- itercount: 0, L: 4.122534e+01, eta:1.050000e+00
2020-06-11 14:56:24,241 - DEBUG - fx_L1_mfista- itercount: 0, L: 4.328661e+01, eta:1.050000e+00
2020-06-11 14:56:24,247 - DEBUG - fx_L1_mfista- itercount: 0, L: 4.545094e+01, eta:1.050000e+00
2020-06-11 14:56:24,254 - DEBUG - fx_L1_mfista- itercount: 0, L: 4.772349e+01, eta:1.050000e+00
2020-06-11 14:56:24,262 - DEBUG - fx_L1_mfista- itercount: 0, L: 5.010966e+01, eta:1.050000e+00
2020-06-11 14:56:24,268 - DEBUG - fx_L1_mfista- itercount: 0, L: 5.261514e+01, eta:1.050000e+00
2020-06-11 14:56:24,274 - DEBUG - fx_L1_mfista- itercount: 0, L: 5.524590e+01, eta:1.050000e+00
2020-06-11 14:56:24,280 - DEBUG - fx_L1_mfista- itercount: 0, L: 5.800819e+01, eta:1.050000e+00
2020-06-11 14:56:24,287 - DEBUG - fx_L1_mfista- itercount: 0, L: 6.090860e+01, eta:1.050000e+00
2020-06-11 14:56:24,295 - DEBUG - fx_L1_mfista- itercount: 0, L: 6.395403e+01, eta:1.050000e+00
2020-06-11 14:56:24,301 - DEBUG - fx_L1_mfista- itercount: 0, L: 6.715174e+01, eta:1.050000e+00
2020-06-11 14:56:24,308 - DEBUG - fx_L1_mfista- itercount: 0, L: 7.050932e+01, eta:1.050000e+00
2020-06-11 14:56:24,315 - DEBUG - fx_L1_mfista- itercount: 0, L: 7.403479e+01, eta:1.050000e+00
2020-06-11 14:56:24,321 - DEBUG - fx_L1_mfista- itercount: 0, L: 7.773653e+01, eta:1.050000e+00
2020-06-11 14:56:24,327 - DEBUG - fx_L1_mfista- itercount: 0, L: 8.162335e+01, eta:1.050000e+00
2020-06-11 14:56:24,334 - DEBUG - fx_L1_mfista- itercount: 0, L: 8.570452e+01, eta:1.050000e+00
2020-06-11 14:56:24,341 - DEBUG - fx_L1_mfista- itercount: 0, L: 8.998975e+01, eta:1.050000e+00
2020-06-11 14:56:24,348 - DEBUG - fx_L1_mfista- itercount: 0, L: 9.448924e+01, eta:1.050000e+00
2020-06-11 14:56:24,353 - DEBUG - fx_L1_mfista- itercount: 0, L: 9.921370e+01, eta:1.050000e+00
2020-06-11 14:56:24,359 - DEBUG - fx_L1_mfista- itercount: 0, L: 1.041744e+02, eta:1.050000e+00
2020-06-11 14:56:24,365 - DEBUG - fx_L1_mfista- itercount: 0, L: 1.093831e+02, eta:1.050000e+00
2020-06-11 14:56:24,373 - DEBUG - fx_L1_mfista- itercount: 0, L: 1.148523e+02, eta:1.050000e+00
2020-06-11 14:56:24,380 - DEBUG - fx_L1_mfista- itercount: 0, L: 1.205949e+02, eta:1.050000e+00
2020-06-11 14:56:24,386 - DEBUG - fx_L1_mfista- itercount: 0, L: 1.266246e+02, eta:1.050000e+00
2020-06-11 14:56:24,392 - DEBUG - fx_L1_mfista- itercount: 0, L: 1.329558e+02, eta:1.050000e+00
2020-06-11 14:56:24,398 - DEBUG - fx_L1_mfista- itercount: 0, L: 1.396036e+02, eta:1.050000e+00
2020-06-11 14:56:24,404 - DEBUG - fx_L1_mfista- itercount: 0, L: 1.465838e+02, eta:1.050000e+00
2020-06-11 14:56:24,410 - DEBUG - fx_L1_mfista- itercount: 0, L: 1.539130e+02, eta:1.050000e+00
2020-06-11 14:56:24,417 - DEBUG - fx_L1_mfista- itercount: 0, L: 1.616087e+02, eta:1.050000e+00
2020-06-11 14:56:24,422 - DEBUG - fx_L1_mfista- itercount: 0, L: 1.696891e+02, eta:1.050000e+00
2020-06-11 14:56:24,430 - DEBUG - fx_L1_mfista- itercount: 0, L: 1.781735e+02, eta:1.050000e+00
2020-06-11 14:56:24,436 - DEBUG - fx_L1_mfista- itercount: 0, L: 1.870822e+02, eta:1.050000e+00
2020-06-11 14:56:24,442 - DEBUG - fx_L1_mfista- itercount: 0, L: 1.964363e+02, eta:1.050000e+00
2020-06-11 14:56:24,450 - DEBUG - fx_L1_mfista- itercount: 0, L: 2.062582e+02, eta:1.050000e+00
2020-06-11 14:56:24,459 - DEBUG - fx_L1_mfista- itercount: 0, L: 2.165711e+02, eta:1.050000e+00
2020-06-11 14:56:24,465 - DEBUG - fx_L1_mfista- itercount: 0, L: 2.273996e+02, eta:1.050000e+00
2020-06-11 14:56:24,471 - DEBUG - fx_L1_mfista- itercount: 0, L: 2.387696e+02, eta:1.050000e+00
2020-06-11 14:56:24,477 - DEBUG - fx_L1_mfista- itercount: 0, L: 2.507081e+02, eta:1.050000e+00
2020-06-11 14:56:24,482 - DEBUG - fx_L1_mfista- itercount: 0, L: 2.632435e+02, eta:1.050000e+00
2020-06-11 14:56:24,488 - DEBUG - fx_L1_mfista- itercount: 0, L: 2.764057e+02, eta:1.050000e+00
2020-06-11 14:56:24,494 - DEBUG - fx_L1_mfista- itercount: 0, L: 2.902259e+02, eta:1.050000e+00
2020-06-11 14:56:24,500 - DEBUG - fx_L1_mfista- itercount: 0, L: 3.047372e+02, eta:1.050000e+00
2020-06-11 14:56:24,506 - DEBUG - fx_L1_mfista- itercount: 0, L: 3.199741e+02, eta:1.050000e+00
2020-06-11 14:56:24,512 - DEBUG - fx_L1_mfista- itercount: 0, L: 3.359728e+02, eta:1.050000e+00
2020-06-11 14:56:24,517 - DEBUG - fx_L1_mfista- itercount: 0, L: 3.527714e+02, eta:1.050000e+00
2020-06-11 14:56:24,523 - DEBUG - fx_L1_mfista- itercount: 0, L: 3.704100e+02, eta:1.050000e+00
2020-06-11 14:56:24,529 - DEBUG - fx_L1_mfista- itercount: 0, L: 3.889305e+02, eta:1.050000e+00
2020-06-11 14:56:24,535 - DEBUG - fx_L1_mfista- itercount: 0, L: 4.083770e+02, eta:1.050000e+00
2020-06-11 14:56:24,542 - DEBUG - fx_L1_mfista- itercount: 0, L: 4.287959e+02, eta:1.050000e+00
2020-06-11 14:56:24,548 - DEBUG - fx_L1_mfista- itercount: 0, L: 4.502357e+02, eta:1.050000e+00
2020-06-11 14:56:24,553 - DEBUG - fx_L1_mfista- itercount: 0, L: 4.727475e+02, eta:1.050000e+00
2020-06-11 14:56:24,559 - DEBUG - fx_L1_mfista- itercount: 0, L: 4.963848e+02, eta:1.050000e+00
2020-06-11 14:56:24,565 - DEBUG - fx_L1_mfista- itercount: 0, L: 5.212041e+02, eta:1.050000e+00
2020-06-11 14:56:24,571 - DEBUG - fx_L1_mfista- itercount: 0, L: 5.472643e+02, eta:1.050000e+00
2020-06-11 14:56:24,577 - DEBUG - fx_L1_mfista- itercount: 0, L: 5.746275e+02, eta:1.050000e+00
2020-06-11 14:56:24,583 - DEBUG - fx_L1_mfista- itercount: 0, L: 6.033589e+02, eta:1.050000e+00
2020-06-11 14:56:24,589 - DEBUG - fx_L1_mfista- itercount: 0, L: 6.335268e+02, eta:1.050000e+00
2020-06-11 14:56:24,595 - DEBUG - fx_L1_mfista- itercount: 0, L: 6.652032e+02, eta:1.050000e+00
2020-06-11 14:56:24,601 - DEBUG - fx_L1_mfista- itercount: 0, L: 6.984633e+02, eta:1.050000e+00
2020-06-11 14:56:24,606 - DEBUG - fx_L1_mfista- itercount: 0, L: 7.333865e+02, eta:1.050000e+00
2020-06-11 14:56:24,613 - DEBUG - fx_L1_mfista- itercount: 0, L: 7.700558e+02, eta:1.050000e+00
2020-06-11 14:56:24,618 - DEBUG - fx_L1_mfista- itercount: 0, L: 8.085586e+02, eta:1.050000e+00
2020-06-11 14:56:24,625 - DEBUG - fx_L1_mfista- itercount: 0, L: 8.489865e+02, eta:1.050000e+00
2020-06-11 14:56:24,630 - DEBUG - fx_L1_mfista- itercount: 0, L: 8.914358e+02, eta:1.050000e+00
2020-06-11 14:56:24,636 - DEBUG - fx_L1_mfista- itercount: 0, L: 9.360076e+02, eta:1.050000e+00
2020-06-11 14:56:24,642 - DEBUG - fx_L1_mfista- itercount: 0, L: 9.828080e+02, eta:1.050000e+00
2020-06-11 14:56:24,648 - DEBUG - fx_L1_mfista- itercount: 0, L: 1.031948e+03, eta:1.050000e+00
2020-06-11 14:56:24,654 - DEBUG - fx_L1_mfista- itercount: 0, L: 1.083546e+03, eta:1.050000e+00
2020-06-11 14:56:24,660 - DEBUG - fx_L1_mfista- itercount: 0, L: 1.137723e+03, eta:1.050000e+00
2020-06-11 14:56:24,666 - DEBUG - fx_L1_mfista- itercount: 0, L: 1.194609e+03, eta:1.050000e+00
2020-06-11 14:56:24,672 - DEBUG - fx_L1_mfista- itercount: 0, L: 1.254340e+03, eta:1.050000e+00
2020-06-11 14:56:24,678 - DEBUG - fx_L1_mfista- itercount: 0, L: 1.317057e+03, eta:1.050000e+00
2020-06-11 14:56:24,684 - DEBUG - fx_L1_mfista- itercount: 0, L: 1.382910e+03, eta:1.050000e+00
2020-06-11 14:56:24,690 - DEBUG - fx_L1_mfista- itercount: 0, L: 1.452055e+03, eta:1.050000e+00
2020-06-11 14:56:24,696 - DEBUG - fx_L1_mfista- itercount: 0, L: 1.524658e+03, eta:1.050000e+00
2020-06-11 14:56:24,702 - DEBUG - fx_L1_mfista- itercount: 0, L: 1.600891e+03, eta:1.050000e+00
2020-06-11 14:56:24,708 - DEBUG - fx_L1_mfista- itercount: 0, L: 1.680935e+03, eta:1.050000e+00
2020-06-11 14:56:24,713 - DEBUG - fx_L1_mfista- itercount: 0, L: 1.764982e+03, eta:1.050000e+00
2020-06-11 14:56:24,719 - DEBUG - fx_L1_mfista- itercount: 0, L: 1.853231e+03, eta:1.050000e+00
2020-06-11 14:56:24,725 - DEBUG - fx_L1_mfista- itercount: 0, L: 1.945893e+03, eta:1.050000e+00
2020-06-11 14:56:24,732 - DEBUG - fx_L1_mfista- itercount: 0, L: 2.043187e+03, eta:1.050000e+00
2020-06-11 14:56:24,739 - DEBUG - fx_L1_mfista- itercount: 0, L: 2.145347e+03, eta:1.050000e+00
2020-06-11 14:56:24,749 - DEBUG - fx_L1_mfista- itercount: 0, L: 2.252614e+03, eta:1.050000e+00
2020-06-11 14:56:24,758 - DEBUG - fx_L1_mfista- itercount: 0, L: 2.365245e+03, eta:1.050000e+00
2020-06-11 14:56:24,767 - DEBUG - fx_L1_mfista- itercount: 0, L: 2.483507e+03, eta:1.050000e+00
2020-06-11 14:56:24,773 - DEBUG - fx_L1_mfista- itercount: 0, L: 2.607682e+03, eta:1.050000e+00
2020-06-11 14:56:24,782 - DEBUG - fx_L1_mfista- itercount: 0, L: 2.738066e+03, eta:1.050000e+00
2020-06-11 14:56:24,788 - DEBUG - fx_L1_mfista- itercount: 0, L: 2.874970e+03, eta:1.050000e+00
2020-06-11 14:56:24,795 - DEBUG - fx_L1_mfista- itercount: 0, L: 3.018718e+03, eta:1.050000e+00
2020-06-11 14:56:24,801 - DEBUG - fx_L1_mfista- itercount: 0, L: 3.169654e+03, eta:1.050000e+00
2020-06-11 14:56:24,808 - DEBUG - fx_L1_mfista- itercount: 0, L: 3.328137e+03, eta:1.050000e+00
2020-06-11 14:56:24,814 - DEBUG - fx_L1_mfista- itercount: 0, L: 3.494544e+03, eta:1.050000e+00
2020-06-11 14:56:24,820 - DEBUG - fx_L1_mfista- itercount: 0, L: 3.669271e+03, eta:1.050000e+00
2020-06-11 14:56:24,826 - DEBUG - fx_L1_mfista- itercount: 0, L: 3.852734e+03, eta:1.050000e+00
2020-06-11 14:56:24,832 - DEBUG - fx_L1_mfista- itercount: 0, L: 4.045371e+03, eta:1.050000e+00
2020-06-11 14:56:24,838 - DEBUG - fx_L1_mfista- itercount: 0, L: 4.247640e+03, eta:1.050000e+00
2020-06-11 14:56:24,844 - DEBUG - fx_L1_mfista- itercount: 0, L: 4.460022e+03, eta:1.050000e+00
2020-06-11 14:56:24,850 - DEBUG - fx_L1_mfista- itercount: 0, L: 4.683023e+03, eta:1.050000e+00
2020-06-11 14:56:24,856 - DEBUG - fx_L1_mfista- itercount: 0, L: 4.917174e+03, eta:1.050000e+00
2020-06-11 14:56:24,862 - DEBUG - fx_L1_mfista- itercount: 0, L: 5.163033e+03, eta:1.050000e+00
2020-06-11 14:56:24,868 - DEBUG - fx_L1_mfista- itercount: 0, L: 5.421184e+03, eta:1.050000e+00
2020-06-11 14:56:24,874 - DEBUG - fx_L1_mfista- itercount: 0, L: 5.692243e+03, eta:1.050000e+00
2020-06-11 14:56:24,880 - DEBUG - fx_L1_mfista- itercount: 0, L: 5.976856e+03, eta:1.050000e+00
2020-06-11 14:56:24,886 - DEBUG - fx_L1_mfista- itercount: 0, L: 6.275698e+03, eta:1.050000e+00
2020-06-11 14:56:24,892 - DEBUG - fx_L1_mfista- itercount: 0, L: 6.589483e+03, eta:1.050000e+00
2020-06-11 14:56:24,898 - DEBUG - fx_L1_mfista- itercount: 0, L: 6.918957e+03, eta:1.050000e+00
2020-06-11 14:56:24,904 - DEBUG - fx_L1_mfista- itercount: 0, L: 7.264905e+03, eta:1.050000e+00
2020-06-11 14:56:24,910 - DEBUG - fx_L1_mfista- itercount: 0, L: 7.628151e+03, eta:1.050000e+00
2020-06-11 14:56:24,916 - DEBUG - fx_L1_mfista- itercount: 0, L: 8.009558e+03, eta:1.050000e+00
2020-06-11 14:56:24,922 - DEBUG - fx_L1_mfista- itercount: 0, L: 8.410036e+03, eta:1.050000e+00
2020-06-11 14:56:24,928 - DEBUG - fx_L1_mfista- itercount: 0, L: 8.830538e+03, eta:1.050000e+00
2020-06-11 14:56:24,934 - DEBUG - fx_L1_mfista- itercount: 0, L: 9.272065e+03, eta:1.050000e+00
2020-06-11 14:56:24,940 - DEBUG - fx_L1_mfista- itercount: 0, L: 9.735668e+03, eta:1.050000e+00
2020-06-11 14:56:24,946 - DEBUG - fx_L1_mfista- itercount: 0, L: 1.022245e+04, eta:1.050000e+00
2020-06-11 14:56:24,952 - DEBUG - fx_L1_mfista- itercount: 0, L: 1.073357e+04, eta:1.050000e+00
2020-06-11 14:56:24,958 - DEBUG - fx_L1_mfista- itercount: 0, L: 1.127025e+04, eta:1.050000e+00
2020-06-11 14:56:24,964 - DEBUG - fx_L1_mfista- itercount: 0, L: 1.183377e+04, eta:1.050000e+00
2020-06-11 14:56:24,970 - DEBUG - fx_L1_mfista- itercount: 0, L: 1.242545e+04, eta:1.050000e+00
2020-06-11 14:56:24,977 - DEBUG - fx_L1_mfista- itercount: 0, L: 1.304673e+04, eta:1.050000e+00
2020-06-11 14:56:24,982 - DEBUG - fx_L1_mfista- itercount: 0, L: 1.369906e+04, eta:1.050000e+00
2020-06-11 14:56:24,988 - DEBUG - fx_L1_mfista- itercount: 0, L: 1.438402e+04, eta:1.050000e+00
2020-06-11 14:56:24,994 - DEBUG - fx_L1_mfista- itercount: 0, L: 1.510322e+04, eta:1.050000e+00
2020-06-11 14:56:25,000 - DEBUG - fx_L1_mfista- itercount: 0, L: 1.585838e+04, eta:1.050000e+00
2020-06-11 14:56:25,006 - DEBUG - fx_L1_mfista- itercount: 0, L: 1.665130e+04, eta:1.050000e+00
2020-06-11 14:56:25,012 - DEBUG - fx_L1_mfista- itercount: 0, L: 1.748386e+04, eta:1.050000e+00
2020-06-11 14:56:25,018 - DEBUG - fx_L1_mfista- itercount: 0, L: 1.835805e+04, eta:1.050000e+00
2020-06-11 14:56:25,024 - DEBUG - fx_L1_mfista- itercount: 0, L: 1.927596e+04, eta:1.050000e+00
2020-06-11 14:56:25,029 - DEBUG - fx_L1_mfista- itercount: 0, L: 2.023975e+04, eta:1.050000e+00
2020-06-11 14:56:25,035 - DEBUG - fx_L1_mfista- itercount: 0, L: 2.125174e+04, eta:1.050000e+00
2020-06-11 14:56:25,043 - DEBUG - fx_L1_mfista- itercount: 0, L: 2.231433e+04, eta:1.050000e+00
2020-06-11 14:56:25,048 - DEBUG - fx_L1_mfista- itercount: 0, L: 2.343005e+04, eta:1.050000e+00
2020-06-11 14:56:25,054 - DEBUG - fx_L1_mfista- itercount: 0, L: 2.460155e+04, eta:1.050000e+00
2020-06-11 14:56:25,060 - DEBUG - fx_L1_mfista- itercount: 0, L: 2.583163e+04, eta:1.050000e+00
2020-06-11 14:56:25,066 - DEBUG - fx_L1_mfista- itercount: 0, L: 2.712321e+04, eta:1.050000e+00
2020-06-11 14:56:25,071 - DEBUG - fx_L1_mfista- itercount: 0, L: 2.847937e+04, eta:1.050000e+00
2020-06-11 14:56:25,077 - DEBUG - fx_L1_mfista- itercount: 0, L: 2.990334e+04, eta:1.050000e+00
2020-06-11 14:56:25,083 - DEBUG - fx_L1_mfista- itercount: 0, L: 3.139850e+04, eta:1.050000e+00
2020-06-11 14:56:25,089 - DEBUG - fx_L1_mfista- itercount: 0, L: 3.296843e+04, eta:1.050000e+00
2020-06-11 14:56:25,096 - DEBUG - fx_L1_mfista- itercount: 0, L: 3.461685e+04, eta:1.050000e+00
2020-06-11 14:56:25,101 - DEBUG - fx_L1_mfista- itercount: 0, L: 3.634769e+04, eta:1.050000e+00
2020-06-11 14:56:25,107 - DEBUG - fx_L1_mfista- itercount: 0, L: 3.816508e+04, eta:1.050000e+00
2020-06-11 14:56:25,113 - DEBUG - fx_L1_mfista- itercount: 0, L: 4.007333e+04, eta:1.050000e+00
2020-06-11 14:56:25,119 - DEBUG - fx_L1_mfista- itercount: 0, L: 4.207700e+04, eta:1.050000e+00
2020-06-11 14:56:25,125 - DEBUG - fx_L1_mfista- itercount: 0, L: 4.418085e+04, eta:1.050000e+00
2020-06-11 14:56:25,131 - DEBUG - fx_L1_mfista- itercount: 0, L: 4.638989e+04, eta:1.050000e+00
2020-06-11 14:56:25,136 - DEBUG - fx_L1_mfista- itercount: 0, L: 4.870938e+04, eta:1.050000e+00
2020-06-11 14:56:25,142 - DEBUG - fx_L1_mfista- itercount: 0, L: 5.114485e+04, eta:1.050000e+00
2020-06-11 14:56:25,148 - DEBUG - fx_L1_mfista- itercount: 0, L: 5.370209e+04, eta:1.050000e+00
2020-06-11 14:56:25,155 - DEBUG - fx_L1_mfista- itercount: 0, L: 5.638720e+04, eta:1.050000e+00
2020-06-11 14:56:25,161 - DEBUG - fx_L1_mfista- itercount: 0, L: 5.920656e+04, eta:1.050000e+00
2020-06-11 14:56:25,166 - DEBUG - fx_L1_mfista- itercount: 0, L: 6.216689e+04, eta:1.050000e+00
2020-06-11 14:56:25,172 - DEBUG - fx_L1_mfista- itercount: 0, L: 6.527523e+04, eta:1.050000e+00
2020-06-11 14:56:25,178 - DEBUG - fx_L1_mfista- itercount: 0, L: 6.853899e+04, eta:1.050000e+00
2020-06-11 14:56:25,184 - DEBUG - fx_L1_mfista- itercount: 0, L: 7.196594e+04, eta:1.050000e+00
2020-06-11 14:56:25,190 - DEBUG - fx_L1_mfista- itercount: 0, L: 7.556424e+04, eta:1.050000e+00
2020-06-11 14:56:25,196 - DEBUG - fx_L1_mfista- itercount: 0, L: 7.934245e+04, eta:1.050000e+00
2020-06-11 14:56:25,202 - DEBUG - fx_L1_mfista- itercount: 0, L: 8.330957e+04, eta:1.050000e+00
2020-06-11 14:56:25,208 - DEBUG - fx_L1_mfista- itercount: 0, L: 8.747505e+04, eta:1.050000e+00
2020-06-11 14:56:25,213 - DEBUG - fx_L1_mfista- itercount: 0, L: 9.184880e+04, eta:1.050000e+00
2020-06-11 14:56:25,229 - DEBUG - fx_L1_mfista- itercount: 1, L: 8.747505e+04, eta:1.050000e+00
2020-06-11 14:56:25,235 - DEBUG - fx_L1_mfista- itercount: 1, L: 9.184880e+04, eta:1.050000e+00
2020-06-11 14:56:25,241 - DEBUG - fx_L1_mfista- itercount: 1, L: 9.644124e+04, eta:1.050000e+00
2020-06-11 14:56:25,247 - DEBUG - fx_L1_mfista- itercount: 1, L: 1.012633e+05, eta:1.050000e+00
2020-06-11 14:56:25,253 - DEBUG - fx_L1_mfista- itercount: 1, L: 1.063265e+05, eta:1.050000e+00
2020-06-11 14:56:25,268 - DEBUG - fx_L1_mfista- itercount: 2, L: 1.012633e+05, eta:1.050000e+00
2020-06-11 14:56:25,275 - DEBUG - fx_L1_mfista- itercount: 2, L: 1.063265e+05, eta:1.050000e+00
2020-06-11 14:56:25,282 - DEBUG - fx_L1_mfista- itercount: 2, L: 1.116428e+05, eta:1.050000e+00
2020-06-11 14:56:25,288 - DEBUG - fx_L1_mfista- itercount: 2, L: 1.172249e+05, eta:1.050000e+00
2020-06-11 14:56:25,295 - DEBUG - fx_L1_mfista- itercount: 2, L: 1.230862e+05, eta:1.050000e+00
2020-06-11 14:56:25,315 - DEBUG - fx_L1_mfista- itercount: 3, L: 1.172249e+05, eta:1.050000e+00
2020-06-11 14:56:25,333 - DEBUG - fx_L1_mfista- itercount: 4, L: 1.116428e+05, eta:1.050000e+00
2020-06-11 14:56:25,350 - DEBUG - fx_L1_mfista- itercount: 5, L: 1.063265e+05, eta:1.050000e+00
2020-06-11 14:56:25,367 - DEBUG - fx_L1_mfista- itercount: 6, L: 1.012633e+05, eta:1.050000e+00
2020-06-11 14:56:25,383 - DEBUG - fx_L1_mfista- itercount: 7, L: 9.644124e+04, eta:1.050000e+00
2020-06-11 14:56:25,399 - DEBUG - fx_L1_mfista- itercount: 8, L: 9.184880e+04, eta:1.050000e+00
2020-06-11 14:56:25,414 - DEBUG - fx_L1_mfista- itercount: 9, L: 8.747505e+04, eta:1.050000e+00
2020-06-11 14:56:25,428 - DEBUG - fx_L1_mfista- itercount: 10, L: 8.330957e+04, eta:1.050000e+00
2020-06-11 14:56:25,444 - DEBUG - fx_L1_mfista- itercount: 11, L: 7.934245e+04, eta:1.050000e+00
2020-06-11 14:56:25,459 - DEBUG - fx_L1_mfista- itercount: 12, L: 7.556424e+04, eta:1.050000e+00
2020-06-11 14:56:25,473 - DEBUG - fx_L1_mfista- itercount: 13, L: 7.196594e+04, eta:1.050000e+00
2020-06-11 14:56:25,489 - DEBUG - fx_L1_mfista- itercount: 14, L: 6.853899e+04, eta:1.050000e+00
2020-06-11 14:56:25,504 - DEBUG - fx_L1_mfista- itercount: 15, L: 6.527523e+04, eta:1.050000e+00
2020-06-11 14:56:25,519 - DEBUG - fx_L1_mfista- itercount: 16, L: 6.216689e+04, eta:1.050000e+00
2020-06-11 14:56:25,536 - DEBUG - fx_L1_mfista- itercount: 17, L: 5.920656e+04, eta:1.050000e+00
2020-06-11 14:56:25,552 - DEBUG - fx_L1_mfista- itercount: 18, L: 5.638720e+04, eta:1.050000e+00
2020-06-11 14:56:25,568 - DEBUG - fx_L1_mfista- itercount: 19, L: 5.370209e+04, eta:1.050000e+00
2020-06-11 14:56:25,584 - DEBUG - fx_L1_mfista- itercount: 20, L: 5.114485e+04, eta:1.050000e+00
2020-06-11 14:56:25,598 - DEBUG - fx_L1_mfista- itercount: 21, L: 4.870938e+04, eta:1.050000e+00
2020-06-11 14:56:25,614 - DEBUG - fx_L1_mfista- itercount: 22, L: 4.638989e+04, eta:1.050000e+00
2020-06-11 14:56:25,620 - DEBUG - fx_L1_mfista- itercount: 22, L: 4.870938e+04, eta:1.050000e+00
2020-06-11 14:56:25,626 - DEBUG - fx_L1_mfista- itercount: 22, L: 5.114485e+04, eta:1.050000e+00
2020-06-11 14:56:25,632 - DEBUG - fx_L1_mfista- itercount: 22, L: 5.370209e+04, eta:1.050000e+00
2020-06-11 14:56:25,638 - DEBUG - fx_L1_mfista- itercount: 22, L: 5.638720e+04, eta:1.050000e+00
2020-06-11 14:56:25,645 - DEBUG - fx_L1_mfista- itercount: 22, L: 5.920656e+04, eta:1.050000e+00
2020-06-11 14:56:25,651 - DEBUG - fx_L1_mfista- itercount: 22, L: 6.216689e+04, eta:1.050000e+00
2020-06-11 14:56:25,657 - DEBUG - fx_L1_mfista- itercount: 22, L: 6.527523e+04, eta:1.050000e+00
2020-06-11 14:56:25,663 - DEBUG - fx_L1_mfista- itercount: 22, L: 6.853899e+04, eta:1.050000e+00
2020-06-11 14:56:25,669 - DEBUG - fx_L1_mfista- itercount: 22, L: 7.196594e+04, eta:1.050000e+00
2020-06-11 14:56:25,675 - DEBUG - fx_L1_mfista- itercount: 22, L: 7.556424e+04, eta:1.050000e+00
2020-06-11 14:56:25,681 - DEBUG - fx_L1_mfista- itercount: 22, L: 7.934245e+04, eta:1.050000e+00
2020-06-11 14:56:25,696 - DEBUG - fx_L1_mfista- itercount: 23, L: 7.556424e+04, eta:1.050000e+00
2020-06-11 14:56:25,711 - DEBUG - fx_L1_mfista- itercount: 24, L: 7.196594e+04, eta:1.050000e+00
2020-06-11 14:56:25,726 - DEBUG - fx_L1_mfista- itercount: 25, L: 6.853899e+04, eta:1.050000e+00
2020-06-11 14:56:25,731 - DEBUG - fx_L1_mfista- itercount: 25, L: 7.196594e+04, eta:1.050000e+00
2020-06-11 14:56:25,746 - DEBUG - fx_L1_mfista- itercount: 26, L: 6.853899e+04, eta:1.050000e+00
2020-06-11 14:56:25,753 - DEBUG - fx_L1_mfista- itercount: 26, L: 7.196594e+04, eta:1.050000e+00
2020-06-11 14:56:25,768 - DEBUG - fx_L1_mfista- itercount: 27, L: 6.853899e+04, eta:1.050000e+00
2020-06-11 14:56:25,783 - DEBUG - fx_L1_mfista- itercount: 28, L: 6.527523e+04, eta:1.050000e+00
2020-06-11 14:56:25,790 - DEBUG - fx_L1_mfista- itercount: 28, L: 6.853899e+04, eta:1.050000e+00
2020-06-11 14:56:25,806 - DEBUG - fx_L1_mfista- itercount: 29, L: 6.527523e+04, eta:1.050000e+00
2020-06-11 14:56:25,821 - DEBUG - fx_L1_mfista- itercount: 30, L: 6.216689e+04, eta:1.050000e+00
2020-06-11 14:56:25,828 - DEBUG - fx_L1_mfista- itercount: 30, L: 6.527523e+04, eta:1.050000e+00
2020-06-11 14:56:25,843 - DEBUG - fx_L1_mfista- itercount: 31, L: 6.216689e+04, eta:1.050000e+00
2020-06-11 14:56:25,849 - DEBUG - fx_L1_mfista- itercount: 31, L: 6.527523e+04, eta:1.050000e+00
2020-06-11 14:56:25,855 - DEBUG - fx_L1_mfista- itercount: 31, L: 6.853899e+04, eta:1.050000e+00
2020-06-11 14:56:25,870 - DEBUG - fx_L1_mfista- itercount: 32, L: 6.527523e+04, eta:1.050000e+00
2020-06-11 14:56:25,885 - DEBUG - fx_L1_mfista- itercount: 33, L: 6.216689e+04, eta:1.050000e+00
2020-06-11 14:56:25,899 - DEBUG - fx_L1_mfista- itercount: 34, L: 5.920656e+04, eta:1.050000e+00
2020-06-11 14:56:25,914 - DEBUG - fx_L1_mfista- itercount: 35, L: 5.638720e+04, eta:1.050000e+00
2020-06-11 14:56:25,920 - DEBUG - fx_L1_mfista- itercount: 35, L: 5.920656e+04, eta:1.050000e+00
2020-06-11 14:56:25,936 - DEBUG - fx_L1_mfista- itercount: 36, L: 5.638720e+04, eta:1.050000e+00
2020-06-11 14:56:25,942 - DEBUG - fx_L1_mfista- itercount: 36, L: 5.920656e+04, eta:1.050000e+00
2020-06-11 14:56:25,956 - DEBUG - fx_L1_mfista- itercount: 37, L: 5.638720e+04, eta:1.050000e+00
2020-06-11 14:56:25,963 - DEBUG - fx_L1_mfista- itercount: 37, L: 5.920656e+04, eta:1.050000e+00
2020-06-11 14:56:25,968 - DEBUG - fx_L1_mfista- itercount: 37, L: 6.216689e+04, eta:1.050000e+00
2020-06-11 14:56:25,981 - DEBUG - fx_L1_mfista- itercount: 38, L: 5.920656e+04, eta:1.050000e+00
2020-06-11 14:56:25,987 - DEBUG - fx_L1_mfista- itercount: 38, L: 6.216689e+04, eta:1.050000e+00
2020-06-11 14:56:26,001 - DEBUG - fx_L1_mfista- itercount: 39, L: 5.920656e+04, eta:1.050000e+00
2020-06-11 14:56:26,016 - DEBUG - fx_L1_mfista- itercount: 40, L: 5.638720e+04, eta:1.050000e+00
2020-06-11 14:56:26,030 - DEBUG - fx_L1_mfista- itercount: 41, L: 5.370209e+04, eta:1.050000e+00
2020-06-11 14:56:26,036 - DEBUG - fx_L1_mfista- itercount: 41, L: 5.638720e+04, eta:1.050000e+00
2020-06-11 14:56:26,051 - DEBUG - fx_L1_mfista- itercount: 42, L: 5.370209e+04, eta:1.050000e+00
2020-06-11 14:56:26,058 - DEBUG - fx_L1_mfista- itercount: 42, L: 5.638720e+04, eta:1.050000e+00
2020-06-11 14:56:26,064 - DEBUG - fx_L1_mfista- itercount: 42, L: 5.920656e+04, eta:1.050000e+00
2020-06-11 14:56:26,080 - DEBUG - fx_L1_mfista- itercount: 43, L: 5.638720e+04, eta:1.050000e+00
2020-06-11 14:56:26,086 - DEBUG - fx_L1_mfista- itercount: 43, L: 5.920656e+04, eta:1.050000e+00
2020-06-11 14:56:26,102 - DEBUG - fx_L1_mfista- itercount: 44, L: 5.638720e+04, eta:1.050000e+00
2020-06-11 14:56:26,117 - DEBUG - fx_L1_mfista- itercount: 45, L: 5.370209e+04, eta:1.050000e+00
2020-06-11 14:56:26,132 - DEBUG - fx_L1_mfista- itercount: 46, L: 5.114485e+04, eta:1.050000e+00
2020-06-11 14:56:26,138 - DEBUG - fx_L1_mfista- itercount: 46, L: 5.370209e+04, eta:1.050000e+00
2020-06-11 14:56:26,144 - DEBUG - fx_L1_mfista- itercount: 46, L: 5.638720e+04, eta:1.050000e+00
2020-06-11 14:56:26,159 - DEBUG - fx_L1_mfista- itercount: 47, L: 5.370209e+04, eta:1.050000e+00
2020-06-11 14:56:26,165 - DEBUG - fx_L1_mfista- itercount: 47, L: 5.638720e+04, eta:1.050000e+00
2020-06-11 14:56:26,180 - DEBUG - fx_L1_mfista- itercount: 48, L: 5.370209e+04, eta:1.050000e+00
2020-06-11 14:56:26,186 - DEBUG - fx_L1_mfista- itercount: 48, L: 5.638720e+04, eta:1.050000e+00
2020-06-11 14:56:26,191 - DEBUG - fx_L1_mfista- itercount: 48, L: 5.920656e+04, eta:1.050000e+00
2020-06-11 14:56:26,206 - DEBUG - fx_L1_mfista- itercount: 49, L: 5.638720e+04, eta:1.050000e+00
2020-06-11 14:56:26,220 - DEBUG - fx_L1_mfista- iternum:50, L: 5.638720e+04, F_xk: 7.097003e+00, chi:5.865973e+06, reg: 3.259202e+05, rela_err:6.368983e-05
2020-06-11 14:56:26,241 - DEBUG - fx_L1_mfista- itercount: 50, L: 5.370209e+04, eta:1.050000e+00
2020-06-11 14:56:26,261 - DEBUG - fx_L1_mfista- itercount: 51, L: 5.114485e+04, eta:1.050000e+00
2020-06-11 14:56:26,275 - DEBUG - fx_L1_mfista- itercount: 52, L: 4.870938e+04, eta:1.050000e+00
2020-06-11 14:56:26,281 - DEBUG - fx_L1_mfista- itercount: 52, L: 5.114485e+04, eta:1.050000e+00
2020-06-11 14:56:26,289 - DEBUG - fx_L1_mfista- itercount: 52, L: 5.370209e+04, eta:1.050000e+00
2020-06-11 14:56:26,305 - DEBUG - fx_L1_mfista- itercount: 53, L: 5.114485e+04, eta:1.050000e+00
2020-06-11 14:56:26,321 - DEBUG - fx_L1_mfista- itercount: 54, L: 4.870938e+04, eta:1.050000e+00
2020-06-11 14:56:26,328 - DEBUG - fx_L1_mfista- itercount: 54, L: 5.114485e+04, eta:1.050000e+00
2020-06-11 14:56:26,334 - DEBUG - fx_L1_mfista- itercount: 54, L: 5.370209e+04, eta:1.050000e+00
2020-06-11 14:56:26,340 - DEBUG - fx_L1_mfista- itercount: 54, L: 5.638720e+04, eta:1.050000e+00
2020-06-11 14:56:26,356 - DEBUG - fx_L1_mfista- itercount: 55, L: 5.370209e+04, eta:1.050000e+00
2020-06-11 14:56:26,372 - DEBUG - fx_L1_mfista- itercount: 56, L: 5.114485e+04, eta:1.050000e+00
2020-06-11 14:56:26,390 - DEBUG - fx_L1_mfista- itercount: 57, L: 4.870938e+04, eta:1.050000e+00
2020-06-11 14:56:26,397 - DEBUG - fx_L1_mfista- itercount: 57, L: 5.114485e+04, eta:1.050000e+00
2020-06-11 14:56:26,414 - DEBUG - fx_L1_mfista- itercount: 58, L: 4.870938e+04, eta:1.050000e+00
2020-06-11 14:56:26,421 - DEBUG - fx_L1_mfista- itercount: 58, L: 5.114485e+04, eta:1.050000e+00
2020-06-11 14:56:26,437 - DEBUG - fx_L1_mfista- itercount: 59, L: 4.870938e+04, eta:1.050000e+00
2020-06-11 14:56:26,444 - DEBUG - fx_L1_mfista- itercount: 59, L: 5.114485e+04, eta:1.050000e+00
2020-06-11 14:56:26,463 - DEBUG - fx_L1_mfista- itercount: 60, L: 4.870938e+04, eta:1.050000e+00
2020-06-11 14:56:26,470 - DEBUG - fx_L1_mfista- itercount: 60, L: 5.114485e+04, eta:1.050000e+00
2020-06-11 14:56:26,485 - DEBUG - fx_L1_mfista- itercount: 61, L: 4.870938e+04, eta:1.050000e+00
2020-06-11 14:56:26,491 - DEBUG - fx_L1_mfista- itercount: 61, L: 5.114485e+04, eta:1.050000e+00
2020-06-11 14:56:26,507 - DEBUG - fx_L1_mfista- itercount: 62, L: 4.870938e+04, eta:1.050000e+00
2020-06-11 14:56:26,514 - DEBUG - fx_L1_mfista- itercount: 62, L: 5.114485e+04, eta:1.050000e+00
2020-06-11 14:56:26,529 - DEBUG - fx_L1_mfista- itercount: 63, L: 4.870938e+04, eta:1.050000e+00
2020-06-11 14:56:26,544 - DEBUG - fx_L1_mfista- itercount: 64, L: 4.638989e+04, eta:1.050000e+00
2020-06-11 14:56:26,551 - DEBUG - fx_L1_mfista- itercount: 64, L: 4.870938e+04, eta:1.050000e+00
2020-06-11 14:56:26,558 - DEBUG - fx_L1_mfista- itercount: 64, L: 5.114485e+04, eta:1.050000e+00
2020-06-11 14:56:26,573 - DEBUG - fx_L1_mfista- itercount: 65, L: 4.870938e+04, eta:1.050000e+00
2020-06-11 14:56:26,590 - DEBUG - fx_L1_mfista- itercount: 66, L: 4.638989e+04, eta:1.050000e+00
2020-06-11 14:56:26,604 - DEBUG - fx_L1_mfista- itercount: 67, L: 4.418085e+04, eta:1.050000e+00
2020-06-11 14:56:26,612 - DEBUG - fx_L1_mfista- itercount: 67, L: 4.638989e+04, eta:1.050000e+00
2020-06-11 14:56:26,627 - DEBUG - fx_L1_mfista- itercount: 68, L: 4.418085e+04, eta:1.050000e+00
2020-06-11 14:56:26,634 - DEBUG - fx_L1_mfista- itercount: 68, L: 4.638989e+04, eta:1.050000e+00
2020-06-11 14:56:26,641 - DEBUG - fx_L1_mfista- itercount: 68, L: 4.870938e+04, eta:1.050000e+00
2020-06-11 14:56:26,657 - DEBUG - fx_L1_mfista- itercount: 69, L: 4.638989e+04, eta:1.050000e+00
2020-06-11 14:56:26,664 - DEBUG - fx_L1_mfista- itercount: 69, L: 4.870938e+04, eta:1.050000e+00
2020-06-11 14:56:26,682 - DEBUG - fx_L1_mfista- itercount: 70, L: 4.638989e+04, eta:1.050000e+00
2020-06-11 14:56:26,689 - DEBUG - fx_L1_mfista- itercount: 70, L: 4.870938e+04, eta:1.050000e+00
2020-06-11 14:56:26,704 - DEBUG - fx_L1_mfista- itercount: 71, L: 4.638989e+04, eta:1.050000e+00
2020-06-11 14:56:26,719 - DEBUG - fx_L1_mfista- itercount: 72, L: 4.418085e+04, eta:1.050000e+00
2020-06-11 14:56:26,726 - DEBUG - fx_L1_mfista- itercount: 72, L: 4.638989e+04, eta:1.050000e+00
2020-06-11 14:56:26,740 - DEBUG - fx_L1_mfista- itercount: 73, L: 4.418085e+04, eta:1.050000e+00
2020-06-11 14:56:26,746 - DEBUG - fx_L1_mfista- itercount: 73, L: 4.638989e+04, eta:1.050000e+00
2020-06-11 14:56:26,762 - DEBUG - fx_L1_mfista- itercount: 74, L: 4.418085e+04, eta:1.050000e+00
2020-06-11 14:56:26,768 - DEBUG - fx_L1_mfista- itercount: 74, L: 4.638989e+04, eta:1.050000e+00
2020-06-11 14:56:26,774 - DEBUG - fx_L1_mfista- itercount: 74, L: 4.870938e+04, eta:1.050000e+00
2020-06-11 14:56:26,789 - DEBUG - fx_L1_mfista- itercount: 75, L: 4.638989e+04, eta:1.050000e+00
2020-06-11 14:56:26,806 - DEBUG - fx_L1_mfista- itercount: 76, L: 4.418085e+04, eta:1.050000e+00
2020-06-11 14:56:26,821 - DEBUG - fx_L1_mfista- itercount: 77, L: 4.207700e+04, eta:1.050000e+00
2020-06-11 14:56:26,827 - DEBUG - fx_L1_mfista- itercount: 77, L: 4.418085e+04, eta:1.050000e+00
2020-06-11 14:56:26,841 - DEBUG - fx_L1_mfista- itercount: 78, L: 4.207700e+04, eta:1.050000e+00
2020-06-11 14:56:26,847 - DEBUG - fx_L1_mfista- itercount: 78, L: 4.418085e+04, eta:1.050000e+00
2020-06-11 14:56:26,853 - DEBUG - fx_L1_mfista- itercount: 78, L: 4.638989e+04, eta:1.050000e+00
2020-06-11 14:56:26,867 - DEBUG - fx_L1_mfista- itercount: 79, L: 4.418085e+04, eta:1.050000e+00
2020-06-11 14:56:26,882 - DEBUG - fx_L1_mfista- itercount: 80, L: 4.207700e+04, eta:1.050000e+00
2020-06-11 14:56:26,888 - DEBUG - fx_L1_mfista- itercount: 80, L: 4.418085e+04, eta:1.050000e+00
2020-06-11 14:56:26,902 - DEBUG - fx_L1_mfista- itercount: 81, L: 4.207700e+04, eta:1.050000e+00
2020-06-11 14:56:26,916 - DEBUG - fx_L1_mfista- itercount: 82, L: 4.007333e+04, eta:1.050000e+00
2020-06-11 14:56:26,922 - DEBUG - fx_L1_mfista- itercount: 82, L: 4.207700e+04, eta:1.050000e+00
2020-06-11 14:56:26,927 - DEBUG - fx_L1_mfista- itercount: 82, L: 4.418085e+04, eta:1.050000e+00
2020-06-11 14:56:26,933 - DEBUG - fx_L1_mfista- itercount: 82, L: 4.638989e+04, eta:1.050000e+00
2020-06-11 14:56:26,938 - DEBUG - fx_L1_mfista- itercount: 82, L: 4.870938e+04, eta:1.050000e+00
2020-06-11 14:56:26,953 - DEBUG - fx_L1_mfista- itercount: 83, L: 4.638989e+04, eta:1.050000e+00
2020-06-11 14:56:26,968 - DEBUG - fx_L1_mfista- itercount: 84, L: 4.418085e+04, eta:1.050000e+00
2020-06-11 14:56:26,982 - DEBUG - fx_L1_mfista- itercount: 85, L: 4.207700e+04, eta:1.050000e+00
2020-06-11 14:56:26,996 - DEBUG - fx_L1_mfista- itercount: 86, L: 4.007333e+04, eta:1.050000e+00
2020-06-11 14:56:27,010 - DEBUG - fx_L1_mfista- itercount: 87, L: 3.816508e+04, eta:1.050000e+00
2020-06-11 14:56:27,024 - DEBUG - fx_L1_mfista- itercount: 88, L: 3.634769e+04, eta:1.050000e+00
2020-06-11 14:56:27,030 - DEBUG - fx_L1_mfista- itercount: 88, L: 3.816508e+04, eta:1.050000e+00
2020-06-11 14:56:27,045 - DEBUG - fx_L1_mfista- itercount: 89, L: 3.634769e+04, eta:1.050000e+00
2020-06-11 14:56:27,051 - DEBUG - fx_L1_mfista- itercount: 89, L: 3.816508e+04, eta:1.050000e+00
2020-06-11 14:56:27,056 - DEBUG - fx_L1_mfista- itercount: 89, L: 4.007333e+04, eta:1.050000e+00
2020-06-11 14:56:27,062 - DEBUG - fx_L1_mfista- itercount: 89, L: 4.207700e+04, eta:1.050000e+00
2020-06-11 14:56:27,068 - DEBUG - fx_L1_mfista- itercount: 89, L: 4.418085e+04, eta:1.050000e+00
2020-06-11 14:56:27,081 - DEBUG - fx_L1_mfista- itercount: 90, L: 4.207700e+04, eta:1.050000e+00
2020-06-11 14:56:27,088 - DEBUG - fx_L1_mfista- itercount: 90, L: 4.418085e+04, eta:1.050000e+00
2020-06-11 14:56:27,103 - DEBUG - fx_L1_mfista- itercount: 91, L: 4.207700e+04, eta:1.050000e+00
2020-06-11 14:56:27,117 - DEBUG - fx_L1_mfista- itercount: 92, L: 4.007333e+04, eta:1.050000e+00
2020-06-11 14:56:27,133 - DEBUG - fx_L1_mfista- itercount: 93, L: 3.816508e+04, eta:1.050000e+00
2020-06-11 14:56:27,148 - DEBUG - fx_L1_mfista- itercount: 94, L: 3.634769e+04, eta:1.050000e+00
2020-06-11 14:56:27,154 - DEBUG - fx_L1_mfista- itercount: 94, L: 3.816508e+04, eta:1.050000e+00
2020-06-11 14:56:27,160 - DEBUG - fx_L1_mfista- itercount: 94, L: 4.007333e+04, eta:1.050000e+00
2020-06-11 14:56:27,165 - DEBUG - fx_L1_mfista- itercount: 94, L: 4.207700e+04, eta:1.050000e+00
2020-06-11 14:56:27,180 - DEBUG - fx_L1_mfista- itercount: 95, L: 4.007333e+04, eta:1.050000e+00
2020-06-11 14:56:27,186 - DEBUG - fx_L1_mfista- itercount: 95, L: 4.207700e+04, eta:1.050000e+00
2020-06-11 14:56:27,201 - DEBUG - fx_L1_mfista- itercount: 96, L: 4.007333e+04, eta:1.050000e+00
2020-06-11 14:56:27,216 - DEBUG - fx_L1_mfista- itercount: 97, L: 3.816508e+04, eta:1.050000e+00
2020-06-11 14:56:27,223 - DEBUG - fx_L1_mfista- itercount: 97, L: 4.007333e+04, eta:1.050000e+00
2020-06-11 14:56:27,237 - DEBUG - fx_L1_mfista- itercount: 98, L: 3.816508e+04, eta:1.050000e+00
2020-06-11 14:56:27,242 - DEBUG - fx_L1_mfista- itercount: 98, L: 4.007333e+04, eta:1.050000e+00
2020-06-11 14:56:27,248 - DEBUG - fx_L1_mfista- itercount: 98, L: 4.207700e+04, eta:1.050000e+00
2020-06-11 14:56:27,263 - DEBUG - fx_L1_mfista- itercount: 99, L: 4.007333e+04, eta:1.050000e+00
2020-06-11 14:56:27,276 - DEBUG - fx_L1_mfista- iternum:100, L: 4.007333e+04, F_xk: 7.087616e+00, chi:5.862693e+06, reg: 3.744108e+05, rela_err:4.566082e-07
2020-06-11 14:56:27,295 - DEBUG - fx_L1_mfista- itercount: 100, L: 3.816508e+04, eta:1.050000e+00
2020-06-11 14:56:27,304 - DEBUG - fx_L1_mfista- itercount: 100, L: 4.007333e+04, eta:1.050000e+00
2020-06-11 14:56:27,322 - DEBUG - fx_L1_mfista- itercount: 101, L: 3.816508e+04, eta:1.050000e+00
2020-06-11 14:56:27,328 - DEBUG - fx_L1_mfista- itercount: 101, L: 4.007333e+04, eta:1.050000e+00
2020-06-11 14:56:27,334 - DEBUG - fx_L1_mfista- itercount: 101, L: 4.207700e+04, eta:1.050000e+00
2020-06-11 14:56:27,350 - DEBUG - fx_L1_mfista- itercount: 102, L: 4.007333e+04, eta:1.050000e+00
2020-06-11 14:56:27,367 - DEBUG - fx_L1_mfista- itercount: 103, L: 3.816508e+04, eta:1.050000e+00
2020-06-11 14:56:27,374 - DEBUG - fx_L1_mfista- itercount: 103, L: 4.007333e+04, eta:1.050000e+00
2020-06-11 14:56:27,390 - DEBUG - fx_L1_mfista- itercount: 104, L: 3.816508e+04, eta:1.050000e+00
2020-06-11 14:56:27,397 - DEBUG - fx_L1_mfista- itercount: 104, L: 4.007333e+04, eta:1.050000e+00
2020-06-11 14:56:27,414 - DEBUG - fx_L1_mfista- itercount: 105, L: 3.816508e+04, eta:1.050000e+00
2020-06-11 14:56:27,421 - DEBUG - fx_L1_mfista- itercount: 105, L: 4.007333e+04, eta:1.050000e+00
2020-06-11 14:56:27,437 - DEBUG - fx_L1_mfista- itercount: 106, L: 3.816508e+04, eta:1.050000e+00
2020-06-11 14:56:27,445 - DEBUG - fx_L1_mfista- itercount: 106, L: 4.007333e+04, eta:1.050000e+00
2020-06-11 14:56:27,460 - DEBUG - fx_L1_mfista- itercount: 107, L: 3.816508e+04, eta:1.050000e+00
2020-06-11 14:56:27,465 - DEBUG - fx_L1_mfista- itercount: 107, L: 4.007333e+04, eta:1.050000e+00
2020-06-11 14:56:27,471 - DEBUG - fx_L1_mfista- itercount: 107, L: 4.207700e+04, eta:1.050000e+00
2020-06-11 14:56:27,487 - DEBUG - fx_L1_mfista- itercount: 108, L: 4.007333e+04, eta:1.050000e+00
2020-06-11 14:56:27,503 - DEBUG - fx_L1_mfista- itercount: 109, L: 3.816508e+04, eta:1.050000e+00
2020-06-11 14:56:27,517 - DEBUG - fx_L1_mfista- itercount: 110, L: 3.634769e+04, eta:1.050000e+00
2020-06-11 14:56:27,523 - DEBUG - fx_L1_mfista- itercount: 110, L: 3.816508e+04, eta:1.050000e+00
2020-06-11 14:56:27,530 - DEBUG - fx_L1_mfista- itercount: 110, L: 4.007333e+04, eta:1.050000e+00
2020-06-11 14:56:27,536 - DEBUG - fx_L1_mfista- itercount: 110, L: 4.207700e+04, eta:1.050000e+00
2020-06-11 14:56:27,552 - DEBUG - fx_L1_mfista- itercount: 111, L: 4.007333e+04, eta:1.050000e+00
2020-06-11 14:56:27,567 - DEBUG - fx_L1_mfista- itercount: 112, L: 3.816508e+04, eta:1.050000e+00
2020-06-11 14:56:27,574 - DEBUG - fx_L1_mfista- itercount: 112, L: 4.007333e+04, eta:1.050000e+00
2020-06-11 14:56:27,589 - DEBUG - fx_L1_mfista- itercount: 113, L: 3.816508e+04, eta:1.050000e+00
2020-06-11 14:56:27,595 - DEBUG - fx_L1_mfista- itercount: 113, L: 4.007333e+04, eta:1.050000e+00
2020-06-11 14:56:27,610 - DEBUG - fx_L1_mfista- itercount: 114, L: 3.816508e+04, eta:1.050000e+00
2020-06-11 14:56:27,616 - DEBUG - fx_L1_mfista- itercount: 114, L: 4.007333e+04, eta:1.050000e+00
2020-06-11 14:56:27,632 - DEBUG - fx_L1_mfista- itercount: 115, L: 3.816508e+04, eta:1.050000e+00
2020-06-11 14:56:27,637 - DEBUG - fx_L1_mfista- itercount: 115, L: 4.007333e+04, eta:1.050000e+00
2020-06-11 14:56:27,653 - DEBUG - fx_L1_mfista- itercount: 116, L: 3.816508e+04, eta:1.050000e+00
2020-06-11 14:56:27,660 - DEBUG - fx_L1_mfista- itercount: 116, L: 4.007333e+04, eta:1.050000e+00
2020-06-11 14:56:27,674 - DEBUG - fx_L1_mfista- itercount: 117, L: 3.816508e+04, eta:1.050000e+00
2020-06-11 14:56:27,679 - DEBUG - fx_L1_mfista- itercount: 117, L: 4.007333e+04, eta:1.050000e+00
2020-06-11 14:56:27,696 - DEBUG - fx_L1_mfista- itercount: 118, L: 3.816508e+04, eta:1.050000e+00
2020-06-11 14:56:27,703 - DEBUG - fx_L1_mfista- itercount: 118, L: 4.007333e+04, eta:1.050000e+00
2020-06-11 14:56:27,719 - DEBUG - fx_L1_mfista- itercount: 119, L: 3.816508e+04, eta:1.050000e+00
2020-06-11 14:56:27,727 - DEBUG - fx_L1_mfista- itercount: 119, L: 4.007333e+04, eta:1.050000e+00
2020-06-11 14:56:27,745 - DEBUG - fx_L1_mfista- itercount: 120, L: 3.816508e+04, eta:1.050000e+00
2020-06-11 14:56:27,751 - DEBUG - fx_L1_mfista- itercount: 120, L: 4.007333e+04, eta:1.050000e+00
2020-06-11 14:56:27,766 - DEBUG - fx_L1_mfista- itercount: 121, L: 3.816508e+04, eta:1.050000e+00
2020-06-11 14:56:27,772 - DEBUG - fx_L1_mfista- itercount: 121, L: 4.007333e+04, eta:1.050000e+00
2020-06-11 14:56:27,777 - DEBUG - fx_L1_mfista- itercount: 121, L: 4.207700e+04, eta:1.050000e+00
2020-06-11 14:56:27,796 - DEBUG - fx_L1_mfista- itercount: 122, L: 4.007333e+04, eta:1.050000e+00
2020-06-11 14:56:27,812 - DEBUG - fx_L1_mfista- itercount: 123, L: 3.816508e+04, eta:1.050000e+00
2020-06-11 14:56:27,826 - DEBUG - fx_L1_mfista- itercount: 124, L: 3.634769e+04, eta:1.050000e+00
2020-06-11 14:56:27,832 - DEBUG - fx_L1_mfista- itercount: 124, L: 3.816508e+04, eta:1.050000e+00
2020-06-11 14:56:27,839 - DEBUG - fx_L1_mfista- itercount: 124, L: 4.007333e+04, eta:1.050000e+00
2020-06-11 14:56:27,854 - DEBUG - fx_L1_mfista- itercount: 125, L: 3.816508e+04, eta:1.050000e+00
2020-06-11 14:56:27,860 - DEBUG - fx_L1_mfista- itercount: 125, L: 4.007333e+04, eta:1.050000e+00
2020-06-11 14:56:27,874 - DEBUG - fx_L1_mfista- itercount: 126, L: 3.816508e+04, eta:1.050000e+00
2020-06-11 14:56:27,881 - DEBUG - fx_L1_mfista- itercount: 126, L: 4.007333e+04, eta:1.050000e+00
2020-06-11 14:56:27,897 - DEBUG - fx_L1_mfista- itercount: 127, L: 3.816508e+04, eta:1.050000e+00
2020-06-11 14:56:27,902 - DEBUG - fx_L1_mfista- itercount: 127, L: 4.007333e+04, eta:1.050000e+00
2020-06-11 14:56:27,918 - DEBUG - fx_L1_mfista- itercount: 128, L: 3.816508e+04, eta:1.050000e+00
2020-06-11 14:56:27,924 - DEBUG - fx_L1_mfista- itercount: 128, L: 4.007333e+04, eta:1.050000e+00
2020-06-11 14:56:27,940 - DEBUG - fx_L1_mfista- itercount: 129, L: 3.816508e+04, eta:1.050000e+00
2020-06-11 14:56:27,945 - DEBUG - fx_L1_mfista- itercount: 129, L: 4.007333e+04, eta:1.050000e+00
2020-06-11 14:56:27,961 - DEBUG - fx_L1_mfista- itercount: 130, L: 3.816508e+04, eta:1.050000e+00
2020-06-11 14:56:27,966 - DEBUG - fx_L1_mfista- itercount: 130, L: 4.007333e+04, eta:1.050000e+00
2020-06-11 14:56:27,981 - DEBUG - fx_L1_mfista- itercount: 131, L: 3.816508e+04, eta:1.050000e+00
2020-06-11 14:56:27,987 - DEBUG - fx_L1_mfista- itercount: 131, L: 4.007333e+04, eta:1.050000e+00
2020-06-11 14:56:28,003 - DEBUG - fx_L1_mfista- itercount: 132, L: 3.816508e+04, eta:1.050000e+00
2020-06-11 14:56:28,019 - DEBUG - fx_L1_mfista- itercount: 133, L: 3.634769e+04, eta:1.050000e+00
2020-06-11 14:56:28,033 - DEBUG - fx_L1_mfista- itercount: 134, L: 3.461685e+04, eta:1.050000e+00
2020-06-11 14:56:28,050 - DEBUG - fx_L1_mfista- itercount: 135, L: 3.296843e+04, eta:1.050000e+00
2020-06-11 14:56:28,065 - DEBUG - fx_L1_mfista- itercount: 136, L: 3.139850e+04, eta:1.050000e+00
2020-06-11 14:56:28,079 - DEBUG - fx_L1_mfista- itercount: 137, L: 2.990334e+04, eta:1.050000e+00
2020-06-11 14:56:28,095 - DEBUG - fx_L1_mfista- itercount: 138, L: 2.847937e+04, eta:1.050000e+00
2020-06-11 14:56:28,111 - DEBUG - fx_L1_mfista- itercount: 139, L: 2.712321e+04, eta:1.050000e+00
2020-06-11 14:56:28,117 - DEBUG - fx_L1_mfista- itercount: 139, L: 2.847937e+04, eta:1.050000e+00
2020-06-11 14:56:28,123 - DEBUG - fx_L1_mfista- itercount: 139, L: 2.990334e+04, eta:1.050000e+00
2020-06-11 14:56:28,128 - DEBUG - fx_L1_mfista- itercount: 139, L: 3.139850e+04, eta:1.050000e+00
2020-06-11 14:56:28,145 - DEBUG - fx_L1_mfista- itercount: 140, L: 2.990334e+04, eta:1.050000e+00
2020-06-11 14:56:28,151 - DEBUG - fx_L1_mfista- itercount: 140, L: 3.139850e+04, eta:1.050000e+00
2020-06-11 14:56:28,157 - DEBUG - fx_L1_mfista- itercount: 140, L: 3.296843e+04, eta:1.050000e+00
2020-06-11 14:56:28,162 - DEBUG - fx_L1_mfista- itercount: 140, L: 3.461685e+04, eta:1.050000e+00
2020-06-11 14:56:28,168 - DEBUG - fx_L1_mfista- itercount: 140, L: 3.634769e+04, eta:1.050000e+00
2020-06-11 14:56:28,173 - DEBUG - fx_L1_mfista- itercount: 140, L: 3.816508e+04, eta:1.050000e+00
2020-06-11 14:56:28,178 - DEBUG - fx_L1_mfista- itercount: 140, L: 4.007333e+04, eta:1.050000e+00
2020-06-11 14:56:28,185 - DEBUG - fx_L1_mfista- itercount: 140, L: 4.207700e+04, eta:1.050000e+00
2020-06-11 14:56:28,201 - DEBUG - fx_L1_mfista- itercount: 141, L: 4.007333e+04, eta:1.050000e+00
2020-06-11 14:56:28,215 - DEBUG - fx_L1_mfista- itercount: 142, L: 3.816508e+04, eta:1.050000e+00
2020-06-11 14:56:28,232 - DEBUG - fx_L1_mfista- itercount: 143, L: 3.634769e+04, eta:1.050000e+00
2020-06-11 14:56:28,247 - DEBUG - fx_L1_mfista- itercount: 144, L: 3.461685e+04, eta:1.050000e+00
2020-06-11 14:56:28,252 - DEBUG - fx_L1_mfista- itercount: 144, L: 3.634769e+04, eta:1.050000e+00
2020-06-11 14:56:28,258 - DEBUG - fx_L1_mfista- itercount: 144, L: 3.816508e+04, eta:1.050000e+00
2020-06-11 14:56:28,264 - DEBUG - fx_L1_mfista- itercount: 144, L: 4.007333e+04, eta:1.050000e+00
2020-06-11 14:56:28,280 - DEBUG - fx_L1_mfista- itercount: 145, L: 3.816508e+04, eta:1.050000e+00
2020-06-11 14:56:28,296 - DEBUG - fx_L1_mfista- itercount: 146, L: 3.634769e+04, eta:1.050000e+00
2020-06-11 14:56:28,302 - DEBUG - fx_L1_mfista- itercount: 146, L: 3.816508e+04, eta:1.050000e+00
2020-06-11 14:56:28,307 - DEBUG - fx_L1_mfista- itercount: 146, L: 4.007333e+04, eta:1.050000e+00
2020-06-11 14:56:28,324 - DEBUG - fx_L1_mfista- itercount: 147, L: 3.816508e+04, eta:1.050000e+00
2020-06-11 14:56:28,331 - DEBUG - fx_L1_mfista- itercount: 147, L: 4.007333e+04, eta:1.050000e+00
2020-06-11 14:56:28,344 - DEBUG - fx_L1_mfista- itercount: 148, L: 3.816508e+04, eta:1.050000e+00
2020-06-11 14:56:28,358 - DEBUG - fx_L1_mfista- itercount: 149, L: 3.634769e+04, eta:1.050000e+00
2020-06-11 14:56:28,365 - DEBUG - fx_L1_mfista- itercount: 149, L: 3.816508e+04, eta:1.050000e+00
2020-06-11 14:56:28,371 - DEBUG - fx_L1_mfista- itercount: 149, L: 4.007333e+04, eta:1.050000e+00
2020-06-11 14:56:28,385 - DEBUG - fx_L1_mfista- iternum:150, L: 4.007333e+04, F_xk: 7.087441e+00, chi:5.862298e+06, reg: 3.661198e+05, rela_err:8.223485e-08
2020-06-11 14:56:28,408 - DEBUG - fx_L1_mfista- itercount: 150, L: 3.816508e+04, eta:1.050000e+00
2020-06-11 14:56:28,416 - DEBUG - fx_L1_mfista- itercount: 150, L: 4.007333e+04, eta:1.050000e+00
2020-06-11 14:56:28,432 - DEBUG - fx_L1_mfista- itercount: 151, L: 3.816508e+04, eta:1.050000e+00
2020-06-11 14:56:28,447 - DEBUG - fx_L1_mfista- itercount: 152, L: 3.634769e+04, eta:1.050000e+00
2020-06-11 14:56:28,453 - DEBUG - fx_L1_mfista- itercount: 152, L: 3.816508e+04, eta:1.050000e+00
2020-06-11 14:56:28,461 - DEBUG - fx_L1_mfista- itercount: 152, L: 4.007333e+04, eta:1.050000e+00
2020-06-11 14:56:28,475 - DEBUG - fx_L1_mfista- itercount: 153, L: 3.816508e+04, eta:1.050000e+00
2020-06-11 14:56:28,480 - DEBUG - fx_L1_mfista- itercount: 153, L: 4.007333e+04, eta:1.050000e+00
2020-06-11 14:56:28,496 - DEBUG - fx_L1_mfista- itercount: 154, L: 3.816508e+04, eta:1.050000e+00
2020-06-11 14:56:28,502 - DEBUG - fx_L1_mfista- itercount: 154, L: 4.007333e+04, eta:1.050000e+00
2020-06-11 14:56:28,517 - DEBUG - fx_L1_mfista- itercount: 155, L: 3.816508e+04, eta:1.050000e+00
2020-06-11 14:56:28,531 - DEBUG - fx_L1_mfista- itercount: 156, L: 3.634769e+04, eta:1.050000e+00
2020-06-11 14:56:28,538 - DEBUG - fx_L1_mfista- itercount: 156, L: 3.816508e+04, eta:1.050000e+00
2020-06-11 14:56:28,547 - DEBUG - fx_L1_mfista- itercount: 156, L: 4.007333e+04, eta:1.050000e+00
2020-06-11 14:56:28,553 - DEBUG - fx_L1_mfista- itercount: 156, L: 4.207700e+04, eta:1.050000e+00
2020-06-11 14:56:28,567 - DEBUG - fx_L1_mfista- itercount: 157, L: 4.007333e+04, eta:1.050000e+00
2020-06-11 14:56:28,584 - DEBUG - fx_L1_mfista- itercount: 158, L: 3.816508e+04, eta:1.050000e+00
2020-06-11 14:56:28,601 - DEBUG - fx_L1_mfista- itercount: 159, L: 3.634769e+04, eta:1.050000e+00
2020-06-11 14:56:28,607 - DEBUG - fx_L1_mfista- itercount: 159, L: 3.816508e+04, eta:1.050000e+00
2020-06-11 14:56:28,613 - DEBUG - fx_L1_mfista- itercount: 159, L: 4.007333e+04, eta:1.050000e+00
2020-06-11 14:56:28,631 - DEBUG - fx_L1_mfista- itercount: 160, L: 3.816508e+04, eta:1.050000e+00
2020-06-11 14:56:28,637 - DEBUG - fx_L1_mfista- itercount: 160, L: 4.007333e+04, eta:1.050000e+00
2020-06-11 14:56:28,654 - DEBUG - fx_L1_mfista- itercount: 161, L: 3.816508e+04, eta:1.050000e+00
2020-06-11 14:56:28,660 - DEBUG - fx_L1_mfista- itercount: 161, L: 4.007333e+04, eta:1.050000e+00
2020-06-11 14:56:28,679 - DEBUG - fx_L1_mfista- itercount: 162, L: 3.816508e+04, eta:1.050000e+00
2020-06-11 14:56:28,685 - DEBUG - fx_L1_mfista- itercount: 162, L: 4.007333e+04, eta:1.050000e+00
2020-06-11 14:56:28,700 - DEBUG - fx_L1_mfista- itercount: 163, L: 3.816508e+04, eta:1.050000e+00
2020-06-11 14:56:28,706 - DEBUG - fx_L1_mfista- itercount: 163, L: 4.007333e+04, eta:1.050000e+00
2020-06-11 14:56:28,721 - DEBUG - fx_L1_mfista- itercount: 164, L: 3.816508e+04, eta:1.050000e+00
2020-06-11 14:56:28,727 - DEBUG - fx_L1_mfista- itercount: 164, L: 4.007333e+04, eta:1.050000e+00
2020-06-11 14:56:28,742 - DEBUG - fx_L1_mfista- itercount: 165, L: 3.816508e+04, eta:1.050000e+00
2020-06-11 14:56:28,748 - DEBUG - fx_L1_mfista- itercount: 165, L: 4.007333e+04, eta:1.050000e+00
2020-06-11 14:56:28,763 - DEBUG - fx_L1_mfista- itercount: 166, L: 3.816508e+04, eta:1.050000e+00
2020-06-11 14:56:28,769 - DEBUG - fx_L1_mfista- itercount: 166, L: 4.007333e+04, eta:1.050000e+00
2020-06-11 14:56:28,784 - DEBUG - fx_L1_mfista- itercount: 167, L: 3.816508e+04, eta:1.050000e+00
2020-06-11 14:56:28,790 - DEBUG - fx_L1_mfista- itercount: 167, L: 4.007333e+04, eta:1.050000e+00
2020-06-11 14:56:28,805 - DEBUG - fx_L1_mfista- itercount: 168, L: 3.816508e+04, eta:1.050000e+00
2020-06-11 14:56:28,811 - DEBUG - fx_L1_mfista- itercount: 168, L: 4.007333e+04, eta:1.050000e+00
2020-06-11 14:56:28,825 - DEBUG - fx_L1_mfista- itercount: 169, L: 3.816508e+04, eta:1.050000e+00
2020-06-11 14:56:28,831 - DEBUG - fx_L1_mfista- itercount: 169, L: 4.007333e+04, eta:1.050000e+00
2020-06-11 14:56:28,844 - DEBUG - fx_L1_mfista- itercount: 170, L: 3.816508e+04, eta:1.050000e+00
2020-06-11 14:56:28,850 - DEBUG - fx_L1_mfista- itercount: 170, L: 4.007333e+04, eta:1.050000e+00
2020-06-11 14:56:28,864 - DEBUG - fx_L1_mfista- itercount: 171, L: 3.816508e+04, eta:1.050000e+00
2020-06-11 14:56:28,878 - DEBUG - fx_L1_mfista- itercount: 172, L: 3.634769e+04, eta:1.050000e+00
2020-06-11 14:56:28,884 - DEBUG - fx_L1_mfista- itercount: 172, L: 3.816508e+04, eta:1.050000e+00
2020-06-11 14:56:28,889 - DEBUG - fx_L1_mfista- itercount: 172, L: 4.007333e+04, eta:1.050000e+00
2020-06-11 14:56:28,895 - DEBUG - fx_L1_mfista- itercount: 172, L: 4.207700e+04, eta:1.050000e+00
2020-06-11 14:56:28,910 - DEBUG - fx_L1_mfista- itercount: 173, L: 4.007333e+04, eta:1.050000e+00
2020-06-11 14:56:28,925 - DEBUG - fx_L1_mfista- itercount: 174, L: 3.816508e+04, eta:1.050000e+00
2020-06-11 14:56:28,938 - DEBUG - fx_L1_mfista- itercount: 175, L: 3.634769e+04, eta:1.050000e+00
2020-06-11 14:56:28,944 - DEBUG - fx_L1_mfista- itercount: 175, L: 3.816508e+04, eta:1.050000e+00
2020-06-11 14:56:28,949 - DEBUG - fx_L1_mfista- itercount: 175, L: 4.007333e+04, eta:1.050000e+00
2020-06-11 14:56:28,955 - DEBUG - fx_L1_mfista- itercount: 175, L: 4.207700e+04, eta:1.050000e+00
2020-06-11 14:56:28,969 - DEBUG - fx_L1_mfista- itercount: 176, L: 4.007333e+04, eta:1.050000e+00
2020-06-11 14:56:28,984 - DEBUG - fx_L1_mfista- itercount: 177, L: 3.816508e+04, eta:1.050000e+00
2020-06-11 14:56:28,989 - DEBUG - fx_L1_mfista- itercount: 177, L: 4.007333e+04, eta:1.050000e+00
2020-06-11 14:56:29,003 - DEBUG - fx_L1_mfista- itercount: 178, L: 3.816508e+04, eta:1.050000e+00
2020-06-11 14:56:29,019 - DEBUG - fx_L1_mfista- itercount: 179, L: 3.634769e+04, eta:1.050000e+00
2020-06-11 14:56:29,026 - DEBUG - fx_L1_mfista- itercount: 179, L: 3.816508e+04, eta:1.050000e+00
2020-06-11 14:56:29,031 - DEBUG - fx_L1_mfista- itercount: 179, L: 4.007333e+04, eta:1.050000e+00
2020-06-11 14:56:29,047 - DEBUG - fx_L1_mfista- itercount: 180, L: 3.816508e+04, eta:1.050000e+00
2020-06-11 14:56:29,054 - DEBUG - fx_L1_mfista- itercount: 180, L: 4.007333e+04, eta:1.050000e+00
2020-06-11 14:56:29,069 - DEBUG - fx_L1_mfista- itercount: 181, L: 3.816508e+04, eta:1.050000e+00
2020-06-11 14:56:29,084 - DEBUG - fx_L1_mfista- itercount: 182, L: 3.634769e+04, eta:1.050000e+00
2020-06-11 14:56:29,090 - DEBUG - fx_L1_mfista- itercount: 182, L: 3.816508e+04, eta:1.050000e+00
2020-06-11 14:56:29,096 - DEBUG - fx_L1_mfista- itercount: 182, L: 4.007333e+04, eta:1.050000e+00
2020-06-11 14:56:29,111 - DEBUG - fx_L1_mfista- itercount: 183, L: 3.816508e+04, eta:1.050000e+00
2020-06-11 14:56:29,126 - DEBUG - fx_L1_mfista- itercount: 184, L: 3.634769e+04, eta:1.050000e+00
2020-06-11 14:56:29,142 - DEBUG - fx_L1_mfista- itercount: 185, L: 3.461685e+04, eta:1.050000e+00
2020-06-11 14:56:29,157 - DEBUG - fx_L1_mfista- itercount: 186, L: 3.296843e+04, eta:1.050000e+00
2020-06-11 14:56:29,171 - DEBUG - fx_L1_mfista- itercount: 187, L: 3.139850e+04, eta:1.050000e+00
2020-06-11 14:56:29,187 - DEBUG - fx_L1_mfista- itercount: 188, L: 2.990334e+04, eta:1.050000e+00
2020-06-11 14:56:29,201 - DEBUG - fx_L1_mfista- itercount: 189, L: 2.847937e+04, eta:1.050000e+00
2020-06-11 14:56:29,215 - DEBUG - fx_L1_mfista- itercount: 190, L: 2.712321e+04, eta:1.050000e+00
2020-06-11 14:56:29,230 - DEBUG - fx_L1_mfista- itercount: 191, L: 2.583163e+04, eta:1.050000e+00
2020-06-11 14:56:29,236 - DEBUG - fx_L1_mfista- itercount: 191, L: 2.712321e+04, eta:1.050000e+00
2020-06-11 14:56:29,241 - DEBUG - fx_L1_mfista- itercount: 191, L: 2.847937e+04, eta:1.050000e+00
2020-06-11 14:56:29,247 - DEBUG - fx_L1_mfista- itercount: 191, L: 2.990334e+04, eta:1.050000e+00
2020-06-11 14:56:29,253 - DEBUG - fx_L1_mfista- itercount: 191, L: 3.139850e+04, eta:1.050000e+00
2020-06-11 14:56:29,259 - DEBUG - fx_L1_mfista- itercount: 191, L: 3.296843e+04, eta:1.050000e+00
2020-06-11 14:56:29,265 - DEBUG - fx_L1_mfista- itercount: 191, L: 3.461685e+04, eta:1.050000e+00
2020-06-11 14:56:29,271 - DEBUG - fx_L1_mfista- itercount: 191, L: 3.634769e+04, eta:1.050000e+00
2020-06-11 14:56:29,277 - DEBUG - fx_L1_mfista- itercount: 191, L: 3.816508e+04, eta:1.050000e+00
2020-06-11 14:56:29,282 - DEBUG - fx_L1_mfista- itercount: 191, L: 4.007333e+04, eta:1.050000e+00
2020-06-11 14:56:29,288 - DEBUG - fx_L1_mfista- itercount: 191, L: 4.207700e+04, eta:1.050000e+00
2020-06-11 14:56:29,303 - DEBUG - fx_L1_mfista- itercount: 192, L: 4.007333e+04, eta:1.050000e+00
2020-06-11 14:56:29,318 - DEBUG - fx_L1_mfista- itercount: 193, L: 3.816508e+04, eta:1.050000e+00
2020-06-11 14:56:29,332 - DEBUG - fx_L1_mfista- itercount: 194, L: 3.634769e+04, eta:1.050000e+00
2020-06-11 14:56:29,347 - DEBUG - fx_L1_mfista- itercount: 195, L: 3.461685e+04, eta:1.050000e+00
2020-06-11 14:56:29,353 - DEBUG - fx_L1_mfista- itercount: 195, L: 3.634769e+04, eta:1.050000e+00
2020-06-11 14:56:29,359 - DEBUG - fx_L1_mfista- itercount: 195, L: 3.816508e+04, eta:1.050000e+00
2020-06-11 14:56:29,364 - DEBUG - fx_L1_mfista- itercount: 195, L: 4.007333e+04, eta:1.050000e+00
2020-06-11 14:56:29,378 - DEBUG - fx_L1_mfista- itercount: 196, L: 3.816508e+04, eta:1.050000e+00
2020-06-11 14:56:29,394 - DEBUG - fx_L1_mfista- itercount: 197, L: 3.634769e+04, eta:1.050000e+00
2020-06-11 14:56:29,400 - DEBUG - fx_L1_mfista- itercount: 197, L: 3.816508e+04, eta:1.050000e+00
2020-06-11 14:56:29,414 - DEBUG - fx_L1_mfista- itercount: 198, L: 3.634769e+04, eta:1.050000e+00
2020-06-11 14:56:29,420 - DEBUG - fx_L1_mfista- itercount: 198, L: 3.816508e+04, eta:1.050000e+00
2020-06-11 14:56:29,425 - DEBUG - fx_L1_mfista- itercount: 198, L: 4.007333e+04, eta:1.050000e+00
2020-06-11 14:56:29,440 - DEBUG - fx_L1_mfista- itercount: 199, L: 3.816508e+04, eta:1.050000e+00
2020-06-11 14:56:29,447 - DEBUG - fx_L1_mfista- itercount: 199, L: 4.007333e+04, eta:1.050000e+00
2020-06-11 14:56:29,461 - DEBUG - fx_L1_mfista- iternum:200, L: 4.007333e+04, F_xk: 7.087429e+00, chi:5.862276e+06, reg: 3.673805e+05, rela_err:3.661030e-10
2020-06-11 14:56:29,483 - DEBUG - fx_L1_mfista- itercount: 200, L: 3.816508e+04, eta:1.050000e+00
2020-06-11 14:56:29,503 - DEBUG - fx_L1_mfista- itercount: 201, L: 3.634769e+04, eta:1.050000e+00
2020-06-11 14:56:29,510 - DEBUG - fx_L1_mfista- itercount: 201, L: 3.816508e+04, eta:1.050000e+00
2020-06-11 14:56:29,515 - DEBUG - fx_L1_mfista- itercount: 201, L: 4.007333e+04, eta:1.050000e+00
2020-06-11 14:56:29,532 - DEBUG - fx_L1_mfista- itercount: 202, L: 3.816508e+04, eta:1.050000e+00
2020-06-11 14:56:29,550 - DEBUG - fx_L1_mfista- itercount: 203, L: 3.634769e+04, eta:1.050000e+00
2020-06-11 14:56:29,556 - DEBUG - fx_L1_mfista- itercount: 203, L: 3.816508e+04, eta:1.050000e+00
2020-06-11 14:56:29,562 - DEBUG - fx_L1_mfista- itercount: 203, L: 4.007333e+04, eta:1.050000e+00
2020-06-11 14:56:29,579 - DEBUG - fx_L1_mfista- itercount: 204, L: 3.816508e+04, eta:1.050000e+00
2020-06-11 14:56:29,585 - DEBUG - fx_L1_mfista- itercount: 204, L: 4.007333e+04, eta:1.050000e+00
2020-06-11 14:56:29,601 - DEBUG - fx_L1_mfista- itercount: 205, L: 3.816508e+04, eta:1.050000e+00
2020-06-11 14:56:29,607 - DEBUG - fx_L1_mfista- itercount: 205, L: 4.007333e+04, eta:1.050000e+00
2020-06-11 14:56:29,625 - DEBUG - fx_L1_mfista- itercount: 206, L: 3.816508e+04, eta:1.050000e+00
2020-06-11 14:56:29,640 - DEBUG - fx_L1_mfista- itercount: 207, L: 3.634769e+04, eta:1.050000e+00
2020-06-11 14:56:29,647 - DEBUG - fx_L1_mfista- itercount: 207, L: 3.816508e+04, eta:1.050000e+00
2020-06-11 14:56:29,653 - DEBUG - fx_L1_mfista- itercount: 207, L: 4.007333e+04, eta:1.050000e+00
2020-06-11 14:56:29,669 - DEBUG - fx_L1_mfista- itercount: 208, L: 3.816508e+04, eta:1.050000e+00
2020-06-11 14:56:29,677 - DEBUG - fx_L1_mfista- itercount: 208, L: 4.007333e+04, eta:1.050000e+00
2020-06-11 14:56:29,683 - DEBUG - fx_L1_mfista- itercount: 208, L: 4.207700e+04, eta:1.050000e+00
2020-06-11 14:56:29,697 - DEBUG - fx_L1_mfista- itercount: 209, L: 4.007333e+04, eta:1.050000e+00
2020-06-11 14:56:29,714 - DEBUG - fx_L1_mfista- itercount: 210, L: 3.816508e+04, eta:1.050000e+00
2020-06-11 14:56:29,730 - DEBUG - fx_L1_mfista- itercount: 211, L: 3.634769e+04, eta:1.050000e+00
2020-06-11 14:56:29,736 - DEBUG - fx_L1_mfista- itercount: 211, L: 3.816508e+04, eta:1.050000e+00
2020-06-11 14:56:29,741 - DEBUG - fx_L1_mfista- itercount: 211, L: 4.007333e+04, eta:1.050000e+00
2020-06-11 14:56:29,758 - DEBUG - fx_L1_mfista- itercount: 212, L: 3.816508e+04, eta:1.050000e+00
2020-06-11 14:56:29,764 - DEBUG - fx_L1_mfista- itercount: 212, L: 4.007333e+04, eta:1.050000e+00
2020-06-11 14:56:29,780 - DEBUG - fx_L1_mfista- itercount: 213, L: 3.816508e+04, eta:1.050000e+00
2020-06-11 14:56:29,785 - DEBUG - fx_L1_mfista- itercount: 213, L: 4.007333e+04, eta:1.050000e+00
2020-06-11 14:56:29,802 - DEBUG - fx_L1_mfista- itercount: 214, L: 3.816508e+04, eta:1.050000e+00
2020-06-11 14:56:29,810 - DEBUG - fx_L1_mfista- itercount: 214, L: 4.007333e+04, eta:1.050000e+00
2020-06-11 14:56:29,816 - DEBUG - fx_L1_mfista- itercount: 214, L: 4.207700e+04, eta:1.050000e+00
2020-06-11 14:56:29,830 - DEBUG - fx_L1_mfista- itercount: 215, L: 4.007333e+04, eta:1.050000e+00
2020-06-11 14:56:29,846 - DEBUG - fx_L1_mfista- itercount: 216, L: 3.816508e+04, eta:1.050000e+00
2020-06-11 14:56:29,862 - DEBUG - fx_L1_mfista- itercount: 217, L: 3.634769e+04, eta:1.050000e+00
2020-06-11 14:56:29,868 - DEBUG - fx_L1_mfista- itercount: 217, L: 3.816508e+04, eta:1.050000e+00
2020-06-11 14:56:29,874 - DEBUG - fx_L1_mfista- itercount: 217, L: 4.007333e+04, eta:1.050000e+00
2020-06-11 14:56:29,879 - DEBUG - fx_L1_mfista- itercount: 217, L: 4.207700e+04, eta:1.050000e+00
2020-06-11 14:56:29,897 - DEBUG - fx_L1_mfista- itercount: 218, L: 4.007333e+04, eta:1.050000e+00
2020-06-11 14:56:29,911 - DEBUG - fx_L1_mfista- itercount: 219, L: 3.816508e+04, eta:1.050000e+00
2020-06-11 14:56:29,917 - DEBUG - fx_L1_mfista- itercount: 219, L: 4.007333e+04, eta:1.050000e+00
2020-06-11 14:56:29,931 - DEBUG - fx_L1_mfista- itercount: 220, L: 3.816508e+04, eta:1.050000e+00
2020-06-11 14:56:29,938 - DEBUG - fx_L1_mfista- itercount: 220, L: 4.007333e+04, eta:1.050000e+00
2020-06-11 14:56:29,953 - DEBUG - fx_L1_mfista- itercount: 221, L: 3.816508e+04, eta:1.050000e+00
2020-06-11 14:56:29,959 - DEBUG - fx_L1_mfista- itercount: 221, L: 4.007333e+04, eta:1.050000e+00
2020-06-11 14:56:29,972 - DEBUG - fx_L1_mfista- itercount: 222, L: 3.816508e+04, eta:1.050000e+00
2020-06-11 14:56:29,980 - DEBUG - fx_L1_mfista- itercount: 222, L: 4.007333e+04, eta:1.050000e+00
2020-06-11 14:56:29,995 - DEBUG - fx_L1_mfista- itercount: 223, L: 3.816508e+04, eta:1.050000e+00
2020-06-11 14:56:30,001 - DEBUG - fx_L1_mfista- itercount: 223, L: 4.007333e+04, eta:1.050000e+00
2020-06-11 14:56:30,015 - DEBUG - fx_L1_mfista- itercount: 224, L: 3.816508e+04, eta:1.050000e+00
2020-06-11 14:56:30,022 - DEBUG - fx_L1_mfista- itercount: 224, L: 4.007333e+04, eta:1.050000e+00
2020-06-11 14:56:30,038 - DEBUG - fx_L1_mfista- itercount: 225, L: 3.816508e+04, eta:1.050000e+00
2020-06-11 14:56:30,053 - DEBUG - fx_L1_mfista- itercount: 226, L: 3.634769e+04, eta:1.050000e+00
2020-06-11 14:56:30,060 - DEBUG - fx_L1_mfista- itercount: 226, L: 3.816508e+04, eta:1.050000e+00
2020-06-11 14:56:30,066 - DEBUG - fx_L1_mfista- itercount: 226, L: 4.007333e+04, eta:1.050000e+00
2020-06-11 14:56:30,082 - DEBUG - fx_L1_mfista- itercount: 227, L: 3.816508e+04, eta:1.050000e+00
2020-06-11 14:56:30,097 - DEBUG - fx_L1_mfista- itercount: 228, L: 3.634769e+04, eta:1.050000e+00
2020-06-11 14:56:30,104 - DEBUG - fx_L1_mfista- itercount: 228, L: 3.816508e+04, eta:1.050000e+00
2020-06-11 14:56:30,121 - DEBUG - fx_L1_mfista- itercount: 229, L: 3.634769e+04, eta:1.050000e+00
2020-06-11 14:56:30,127 - DEBUG - fx_L1_mfista- itercount: 229, L: 3.816508e+04, eta:1.050000e+00
2020-06-11 14:56:30,133 - DEBUG - fx_L1_mfista- itercount: 229, L: 4.007333e+04, eta:1.050000e+00
2020-06-11 14:56:30,149 - DEBUG - fx_L1_mfista- itercount: 230, L: 3.816508e+04, eta:1.050000e+00
2020-06-11 14:56:30,165 - DEBUG - fx_L1_mfista- itercount: 231, L: 3.634769e+04, eta:1.050000e+00
2020-06-11 14:56:30,178 - DEBUG - fx_L1_mfista- itercount: 232, L: 3.461685e+04, eta:1.050000e+00
2020-06-11 14:56:30,195 - DEBUG - fx_L1_mfista- itercount: 233, L: 3.296843e+04, eta:1.050000e+00
2020-06-11 14:56:30,210 - DEBUG - fx_L1_mfista- itercount: 234, L: 3.139850e+04, eta:1.050000e+00
2020-06-11 14:56:30,224 - DEBUG - fx_L1_mfista- itercount: 235, L: 2.990334e+04, eta:1.050000e+00
2020-06-11 14:56:30,240 - DEBUG - fx_L1_mfista- itercount: 236, L: 2.847937e+04, eta:1.050000e+00
2020-06-11 14:56:30,255 - DEBUG - fx_L1_mfista- itercount: 237, L: 2.712321e+04, eta:1.050000e+00
2020-06-11 14:56:30,269 - DEBUG - fx_L1_mfista- itercount: 238, L: 2.583163e+04, eta:1.050000e+00
2020-06-11 14:56:30,275 - DEBUG - fx_L1_mfista- itercount: 238, L: 2.712321e+04, eta:1.050000e+00
2020-06-11 14:56:30,282 - DEBUG - fx_L1_mfista- itercount: 238, L: 2.847937e+04, eta:1.050000e+00
2020-06-11 14:56:30,288 - DEBUG - fx_L1_mfista- itercount: 238, L: 2.990334e+04, eta:1.050000e+00
2020-06-11 14:56:30,296 - DEBUG - fx_L1_mfista- itercount: 238, L: 3.139850e+04, eta:1.050000e+00
2020-06-11 14:56:30,303 - DEBUG - fx_L1_mfista- itercount: 238, L: 3.296843e+04, eta:1.050000e+00
2020-06-11 14:56:30,308 - DEBUG - fx_L1_mfista- itercount: 238, L: 3.461685e+04, eta:1.050000e+00
2020-06-11 14:56:30,314 - DEBUG - fx_L1_mfista- itercount: 238, L: 3.634769e+04, eta:1.050000e+00
2020-06-11 14:56:30,321 - DEBUG - fx_L1_mfista- itercount: 238, L: 3.816508e+04, eta:1.050000e+00
2020-06-11 14:56:30,329 - DEBUG - fx_L1_mfista- itercount: 238, L: 4.007333e+04, eta:1.050000e+00
2020-06-11 14:56:30,335 - DEBUG - fx_L1_mfista- itercount: 238, L: 4.207700e+04, eta:1.050000e+00
2020-06-11 14:56:30,350 - DEBUG - fx_L1_mfista- itercount: 239, L: 4.007333e+04, eta:1.050000e+00
2020-06-11 14:56:30,366 - DEBUG - fx_L1_mfista- itercount: 240, L: 3.816508e+04, eta:1.050000e+00
2020-06-11 14:56:30,382 - DEBUG - fx_L1_mfista- itercount: 241, L: 3.634769e+04, eta:1.050000e+00
2020-06-11 14:56:30,396 - DEBUG - fx_L1_mfista- itercount: 242, L: 3.461685e+04, eta:1.050000e+00
2020-06-11 14:56:30,403 - DEBUG - fx_L1_mfista- itercount: 242, L: 3.634769e+04, eta:1.050000e+00
2020-06-11 14:56:30,410 - DEBUG - fx_L1_mfista- itercount: 242, L: 3.816508e+04, eta:1.050000e+00
2020-06-11 14:56:30,424 - DEBUG - fx_L1_mfista- itercount: 243, L: 3.634769e+04, eta:1.050000e+00
2020-06-11 14:56:30,431 - DEBUG - fx_L1_mfista- itercount: 243, L: 3.816508e+04, eta:1.050000e+00
2020-06-11 14:56:30,447 - DEBUG - fx_L1_mfista- itercount: 244, L: 3.634769e+04, eta:1.050000e+00
2020-06-11 14:56:30,453 - DEBUG - fx_L1_mfista- itercount: 244, L: 3.816508e+04, eta:1.050000e+00
2020-06-11 14:56:30,460 - DEBUG - fx_L1_mfista- itercount: 244, L: 4.007333e+04, eta:1.050000e+00
2020-06-11 14:56:30,474 - DEBUG - fx_L1_mfista- itercount: 245, L: 3.816508e+04, eta:1.050000e+00
2020-06-11 14:56:30,490 - DEBUG - fx_L1_mfista- itercount: 246, L: 3.634769e+04, eta:1.050000e+00
2020-06-11 14:56:30,498 - DEBUG - fx_L1_mfista- itercount: 246, L: 3.816508e+04, eta:1.050000e+00
2020-06-11 14:56:30,503 - DEBUG - fx_L1_mfista- itercount: 246, L: 4.007333e+04, eta:1.050000e+00
2020-06-11 14:56:30,517 - DEBUG - fx_L1_mfista- itercount: 247, L: 3.816508e+04, eta:1.050000e+00
2020-06-11 14:56:30,533 - DEBUG - fx_L1_mfista- itercount: 248, L: 3.634769e+04, eta:1.050000e+00
2020-06-11 14:56:30,538 - DEBUG - fx_L1_mfista- itercount: 248, L: 3.816508e+04, eta:1.050000e+00
2020-06-11 14:56:30,545 - DEBUG - fx_L1_mfista- itercount: 248, L: 4.007333e+04, eta:1.050000e+00
2020-06-11 14:56:30,560 - DEBUG - fx_L1_mfista- itercount: 249, L: 3.816508e+04, eta:1.050000e+00
2020-06-11 14:56:30,566 - DEBUG - fx_L1_mfista- itercount: 249, L: 4.007333e+04, eta:1.050000e+00
2020-06-11 14:56:30,580 - DEBUG - fx_L1_mfista- iternum:250, L: 4.007333e+04, F_xk: 7.087428e+00, chi:5.862279e+06, reg: 3.673866e+05, rela_err:1.999211e-12
2020-06-11 14:56:30,598 - DEBUG - fx_L1_mfista- itercount: 250, L: 3.816508e+04, eta:1.050000e+00
2020-06-11 14:56:30,699 - INFO - fx_L1_mfista- end; fitting. iternum:250, relative dif of F: 1.876504e-12
2020-06-11 14:56:32,711 - INFO - plots_comp- 0 model, rms:2.174535e+01
2020-06-11 14:56:32,746 - INFO - plots_comp- 1 model, rms:1.998799e+01
2020-06-11 14:56:32,785 - INFO - plots_comp- 2 model, rms:1.849179e+01
2020-06-11 14:56:32,823 - INFO - plots_comp- 3 model, rms:2.192434e+01
2020-06-11 14:56:32,905 - INFO - plots_comp- 4 model, rms:7.642044e+00
2020-06-11 14:56:32,939 - INFO - plots_comp- 5 model, rms:0.000000e+00
