2020-06-11 23:20:37,731 - INFO - <module>- Main part starts
2020-06-11 23:20:44,821 - ERROR - only_fx_mfista- Too large L!! Change l1 or l2 values!!
2020-06-11 23:20:44,822 - INFO - only_fx_mfista- end fitting: itercount: 24
2020-06-11 23:20:47,165 - DEBUG - only_fx_mfista- iternum:50, L: 1.277588e+05, F_xk: 7.080948e+00, chi:6.088277e+06, reg: 5.956700e+06, rela_err:1.085210e-05
2020-06-11 23:20:48,347 - DEBUG - only_fx_mfista- iternum:100, L: 1.161443e+05, F_xk: 7.078008e+00, chi:6.073250e+06, reg: 5.893767e+06, rela_err:1.666155e-06
2020-06-11 23:20:49,539 - DEBUG - only_fx_mfista- iternum:150, L: 1.161443e+05, F_xk: 7.077284e+00, chi:6.070868e+06, reg: 5.876559e+06, rela_err:7.230119e-07
2020-06-11 23:20:50,714 - DEBUG - only_fx_mfista- iternum:200, L: 1.161443e+05, F_xk: 7.076906e+00, chi:6.070306e+06, reg: 5.866854e+06, rela_err:3.946840e-07
2020-06-11 23:20:51,869 - DEBUG - only_fx_mfista- iternum:250, L: 1.161443e+05, F_xk: 7.076701e+00, chi:6.070035e+06, reg: 5.861547e+06, rela_err:2.291712e-07
2020-06-11 23:20:52,986 - DEBUG - only_fx_mfista- iternum:300, L: 1.161443e+05, F_xk: 7.076571e+00, chi:6.069514e+06, reg: 5.858529e+06, rela_err:1.534088e-07
2020-06-11 23:20:54,148 - DEBUG - only_fx_mfista- iternum:350, L: 1.277588e+05, F_xk: 7.076480e+00, chi:6.068960e+06, reg: 5.856600e+06, rela_err:1.143529e-07
2020-06-11 23:20:54,817 - INFO - only_fx_mfista- end; fitting. iternum:373, relative dif of F: 9.938128e-08
2020-06-11 23:20:54,855 - DEBUG - fx_L1_mfista- itercount: 0, L: 9.523810e-05, eta:1.050000e+00
2020-06-11 23:20:54,862 - DEBUG - fx_L1_mfista- itercount: 0, L: 1.000000e-04, eta:1.050000e+00
2020-06-11 23:20:54,868 - DEBUG - fx_L1_mfista- itercount: 0, L: 1.050000e-04, eta:1.050000e+00
2020-06-11 23:20:54,874 - DEBUG - fx_L1_mfista- itercount: 0, L: 1.102500e-04, eta:1.050000e+00
2020-06-11 23:20:54,880 - DEBUG - fx_L1_mfista- itercount: 0, L: 1.157625e-04, eta:1.050000e+00
2020-06-11 23:20:54,886 - DEBUG - fx_L1_mfista- itercount: 0, L: 1.215506e-04, eta:1.050000e+00
2020-06-11 23:20:54,893 - DEBUG - fx_L1_mfista- itercount: 0, L: 1.276282e-04, eta:1.050000e+00
2020-06-11 23:20:54,899 - DEBUG - fx_L1_mfista- itercount: 0, L: 1.340096e-04, eta:1.050000e+00
2020-06-11 23:20:54,905 - DEBUG - fx_L1_mfista- itercount: 0, L: 1.407100e-04, eta:1.050000e+00
2020-06-11 23:20:54,911 - DEBUG - fx_L1_mfista- itercount: 0, L: 1.477455e-04, eta:1.050000e+00
2020-06-11 23:20:54,916 - DEBUG - fx_L1_mfista- itercount: 0, L: 1.551328e-04, eta:1.050000e+00
2020-06-11 23:20:54,922 - DEBUG - fx_L1_mfista- itercount: 0, L: 1.628895e-04, eta:1.050000e+00
2020-06-11 23:20:54,929 - DEBUG - fx_L1_mfista- itercount: 0, L: 1.710339e-04, eta:1.050000e+00
2020-06-11 23:20:54,936 - DEBUG - fx_L1_mfista- itercount: 0, L: 1.795856e-04, eta:1.050000e+00
2020-06-11 23:20:54,941 - DEBUG - fx_L1_mfista- itercount: 0, L: 1.885649e-04, eta:1.050000e+00
2020-06-11 23:20:54,948 - DEBUG - fx_L1_mfista- itercount: 0, L: 1.979932e-04, eta:1.050000e+00
2020-06-11 23:20:54,954 - DEBUG - fx_L1_mfista- itercount: 0, L: 2.078928e-04, eta:1.050000e+00
2020-06-11 23:20:54,960 - DEBUG - fx_L1_mfista- itercount: 0, L: 2.182875e-04, eta:1.050000e+00
2020-06-11 23:20:54,966 - DEBUG - fx_L1_mfista- itercount: 0, L: 2.292018e-04, eta:1.050000e+00
2020-06-11 23:20:54,972 - DEBUG - fx_L1_mfista- itercount: 0, L: 2.406619e-04, eta:1.050000e+00
2020-06-11 23:20:54,979 - DEBUG - fx_L1_mfista- itercount: 0, L: 2.526950e-04, eta:1.050000e+00
2020-06-11 23:20:54,985 - DEBUG - fx_L1_mfista- itercount: 0, L: 2.653298e-04, eta:1.050000e+00
2020-06-11 23:20:54,991 - DEBUG - fx_L1_mfista- itercount: 0, L: 2.785963e-04, eta:1.050000e+00
2020-06-11 23:20:54,997 - DEBUG - fx_L1_mfista- itercount: 0, L: 2.925261e-04, eta:1.050000e+00
2020-06-11 23:20:55,003 - DEBUG - fx_L1_mfista- itercount: 0, L: 3.071524e-04, eta:1.050000e+00
2020-06-11 23:20:55,010 - DEBUG - fx_L1_mfista- itercount: 0, L: 3.225100e-04, eta:1.050000e+00
2020-06-11 23:20:55,016 - DEBUG - fx_L1_mfista- itercount: 0, L: 3.386355e-04, eta:1.050000e+00
2020-06-11 23:20:55,022 - DEBUG - fx_L1_mfista- itercount: 0, L: 3.555673e-04, eta:1.050000e+00
2020-06-11 23:20:55,028 - DEBUG - fx_L1_mfista- itercount: 0, L: 3.733456e-04, eta:1.050000e+00
2020-06-11 23:20:55,034 - DEBUG - fx_L1_mfista- itercount: 0, L: 3.920129e-04, eta:1.050000e+00
2020-06-11 23:20:55,040 - DEBUG - fx_L1_mfista- itercount: 0, L: 4.116136e-04, eta:1.050000e+00
2020-06-11 23:20:55,046 - DEBUG - fx_L1_mfista- itercount: 0, L: 4.321942e-04, eta:1.050000e+00
2020-06-11 23:20:55,052 - DEBUG - fx_L1_mfista- itercount: 0, L: 4.538039e-04, eta:1.050000e+00
2020-06-11 23:20:55,058 - DEBUG - fx_L1_mfista- itercount: 0, L: 4.764941e-04, eta:1.050000e+00
2020-06-11 23:20:55,064 - DEBUG - fx_L1_mfista- itercount: 0, L: 5.003189e-04, eta:1.050000e+00
2020-06-11 23:20:55,070 - DEBUG - fx_L1_mfista- itercount: 0, L: 5.253348e-04, eta:1.050000e+00
2020-06-11 23:20:55,076 - DEBUG - fx_L1_mfista- itercount: 0, L: 5.516015e-04, eta:1.050000e+00
2020-06-11 23:20:55,082 - DEBUG - fx_L1_mfista- itercount: 0, L: 5.791816e-04, eta:1.050000e+00
2020-06-11 23:20:55,088 - DEBUG - fx_L1_mfista- itercount: 0, L: 6.081407e-04, eta:1.050000e+00
2020-06-11 23:20:55,094 - DEBUG - fx_L1_mfista- itercount: 0, L: 6.385477e-04, eta:1.050000e+00
2020-06-11 23:20:55,101 - DEBUG - fx_L1_mfista- itercount: 0, L: 6.704751e-04, eta:1.050000e+00
2020-06-11 23:20:55,107 - DEBUG - fx_L1_mfista- itercount: 0, L: 7.039989e-04, eta:1.050000e+00
2020-06-11 23:20:55,113 - DEBUG - fx_L1_mfista- itercount: 0, L: 7.391988e-04, eta:1.050000e+00
2020-06-11 23:20:55,119 - DEBUG - fx_L1_mfista- itercount: 0, L: 7.761588e-04, eta:1.050000e+00
2020-06-11 23:20:55,125 - DEBUG - fx_L1_mfista- itercount: 0, L: 8.149667e-04, eta:1.050000e+00
2020-06-11 23:20:55,132 - DEBUG - fx_L1_mfista- itercount: 0, L: 8.557150e-04, eta:1.050000e+00
2020-06-11 23:20:55,138 - DEBUG - fx_L1_mfista- itercount: 0, L: 8.985008e-04, eta:1.050000e+00
2020-06-11 23:20:55,144 - DEBUG - fx_L1_mfista- itercount: 0, L: 9.434258e-04, eta:1.050000e+00
2020-06-11 23:20:55,150 - DEBUG - fx_L1_mfista- itercount: 0, L: 9.905971e-04, eta:1.050000e+00
2020-06-11 23:20:55,156 - DEBUG - fx_L1_mfista- itercount: 0, L: 1.040127e-03, eta:1.050000e+00
2020-06-11 23:20:55,162 - DEBUG - fx_L1_mfista- itercount: 0, L: 1.092133e-03, eta:1.050000e+00
2020-06-11 23:20:55,169 - DEBUG - fx_L1_mfista- itercount: 0, L: 1.146740e-03, eta:1.050000e+00
2020-06-11 23:20:55,175 - DEBUG - fx_L1_mfista- itercount: 0, L: 1.204077e-03, eta:1.050000e+00
2020-06-11 23:20:55,181 - DEBUG - fx_L1_mfista- itercount: 0, L: 1.264281e-03, eta:1.050000e+00
2020-06-11 23:20:55,187 - DEBUG - fx_L1_mfista- itercount: 0, L: 1.327495e-03, eta:1.050000e+00
2020-06-11 23:20:55,193 - DEBUG - fx_L1_mfista- itercount: 0, L: 1.393870e-03, eta:1.050000e+00
2020-06-11 23:20:55,199 - DEBUG - fx_L1_mfista- itercount: 0, L: 1.463563e-03, eta:1.050000e+00
2020-06-11 23:20:55,205 - DEBUG - fx_L1_mfista- itercount: 0, L: 1.536741e-03, eta:1.050000e+00
2020-06-11 23:20:55,211 - DEBUG - fx_L1_mfista- itercount: 0, L: 1.613578e-03, eta:1.050000e+00
2020-06-11 23:20:55,217 - DEBUG - fx_L1_mfista- itercount: 0, L: 1.694257e-03, eta:1.050000e+00
2020-06-11 23:20:55,224 - DEBUG - fx_L1_mfista- itercount: 0, L: 1.778970e-03, eta:1.050000e+00
2020-06-11 23:20:55,231 - DEBUG - fx_L1_mfista- itercount: 0, L: 1.867919e-03, eta:1.050000e+00
2020-06-11 23:20:55,237 - DEBUG - fx_L1_mfista- itercount: 0, L: 1.961315e-03, eta:1.050000e+00
2020-06-11 23:20:55,243 - DEBUG - fx_L1_mfista- itercount: 0, L: 2.059380e-03, eta:1.050000e+00
2020-06-11 23:20:55,249 - DEBUG - fx_L1_mfista- itercount: 0, L: 2.162349e-03, eta:1.050000e+00
2020-06-11 23:20:55,255 - DEBUG - fx_L1_mfista- itercount: 0, L: 2.270467e-03, eta:1.050000e+00
2020-06-11 23:20:55,261 - DEBUG - fx_L1_mfista- itercount: 0, L: 2.383990e-03, eta:1.050000e+00
2020-06-11 23:20:55,267 - DEBUG - fx_L1_mfista- itercount: 0, L: 2.503190e-03, eta:1.050000e+00
2020-06-11 23:20:55,273 - DEBUG - fx_L1_mfista- itercount: 0, L: 2.628349e-03, eta:1.050000e+00
2020-06-11 23:20:55,279 - DEBUG - fx_L1_mfista- itercount: 0, L: 2.759766e-03, eta:1.050000e+00
2020-06-11 23:20:55,287 - DEBUG - fx_L1_mfista- itercount: 0, L: 2.897755e-03, eta:1.050000e+00
2020-06-11 23:20:55,293 - DEBUG - fx_L1_mfista- itercount: 0, L: 3.042643e-03, eta:1.050000e+00
2020-06-11 23:20:55,301 - DEBUG - fx_L1_mfista- itercount: 0, L: 3.194775e-03, eta:1.050000e+00
2020-06-11 23:20:55,308 - DEBUG - fx_L1_mfista- itercount: 0, L: 3.354513e-03, eta:1.050000e+00
2020-06-11 23:20:55,315 - DEBUG - fx_L1_mfista- itercount: 0, L: 3.522239e-03, eta:1.050000e+00
2020-06-11 23:20:55,322 - DEBUG - fx_L1_mfista- itercount: 0, L: 3.698351e-03, eta:1.050000e+00
2020-06-11 23:20:55,328 - DEBUG - fx_L1_mfista- itercount: 0, L: 3.883269e-03, eta:1.050000e+00
2020-06-11 23:20:55,334 - DEBUG - fx_L1_mfista- itercount: 0, L: 4.077432e-03, eta:1.050000e+00
2020-06-11 23:20:55,340 - DEBUG - fx_L1_mfista- itercount: 0, L: 4.281304e-03, eta:1.050000e+00
2020-06-11 23:20:55,347 - DEBUG - fx_L1_mfista- itercount: 0, L: 4.495369e-03, eta:1.050000e+00
2020-06-11 23:20:55,353 - DEBUG - fx_L1_mfista- itercount: 0, L: 4.720137e-03, eta:1.050000e+00
2020-06-11 23:20:55,359 - DEBUG - fx_L1_mfista- itercount: 0, L: 4.956144e-03, eta:1.050000e+00
2020-06-11 23:20:55,366 - DEBUG - fx_L1_mfista- itercount: 0, L: 5.203951e-03, eta:1.050000e+00
2020-06-11 23:20:55,371 - DEBUG - fx_L1_mfista- itercount: 0, L: 5.464149e-03, eta:1.050000e+00
2020-06-11 23:20:55,377 - DEBUG - fx_L1_mfista- itercount: 0, L: 5.737356e-03, eta:1.050000e+00
2020-06-11 23:20:55,384 - DEBUG - fx_L1_mfista- itercount: 0, L: 6.024224e-03, eta:1.050000e+00
2020-06-11 23:20:55,389 - DEBUG - fx_L1_mfista- itercount: 0, L: 6.325435e-03, eta:1.050000e+00
2020-06-11 23:20:55,395 - DEBUG - fx_L1_mfista- itercount: 0, L: 6.641707e-03, eta:1.050000e+00
2020-06-11 23:20:55,402 - DEBUG - fx_L1_mfista- itercount: 0, L: 6.973792e-03, eta:1.050000e+00
2020-06-11 23:20:55,407 - DEBUG - fx_L1_mfista- itercount: 0, L: 7.322482e-03, eta:1.050000e+00
2020-06-11 23:20:55,413 - DEBUG - fx_L1_mfista- itercount: 0, L: 7.688606e-03, eta:1.050000e+00
2020-06-11 23:20:55,419 - DEBUG - fx_L1_mfista- itercount: 0, L: 8.073037e-03, eta:1.050000e+00
2020-06-11 23:20:55,426 - DEBUG - fx_L1_mfista- itercount: 0, L: 8.476688e-03, eta:1.050000e+00
2020-06-11 23:20:55,432 - DEBUG - fx_L1_mfista- itercount: 0, L: 8.900523e-03, eta:1.050000e+00
2020-06-11 23:20:55,438 - DEBUG - fx_L1_mfista- itercount: 0, L: 9.345549e-03, eta:1.050000e+00
2020-06-11 23:20:55,444 - DEBUG - fx_L1_mfista- itercount: 0, L: 9.812826e-03, eta:1.050000e+00
2020-06-11 23:20:55,450 - DEBUG - fx_L1_mfista- itercount: 0, L: 1.030347e-02, eta:1.050000e+00
2020-06-11 23:20:55,456 - DEBUG - fx_L1_mfista- itercount: 0, L: 1.081864e-02, eta:1.050000e+00
2020-06-11 23:20:55,462 - DEBUG - fx_L1_mfista- itercount: 0, L: 1.135957e-02, eta:1.050000e+00
2020-06-11 23:20:55,468 - DEBUG - fx_L1_mfista- itercount: 0, L: 1.192755e-02, eta:1.050000e+00
2020-06-11 23:20:55,474 - DEBUG - fx_L1_mfista- itercount: 0, L: 1.252393e-02, eta:1.050000e+00
2020-06-11 23:20:55,481 - DEBUG - fx_L1_mfista- itercount: 0, L: 1.315013e-02, eta:1.050000e+00
2020-06-11 23:20:55,487 - DEBUG - fx_L1_mfista- itercount: 0, L: 1.380763e-02, eta:1.050000e+00
2020-06-11 23:20:55,493 - DEBUG - fx_L1_mfista- itercount: 0, L: 1.449801e-02, eta:1.050000e+00
2020-06-11 23:20:55,499 - DEBUG - fx_L1_mfista- itercount: 0, L: 1.522291e-02, eta:1.050000e+00
2020-06-11 23:20:55,505 - DEBUG - fx_L1_mfista- itercount: 0, L: 1.598406e-02, eta:1.050000e+00
2020-06-11 23:20:55,512 - DEBUG - fx_L1_mfista- itercount: 0, L: 1.678326e-02, eta:1.050000e+00
2020-06-11 23:20:55,519 - DEBUG - fx_L1_mfista- itercount: 0, L: 1.762243e-02, eta:1.050000e+00
2020-06-11 23:20:55,526 - DEBUG - fx_L1_mfista- itercount: 0, L: 1.850355e-02, eta:1.050000e+00
2020-06-11 23:20:55,534 - DEBUG - fx_L1_mfista- itercount: 0, L: 1.942872e-02, eta:1.050000e+00
2020-06-11 23:20:55,540 - DEBUG - fx_L1_mfista- itercount: 0, L: 2.040016e-02, eta:1.050000e+00
2020-06-11 23:20:55,548 - DEBUG - fx_L1_mfista- itercount: 0, L: 2.142017e-02, eta:1.050000e+00
2020-06-11 23:20:55,554 - DEBUG - fx_L1_mfista- itercount: 0, L: 2.249118e-02, eta:1.050000e+00
2020-06-11 23:20:55,560 - DEBUG - fx_L1_mfista- itercount: 0, L: 2.361574e-02, eta:1.050000e+00
2020-06-11 23:20:55,568 - DEBUG - fx_L1_mfista- itercount: 0, L: 2.479652e-02, eta:1.050000e+00
2020-06-11 23:20:55,574 - DEBUG - fx_L1_mfista- itercount: 0, L: 2.603635e-02, eta:1.050000e+00
2020-06-11 23:20:55,581 - DEBUG - fx_L1_mfista- itercount: 0, L: 2.733817e-02, eta:1.050000e+00
2020-06-11 23:20:55,587 - DEBUG - fx_L1_mfista- itercount: 0, L: 2.870508e-02, eta:1.050000e+00
2020-06-11 23:20:55,593 - DEBUG - fx_L1_mfista- itercount: 0, L: 3.014033e-02, eta:1.050000e+00
2020-06-11 23:20:55,601 - DEBUG - fx_L1_mfista- itercount: 0, L: 3.164735e-02, eta:1.050000e+00
2020-06-11 23:20:55,607 - DEBUG - fx_L1_mfista- itercount: 0, L: 3.322971e-02, eta:1.050000e+00
2020-06-11 23:20:55,613 - DEBUG - fx_L1_mfista- itercount: 0, L: 3.489120e-02, eta:1.050000e+00
2020-06-11 23:20:55,620 - DEBUG - fx_L1_mfista- itercount: 0, L: 3.663576e-02, eta:1.050000e+00
2020-06-11 23:20:55,626 - DEBUG - fx_L1_mfista- itercount: 0, L: 3.846755e-02, eta:1.050000e+00
2020-06-11 23:20:55,633 - DEBUG - fx_L1_mfista- itercount: 0, L: 4.039092e-02, eta:1.050000e+00
2020-06-11 23:20:55,639 - DEBUG - fx_L1_mfista- itercount: 0, L: 4.241047e-02, eta:1.050000e+00
2020-06-11 23:20:55,645 - DEBUG - fx_L1_mfista- itercount: 0, L: 4.453099e-02, eta:1.050000e+00
2020-06-11 23:20:55,652 - DEBUG - fx_L1_mfista- itercount: 0, L: 4.675754e-02, eta:1.050000e+00
2020-06-11 23:20:55,658 - DEBUG - fx_L1_mfista- itercount: 0, L: 4.909542e-02, eta:1.050000e+00
2020-06-11 23:20:55,665 - DEBUG - fx_L1_mfista- itercount: 0, L: 5.155019e-02, eta:1.050000e+00
2020-06-11 23:20:55,671 - DEBUG - fx_L1_mfista- itercount: 0, L: 5.412770e-02, eta:1.050000e+00
2020-06-11 23:20:55,677 - DEBUG - fx_L1_mfista- itercount: 0, L: 5.683409e-02, eta:1.050000e+00
2020-06-11 23:20:55,685 - DEBUG - fx_L1_mfista- itercount: 0, L: 5.967579e-02, eta:1.050000e+00
2020-06-11 23:20:55,691 - DEBUG - fx_L1_mfista- itercount: 0, L: 6.265958e-02, eta:1.050000e+00
2020-06-11 23:20:55,698 - DEBUG - fx_L1_mfista- itercount: 0, L: 6.579256e-02, eta:1.050000e+00
2020-06-11 23:20:55,704 - DEBUG - fx_L1_mfista- itercount: 0, L: 6.908219e-02, eta:1.050000e+00
2020-06-11 23:20:55,710 - DEBUG - fx_L1_mfista- itercount: 0, L: 7.253630e-02, eta:1.050000e+00
2020-06-11 23:20:55,718 - DEBUG - fx_L1_mfista- itercount: 0, L: 7.616311e-02, eta:1.050000e+00
2020-06-11 23:20:55,724 - DEBUG - fx_L1_mfista- itercount: 0, L: 7.997127e-02, eta:1.050000e+00
2020-06-11 23:20:55,730 - DEBUG - fx_L1_mfista- itercount: 0, L: 8.396983e-02, eta:1.050000e+00
2020-06-11 23:20:55,736 - DEBUG - fx_L1_mfista- itercount: 0, L: 8.816832e-02, eta:1.050000e+00
2020-06-11 23:20:55,743 - DEBUG - fx_L1_mfista- itercount: 0, L: 9.257674e-02, eta:1.050000e+00
2020-06-11 23:20:55,750 - DEBUG - fx_L1_mfista- itercount: 0, L: 9.720557e-02, eta:1.050000e+00
2020-06-11 23:20:55,756 - DEBUG - fx_L1_mfista- itercount: 0, L: 1.020659e-01, eta:1.050000e+00
2020-06-11 23:20:55,762 - DEBUG - fx_L1_mfista- itercount: 0, L: 1.071691e-01, eta:1.050000e+00
2020-06-11 23:20:55,768 - DEBUG - fx_L1_mfista- itercount: 0, L: 1.125276e-01, eta:1.050000e+00
2020-06-11 23:20:55,774 - DEBUG - fx_L1_mfista- itercount: 0, L: 1.181540e-01, eta:1.050000e+00
2020-06-11 23:20:55,780 - DEBUG - fx_L1_mfista- itercount: 0, L: 1.240617e-01, eta:1.050000e+00
2020-06-11 23:20:55,786 - DEBUG - fx_L1_mfista- itercount: 0, L: 1.302648e-01, eta:1.050000e+00
2020-06-11 23:20:55,793 - DEBUG - fx_L1_mfista- itercount: 0, L: 1.367780e-01, eta:1.050000e+00
2020-06-11 23:20:55,799 - DEBUG - fx_L1_mfista- itercount: 0, L: 1.436169e-01, eta:1.050000e+00
2020-06-11 23:20:55,806 - DEBUG - fx_L1_mfista- itercount: 0, L: 1.507977e-01, eta:1.050000e+00
2020-06-11 23:20:55,813 - DEBUG - fx_L1_mfista- itercount: 0, L: 1.583376e-01, eta:1.050000e+00
2020-06-11 23:20:55,819 - DEBUG - fx_L1_mfista- itercount: 0, L: 1.662545e-01, eta:1.050000e+00
2020-06-11 23:20:55,825 - DEBUG - fx_L1_mfista- itercount: 0, L: 1.745672e-01, eta:1.050000e+00
2020-06-11 23:20:55,831 - DEBUG - fx_L1_mfista- itercount: 0, L: 1.832956e-01, eta:1.050000e+00
2020-06-11 23:20:55,838 - DEBUG - fx_L1_mfista- itercount: 0, L: 1.924604e-01, eta:1.050000e+00
2020-06-11 23:20:55,844 - DEBUG - fx_L1_mfista- itercount: 0, L: 2.020834e-01, eta:1.050000e+00
2020-06-11 23:20:55,850 - DEBUG - fx_L1_mfista- itercount: 0, L: 2.121876e-01, eta:1.050000e+00
2020-06-11 23:20:55,856 - DEBUG - fx_L1_mfista- itercount: 0, L: 2.227970e-01, eta:1.050000e+00
2020-06-11 23:20:55,862 - DEBUG - fx_L1_mfista- itercount: 0, L: 2.339368e-01, eta:1.050000e+00
2020-06-11 23:20:55,869 - DEBUG - fx_L1_mfista- itercount: 0, L: 2.456336e-01, eta:1.050000e+00
2020-06-11 23:20:55,875 - DEBUG - fx_L1_mfista- itercount: 0, L: 2.579153e-01, eta:1.050000e+00
2020-06-11 23:20:55,882 - DEBUG - fx_L1_mfista- itercount: 0, L: 2.708111e-01, eta:1.050000e+00
2020-06-11 23:20:55,888 - DEBUG - fx_L1_mfista- itercount: 0, L: 2.843516e-01, eta:1.050000e+00
2020-06-11 23:20:55,894 - DEBUG - fx_L1_mfista- itercount: 0, L: 2.985692e-01, eta:1.050000e+00
2020-06-11 23:20:55,901 - DEBUG - fx_L1_mfista- itercount: 0, L: 3.134977e-01, eta:1.050000e+00
2020-06-11 23:20:55,907 - DEBUG - fx_L1_mfista- itercount: 0, L: 3.291726e-01, eta:1.050000e+00
2020-06-11 23:20:55,913 - DEBUG - fx_L1_mfista- itercount: 0, L: 3.456312e-01, eta:1.050000e+00
2020-06-11 23:20:55,919 - DEBUG - fx_L1_mfista- itercount: 0, L: 3.629128e-01, eta:1.050000e+00
2020-06-11 23:20:55,925 - DEBUG - fx_L1_mfista- itercount: 0, L: 3.810584e-01, eta:1.050000e+00
2020-06-11 23:20:55,931 - DEBUG - fx_L1_mfista- itercount: 0, L: 4.001113e-01, eta:1.050000e+00
2020-06-11 23:20:55,937 - DEBUG - fx_L1_mfista- itercount: 0, L: 4.201169e-01, eta:1.050000e+00
2020-06-11 23:20:55,943 - DEBUG - fx_L1_mfista- itercount: 0, L: 4.411227e-01, eta:1.050000e+00
2020-06-11 23:20:55,949 - DEBUG - fx_L1_mfista- itercount: 0, L: 4.631789e-01, eta:1.050000e+00
2020-06-11 23:20:55,955 - DEBUG - fx_L1_mfista- itercount: 0, L: 4.863378e-01, eta:1.050000e+00
2020-06-11 23:20:55,961 - DEBUG - fx_L1_mfista- itercount: 0, L: 5.106547e-01, eta:1.050000e+00
2020-06-11 23:20:55,967 - DEBUG - fx_L1_mfista- itercount: 0, L: 5.361874e-01, eta:1.050000e+00
2020-06-11 23:20:55,973 - DEBUG - fx_L1_mfista- itercount: 0, L: 5.629968e-01, eta:1.050000e+00
2020-06-11 23:20:55,978 - DEBUG - fx_L1_mfista- itercount: 0, L: 5.911467e-01, eta:1.050000e+00
2020-06-11 23:20:55,984 - DEBUG - fx_L1_mfista- itercount: 0, L: 6.207040e-01, eta:1.050000e+00
2020-06-11 23:20:55,991 - DEBUG - fx_L1_mfista- itercount: 0, L: 6.517392e-01, eta:1.050000e+00
2020-06-11 23:20:55,996 - DEBUG - fx_L1_mfista- itercount: 0, L: 6.843261e-01, eta:1.050000e+00
2020-06-11 23:20:56,002 - DEBUG - fx_L1_mfista- itercount: 0, L: 7.185425e-01, eta:1.050000e+00
2020-06-11 23:20:56,008 - DEBUG - fx_L1_mfista- itercount: 0, L: 7.544696e-01, eta:1.050000e+00
2020-06-11 23:20:56,014 - DEBUG - fx_L1_mfista- itercount: 0, L: 7.921931e-01, eta:1.050000e+00
2020-06-11 23:20:56,020 - DEBUG - fx_L1_mfista- itercount: 0, L: 8.318027e-01, eta:1.050000e+00
2020-06-11 23:20:56,026 - DEBUG - fx_L1_mfista- itercount: 0, L: 8.733928e-01, eta:1.050000e+00
2020-06-11 23:20:56,033 - DEBUG - fx_L1_mfista- itercount: 0, L: 9.170625e-01, eta:1.050000e+00
2020-06-11 23:20:56,039 - DEBUG - fx_L1_mfista- itercount: 0, L: 9.629156e-01, eta:1.050000e+00
2020-06-11 23:20:56,045 - DEBUG - fx_L1_mfista- itercount: 0, L: 1.011061e+00, eta:1.050000e+00
2020-06-11 23:20:56,051 - DEBUG - fx_L1_mfista- itercount: 0, L: 1.061614e+00, eta:1.050000e+00
2020-06-11 23:20:56,057 - DEBUG - fx_L1_mfista- itercount: 0, L: 1.114695e+00, eta:1.050000e+00
2020-06-11 23:20:56,063 - DEBUG - fx_L1_mfista- itercount: 0, L: 1.170430e+00, eta:1.050000e+00
2020-06-11 23:20:56,070 - DEBUG - fx_L1_mfista- itercount: 0, L: 1.228951e+00, eta:1.050000e+00
2020-06-11 23:20:56,077 - DEBUG - fx_L1_mfista- itercount: 0, L: 1.290399e+00, eta:1.050000e+00
2020-06-11 23:20:56,083 - DEBUG - fx_L1_mfista- itercount: 0, L: 1.354919e+00, eta:1.050000e+00
2020-06-11 23:20:56,090 - DEBUG - fx_L1_mfista- itercount: 0, L: 1.422665e+00, eta:1.050000e+00
2020-06-11 23:20:56,096 - DEBUG - fx_L1_mfista- itercount: 0, L: 1.493798e+00, eta:1.050000e+00
2020-06-11 23:20:56,102 - DEBUG - fx_L1_mfista- itercount: 0, L: 1.568488e+00, eta:1.050000e+00
2020-06-11 23:20:56,108 - DEBUG - fx_L1_mfista- itercount: 0, L: 1.646912e+00, eta:1.050000e+00
2020-06-11 23:20:56,115 - DEBUG - fx_L1_mfista- itercount: 0, L: 1.729258e+00, eta:1.050000e+00
2020-06-11 23:20:56,121 - DEBUG - fx_L1_mfista- itercount: 0, L: 1.815721e+00, eta:1.050000e+00
2020-06-11 23:20:56,127 - DEBUG - fx_L1_mfista- itercount: 0, L: 1.906507e+00, eta:1.050000e+00
2020-06-11 23:20:56,133 - DEBUG - fx_L1_mfista- itercount: 0, L: 2.001832e+00, eta:1.050000e+00
2020-06-11 23:20:56,139 - DEBUG - fx_L1_mfista- itercount: 0, L: 2.101924e+00, eta:1.050000e+00
2020-06-11 23:20:56,145 - DEBUG - fx_L1_mfista- itercount: 0, L: 2.207020e+00, eta:1.050000e+00
2020-06-11 23:20:56,152 - DEBUG - fx_L1_mfista- itercount: 0, L: 2.317371e+00, eta:1.050000e+00
2020-06-11 23:20:56,158 - DEBUG - fx_L1_mfista- itercount: 0, L: 2.433240e+00, eta:1.050000e+00
2020-06-11 23:20:56,164 - DEBUG - fx_L1_mfista- itercount: 0, L: 2.554902e+00, eta:1.050000e+00
2020-06-11 23:20:56,170 - DEBUG - fx_L1_mfista- itercount: 0, L: 2.682647e+00, eta:1.050000e+00
2020-06-11 23:20:56,177 - DEBUG - fx_L1_mfista- itercount: 0, L: 2.816779e+00, eta:1.050000e+00
2020-06-11 23:20:56,183 - DEBUG - fx_L1_mfista- itercount: 0, L: 2.957618e+00, eta:1.050000e+00
2020-06-11 23:20:56,189 - DEBUG - fx_L1_mfista- itercount: 0, L: 3.105499e+00, eta:1.050000e+00
2020-06-11 23:20:56,195 - DEBUG - fx_L1_mfista- itercount: 0, L: 3.260774e+00, eta:1.050000e+00
2020-06-11 23:20:56,202 - DEBUG - fx_L1_mfista- itercount: 0, L: 3.423813e+00, eta:1.050000e+00
2020-06-11 23:20:56,208 - DEBUG - fx_L1_mfista- itercount: 0, L: 3.595003e+00, eta:1.050000e+00
2020-06-11 23:20:56,215 - DEBUG - fx_L1_mfista- itercount: 0, L: 3.774754e+00, eta:1.050000e+00
2020-06-11 23:20:56,221 - DEBUG - fx_L1_mfista- itercount: 0, L: 3.963491e+00, eta:1.050000e+00
2020-06-11 23:20:56,227 - DEBUG - fx_L1_mfista- itercount: 0, L: 4.161666e+00, eta:1.050000e+00
2020-06-11 23:20:56,233 - DEBUG - fx_L1_mfista- itercount: 0, L: 4.369749e+00, eta:1.050000e+00
2020-06-11 23:20:56,239 - DEBUG - fx_L1_mfista- itercount: 0, L: 4.588236e+00, eta:1.050000e+00
2020-06-11 23:20:56,245 - DEBUG - fx_L1_mfista- itercount: 0, L: 4.817648e+00, eta:1.050000e+00
2020-06-11 23:20:56,251 - DEBUG - fx_L1_mfista- itercount: 0, L: 5.058531e+00, eta:1.050000e+00
2020-06-11 23:20:56,258 - DEBUG - fx_L1_mfista- itercount: 0, L: 5.311457e+00, eta:1.050000e+00
2020-06-11 23:20:56,265 - DEBUG - fx_L1_mfista- itercount: 0, L: 5.577030e+00, eta:1.050000e+00
2020-06-11 23:20:56,271 - DEBUG - fx_L1_mfista- itercount: 0, L: 5.855882e+00, eta:1.050000e+00
2020-06-11 23:20:56,277 - DEBUG - fx_L1_mfista- itercount: 0, L: 6.148676e+00, eta:1.050000e+00
2020-06-11 23:20:56,283 - DEBUG - fx_L1_mfista- itercount: 0, L: 6.456110e+00, eta:1.050000e+00
2020-06-11 23:20:56,289 - DEBUG - fx_L1_mfista- itercount: 0, L: 6.778915e+00, eta:1.050000e+00
2020-06-11 23:20:56,295 - DEBUG - fx_L1_mfista- itercount: 0, L: 7.117861e+00, eta:1.050000e+00
2020-06-11 23:20:56,301 - DEBUG - fx_L1_mfista- itercount: 0, L: 7.473754e+00, eta:1.050000e+00
2020-06-11 23:20:56,307 - DEBUG - fx_L1_mfista- itercount: 0, L: 7.847441e+00, eta:1.050000e+00
2020-06-11 23:20:56,314 - DEBUG - fx_L1_mfista- itercount: 0, L: 8.239814e+00, eta:1.050000e+00
2020-06-11 23:20:56,320 - DEBUG - fx_L1_mfista- itercount: 0, L: 8.651804e+00, eta:1.050000e+00
2020-06-11 23:20:56,326 - DEBUG - fx_L1_mfista- itercount: 0, L: 9.084394e+00, eta:1.050000e+00
2020-06-11 23:20:56,332 - DEBUG - fx_L1_mfista- itercount: 0, L: 9.538614e+00, eta:1.050000e+00
2020-06-11 23:20:56,339 - DEBUG - fx_L1_mfista- itercount: 0, L: 1.001554e+01, eta:1.050000e+00
2020-06-11 23:20:56,345 - DEBUG - fx_L1_mfista- itercount: 0, L: 1.051632e+01, eta:1.050000e+00
2020-06-11 23:20:56,351 - DEBUG - fx_L1_mfista- itercount: 0, L: 1.104214e+01, eta:1.050000e+00
2020-06-11 23:20:56,357 - DEBUG - fx_L1_mfista- itercount: 0, L: 1.159425e+01, eta:1.050000e+00
2020-06-11 23:20:56,364 - DEBUG - fx_L1_mfista- itercount: 0, L: 1.217396e+01, eta:1.050000e+00
2020-06-11 23:20:56,371 - DEBUG - fx_L1_mfista- itercount: 0, L: 1.278266e+01, eta:1.050000e+00
2020-06-11 23:20:56,377 - DEBUG - fx_L1_mfista- itercount: 0, L: 1.342179e+01, eta:1.050000e+00
2020-06-11 23:20:56,383 - DEBUG - fx_L1_mfista- itercount: 0, L: 1.409288e+01, eta:1.050000e+00
2020-06-11 23:20:56,389 - DEBUG - fx_L1_mfista- itercount: 0, L: 1.479752e+01, eta:1.050000e+00
2020-06-11 23:20:56,395 - DEBUG - fx_L1_mfista- itercount: 0, L: 1.553740e+01, eta:1.050000e+00
2020-06-11 23:20:56,402 - DEBUG - fx_L1_mfista- itercount: 0, L: 1.631427e+01, eta:1.050000e+00
2020-06-11 23:20:56,407 - DEBUG - fx_L1_mfista- itercount: 0, L: 1.712998e+01, eta:1.050000e+00
2020-06-11 23:20:56,413 - DEBUG - fx_L1_mfista- itercount: 0, L: 1.798648e+01, eta:1.050000e+00
2020-06-11 23:20:56,420 - DEBUG - fx_L1_mfista- itercount: 0, L: 1.888580e+01, eta:1.050000e+00
2020-06-11 23:20:56,426 - DEBUG - fx_L1_mfista- itercount: 0, L: 1.983009e+01, eta:1.050000e+00
2020-06-11 23:20:56,432 - DEBUG - fx_L1_mfista- itercount: 0, L: 2.082160e+01, eta:1.050000e+00
2020-06-11 23:20:56,438 - DEBUG - fx_L1_mfista- itercount: 0, L: 2.186268e+01, eta:1.050000e+00
2020-06-11 23:20:56,445 - DEBUG - fx_L1_mfista- itercount: 0, L: 2.295581e+01, eta:1.050000e+00
2020-06-11 23:20:56,452 - DEBUG - fx_L1_mfista- itercount: 0, L: 2.410360e+01, eta:1.050000e+00
2020-06-11 23:20:56,457 - DEBUG - fx_L1_mfista- itercount: 0, L: 2.530878e+01, eta:1.050000e+00
2020-06-11 23:20:56,464 - DEBUG - fx_L1_mfista- itercount: 0, L: 2.657422e+01, eta:1.050000e+00
2020-06-11 23:20:56,470 - DEBUG - fx_L1_mfista- itercount: 0, L: 2.790293e+01, eta:1.050000e+00
2020-06-11 23:20:56,476 - DEBUG - fx_L1_mfista- itercount: 0, L: 2.929808e+01, eta:1.050000e+00
2020-06-11 23:20:56,482 - DEBUG - fx_L1_mfista- itercount: 0, L: 3.076298e+01, eta:1.050000e+00
2020-06-11 23:20:56,488 - DEBUG - fx_L1_mfista- itercount: 0, L: 3.230113e+01, eta:1.050000e+00
2020-06-11 23:20:56,494 - DEBUG - fx_L1_mfista- itercount: 0, L: 3.391619e+01, eta:1.050000e+00
2020-06-11 23:20:56,500 - DEBUG - fx_L1_mfista- itercount: 0, L: 3.561200e+01, eta:1.050000e+00
2020-06-11 23:20:56,506 - DEBUG - fx_L1_mfista- itercount: 0, L: 3.739260e+01, eta:1.050000e+00
2020-06-11 23:20:56,512 - DEBUG - fx_L1_mfista- itercount: 0, L: 3.926223e+01, eta:1.050000e+00
2020-06-11 23:20:56,518 - DEBUG - fx_L1_mfista- itercount: 0, L: 4.122534e+01, eta:1.050000e+00
2020-06-11 23:20:56,524 - DEBUG - fx_L1_mfista- itercount: 0, L: 4.328661e+01, eta:1.050000e+00
2020-06-11 23:20:56,530 - DEBUG - fx_L1_mfista- itercount: 0, L: 4.545094e+01, eta:1.050000e+00
2020-06-11 23:20:56,536 - DEBUG - fx_L1_mfista- itercount: 0, L: 4.772349e+01, eta:1.050000e+00
2020-06-11 23:20:56,542 - DEBUG - fx_L1_mfista- itercount: 0, L: 5.010966e+01, eta:1.050000e+00
2020-06-11 23:20:56,548 - DEBUG - fx_L1_mfista- itercount: 0, L: 5.261514e+01, eta:1.050000e+00
2020-06-11 23:20:56,553 - DEBUG - fx_L1_mfista- itercount: 0, L: 5.524590e+01, eta:1.050000e+00
2020-06-11 23:20:56,559 - DEBUG - fx_L1_mfista- itercount: 0, L: 5.800819e+01, eta:1.050000e+00
2020-06-11 23:20:56,565 - DEBUG - fx_L1_mfista- itercount: 0, L: 6.090860e+01, eta:1.050000e+00
2020-06-11 23:20:56,572 - DEBUG - fx_L1_mfista- itercount: 0, L: 6.395403e+01, eta:1.050000e+00
2020-06-11 23:20:56,578 - DEBUG - fx_L1_mfista- itercount: 0, L: 6.715174e+01, eta:1.050000e+00
2020-06-11 23:20:56,584 - DEBUG - fx_L1_mfista- itercount: 0, L: 7.050932e+01, eta:1.050000e+00
2020-06-11 23:20:56,590 - DEBUG - fx_L1_mfista- itercount: 0, L: 7.403479e+01, eta:1.050000e+00
2020-06-11 23:20:56,596 - DEBUG - fx_L1_mfista- itercount: 0, L: 7.773653e+01, eta:1.050000e+00
2020-06-11 23:20:56,602 - DEBUG - fx_L1_mfista- itercount: 0, L: 8.162335e+01, eta:1.050000e+00
2020-06-11 23:20:56,608 - DEBUG - fx_L1_mfista- itercount: 0, L: 8.570452e+01, eta:1.050000e+00
2020-06-11 23:20:56,614 - DEBUG - fx_L1_mfista- itercount: 0, L: 8.998975e+01, eta:1.050000e+00
2020-06-11 23:20:56,620 - DEBUG - fx_L1_mfista- itercount: 0, L: 9.448924e+01, eta:1.050000e+00
2020-06-11 23:20:56,626 - DEBUG - fx_L1_mfista- itercount: 0, L: 9.921370e+01, eta:1.050000e+00
2020-06-11 23:20:56,632 - DEBUG - fx_L1_mfista- itercount: 0, L: 1.041744e+02, eta:1.050000e+00
2020-06-11 23:20:56,638 - DEBUG - fx_L1_mfista- itercount: 0, L: 1.093831e+02, eta:1.050000e+00
2020-06-11 23:20:56,646 - DEBUG - fx_L1_mfista- itercount: 0, L: 1.148523e+02, eta:1.050000e+00
2020-06-11 23:20:56,652 - DEBUG - fx_L1_mfista- itercount: 0, L: 1.205949e+02, eta:1.050000e+00
2020-06-11 23:20:56,658 - DEBUG - fx_L1_mfista- itercount: 0, L: 1.266246e+02, eta:1.050000e+00
2020-06-11 23:20:56,664 - DEBUG - fx_L1_mfista- itercount: 0, L: 1.329558e+02, eta:1.050000e+00
2020-06-11 23:20:56,671 - DEBUG - fx_L1_mfista- itercount: 0, L: 1.396036e+02, eta:1.050000e+00
2020-06-11 23:20:56,678 - DEBUG - fx_L1_mfista- itercount: 0, L: 1.465838e+02, eta:1.050000e+00
2020-06-11 23:20:56,684 - DEBUG - fx_L1_mfista- itercount: 0, L: 1.539130e+02, eta:1.050000e+00
2020-06-11 23:20:56,690 - DEBUG - fx_L1_mfista- itercount: 0, L: 1.616087e+02, eta:1.050000e+00
2020-06-11 23:20:56,697 - DEBUG - fx_L1_mfista- itercount: 0, L: 1.696891e+02, eta:1.050000e+00
2020-06-11 23:20:56,703 - DEBUG - fx_L1_mfista- itercount: 0, L: 1.781735e+02, eta:1.050000e+00
2020-06-11 23:20:56,709 - DEBUG - fx_L1_mfista- itercount: 0, L: 1.870822e+02, eta:1.050000e+00
2020-06-11 23:20:56,716 - DEBUG - fx_L1_mfista- itercount: 0, L: 1.964363e+02, eta:1.050000e+00
2020-06-11 23:20:56,722 - DEBUG - fx_L1_mfista- itercount: 0, L: 2.062582e+02, eta:1.050000e+00
2020-06-11 23:20:56,728 - DEBUG - fx_L1_mfista- itercount: 0, L: 2.165711e+02, eta:1.050000e+00
2020-06-11 23:20:56,735 - DEBUG - fx_L1_mfista- itercount: 0, L: 2.273996e+02, eta:1.050000e+00
2020-06-11 23:20:56,741 - DEBUG - fx_L1_mfista- itercount: 0, L: 2.387696e+02, eta:1.050000e+00
2020-06-11 23:20:56,748 - DEBUG - fx_L1_mfista- itercount: 0, L: 2.507081e+02, eta:1.050000e+00
2020-06-11 23:20:56,754 - DEBUG - fx_L1_mfista- itercount: 0, L: 2.632435e+02, eta:1.050000e+00
2020-06-11 23:20:56,761 - DEBUG - fx_L1_mfista- itercount: 0, L: 2.764057e+02, eta:1.050000e+00
2020-06-11 23:20:56,767 - DEBUG - fx_L1_mfista- itercount: 0, L: 2.902259e+02, eta:1.050000e+00
2020-06-11 23:20:56,773 - DEBUG - fx_L1_mfista- itercount: 0, L: 3.047372e+02, eta:1.050000e+00
2020-06-11 23:20:56,779 - DEBUG - fx_L1_mfista- itercount: 0, L: 3.199741e+02, eta:1.050000e+00
2020-06-11 23:20:56,786 - DEBUG - fx_L1_mfista- itercount: 0, L: 3.359728e+02, eta:1.050000e+00
2020-06-11 23:20:56,793 - DEBUG - fx_L1_mfista- itercount: 0, L: 3.527714e+02, eta:1.050000e+00
2020-06-11 23:20:56,799 - DEBUG - fx_L1_mfista- itercount: 0, L: 3.704100e+02, eta:1.050000e+00
2020-06-11 23:20:56,805 - DEBUG - fx_L1_mfista- itercount: 0, L: 3.889305e+02, eta:1.050000e+00
2020-06-11 23:20:56,811 - DEBUG - fx_L1_mfista- itercount: 0, L: 4.083770e+02, eta:1.050000e+00
2020-06-11 23:20:56,818 - DEBUG - fx_L1_mfista- itercount: 0, L: 4.287959e+02, eta:1.050000e+00
2020-06-11 23:20:56,824 - DEBUG - fx_L1_mfista- itercount: 0, L: 4.502357e+02, eta:1.050000e+00
2020-06-11 23:20:56,831 - DEBUG - fx_L1_mfista- itercount: 0, L: 4.727475e+02, eta:1.050000e+00
2020-06-11 23:20:56,837 - DEBUG - fx_L1_mfista- itercount: 0, L: 4.963848e+02, eta:1.050000e+00
2020-06-11 23:20:56,843 - DEBUG - fx_L1_mfista- itercount: 0, L: 5.212041e+02, eta:1.050000e+00
2020-06-11 23:20:56,849 - DEBUG - fx_L1_mfista- itercount: 0, L: 5.472643e+02, eta:1.050000e+00
2020-06-11 23:20:56,855 - DEBUG - fx_L1_mfista- itercount: 0, L: 5.746275e+02, eta:1.050000e+00
2020-06-11 23:20:56,863 - DEBUG - fx_L1_mfista- itercount: 0, L: 6.033589e+02, eta:1.050000e+00
2020-06-11 23:20:56,869 - DEBUG - fx_L1_mfista- itercount: 0, L: 6.335268e+02, eta:1.050000e+00
2020-06-11 23:20:56,876 - DEBUG - fx_L1_mfista- itercount: 0, L: 6.652032e+02, eta:1.050000e+00
2020-06-11 23:20:56,883 - DEBUG - fx_L1_mfista- itercount: 0, L: 6.984633e+02, eta:1.050000e+00
2020-06-11 23:20:56,889 - DEBUG - fx_L1_mfista- itercount: 0, L: 7.333865e+02, eta:1.050000e+00
2020-06-11 23:20:56,896 - DEBUG - fx_L1_mfista- itercount: 0, L: 7.700558e+02, eta:1.050000e+00
2020-06-11 23:20:56,903 - DEBUG - fx_L1_mfista- itercount: 0, L: 8.085586e+02, eta:1.050000e+00
2020-06-11 23:20:56,910 - DEBUG - fx_L1_mfista- itercount: 0, L: 8.489865e+02, eta:1.050000e+00
2020-06-11 23:20:56,916 - DEBUG - fx_L1_mfista- itercount: 0, L: 8.914358e+02, eta:1.050000e+00
2020-06-11 23:20:56,922 - DEBUG - fx_L1_mfista- itercount: 0, L: 9.360076e+02, eta:1.050000e+00
2020-06-11 23:20:56,929 - DEBUG - fx_L1_mfista- itercount: 0, L: 9.828080e+02, eta:1.050000e+00
2020-06-11 23:20:56,935 - DEBUG - fx_L1_mfista- itercount: 0, L: 1.031948e+03, eta:1.050000e+00
2020-06-11 23:20:56,942 - DEBUG - fx_L1_mfista- itercount: 0, L: 1.083546e+03, eta:1.050000e+00
2020-06-11 23:20:56,950 - DEBUG - fx_L1_mfista- itercount: 0, L: 1.137723e+03, eta:1.050000e+00
2020-06-11 23:20:56,956 - DEBUG - fx_L1_mfista- itercount: 0, L: 1.194609e+03, eta:1.050000e+00
2020-06-11 23:20:56,963 - DEBUG - fx_L1_mfista- itercount: 0, L: 1.254340e+03, eta:1.050000e+00
2020-06-11 23:20:56,969 - DEBUG - fx_L1_mfista- itercount: 0, L: 1.317057e+03, eta:1.050000e+00
2020-06-11 23:20:56,975 - DEBUG - fx_L1_mfista- itercount: 0, L: 1.382910e+03, eta:1.050000e+00
2020-06-11 23:20:56,982 - DEBUG - fx_L1_mfista- itercount: 0, L: 1.452055e+03, eta:1.050000e+00
2020-06-11 23:20:56,988 - DEBUG - fx_L1_mfista- itercount: 0, L: 1.524658e+03, eta:1.050000e+00
2020-06-11 23:20:56,995 - DEBUG - fx_L1_mfista- itercount: 0, L: 1.600891e+03, eta:1.050000e+00
2020-06-11 23:20:57,002 - DEBUG - fx_L1_mfista- itercount: 0, L: 1.680935e+03, eta:1.050000e+00
2020-06-11 23:20:57,007 - DEBUG - fx_L1_mfista- itercount: 0, L: 1.764982e+03, eta:1.050000e+00
2020-06-11 23:20:57,014 - DEBUG - fx_L1_mfista- itercount: 0, L: 1.853231e+03, eta:1.050000e+00
2020-06-11 23:20:57,021 - DEBUG - fx_L1_mfista- itercount: 0, L: 1.945893e+03, eta:1.050000e+00
2020-06-11 23:20:57,027 - DEBUG - fx_L1_mfista- itercount: 0, L: 2.043187e+03, eta:1.050000e+00
2020-06-11 23:20:57,033 - DEBUG - fx_L1_mfista- itercount: 0, L: 2.145347e+03, eta:1.050000e+00
2020-06-11 23:20:57,039 - DEBUG - fx_L1_mfista- itercount: 0, L: 2.252614e+03, eta:1.050000e+00
2020-06-11 23:20:57,046 - DEBUG - fx_L1_mfista- itercount: 0, L: 2.365245e+03, eta:1.050000e+00
2020-06-11 23:20:57,052 - DEBUG - fx_L1_mfista- itercount: 0, L: 2.483507e+03, eta:1.050000e+00
2020-06-11 23:20:57,058 - DEBUG - fx_L1_mfista- itercount: 0, L: 2.607682e+03, eta:1.050000e+00
2020-06-11 23:20:57,065 - DEBUG - fx_L1_mfista- itercount: 0, L: 2.738066e+03, eta:1.050000e+00
2020-06-11 23:20:57,072 - DEBUG - fx_L1_mfista- itercount: 0, L: 2.874970e+03, eta:1.050000e+00
2020-06-11 23:20:57,077 - DEBUG - fx_L1_mfista- itercount: 0, L: 3.018718e+03, eta:1.050000e+00
2020-06-11 23:20:57,084 - DEBUG - fx_L1_mfista- itercount: 0, L: 3.169654e+03, eta:1.050000e+00
2020-06-11 23:20:57,090 - DEBUG - fx_L1_mfista- itercount: 0, L: 3.328137e+03, eta:1.050000e+00
2020-06-11 23:20:57,098 - DEBUG - fx_L1_mfista- itercount: 0, L: 3.494544e+03, eta:1.050000e+00
2020-06-11 23:20:57,105 - DEBUG - fx_L1_mfista- itercount: 0, L: 3.669271e+03, eta:1.050000e+00
2020-06-11 23:20:57,111 - DEBUG - fx_L1_mfista- itercount: 0, L: 3.852734e+03, eta:1.050000e+00
2020-06-11 23:20:57,117 - DEBUG - fx_L1_mfista- itercount: 0, L: 4.045371e+03, eta:1.050000e+00
2020-06-11 23:20:57,123 - DEBUG - fx_L1_mfista- itercount: 0, L: 4.247640e+03, eta:1.050000e+00
2020-06-11 23:20:57,129 - DEBUG - fx_L1_mfista- itercount: 0, L: 4.460022e+03, eta:1.050000e+00
2020-06-11 23:20:57,135 - DEBUG - fx_L1_mfista- itercount: 0, L: 4.683023e+03, eta:1.050000e+00
2020-06-11 23:20:57,143 - DEBUG - fx_L1_mfista- itercount: 0, L: 4.917174e+03, eta:1.050000e+00
2020-06-11 23:20:57,150 - DEBUG - fx_L1_mfista- itercount: 0, L: 5.163033e+03, eta:1.050000e+00
2020-06-11 23:20:57,156 - DEBUG - fx_L1_mfista- itercount: 0, L: 5.421184e+03, eta:1.050000e+00
2020-06-11 23:20:57,162 - DEBUG - fx_L1_mfista- itercount: 0, L: 5.692243e+03, eta:1.050000e+00
2020-06-11 23:20:57,168 - DEBUG - fx_L1_mfista- itercount: 0, L: 5.976856e+03, eta:1.050000e+00
2020-06-11 23:20:57,174 - DEBUG - fx_L1_mfista- itercount: 0, L: 6.275698e+03, eta:1.050000e+00
2020-06-11 23:20:57,181 - DEBUG - fx_L1_mfista- itercount: 0, L: 6.589483e+03, eta:1.050000e+00
2020-06-11 23:20:57,187 - DEBUG - fx_L1_mfista- itercount: 0, L: 6.918957e+03, eta:1.050000e+00
2020-06-11 23:20:57,194 - DEBUG - fx_L1_mfista- itercount: 0, L: 7.264905e+03, eta:1.050000e+00
2020-06-11 23:20:57,200 - DEBUG - fx_L1_mfista- itercount: 0, L: 7.628151e+03, eta:1.050000e+00
2020-06-11 23:20:57,206 - DEBUG - fx_L1_mfista- itercount: 0, L: 8.009558e+03, eta:1.050000e+00
2020-06-11 23:20:57,213 - DEBUG - fx_L1_mfista- itercount: 0, L: 8.410036e+03, eta:1.050000e+00
2020-06-11 23:20:57,220 - DEBUG - fx_L1_mfista- itercount: 0, L: 8.830538e+03, eta:1.050000e+00
2020-06-11 23:20:57,226 - DEBUG - fx_L1_mfista- itercount: 0, L: 9.272065e+03, eta:1.050000e+00
2020-06-11 23:20:57,232 - DEBUG - fx_L1_mfista- itercount: 0, L: 9.735668e+03, eta:1.050000e+00
2020-06-11 23:20:57,238 - DEBUG - fx_L1_mfista- itercount: 0, L: 1.022245e+04, eta:1.050000e+00
2020-06-11 23:20:57,244 - DEBUG - fx_L1_mfista- itercount: 0, L: 1.073357e+04, eta:1.050000e+00
2020-06-11 23:20:57,251 - DEBUG - fx_L1_mfista- itercount: 0, L: 1.127025e+04, eta:1.050000e+00
2020-06-11 23:20:57,257 - DEBUG - fx_L1_mfista- itercount: 0, L: 1.183377e+04, eta:1.050000e+00
2020-06-11 23:20:57,263 - DEBUG - fx_L1_mfista- itercount: 0, L: 1.242545e+04, eta:1.050000e+00
2020-06-11 23:20:57,270 - DEBUG - fx_L1_mfista- itercount: 0, L: 1.304673e+04, eta:1.050000e+00
2020-06-11 23:20:57,276 - DEBUG - fx_L1_mfista- itercount: 0, L: 1.369906e+04, eta:1.050000e+00
2020-06-11 23:20:57,282 - DEBUG - fx_L1_mfista- itercount: 0, L: 1.438402e+04, eta:1.050000e+00
2020-06-11 23:20:57,288 - DEBUG - fx_L1_mfista- itercount: 0, L: 1.510322e+04, eta:1.050000e+00
2020-06-11 23:20:57,295 - DEBUG - fx_L1_mfista- itercount: 0, L: 1.585838e+04, eta:1.050000e+00
2020-06-11 23:20:57,301 - DEBUG - fx_L1_mfista- itercount: 0, L: 1.665130e+04, eta:1.050000e+00
2020-06-11 23:20:57,307 - DEBUG - fx_L1_mfista- itercount: 0, L: 1.748386e+04, eta:1.050000e+00
2020-06-11 23:20:57,314 - DEBUG - fx_L1_mfista- itercount: 0, L: 1.835805e+04, eta:1.050000e+00
2020-06-11 23:20:57,320 - DEBUG - fx_L1_mfista- itercount: 0, L: 1.927596e+04, eta:1.050000e+00
2020-06-11 23:20:57,326 - DEBUG - fx_L1_mfista- itercount: 0, L: 2.023975e+04, eta:1.050000e+00
2020-06-11 23:20:57,333 - DEBUG - fx_L1_mfista- itercount: 0, L: 2.125174e+04, eta:1.050000e+00
2020-06-11 23:20:57,339 - DEBUG - fx_L1_mfista- itercount: 0, L: 2.231433e+04, eta:1.050000e+00
2020-06-11 23:20:57,345 - DEBUG - fx_L1_mfista- itercount: 0, L: 2.343005e+04, eta:1.050000e+00
2020-06-11 23:20:57,351 - DEBUG - fx_L1_mfista- itercount: 0, L: 2.460155e+04, eta:1.050000e+00
2020-06-11 23:20:57,357 - DEBUG - fx_L1_mfista- itercount: 0, L: 2.583163e+04, eta:1.050000e+00
2020-06-11 23:20:57,363 - DEBUG - fx_L1_mfista- itercount: 0, L: 2.712321e+04, eta:1.050000e+00
2020-06-11 23:20:57,369 - DEBUG - fx_L1_mfista- itercount: 0, L: 2.847937e+04, eta:1.050000e+00
2020-06-11 23:20:57,376 - DEBUG - fx_L1_mfista- itercount: 0, L: 2.990334e+04, eta:1.050000e+00
2020-06-11 23:20:57,382 - DEBUG - fx_L1_mfista- itercount: 0, L: 3.139850e+04, eta:1.050000e+00
2020-06-11 23:20:57,388 - DEBUG - fx_L1_mfista- itercount: 0, L: 3.296843e+04, eta:1.050000e+00
2020-06-11 23:20:57,395 - DEBUG - fx_L1_mfista- itercount: 0, L: 3.461685e+04, eta:1.050000e+00
2020-06-11 23:20:57,401 - DEBUG - fx_L1_mfista- itercount: 0, L: 3.634769e+04, eta:1.050000e+00
2020-06-11 23:20:57,408 - DEBUG - fx_L1_mfista- itercount: 0, L: 3.816508e+04, eta:1.050000e+00
2020-06-11 23:20:57,415 - DEBUG - fx_L1_mfista- itercount: 0, L: 4.007333e+04, eta:1.050000e+00
2020-06-11 23:20:57,422 - DEBUG - fx_L1_mfista- itercount: 0, L: 4.207700e+04, eta:1.050000e+00
2020-06-11 23:20:57,428 - DEBUG - fx_L1_mfista- itercount: 0, L: 4.418085e+04, eta:1.050000e+00
2020-06-11 23:20:57,434 - DEBUG - fx_L1_mfista- itercount: 0, L: 4.638989e+04, eta:1.050000e+00
2020-06-11 23:20:57,440 - DEBUG - fx_L1_mfista- itercount: 0, L: 4.870938e+04, eta:1.050000e+00
2020-06-11 23:20:57,447 - DEBUG - fx_L1_mfista- itercount: 0, L: 5.114485e+04, eta:1.050000e+00
2020-06-11 23:20:57,453 - DEBUG - fx_L1_mfista- itercount: 0, L: 5.370209e+04, eta:1.050000e+00
2020-06-11 23:20:57,459 - DEBUG - fx_L1_mfista- itercount: 0, L: 5.638720e+04, eta:1.050000e+00
2020-06-11 23:20:57,465 - DEBUG - fx_L1_mfista- itercount: 0, L: 5.920656e+04, eta:1.050000e+00
2020-06-11 23:20:57,471 - DEBUG - fx_L1_mfista- itercount: 0, L: 6.216689e+04, eta:1.050000e+00
2020-06-11 23:20:57,478 - DEBUG - fx_L1_mfista- itercount: 0, L: 6.527523e+04, eta:1.050000e+00
2020-06-11 23:20:57,485 - DEBUG - fx_L1_mfista- itercount: 0, L: 6.853899e+04, eta:1.050000e+00
2020-06-11 23:20:57,491 - DEBUG - fx_L1_mfista- itercount: 0, L: 7.196594e+04, eta:1.050000e+00
2020-06-11 23:20:57,498 - DEBUG - fx_L1_mfista- itercount: 0, L: 7.556424e+04, eta:1.050000e+00
2020-06-11 23:20:57,504 - DEBUG - fx_L1_mfista- itercount: 0, L: 7.934245e+04, eta:1.050000e+00
2020-06-11 23:20:57,511 - DEBUG - fx_L1_mfista- itercount: 0, L: 8.330957e+04, eta:1.050000e+00
2020-06-11 23:20:57,517 - DEBUG - fx_L1_mfista- itercount: 0, L: 8.747505e+04, eta:1.050000e+00
2020-06-11 23:20:57,523 - DEBUG - fx_L1_mfista- itercount: 0, L: 9.184880e+04, eta:1.050000e+00
2020-06-11 23:20:57,530 - DEBUG - fx_L1_mfista- itercount: 0, L: 9.644124e+04, eta:1.050000e+00
2020-06-11 23:20:57,547 - DEBUG - fx_L1_mfista- itercount: 1, L: 9.184880e+04, eta:1.050000e+00
2020-06-11 23:20:57,553 - DEBUG - fx_L1_mfista- itercount: 1, L: 9.644124e+04, eta:1.050000e+00
2020-06-11 23:20:57,560 - DEBUG - fx_L1_mfista- itercount: 1, L: 1.012633e+05, eta:1.050000e+00
2020-06-11 23:20:57,576 - DEBUG - fx_L1_mfista- itercount: 2, L: 9.644124e+04, eta:1.050000e+00
2020-06-11 23:20:57,582 - DEBUG - fx_L1_mfista- itercount: 2, L: 1.012633e+05, eta:1.050000e+00
2020-06-11 23:20:57,588 - DEBUG - fx_L1_mfista- itercount: 2, L: 1.063265e+05, eta:1.050000e+00
2020-06-11 23:20:57,594 - DEBUG - fx_L1_mfista- itercount: 2, L: 1.116428e+05, eta:1.050000e+00
2020-06-11 23:20:57,600 - DEBUG - fx_L1_mfista- itercount: 2, L: 1.172249e+05, eta:1.050000e+00
2020-06-11 23:20:57,606 - DEBUG - fx_L1_mfista- itercount: 2, L: 1.230862e+05, eta:1.050000e+00
2020-06-11 23:20:57,613 - DEBUG - fx_L1_mfista- itercount: 2, L: 1.292405e+05, eta:1.050000e+00
2020-06-11 23:20:57,634 - DEBUG - fx_L1_mfista- itercount: 3, L: 1.230862e+05, eta:1.050000e+00
2020-06-11 23:20:57,653 - DEBUG - fx_L1_mfista- itercount: 4, L: 1.172249e+05, eta:1.050000e+00
2020-06-11 23:20:57,695 - DEBUG - fx_L1_mfista- itercount: 5, L: 1.116428e+05, eta:1.050000e+00
2020-06-11 23:20:57,712 - DEBUG - fx_L1_mfista- itercount: 6, L: 1.063265e+05, eta:1.050000e+00
2020-06-11 23:20:57,731 - DEBUG - fx_L1_mfista- itercount: 7, L: 1.012633e+05, eta:1.050000e+00
2020-06-11 23:20:57,748 - DEBUG - fx_L1_mfista- itercount: 8, L: 9.644124e+04, eta:1.050000e+00
2020-06-11 23:20:57,763 - DEBUG - fx_L1_mfista- itercount: 9, L: 9.184880e+04, eta:1.050000e+00
2020-06-11 23:20:57,781 - DEBUG - fx_L1_mfista- itercount: 10, L: 8.747505e+04, eta:1.050000e+00
2020-06-11 23:20:57,798 - DEBUG - fx_L1_mfista- itercount: 11, L: 8.330957e+04, eta:1.050000e+00
2020-06-11 23:20:57,814 - DEBUG - fx_L1_mfista- itercount: 12, L: 7.934245e+04, eta:1.050000e+00
2020-06-11 23:20:57,830 - DEBUG - fx_L1_mfista- itercount: 13, L: 7.556424e+04, eta:1.050000e+00
2020-06-11 23:20:57,845 - DEBUG - fx_L1_mfista- itercount: 14, L: 7.196594e+04, eta:1.050000e+00
2020-06-11 23:20:57,861 - DEBUG - fx_L1_mfista- itercount: 15, L: 6.853899e+04, eta:1.050000e+00
2020-06-11 23:20:57,879 - DEBUG - fx_L1_mfista- itercount: 16, L: 6.527523e+04, eta:1.050000e+00
2020-06-11 23:20:57,896 - DEBUG - fx_L1_mfista- itercount: 17, L: 6.216689e+04, eta:1.050000e+00
2020-06-11 23:20:57,913 - DEBUG - fx_L1_mfista- itercount: 18, L: 5.920656e+04, eta:1.050000e+00
2020-06-11 23:20:57,928 - DEBUG - fx_L1_mfista- itercount: 19, L: 5.638720e+04, eta:1.050000e+00
2020-06-11 23:20:57,946 - DEBUG - fx_L1_mfista- itercount: 20, L: 5.370209e+04, eta:1.050000e+00
2020-06-11 23:20:57,960 - DEBUG - fx_L1_mfista- itercount: 21, L: 5.114485e+04, eta:1.050000e+00
2020-06-11 23:20:57,976 - DEBUG - fx_L1_mfista- itercount: 22, L: 4.870938e+04, eta:1.050000e+00
2020-06-11 23:20:57,992 - DEBUG - fx_L1_mfista- itercount: 23, L: 4.638989e+04, eta:1.050000e+00
2020-06-11 23:20:58,007 - DEBUG - fx_L1_mfista- itercount: 24, L: 4.418085e+04, eta:1.050000e+00
2020-06-11 23:20:58,013 - DEBUG - fx_L1_mfista- itercount: 24, L: 4.638989e+04, eta:1.050000e+00
2020-06-11 23:20:58,019 - DEBUG - fx_L1_mfista- itercount: 24, L: 4.870938e+04, eta:1.050000e+00
2020-06-11 23:20:58,025 - DEBUG - fx_L1_mfista- itercount: 24, L: 5.114485e+04, eta:1.050000e+00
2020-06-11 23:20:58,032 - DEBUG - fx_L1_mfista- itercount: 24, L: 5.370209e+04, eta:1.050000e+00
2020-06-11 23:20:58,047 - DEBUG - fx_L1_mfista- itercount: 25, L: 5.114485e+04, eta:1.050000e+00
2020-06-11 23:20:58,053 - DEBUG - fx_L1_mfista- itercount: 25, L: 5.370209e+04, eta:1.050000e+00
2020-06-11 23:20:58,059 - DEBUG - fx_L1_mfista- itercount: 25, L: 5.638720e+04, eta:1.050000e+00
2020-06-11 23:20:58,066 - DEBUG - fx_L1_mfista- itercount: 25, L: 5.920656e+04, eta:1.050000e+00
2020-06-11 23:20:58,071 - DEBUG - fx_L1_mfista- itercount: 25, L: 6.216689e+04, eta:1.050000e+00
2020-06-11 23:20:58,078 - DEBUG - fx_L1_mfista- itercount: 25, L: 6.527523e+04, eta:1.050000e+00
2020-06-11 23:20:58,084 - DEBUG - fx_L1_mfista- itercount: 25, L: 6.853899e+04, eta:1.050000e+00
2020-06-11 23:20:58,090 - DEBUG - fx_L1_mfista- itercount: 25, L: 7.196594e+04, eta:1.050000e+00
2020-06-11 23:20:58,106 - DEBUG - fx_L1_mfista- itercount: 26, L: 6.853899e+04, eta:1.050000e+00
2020-06-11 23:20:58,121 - DEBUG - fx_L1_mfista- itercount: 27, L: 6.527523e+04, eta:1.050000e+00
2020-06-11 23:20:58,128 - DEBUG - fx_L1_mfista- itercount: 27, L: 6.853899e+04, eta:1.050000e+00
2020-06-11 23:20:58,143 - DEBUG - fx_L1_mfista- itercount: 28, L: 6.527523e+04, eta:1.050000e+00
2020-06-11 23:20:58,149 - DEBUG - fx_L1_mfista- itercount: 28, L: 6.853899e+04, eta:1.050000e+00
2020-06-11 23:20:58,165 - DEBUG - fx_L1_mfista- itercount: 29, L: 6.527523e+04, eta:1.050000e+00
2020-06-11 23:20:58,180 - DEBUG - fx_L1_mfista- itercount: 30, L: 6.216689e+04, eta:1.050000e+00
2020-06-11 23:20:58,186 - DEBUG - fx_L1_mfista- itercount: 30, L: 6.527523e+04, eta:1.050000e+00
2020-06-11 23:20:58,192 - DEBUG - fx_L1_mfista- itercount: 30, L: 6.853899e+04, eta:1.050000e+00
2020-06-11 23:20:58,208 - DEBUG - fx_L1_mfista- itercount: 31, L: 6.527523e+04, eta:1.050000e+00
2020-06-11 23:20:58,224 - DEBUG - fx_L1_mfista- itercount: 32, L: 6.216689e+04, eta:1.050000e+00
2020-06-11 23:20:58,230 - DEBUG - fx_L1_mfista- itercount: 32, L: 6.527523e+04, eta:1.050000e+00
2020-06-11 23:20:58,236 - DEBUG - fx_L1_mfista- itercount: 32, L: 6.853899e+04, eta:1.050000e+00
2020-06-11 23:20:58,251 - DEBUG - fx_L1_mfista- itercount: 33, L: 6.527523e+04, eta:1.050000e+00
2020-06-11 23:20:58,267 - DEBUG - fx_L1_mfista- itercount: 34, L: 6.216689e+04, eta:1.050000e+00
2020-06-11 23:20:58,283 - DEBUG - fx_L1_mfista- itercount: 35, L: 5.920656e+04, eta:1.050000e+00
2020-06-11 23:20:58,299 - DEBUG - fx_L1_mfista- itercount: 36, L: 5.638720e+04, eta:1.050000e+00
2020-06-11 23:20:58,305 - DEBUG - fx_L1_mfista- itercount: 36, L: 5.920656e+04, eta:1.050000e+00
2020-06-11 23:20:58,311 - DEBUG - fx_L1_mfista- itercount: 36, L: 6.216689e+04, eta:1.050000e+00
2020-06-11 23:20:58,328 - DEBUG - fx_L1_mfista- itercount: 37, L: 5.920656e+04, eta:1.050000e+00
2020-06-11 23:20:58,334 - DEBUG - fx_L1_mfista- itercount: 37, L: 6.216689e+04, eta:1.050000e+00
2020-06-11 23:20:58,340 - DEBUG - fx_L1_mfista- itercount: 37, L: 6.527523e+04, eta:1.050000e+00
2020-06-11 23:20:58,356 - DEBUG - fx_L1_mfista- itercount: 38, L: 6.216689e+04, eta:1.050000e+00
2020-06-11 23:20:58,372 - DEBUG - fx_L1_mfista- itercount: 39, L: 5.920656e+04, eta:1.050000e+00
2020-06-11 23:20:58,388 - DEBUG - fx_L1_mfista- itercount: 40, L: 5.638720e+04, eta:1.050000e+00
2020-06-11 23:20:58,403 - DEBUG - fx_L1_mfista- itercount: 41, L: 5.370209e+04, eta:1.050000e+00
2020-06-11 23:20:58,418 - DEBUG - fx_L1_mfista- itercount: 42, L: 5.114485e+04, eta:1.050000e+00
2020-06-11 23:20:58,433 - DEBUG - fx_L1_mfista- itercount: 43, L: 4.870938e+04, eta:1.050000e+00
2020-06-11 23:20:58,450 - DEBUG - fx_L1_mfista- itercount: 44, L: 4.638989e+04, eta:1.050000e+00
2020-06-11 23:20:58,455 - DEBUG - fx_L1_mfista- itercount: 44, L: 4.870938e+04, eta:1.050000e+00
2020-06-11 23:20:58,461 - DEBUG - fx_L1_mfista- itercount: 44, L: 5.114485e+04, eta:1.050000e+00
2020-06-11 23:20:58,467 - DEBUG - fx_L1_mfista- itercount: 44, L: 5.370209e+04, eta:1.050000e+00
2020-06-11 23:20:58,474 - DEBUG - fx_L1_mfista- itercount: 44, L: 5.638720e+04, eta:1.050000e+00
2020-06-11 23:20:58,489 - DEBUG - fx_L1_mfista- itercount: 45, L: 5.370209e+04, eta:1.050000e+00
2020-06-11 23:20:58,496 - DEBUG - fx_L1_mfista- itercount: 45, L: 5.638720e+04, eta:1.050000e+00
2020-06-11 23:20:58,511 - DEBUG - fx_L1_mfista- itercount: 46, L: 5.370209e+04, eta:1.050000e+00
2020-06-11 23:20:58,517 - DEBUG - fx_L1_mfista- itercount: 46, L: 5.638720e+04, eta:1.050000e+00
2020-06-11 23:20:58,532 - DEBUG - fx_L1_mfista- itercount: 47, L: 5.370209e+04, eta:1.050000e+00
2020-06-11 23:20:58,547 - DEBUG - fx_L1_mfista- itercount: 48, L: 5.114485e+04, eta:1.050000e+00
2020-06-11 23:20:58,562 - DEBUG - fx_L1_mfista- itercount: 49, L: 4.870938e+04, eta:1.050000e+00
2020-06-11 23:20:58,569 - DEBUG - fx_L1_mfista- itercount: 49, L: 5.114485e+04, eta:1.050000e+00
2020-06-11 23:20:58,581 - DEBUG - fx_L1_mfista- iternum:50, L: 5.114485e+04, F_xk: 7.090509e+00, chi:5.919875e+06, reg: 3.074523e+05, rela_err:5.796713e-05
2020-06-11 23:20:58,600 - DEBUG - fx_L1_mfista- itercount: 50, L: 4.870938e+04, eta:1.050000e+00
2020-06-11 23:20:58,607 - DEBUG - fx_L1_mfista- itercount: 50, L: 5.114485e+04, eta:1.050000e+00
2020-06-11 23:20:58,613 - DEBUG - fx_L1_mfista- itercount: 50, L: 5.370209e+04, eta:1.050000e+00
2020-06-11 23:20:58,628 - DEBUG - fx_L1_mfista- itercount: 51, L: 5.114485e+04, eta:1.050000e+00
2020-06-11 23:20:58,633 - DEBUG - fx_L1_mfista- itercount: 51, L: 5.370209e+04, eta:1.050000e+00
2020-06-11 23:20:58,650 - DEBUG - fx_L1_mfista- itercount: 52, L: 5.114485e+04, eta:1.050000e+00
2020-06-11 23:20:58,665 - DEBUG - fx_L1_mfista- itercount: 53, L: 4.870938e+04, eta:1.050000e+00
2020-06-11 23:20:58,679 - DEBUG - fx_L1_mfista- itercount: 54, L: 4.638989e+04, eta:1.050000e+00
2020-06-11 23:20:58,684 - DEBUG - fx_L1_mfista- itercount: 54, L: 4.870938e+04, eta:1.050000e+00
2020-06-11 23:20:58,691 - DEBUG - fx_L1_mfista- itercount: 54, L: 5.114485e+04, eta:1.050000e+00
2020-06-11 23:20:58,706 - DEBUG - fx_L1_mfista- itercount: 55, L: 4.870938e+04, eta:1.050000e+00
2020-06-11 23:20:58,712 - DEBUG - fx_L1_mfista- itercount: 55, L: 5.114485e+04, eta:1.050000e+00
2020-06-11 23:20:58,726 - DEBUG - fx_L1_mfista- itercount: 56, L: 4.870938e+04, eta:1.050000e+00
2020-06-11 23:20:58,732 - DEBUG - fx_L1_mfista- itercount: 56, L: 5.114485e+04, eta:1.050000e+00
2020-06-11 23:20:58,738 - DEBUG - fx_L1_mfista- itercount: 56, L: 5.370209e+04, eta:1.050000e+00
2020-06-11 23:20:58,753 - DEBUG - fx_L1_mfista- itercount: 57, L: 5.114485e+04, eta:1.050000e+00
2020-06-11 23:20:58,768 - DEBUG - fx_L1_mfista- itercount: 58, L: 4.870938e+04, eta:1.050000e+00
2020-06-11 23:20:58,782 - DEBUG - fx_L1_mfista- itercount: 59, L: 4.638989e+04, eta:1.050000e+00
2020-06-11 23:20:58,797 - DEBUG - fx_L1_mfista- itercount: 60, L: 4.418085e+04, eta:1.050000e+00
2020-06-11 23:20:58,814 - DEBUG - fx_L1_mfista- itercount: 61, L: 4.207700e+04, eta:1.050000e+00
2020-06-11 23:20:58,819 - DEBUG - fx_L1_mfista- itercount: 61, L: 4.418085e+04, eta:1.050000e+00
2020-06-11 23:20:58,825 - DEBUG - fx_L1_mfista- itercount: 61, L: 4.638989e+04, eta:1.050000e+00
2020-06-11 23:20:58,832 - DEBUG - fx_L1_mfista- itercount: 61, L: 4.870938e+04, eta:1.050000e+00
2020-06-11 23:20:58,838 - DEBUG - fx_L1_mfista- itercount: 61, L: 5.114485e+04, eta:1.050000e+00
2020-06-11 23:20:58,854 - DEBUG - fx_L1_mfista- itercount: 62, L: 4.870938e+04, eta:1.050000e+00
2020-06-11 23:20:58,869 - DEBUG - fx_L1_mfista- itercount: 63, L: 4.638989e+04, eta:1.050000e+00
2020-06-11 23:20:58,884 - DEBUG - fx_L1_mfista- itercount: 64, L: 4.418085e+04, eta:1.050000e+00
2020-06-11 23:20:58,889 - DEBUG - fx_L1_mfista- itercount: 64, L: 4.638989e+04, eta:1.050000e+00
2020-06-11 23:20:58,896 - DEBUG - fx_L1_mfista- itercount: 64, L: 4.870938e+04, eta:1.050000e+00
2020-06-11 23:20:58,902 - DEBUG - fx_L1_mfista- itercount: 64, L: 5.114485e+04, eta:1.050000e+00
2020-06-11 23:20:58,918 - DEBUG - fx_L1_mfista- itercount: 65, L: 4.870938e+04, eta:1.050000e+00
2020-06-11 23:20:58,933 - DEBUG - fx_L1_mfista- itercount: 66, L: 4.638989e+04, eta:1.050000e+00
2020-06-11 23:20:58,948 - DEBUG - fx_L1_mfista- itercount: 67, L: 4.418085e+04, eta:1.050000e+00
2020-06-11 23:20:58,962 - DEBUG - fx_L1_mfista- itercount: 68, L: 4.207700e+04, eta:1.050000e+00
2020-06-11 23:20:58,977 - DEBUG - fx_L1_mfista- itercount: 69, L: 4.007333e+04, eta:1.050000e+00
2020-06-11 23:20:58,992 - DEBUG - fx_L1_mfista- itercount: 70, L: 3.816508e+04, eta:1.050000e+00
2020-06-11 23:20:58,998 - DEBUG - fx_L1_mfista- itercount: 70, L: 4.007333e+04, eta:1.050000e+00
2020-06-11 23:20:59,003 - DEBUG - fx_L1_mfista- itercount: 70, L: 4.207700e+04, eta:1.050000e+00
2020-06-11 23:20:59,009 - DEBUG - fx_L1_mfista- itercount: 70, L: 4.418085e+04, eta:1.050000e+00
2020-06-11 23:20:59,015 - DEBUG - fx_L1_mfista- itercount: 70, L: 4.638989e+04, eta:1.050000e+00
2020-06-11 23:20:59,021 - DEBUG - fx_L1_mfista- itercount: 70, L: 4.870938e+04, eta:1.050000e+00
2020-06-11 23:20:59,036 - DEBUG - fx_L1_mfista- itercount: 71, L: 4.638989e+04, eta:1.050000e+00
2020-06-11 23:20:59,049 - DEBUG - fx_L1_mfista- itercount: 72, L: 4.418085e+04, eta:1.050000e+00
2020-06-11 23:20:59,064 - DEBUG - fx_L1_mfista- itercount: 73, L: 4.207700e+04, eta:1.050000e+00
2020-06-11 23:20:59,078 - DEBUG - fx_L1_mfista- itercount: 74, L: 4.007333e+04, eta:1.050000e+00
2020-06-11 23:20:59,084 - DEBUG - fx_L1_mfista- itercount: 74, L: 4.207700e+04, eta:1.050000e+00
2020-06-11 23:20:59,098 - DEBUG - fx_L1_mfista- itercount: 75, L: 4.007333e+04, eta:1.050000e+00
2020-06-11 23:20:59,105 - DEBUG - fx_L1_mfista- itercount: 75, L: 4.207700e+04, eta:1.050000e+00
2020-06-11 23:20:59,110 - DEBUG - fx_L1_mfista- itercount: 75, L: 4.418085e+04, eta:1.050000e+00
2020-06-11 23:20:59,117 - DEBUG - fx_L1_mfista- itercount: 75, L: 4.638989e+04, eta:1.050000e+00
2020-06-11 23:20:59,131 - DEBUG - fx_L1_mfista- itercount: 76, L: 4.418085e+04, eta:1.050000e+00
2020-06-11 23:20:59,146 - DEBUG - fx_L1_mfista- itercount: 77, L: 4.207700e+04, eta:1.050000e+00
2020-06-11 23:20:59,162 - DEBUG - fx_L1_mfista- itercount: 78, L: 4.007333e+04, eta:1.050000e+00
2020-06-11 23:20:59,176 - DEBUG - fx_L1_mfista- itercount: 79, L: 3.816508e+04, eta:1.050000e+00
2020-06-11 23:20:59,182 - DEBUG - fx_L1_mfista- itercount: 79, L: 4.007333e+04, eta:1.050000e+00
2020-06-11 23:20:59,188 - DEBUG - fx_L1_mfista- itercount: 79, L: 4.207700e+04, eta:1.050000e+00
2020-06-11 23:20:59,202 - DEBUG - fx_L1_mfista- itercount: 80, L: 4.007333e+04, eta:1.050000e+00
2020-06-11 23:20:59,208 - DEBUG - fx_L1_mfista- itercount: 80, L: 4.207700e+04, eta:1.050000e+00
2020-06-11 23:20:59,214 - DEBUG - fx_L1_mfista- itercount: 80, L: 4.418085e+04, eta:1.050000e+00
2020-06-11 23:20:59,219 - DEBUG - fx_L1_mfista- itercount: 80, L: 4.638989e+04, eta:1.050000e+00
2020-06-11 23:20:59,235 - DEBUG - fx_L1_mfista- itercount: 81, L: 4.418085e+04, eta:1.050000e+00
2020-06-11 23:20:59,249 - DEBUG - fx_L1_mfista- itercount: 82, L: 4.207700e+04, eta:1.050000e+00
2020-06-11 23:20:59,263 - DEBUG - fx_L1_mfista- itercount: 83, L: 4.007333e+04, eta:1.050000e+00
2020-06-11 23:20:59,278 - DEBUG - fx_L1_mfista- itercount: 84, L: 3.816508e+04, eta:1.050000e+00
2020-06-11 23:20:59,293 - DEBUG - fx_L1_mfista- itercount: 85, L: 3.634769e+04, eta:1.050000e+00
2020-06-11 23:20:59,298 - DEBUG - fx_L1_mfista- itercount: 85, L: 3.816508e+04, eta:1.050000e+00
2020-06-11 23:20:59,304 - DEBUG - fx_L1_mfista- itercount: 85, L: 4.007333e+04, eta:1.050000e+00
2020-06-11 23:20:59,319 - DEBUG - fx_L1_mfista- itercount: 86, L: 3.816508e+04, eta:1.050000e+00
2020-06-11 23:20:59,325 - DEBUG - fx_L1_mfista- itercount: 86, L: 4.007333e+04, eta:1.050000e+00
2020-06-11 23:20:59,340 - DEBUG - fx_L1_mfista- itercount: 87, L: 3.816508e+04, eta:1.050000e+00
2020-06-11 23:20:59,346 - DEBUG - fx_L1_mfista- itercount: 87, L: 4.007333e+04, eta:1.050000e+00
2020-06-11 23:20:59,360 - DEBUG - fx_L1_mfista- itercount: 88, L: 3.816508e+04, eta:1.050000e+00
2020-06-11 23:20:59,366 - DEBUG - fx_L1_mfista- itercount: 88, L: 4.007333e+04, eta:1.050000e+00
2020-06-11 23:20:59,372 - DEBUG - fx_L1_mfista- itercount: 88, L: 4.207700e+04, eta:1.050000e+00
2020-06-11 23:20:59,377 - DEBUG - fx_L1_mfista- itercount: 88, L: 4.418085e+04, eta:1.050000e+00
2020-06-11 23:20:59,391 - DEBUG - fx_L1_mfista- itercount: 89, L: 4.207700e+04, eta:1.050000e+00
2020-06-11 23:20:59,406 - DEBUG - fx_L1_mfista- itercount: 90, L: 4.007333e+04, eta:1.050000e+00
2020-06-11 23:20:59,422 - DEBUG - fx_L1_mfista- itercount: 91, L: 3.816508e+04, eta:1.050000e+00
2020-06-11 23:20:59,436 - DEBUG - fx_L1_mfista- itercount: 92, L: 3.634769e+04, eta:1.050000e+00
2020-06-11 23:20:59,451 - DEBUG - fx_L1_mfista- itercount: 93, L: 3.461685e+04, eta:1.050000e+00
2020-06-11 23:20:59,456 - DEBUG - fx_L1_mfista- itercount: 93, L: 3.634769e+04, eta:1.050000e+00
2020-06-11 23:20:59,462 - DEBUG - fx_L1_mfista- itercount: 93, L: 3.816508e+04, eta:1.050000e+00
2020-06-11 23:20:59,468 - DEBUG - fx_L1_mfista- itercount: 93, L: 4.007333e+04, eta:1.050000e+00
2020-06-11 23:20:59,481 - DEBUG - fx_L1_mfista- itercount: 94, L: 3.816508e+04, eta:1.050000e+00
2020-06-11 23:20:59,487 - DEBUG - fx_L1_mfista- itercount: 94, L: 4.007333e+04, eta:1.050000e+00
2020-06-11 23:20:59,502 - DEBUG - fx_L1_mfista- itercount: 95, L: 3.816508e+04, eta:1.050000e+00
2020-06-11 23:20:59,508 - DEBUG - fx_L1_mfista- itercount: 95, L: 4.007333e+04, eta:1.050000e+00
2020-06-11 23:20:59,522 - DEBUG - fx_L1_mfista- itercount: 96, L: 3.816508e+04, eta:1.050000e+00
2020-06-11 23:20:59,527 - DEBUG - fx_L1_mfista- itercount: 96, L: 4.007333e+04, eta:1.050000e+00
2020-06-11 23:20:59,542 - DEBUG - fx_L1_mfista- itercount: 97, L: 3.816508e+04, eta:1.050000e+00
2020-06-11 23:20:59,548 - DEBUG - fx_L1_mfista- itercount: 97, L: 4.007333e+04, eta:1.050000e+00
2020-06-11 23:20:59,561 - DEBUG - fx_L1_mfista- itercount: 98, L: 3.816508e+04, eta:1.050000e+00
2020-06-11 23:20:59,576 - DEBUG - fx_L1_mfista- itercount: 99, L: 3.634769e+04, eta:1.050000e+00
2020-06-11 23:20:59,582 - DEBUG - fx_L1_mfista- itercount: 99, L: 3.816508e+04, eta:1.050000e+00
2020-06-11 23:20:59,588 - DEBUG - fx_L1_mfista- itercount: 99, L: 4.007333e+04, eta:1.050000e+00
2020-06-11 23:20:59,600 - DEBUG - fx_L1_mfista- iternum:100, L: 4.007333e+04, F_xk: 7.082456e+00, chi:5.915323e+06, reg: 3.542961e+05, rela_err:4.442458e-07
2020-06-11 23:20:59,621 - DEBUG - fx_L1_mfista- itercount: 100, L: 3.816508e+04, eta:1.050000e+00
2020-06-11 23:20:59,630 - DEBUG - fx_L1_mfista- itercount: 100, L: 4.007333e+04, eta:1.050000e+00
2020-06-11 23:20:59,647 - DEBUG - fx_L1_mfista- itercount: 101, L: 3.816508e+04, eta:1.050000e+00
2020-06-11 23:20:59,653 - DEBUG - fx_L1_mfista- itercount: 101, L: 4.007333e+04, eta:1.050000e+00
2020-06-11 23:20:59,671 - DEBUG - fx_L1_mfista- itercount: 102, L: 3.816508e+04, eta:1.050000e+00
2020-06-11 23:20:59,677 - DEBUG - fx_L1_mfista- itercount: 102, L: 4.007333e+04, eta:1.050000e+00
2020-06-11 23:20:59,693 - DEBUG - fx_L1_mfista- itercount: 103, L: 3.816508e+04, eta:1.050000e+00
2020-06-11 23:20:59,699 - DEBUG - fx_L1_mfista- itercount: 103, L: 4.007333e+04, eta:1.050000e+00
2020-06-11 23:20:59,715 - DEBUG - fx_L1_mfista- itercount: 104, L: 3.816508e+04, eta:1.050000e+00
2020-06-11 23:20:59,721 - DEBUG - fx_L1_mfista- itercount: 104, L: 4.007333e+04, eta:1.050000e+00
2020-06-11 23:20:59,738 - DEBUG - fx_L1_mfista- itercount: 105, L: 3.816508e+04, eta:1.050000e+00
2020-06-11 23:20:59,744 - DEBUG - fx_L1_mfista- itercount: 105, L: 4.007333e+04, eta:1.050000e+00
2020-06-11 23:20:59,761 - DEBUG - fx_L1_mfista- itercount: 106, L: 3.816508e+04, eta:1.050000e+00
2020-06-11 23:20:59,778 - DEBUG - fx_L1_mfista- itercount: 107, L: 3.634769e+04, eta:1.050000e+00
2020-06-11 23:20:59,785 - DEBUG - fx_L1_mfista- itercount: 107, L: 3.816508e+04, eta:1.050000e+00
2020-06-11 23:20:59,791 - DEBUG - fx_L1_mfista- itercount: 107, L: 4.007333e+04, eta:1.050000e+00
2020-06-11 23:20:59,808 - DEBUG - fx_L1_mfista- itercount: 108, L: 3.816508e+04, eta:1.050000e+00
2020-06-11 23:20:59,816 - DEBUG - fx_L1_mfista- itercount: 108, L: 4.007333e+04, eta:1.050000e+00
2020-06-11 23:20:59,821 - DEBUG - fx_L1_mfista- itercount: 108, L: 4.207700e+04, eta:1.050000e+00
2020-06-11 23:20:59,836 - DEBUG - fx_L1_mfista- itercount: 109, L: 4.007333e+04, eta:1.050000e+00
2020-06-11 23:20:59,852 - DEBUG - fx_L1_mfista- itercount: 110, L: 3.816508e+04, eta:1.050000e+00
2020-06-11 23:20:59,869 - DEBUG - fx_L1_mfista- itercount: 111, L: 3.634769e+04, eta:1.050000e+00
2020-06-11 23:20:59,875 - DEBUG - fx_L1_mfista- itercount: 111, L: 3.816508e+04, eta:1.050000e+00
2020-06-11 23:20:59,881 - DEBUG - fx_L1_mfista- itercount: 111, L: 4.007333e+04, eta:1.050000e+00
2020-06-11 23:20:59,899 - DEBUG - fx_L1_mfista- itercount: 112, L: 3.816508e+04, eta:1.050000e+00
2020-06-11 23:20:59,906 - DEBUG - fx_L1_mfista- itercount: 112, L: 4.007333e+04, eta:1.050000e+00
2020-06-11 23:20:59,922 - DEBUG - fx_L1_mfista- itercount: 113, L: 3.816508e+04, eta:1.050000e+00
2020-06-11 23:20:59,928 - DEBUG - fx_L1_mfista- itercount: 113, L: 4.007333e+04, eta:1.050000e+00
2020-06-11 23:20:59,946 - DEBUG - fx_L1_mfista- itercount: 114, L: 3.816508e+04, eta:1.050000e+00
2020-06-11 23:20:59,953 - DEBUG - fx_L1_mfista- itercount: 114, L: 4.007333e+04, eta:1.050000e+00
2020-06-11 23:20:59,968 - DEBUG - fx_L1_mfista- itercount: 115, L: 3.816508e+04, eta:1.050000e+00
2020-06-11 23:20:59,984 - DEBUG - fx_L1_mfista- itercount: 116, L: 3.634769e+04, eta:1.050000e+00
2020-06-11 23:20:59,991 - DEBUG - fx_L1_mfista- itercount: 116, L: 3.816508e+04, eta:1.050000e+00
2020-06-11 23:21:00,000 - DEBUG - fx_L1_mfista- itercount: 116, L: 4.007333e+04, eta:1.050000e+00
2020-06-11 23:21:00,016 - DEBUG - fx_L1_mfista- itercount: 117, L: 3.816508e+04, eta:1.050000e+00
2020-06-11 23:21:00,023 - DEBUG - fx_L1_mfista- itercount: 117, L: 4.007333e+04, eta:1.050000e+00
2020-06-11 23:21:00,029 - DEBUG - fx_L1_mfista- itercount: 117, L: 4.207700e+04, eta:1.050000e+00
2020-06-11 23:21:00,043 - DEBUG - fx_L1_mfista- itercount: 118, L: 4.007333e+04, eta:1.050000e+00
2020-06-11 23:21:00,058 - DEBUG - fx_L1_mfista- itercount: 119, L: 3.816508e+04, eta:1.050000e+00
2020-06-11 23:21:00,072 - DEBUG - fx_L1_mfista- itercount: 120, L: 3.634769e+04, eta:1.050000e+00
2020-06-11 23:21:00,078 - DEBUG - fx_L1_mfista- itercount: 120, L: 3.816508e+04, eta:1.050000e+00
2020-06-11 23:21:00,092 - DEBUG - fx_L1_mfista- itercount: 121, L: 3.634769e+04, eta:1.050000e+00
2020-06-11 23:21:00,098 - DEBUG - fx_L1_mfista- itercount: 121, L: 3.816508e+04, eta:1.050000e+00
2020-06-11 23:21:00,104 - DEBUG - fx_L1_mfista- itercount: 121, L: 4.007333e+04, eta:1.050000e+00
2020-06-11 23:21:00,109 - DEBUG - fx_L1_mfista- itercount: 121, L: 4.207700e+04, eta:1.050000e+00
2020-06-11 23:21:00,125 - DEBUG - fx_L1_mfista- itercount: 122, L: 4.007333e+04, eta:1.050000e+00
2020-06-11 23:21:00,140 - DEBUG - fx_L1_mfista- itercount: 123, L: 3.816508e+04, eta:1.050000e+00
2020-06-11 23:21:00,155 - DEBUG - fx_L1_mfista- itercount: 124, L: 3.634769e+04, eta:1.050000e+00
2020-06-11 23:21:00,162 - DEBUG - fx_L1_mfista- itercount: 124, L: 3.816508e+04, eta:1.050000e+00
2020-06-11 23:21:00,168 - DEBUG - fx_L1_mfista- itercount: 124, L: 4.007333e+04, eta:1.050000e+00
2020-06-11 23:21:00,175 - DEBUG - fx_L1_mfista- itercount: 124, L: 4.207700e+04, eta:1.050000e+00
2020-06-11 23:21:00,190 - DEBUG - fx_L1_mfista- itercount: 125, L: 4.007333e+04, eta:1.050000e+00
2020-06-11 23:21:00,206 - DEBUG - fx_L1_mfista- itercount: 126, L: 3.816508e+04, eta:1.050000e+00
2020-06-11 23:21:00,220 - DEBUG - fx_L1_mfista- itercount: 127, L: 3.634769e+04, eta:1.050000e+00
2020-06-11 23:21:00,227 - DEBUG - fx_L1_mfista- itercount: 127, L: 3.816508e+04, eta:1.050000e+00
2020-06-11 23:21:00,233 - DEBUG - fx_L1_mfista- itercount: 127, L: 4.007333e+04, eta:1.050000e+00
2020-06-11 23:21:00,247 - DEBUG - fx_L1_mfista- itercount: 128, L: 3.816508e+04, eta:1.050000e+00
2020-06-11 23:21:00,253 - DEBUG - fx_L1_mfista- itercount: 128, L: 4.007333e+04, eta:1.050000e+00
2020-06-11 23:21:00,267 - DEBUG - fx_L1_mfista- itercount: 129, L: 3.816508e+04, eta:1.050000e+00
2020-06-11 23:21:00,274 - DEBUG - fx_L1_mfista- itercount: 129, L: 4.007333e+04, eta:1.050000e+00
2020-06-11 23:21:00,289 - DEBUG - fx_L1_mfista- itercount: 130, L: 3.816508e+04, eta:1.050000e+00
2020-06-11 23:21:00,303 - DEBUG - fx_L1_mfista- itercount: 131, L: 3.634769e+04, eta:1.050000e+00
2020-06-11 23:21:00,320 - DEBUG - fx_L1_mfista- itercount: 132, L: 3.461685e+04, eta:1.050000e+00
2020-06-11 23:21:00,334 - DEBUG - fx_L1_mfista- itercount: 133, L: 3.296843e+04, eta:1.050000e+00
2020-06-11 23:21:00,350 - DEBUG - fx_L1_mfista- itercount: 134, L: 3.139850e+04, eta:1.050000e+00
2020-06-11 23:21:00,366 - DEBUG - fx_L1_mfista- itercount: 135, L: 2.990334e+04, eta:1.050000e+00
2020-06-11 23:21:00,381 - DEBUG - fx_L1_mfista- itercount: 136, L: 2.847937e+04, eta:1.050000e+00
2020-06-11 23:21:00,397 - DEBUG - fx_L1_mfista- itercount: 137, L: 2.712321e+04, eta:1.050000e+00
2020-06-11 23:21:00,403 - DEBUG - fx_L1_mfista- itercount: 137, L: 2.847937e+04, eta:1.050000e+00
2020-06-11 23:21:00,409 - DEBUG - fx_L1_mfista- itercount: 137, L: 2.990334e+04, eta:1.050000e+00
2020-06-11 23:21:00,415 - DEBUG - fx_L1_mfista- itercount: 137, L: 3.139850e+04, eta:1.050000e+00
2020-06-11 23:21:00,422 - DEBUG - fx_L1_mfista- itercount: 137, L: 3.296843e+04, eta:1.050000e+00
2020-06-11 23:21:00,427 - DEBUG - fx_L1_mfista- itercount: 137, L: 3.461685e+04, eta:1.050000e+00
2020-06-11 23:21:00,443 - DEBUG - fx_L1_mfista- itercount: 138, L: 3.296843e+04, eta:1.050000e+00
2020-06-11 23:21:00,449 - DEBUG - fx_L1_mfista- itercount: 138, L: 3.461685e+04, eta:1.050000e+00
2020-06-11 23:21:00,455 - DEBUG - fx_L1_mfista- itercount: 138, L: 3.634769e+04, eta:1.050000e+00
2020-06-11 23:21:00,461 - DEBUG - fx_L1_mfista- itercount: 138, L: 3.816508e+04, eta:1.050000e+00
2020-06-11 23:21:00,466 - DEBUG - fx_L1_mfista- itercount: 138, L: 4.007333e+04, eta:1.050000e+00
2020-06-11 23:21:00,481 - DEBUG - fx_L1_mfista- itercount: 139, L: 3.816508e+04, eta:1.050000e+00
2020-06-11 23:21:00,496 - DEBUG - fx_L1_mfista- itercount: 140, L: 3.634769e+04, eta:1.050000e+00
2020-06-11 23:21:00,502 - DEBUG - fx_L1_mfista- itercount: 140, L: 3.816508e+04, eta:1.050000e+00
2020-06-11 23:21:00,517 - DEBUG - fx_L1_mfista- itercount: 141, L: 3.634769e+04, eta:1.050000e+00
2020-06-11 23:21:00,523 - DEBUG - fx_L1_mfista- itercount: 141, L: 3.816508e+04, eta:1.050000e+00
2020-06-11 23:21:00,537 - DEBUG - fx_L1_mfista- itercount: 142, L: 3.634769e+04, eta:1.050000e+00
2020-06-11 23:21:00,543 - DEBUG - fx_L1_mfista- itercount: 142, L: 3.816508e+04, eta:1.050000e+00
2020-06-11 23:21:00,549 - DEBUG - fx_L1_mfista- itercount: 142, L: 4.007333e+04, eta:1.050000e+00
2020-06-11 23:21:00,563 - DEBUG - fx_L1_mfista- itercount: 143, L: 3.816508e+04, eta:1.050000e+00
2020-06-11 23:21:00,578 - DEBUG - fx_L1_mfista- itercount: 144, L: 3.634769e+04, eta:1.050000e+00
2020-06-11 23:21:00,584 - DEBUG - fx_L1_mfista- itercount: 144, L: 3.816508e+04, eta:1.050000e+00
2020-06-11 23:21:00,598 - DEBUG - fx_L1_mfista- itercount: 145, L: 3.634769e+04, eta:1.050000e+00
2020-06-11 23:21:00,605 - DEBUG - fx_L1_mfista- itercount: 145, L: 3.816508e+04, eta:1.050000e+00
2020-06-11 23:21:00,612 - DEBUG - fx_L1_mfista- itercount: 145, L: 4.007333e+04, eta:1.050000e+00
2020-06-11 23:21:00,628 - DEBUG - fx_L1_mfista- itercount: 146, L: 3.816508e+04, eta:1.050000e+00
2020-06-11 23:21:00,634 - DEBUG - fx_L1_mfista- itercount: 146, L: 4.007333e+04, eta:1.050000e+00
2020-06-11 23:21:00,650 - DEBUG - fx_L1_mfista- itercount: 147, L: 3.816508e+04, eta:1.050000e+00
2020-06-11 23:21:00,666 - DEBUG - fx_L1_mfista- itercount: 148, L: 3.634769e+04, eta:1.050000e+00
2020-06-11 23:21:00,672 - DEBUG - fx_L1_mfista- itercount: 148, L: 3.816508e+04, eta:1.050000e+00
2020-06-11 23:21:00,678 - DEBUG - fx_L1_mfista- itercount: 148, L: 4.007333e+04, eta:1.050000e+00
2020-06-11 23:21:00,694 - DEBUG - fx_L1_mfista- itercount: 149, L: 3.816508e+04, eta:1.050000e+00
2020-06-11 23:21:00,707 - DEBUG - fx_L1_mfista- iternum:150, L: 3.816508e+04, F_xk: 7.082305e+00, chi:5.915934e+06, reg: 3.466780e+05, rela_err:7.590679e-08
2020-06-11 23:21:00,728 - DEBUG - fx_L1_mfista- itercount: 150, L: 3.634769e+04, eta:1.050000e+00
2020-06-11 23:21:00,737 - DEBUG - fx_L1_mfista- itercount: 150, L: 3.816508e+04, eta:1.050000e+00
2020-06-11 23:21:00,744 - DEBUG - fx_L1_mfista- itercount: 150, L: 4.007333e+04, eta:1.050000e+00
2020-06-11 23:21:00,760 - DEBUG - fx_L1_mfista- itercount: 151, L: 3.816508e+04, eta:1.050000e+00
2020-06-11 23:21:00,766 - DEBUG - fx_L1_mfista- itercount: 151, L: 4.007333e+04, eta:1.050000e+00
2020-06-11 23:21:00,782 - DEBUG - fx_L1_mfista- itercount: 152, L: 3.816508e+04, eta:1.050000e+00
2020-06-11 23:21:00,799 - DEBUG - fx_L1_mfista- itercount: 153, L: 3.634769e+04, eta:1.050000e+00
2020-06-11 23:21:00,805 - DEBUG - fx_L1_mfista- itercount: 153, L: 3.816508e+04, eta:1.050000e+00
2020-06-11 23:21:00,811 - DEBUG - fx_L1_mfista- itercount: 153, L: 4.007333e+04, eta:1.050000e+00
2020-06-11 23:21:00,827 - DEBUG - fx_L1_mfista- itercount: 154, L: 3.816508e+04, eta:1.050000e+00
2020-06-11 23:21:00,833 - DEBUG - fx_L1_mfista- itercount: 154, L: 4.007333e+04, eta:1.050000e+00
2020-06-11 23:21:00,849 - DEBUG - fx_L1_mfista- itercount: 155, L: 3.816508e+04, eta:1.050000e+00
2020-06-11 23:21:00,856 - DEBUG - fx_L1_mfista- itercount: 155, L: 4.007333e+04, eta:1.050000e+00
2020-06-11 23:21:00,874 - DEBUG - fx_L1_mfista- itercount: 156, L: 3.816508e+04, eta:1.050000e+00
2020-06-11 23:21:00,891 - DEBUG - fx_L1_mfista- itercount: 157, L: 3.634769e+04, eta:1.050000e+00
2020-06-11 23:21:00,897 - DEBUG - fx_L1_mfista- itercount: 157, L: 3.816508e+04, eta:1.050000e+00
2020-06-11 23:21:00,903 - DEBUG - fx_L1_mfista- itercount: 157, L: 4.007333e+04, eta:1.050000e+00
2020-06-11 23:21:00,921 - DEBUG - fx_L1_mfista- itercount: 158, L: 3.816508e+04, eta:1.050000e+00
2020-06-11 23:21:00,926 - DEBUG - fx_L1_mfista- itercount: 158, L: 4.007333e+04, eta:1.050000e+00
2020-06-11 23:21:00,943 - DEBUG - fx_L1_mfista- itercount: 159, L: 3.816508e+04, eta:1.050000e+00
2020-06-11 23:21:00,949 - DEBUG - fx_L1_mfista- itercount: 159, L: 4.007333e+04, eta:1.050000e+00
2020-06-11 23:21:00,968 - DEBUG - fx_L1_mfista- itercount: 160, L: 3.816508e+04, eta:1.050000e+00
2020-06-11 23:21:00,974 - DEBUG - fx_L1_mfista- itercount: 160, L: 4.007333e+04, eta:1.050000e+00
2020-06-11 23:21:00,991 - DEBUG - fx_L1_mfista- itercount: 161, L: 3.816508e+04, eta:1.050000e+00
2020-06-11 23:21:01,008 - DEBUG - fx_L1_mfista- itercount: 162, L: 3.634769e+04, eta:1.050000e+00
2020-06-11 23:21:01,014 - DEBUG - fx_L1_mfista- itercount: 162, L: 3.816508e+04, eta:1.050000e+00
2020-06-11 23:21:01,022 - DEBUG - fx_L1_mfista- itercount: 162, L: 4.007333e+04, eta:1.050000e+00
2020-06-11 23:21:01,028 - DEBUG - fx_L1_mfista- itercount: 162, L: 4.207700e+04, eta:1.050000e+00
2020-06-11 23:21:01,043 - DEBUG - fx_L1_mfista- itercount: 163, L: 4.007333e+04, eta:1.050000e+00
2020-06-11 23:21:01,058 - DEBUG - fx_L1_mfista- itercount: 164, L: 3.816508e+04, eta:1.050000e+00
2020-06-11 23:21:01,074 - DEBUG - fx_L1_mfista- itercount: 165, L: 3.634769e+04, eta:1.050000e+00
2020-06-11 23:21:01,080 - DEBUG - fx_L1_mfista- itercount: 165, L: 3.816508e+04, eta:1.050000e+00
2020-06-11 23:21:01,086 - DEBUG - fx_L1_mfista- itercount: 165, L: 4.007333e+04, eta:1.050000e+00
2020-06-11 23:21:01,101 - DEBUG - fx_L1_mfista- itercount: 166, L: 3.816508e+04, eta:1.050000e+00
2020-06-11 23:21:01,107 - DEBUG - fx_L1_mfista- itercount: 166, L: 4.007333e+04, eta:1.050000e+00
2020-06-11 23:21:01,122 - DEBUG - fx_L1_mfista- itercount: 167, L: 3.816508e+04, eta:1.050000e+00
2020-06-11 23:21:01,128 - DEBUG - fx_L1_mfista- itercount: 167, L: 4.007333e+04, eta:1.050000e+00
2020-06-11 23:21:01,143 - DEBUG - fx_L1_mfista- itercount: 168, L: 3.816508e+04, eta:1.050000e+00
2020-06-11 23:21:01,149 - DEBUG - fx_L1_mfista- itercount: 168, L: 4.007333e+04, eta:1.050000e+00
2020-06-11 23:21:01,164 - DEBUG - fx_L1_mfista- itercount: 169, L: 3.816508e+04, eta:1.050000e+00
2020-06-11 23:21:01,170 - DEBUG - fx_L1_mfista- itercount: 169, L: 4.007333e+04, eta:1.050000e+00
2020-06-11 23:21:01,186 - DEBUG - fx_L1_mfista- itercount: 170, L: 3.816508e+04, eta:1.050000e+00
2020-06-11 23:21:01,193 - DEBUG - fx_L1_mfista- itercount: 170, L: 4.007333e+04, eta:1.050000e+00
2020-06-11 23:21:01,207 - DEBUG - fx_L1_mfista- itercount: 171, L: 3.816508e+04, eta:1.050000e+00
2020-06-11 23:21:01,213 - DEBUG - fx_L1_mfista- itercount: 171, L: 4.007333e+04, eta:1.050000e+00
2020-06-11 23:21:01,228 - DEBUG - fx_L1_mfista- itercount: 172, L: 3.816508e+04, eta:1.050000e+00
2020-06-11 23:21:01,234 - DEBUG - fx_L1_mfista- itercount: 172, L: 4.007333e+04, eta:1.050000e+00
2020-06-11 23:21:01,250 - DEBUG - fx_L1_mfista- itercount: 173, L: 3.816508e+04, eta:1.050000e+00
2020-06-11 23:21:01,256 - DEBUG - fx_L1_mfista- itercount: 173, L: 4.007333e+04, eta:1.050000e+00
2020-06-11 23:21:01,272 - DEBUG - fx_L1_mfista- itercount: 174, L: 3.816508e+04, eta:1.050000e+00
2020-06-11 23:21:01,287 - DEBUG - fx_L1_mfista- itercount: 175, L: 3.634769e+04, eta:1.050000e+00
2020-06-11 23:21:01,293 - DEBUG - fx_L1_mfista- itercount: 175, L: 3.816508e+04, eta:1.050000e+00
2020-06-11 23:21:01,300 - DEBUG - fx_L1_mfista- itercount: 175, L: 4.007333e+04, eta:1.050000e+00
2020-06-11 23:21:01,314 - DEBUG - fx_L1_mfista- itercount: 176, L: 3.816508e+04, eta:1.050000e+00
2020-06-11 23:21:01,320 - DEBUG - fx_L1_mfista- itercount: 176, L: 4.007333e+04, eta:1.050000e+00
2020-06-11 23:21:01,335 - DEBUG - fx_L1_mfista- itercount: 177, L: 3.816508e+04, eta:1.050000e+00
2020-06-11 23:21:01,342 - DEBUG - fx_L1_mfista- itercount: 177, L: 4.007333e+04, eta:1.050000e+00
2020-06-11 23:21:01,356 - DEBUG - fx_L1_mfista- itercount: 178, L: 3.816508e+04, eta:1.050000e+00
2020-06-11 23:21:01,371 - DEBUG - fx_L1_mfista- itercount: 179, L: 3.634769e+04, eta:1.050000e+00
2020-06-11 23:21:01,377 - DEBUG - fx_L1_mfista- itercount: 179, L: 3.816508e+04, eta:1.050000e+00
2020-06-11 23:21:01,382 - DEBUG - fx_L1_mfista- itercount: 179, L: 4.007333e+04, eta:1.050000e+00
2020-06-11 23:21:01,397 - DEBUG - fx_L1_mfista- itercount: 180, L: 3.816508e+04, eta:1.050000e+00
2020-06-11 23:21:01,403 - DEBUG - fx_L1_mfista- itercount: 180, L: 4.007333e+04, eta:1.050000e+00
2020-06-11 23:21:01,418 - DEBUG - fx_L1_mfista- itercount: 181, L: 3.816508e+04, eta:1.050000e+00
2020-06-11 23:21:01,434 - DEBUG - fx_L1_mfista- itercount: 182, L: 3.634769e+04, eta:1.050000e+00
2020-06-11 23:21:01,450 - DEBUG - fx_L1_mfista- itercount: 183, L: 3.461685e+04, eta:1.050000e+00
2020-06-11 23:21:01,464 - DEBUG - fx_L1_mfista- itercount: 184, L: 3.296843e+04, eta:1.050000e+00
2020-06-11 23:21:01,479 - DEBUG - fx_L1_mfista- itercount: 185, L: 3.139850e+04, eta:1.050000e+00
2020-06-11 23:21:01,495 - DEBUG - fx_L1_mfista- itercount: 186, L: 2.990334e+04, eta:1.050000e+00
2020-06-11 23:21:01,510 - DEBUG - fx_L1_mfista- itercount: 187, L: 2.847937e+04, eta:1.050000e+00
2020-06-11 23:21:01,525 - DEBUG - fx_L1_mfista- itercount: 188, L: 2.712321e+04, eta:1.050000e+00
2020-06-11 23:21:01,541 - DEBUG - fx_L1_mfista- itercount: 189, L: 2.583163e+04, eta:1.050000e+00
2020-06-11 23:21:01,547 - DEBUG - fx_L1_mfista- itercount: 189, L: 2.712321e+04, eta:1.050000e+00
2020-06-11 23:21:01,553 - DEBUG - fx_L1_mfista- itercount: 189, L: 2.847937e+04, eta:1.050000e+00
2020-06-11 23:21:01,559 - DEBUG - fx_L1_mfista- itercount: 189, L: 2.990334e+04, eta:1.050000e+00
2020-06-11 23:21:01,564 - DEBUG - fx_L1_mfista- itercount: 189, L: 3.139850e+04, eta:1.050000e+00
2020-06-11 23:21:01,570 - DEBUG - fx_L1_mfista- itercount: 189, L: 3.296843e+04, eta:1.050000e+00
2020-06-11 23:21:01,577 - DEBUG - fx_L1_mfista- itercount: 189, L: 3.461685e+04, eta:1.050000e+00
2020-06-11 23:21:01,582 - DEBUG - fx_L1_mfista- itercount: 189, L: 3.634769e+04, eta:1.050000e+00
2020-06-11 23:21:01,588 - DEBUG - fx_L1_mfista- itercount: 189, L: 3.816508e+04, eta:1.050000e+00
2020-06-11 23:21:01,595 - DEBUG - fx_L1_mfista- itercount: 189, L: 4.007333e+04, eta:1.050000e+00
2020-06-11 23:21:01,610 - DEBUG - fx_L1_mfista- itercount: 190, L: 3.816508e+04, eta:1.050000e+00
2020-06-11 23:21:01,625 - DEBUG - fx_L1_mfista- itercount: 191, L: 3.634769e+04, eta:1.050000e+00
2020-06-11 23:21:01,640 - DEBUG - fx_L1_mfista- itercount: 192, L: 3.461685e+04, eta:1.050000e+00
2020-06-11 23:21:01,646 - DEBUG - fx_L1_mfista- itercount: 192, L: 3.634769e+04, eta:1.050000e+00
2020-06-11 23:21:01,652 - DEBUG - fx_L1_mfista- itercount: 192, L: 3.816508e+04, eta:1.050000e+00
2020-06-11 23:21:01,658 - DEBUG - fx_L1_mfista- itercount: 192, L: 4.007333e+04, eta:1.050000e+00
2020-06-11 23:21:01,674 - DEBUG - fx_L1_mfista- itercount: 193, L: 3.816508e+04, eta:1.050000e+00
2020-06-11 23:21:01,690 - DEBUG - fx_L1_mfista- itercount: 194, L: 3.634769e+04, eta:1.050000e+00
2020-06-11 23:21:01,704 - DEBUG - fx_L1_mfista- itercount: 195, L: 3.461685e+04, eta:1.050000e+00
2020-06-11 23:21:01,710 - DEBUG - fx_L1_mfista- itercount: 195, L: 3.634769e+04, eta:1.050000e+00
2020-06-11 23:21:01,717 - DEBUG - fx_L1_mfista- itercount: 195, L: 3.816508e+04, eta:1.050000e+00
2020-06-11 23:21:01,726 - DEBUG - fx_L1_mfista- itercount: 195, L: 4.007333e+04, eta:1.050000e+00
2020-06-11 23:21:01,743 - DEBUG - fx_L1_mfista- itercount: 196, L: 3.816508e+04, eta:1.050000e+00
2020-06-11 23:21:01,759 - DEBUG - fx_L1_mfista- itercount: 197, L: 3.634769e+04, eta:1.050000e+00
2020-06-11 23:21:01,765 - DEBUG - fx_L1_mfista- itercount: 197, L: 3.816508e+04, eta:1.050000e+00
2020-06-11 23:21:01,780 - DEBUG - fx_L1_mfista- itercount: 198, L: 3.634769e+04, eta:1.050000e+00
2020-06-11 23:21:01,785 - DEBUG - fx_L1_mfista- itercount: 198, L: 3.816508e+04, eta:1.050000e+00
2020-06-11 23:21:01,792 - DEBUG - fx_L1_mfista- itercount: 198, L: 4.007333e+04, eta:1.050000e+00
2020-06-11 23:21:01,807 - DEBUG - fx_L1_mfista- itercount: 199, L: 3.816508e+04, eta:1.050000e+00
2020-06-11 23:21:01,821 - DEBUG - fx_L1_mfista- iternum:200, L: 3.816508e+04, F_xk: 7.082293e+00, chi:5.915835e+06, reg: 3.481889e+05, rela_err:3.153276e-10
2020-06-11 23:21:01,843 - DEBUG - fx_L1_mfista- itercount: 200, L: 3.634769e+04, eta:1.050000e+00
2020-06-11 23:21:01,852 - DEBUG - fx_L1_mfista- itercount: 200, L: 3.816508e+04, eta:1.050000e+00
2020-06-11 23:21:01,870 - DEBUG - fx_L1_mfista- itercount: 201, L: 3.634769e+04, eta:1.050000e+00
2020-06-11 23:21:01,876 - DEBUG - fx_L1_mfista- itercount: 201, L: 3.816508e+04, eta:1.050000e+00
2020-06-11 23:21:01,882 - DEBUG - fx_L1_mfista- itercount: 201, L: 4.007333e+04, eta:1.050000e+00
2020-06-11 23:21:01,899 - DEBUG - fx_L1_mfista- itercount: 202, L: 3.816508e+04, eta:1.050000e+00
2020-06-11 23:21:01,916 - DEBUG - fx_L1_mfista- itercount: 203, L: 3.634769e+04, eta:1.050000e+00
2020-06-11 23:21:01,923 - DEBUG - fx_L1_mfista- itercount: 203, L: 3.816508e+04, eta:1.050000e+00
2020-06-11 23:21:01,929 - DEBUG - fx_L1_mfista- itercount: 203, L: 4.007333e+04, eta:1.050000e+00
2020-06-11 23:21:01,946 - DEBUG - fx_L1_mfista- itercount: 204, L: 3.816508e+04, eta:1.050000e+00
2020-06-11 23:21:01,954 - DEBUG - fx_L1_mfista- itercount: 204, L: 4.007333e+04, eta:1.050000e+00
2020-06-11 23:21:01,970 - DEBUG - fx_L1_mfista- itercount: 205, L: 3.816508e+04, eta:1.050000e+00
2020-06-11 23:21:01,987 - DEBUG - fx_L1_mfista- itercount: 206, L: 3.634769e+04, eta:1.050000e+00
2020-06-11 23:21:01,994 - DEBUG - fx_L1_mfista- itercount: 206, L: 3.816508e+04, eta:1.050000e+00
2020-06-11 23:21:02,001 - DEBUG - fx_L1_mfista- itercount: 206, L: 4.007333e+04, eta:1.050000e+00
2020-06-11 23:21:02,017 - DEBUG - fx_L1_mfista- itercount: 207, L: 3.816508e+04, eta:1.050000e+00
2020-06-11 23:21:02,023 - DEBUG - fx_L1_mfista- itercount: 207, L: 4.007333e+04, eta:1.050000e+00
2020-06-11 23:21:02,042 - DEBUG - fx_L1_mfista- itercount: 208, L: 3.816508e+04, eta:1.050000e+00
2020-06-11 23:21:02,057 - DEBUG - fx_L1_mfista- itercount: 209, L: 3.634769e+04, eta:1.050000e+00
2020-06-11 23:21:02,064 - DEBUG - fx_L1_mfista- itercount: 209, L: 3.816508e+04, eta:1.050000e+00
2020-06-11 23:21:02,071 - DEBUG - fx_L1_mfista- itercount: 209, L: 4.007333e+04, eta:1.050000e+00
2020-06-11 23:21:02,089 - DEBUG - fx_L1_mfista- itercount: 210, L: 3.816508e+04, eta:1.050000e+00
2020-06-11 23:21:02,095 - DEBUG - fx_L1_mfista- itercount: 210, L: 4.007333e+04, eta:1.050000e+00
2020-06-11 23:21:02,112 - DEBUG - fx_L1_mfista- itercount: 211, L: 3.816508e+04, eta:1.050000e+00
2020-06-11 23:21:02,121 - DEBUG - fx_L1_mfista- itercount: 211, L: 4.007333e+04, eta:1.050000e+00
2020-06-11 23:21:02,136 - DEBUG - fx_L1_mfista- itercount: 212, L: 3.816508e+04, eta:1.050000e+00
2020-06-11 23:21:02,143 - DEBUG - fx_L1_mfista- itercount: 212, L: 4.007333e+04, eta:1.050000e+00
2020-06-11 23:21:02,160 - DEBUG - fx_L1_mfista- itercount: 213, L: 3.816508e+04, eta:1.050000e+00
2020-06-11 23:21:02,179 - DEBUG - fx_L1_mfista- itercount: 214, L: 3.634769e+04, eta:1.050000e+00
2020-06-11 23:21:02,186 - DEBUG - fx_L1_mfista- itercount: 214, L: 3.816508e+04, eta:1.050000e+00
2020-06-11 23:21:02,191 - DEBUG - fx_L1_mfista- itercount: 214, L: 4.007333e+04, eta:1.050000e+00
2020-06-11 23:21:02,197 - DEBUG - fx_L1_mfista- itercount: 214, L: 4.207700e+04, eta:1.050000e+00
2020-06-11 23:21:02,213 - DEBUG - fx_L1_mfista- itercount: 215, L: 4.007333e+04, eta:1.050000e+00
2020-06-11 23:21:02,227 - DEBUG - fx_L1_mfista- itercount: 216, L: 3.816508e+04, eta:1.050000e+00
2020-06-11 23:21:02,243 - DEBUG - fx_L1_mfista- itercount: 217, L: 3.634769e+04, eta:1.050000e+00
2020-06-11 23:21:02,248 - DEBUG - fx_L1_mfista- itercount: 217, L: 3.816508e+04, eta:1.050000e+00
2020-06-11 23:21:02,255 - DEBUG - fx_L1_mfista- itercount: 217, L: 4.007333e+04, eta:1.050000e+00
2020-06-11 23:21:02,260 - DEBUG - fx_L1_mfista- itercount: 217, L: 4.207700e+04, eta:1.050000e+00
2020-06-11 23:21:02,275 - DEBUG - fx_L1_mfista- itercount: 218, L: 4.007333e+04, eta:1.050000e+00
2020-06-11 23:21:02,289 - DEBUG - fx_L1_mfista- itercount: 219, L: 3.816508e+04, eta:1.050000e+00
2020-06-11 23:21:02,303 - DEBUG - fx_L1_mfista- itercount: 220, L: 3.634769e+04, eta:1.050000e+00
2020-06-11 23:21:02,309 - DEBUG - fx_L1_mfista- itercount: 220, L: 3.816508e+04, eta:1.050000e+00
2020-06-11 23:21:02,315 - DEBUG - fx_L1_mfista- itercount: 220, L: 4.007333e+04, eta:1.050000e+00
2020-06-11 23:21:02,330 - DEBUG - fx_L1_mfista- itercount: 221, L: 3.816508e+04, eta:1.050000e+00
2020-06-11 23:21:02,336 - DEBUG - fx_L1_mfista- itercount: 221, L: 4.007333e+04, eta:1.050000e+00
2020-06-11 23:21:02,351 - DEBUG - fx_L1_mfista- itercount: 222, L: 3.816508e+04, eta:1.050000e+00
2020-06-11 23:21:02,365 - DEBUG - fx_L1_mfista- itercount: 223, L: 3.634769e+04, eta:1.050000e+00
2020-06-11 23:21:02,372 - DEBUG - fx_L1_mfista- itercount: 223, L: 3.816508e+04, eta:1.050000e+00
2020-06-11 23:21:02,377 - DEBUG - fx_L1_mfista- itercount: 223, L: 4.007333e+04, eta:1.050000e+00
2020-06-11 23:21:02,393 - DEBUG - fx_L1_mfista- itercount: 224, L: 3.816508e+04, eta:1.050000e+00
2020-06-11 23:21:02,409 - DEBUG - fx_L1_mfista- itercount: 225, L: 3.634769e+04, eta:1.050000e+00
2020-06-11 23:21:02,416 - DEBUG - fx_L1_mfista- itercount: 225, L: 3.816508e+04, eta:1.050000e+00
2020-06-11 23:21:02,431 - DEBUG - fx_L1_mfista- itercount: 226, L: 3.634769e+04, eta:1.050000e+00
2020-06-11 23:21:02,437 - DEBUG - fx_L1_mfista- itercount: 226, L: 3.816508e+04, eta:1.050000e+00
2020-06-11 23:21:02,443 - DEBUG - fx_L1_mfista- itercount: 226, L: 4.007333e+04, eta:1.050000e+00
2020-06-11 23:21:02,459 - DEBUG - fx_L1_mfista- itercount: 227, L: 3.816508e+04, eta:1.050000e+00
2020-06-11 23:21:02,474 - DEBUG - fx_L1_mfista- itercount: 228, L: 3.634769e+04, eta:1.050000e+00
2020-06-11 23:21:02,490 - DEBUG - fx_L1_mfista- itercount: 229, L: 3.461685e+04, eta:1.050000e+00
2020-06-11 23:21:02,505 - DEBUG - fx_L1_mfista- itercount: 230, L: 3.296843e+04, eta:1.050000e+00
2020-06-11 23:21:02,520 - DEBUG - fx_L1_mfista- itercount: 231, L: 3.139850e+04, eta:1.050000e+00
2020-06-11 23:21:02,536 - DEBUG - fx_L1_mfista- itercount: 232, L: 2.990334e+04, eta:1.050000e+00
2020-06-11 23:21:02,551 - DEBUG - fx_L1_mfista- itercount: 233, L: 2.847937e+04, eta:1.050000e+00
2020-06-11 23:21:02,565 - DEBUG - fx_L1_mfista- itercount: 234, L: 2.712321e+04, eta:1.050000e+00
2020-06-11 23:21:02,580 - DEBUG - fx_L1_mfista- itercount: 235, L: 2.583163e+04, eta:1.050000e+00
2020-06-11 23:21:02,586 - DEBUG - fx_L1_mfista- itercount: 235, L: 2.712321e+04, eta:1.050000e+00
2020-06-11 23:21:02,593 - DEBUG - fx_L1_mfista- itercount: 235, L: 2.847937e+04, eta:1.050000e+00
2020-06-11 23:21:02,598 - DEBUG - fx_L1_mfista- itercount: 235, L: 2.990334e+04, eta:1.050000e+00
2020-06-11 23:21:02,604 - DEBUG - fx_L1_mfista- itercount: 235, L: 3.139850e+04, eta:1.050000e+00
2020-06-11 23:21:02,610 - DEBUG - fx_L1_mfista- itercount: 235, L: 3.296843e+04, eta:1.050000e+00
2020-06-11 23:21:02,616 - DEBUG - fx_L1_mfista- itercount: 235, L: 3.461685e+04, eta:1.050000e+00
2020-06-11 23:21:02,622 - DEBUG - fx_L1_mfista- itercount: 235, L: 3.634769e+04, eta:1.050000e+00
2020-06-11 23:21:02,627 - DEBUG - fx_L1_mfista- itercount: 235, L: 3.816508e+04, eta:1.050000e+00
2020-06-11 23:21:02,634 - DEBUG - fx_L1_mfista- itercount: 235, L: 4.007333e+04, eta:1.050000e+00
2020-06-11 23:21:02,648 - DEBUG - fx_L1_mfista- itercount: 236, L: 3.816508e+04, eta:1.050000e+00
2020-06-11 23:21:02,664 - DEBUG - fx_L1_mfista- itercount: 237, L: 3.634769e+04, eta:1.050000e+00
2020-06-11 23:21:02,680 - DEBUG - fx_L1_mfista- itercount: 238, L: 3.461685e+04, eta:1.050000e+00
2020-06-11 23:21:02,686 - DEBUG - fx_L1_mfista- itercount: 238, L: 3.634769e+04, eta:1.050000e+00
2020-06-11 23:21:02,692 - DEBUG - fx_L1_mfista- itercount: 238, L: 3.816508e+04, eta:1.050000e+00
2020-06-11 23:21:02,709 - DEBUG - fx_L1_mfista- itercount: 239, L: 3.634769e+04, eta:1.050000e+00
2020-06-11 23:21:02,715 - DEBUG - fx_L1_mfista- itercount: 239, L: 3.816508e+04, eta:1.050000e+00
2020-06-11 23:21:02,730 - DEBUG - fx_L1_mfista- itercount: 240, L: 3.634769e+04, eta:1.050000e+00
2020-06-11 23:21:02,738 - DEBUG - fx_L1_mfista- itercount: 240, L: 3.816508e+04, eta:1.050000e+00
2020-06-11 23:21:02,753 - DEBUG - fx_L1_mfista- itercount: 241, L: 3.634769e+04, eta:1.050000e+00
2020-06-11 23:21:02,759 - DEBUG - fx_L1_mfista- itercount: 241, L: 3.816508e+04, eta:1.050000e+00
2020-06-11 23:21:02,765 - DEBUG - fx_L1_mfista- itercount: 241, L: 4.007333e+04, eta:1.050000e+00
2020-06-11 23:21:02,781 - DEBUG - fx_L1_mfista- itercount: 242, L: 3.816508e+04, eta:1.050000e+00
2020-06-11 23:21:02,799 - DEBUG - fx_L1_mfista- itercount: 243, L: 3.634769e+04, eta:1.050000e+00
2020-06-11 23:21:02,806 - DEBUG - fx_L1_mfista- itercount: 243, L: 3.816508e+04, eta:1.050000e+00
2020-06-11 23:21:02,822 - DEBUG - fx_L1_mfista- itercount: 244, L: 3.634769e+04, eta:1.050000e+00
2020-06-11 23:21:02,828 - DEBUG - fx_L1_mfista- itercount: 244, L: 3.816508e+04, eta:1.050000e+00
2020-06-11 23:21:02,844 - DEBUG - fx_L1_mfista- itercount: 245, L: 3.634769e+04, eta:1.050000e+00
2020-06-11 23:21:02,851 - DEBUG - fx_L1_mfista- itercount: 245, L: 3.816508e+04, eta:1.050000e+00
2020-06-11 23:21:02,858 - DEBUG - fx_L1_mfista- itercount: 245, L: 4.007333e+04, eta:1.050000e+00
2020-06-11 23:21:02,873 - DEBUG - fx_L1_mfista- itercount: 246, L: 3.816508e+04, eta:1.050000e+00
2020-06-11 23:21:02,889 - DEBUG - fx_L1_mfista- itercount: 247, L: 3.634769e+04, eta:1.050000e+00
2020-06-11 23:21:02,895 - DEBUG - fx_L1_mfista- itercount: 247, L: 3.816508e+04, eta:1.050000e+00
2020-06-11 23:21:02,900 - DEBUG - fx_L1_mfista- itercount: 247, L: 4.007333e+04, eta:1.050000e+00
2020-06-11 23:21:02,917 - DEBUG - fx_L1_mfista- itercount: 248, L: 3.816508e+04, eta:1.050000e+00
2020-06-11 23:21:02,932 - DEBUG - fx_L1_mfista- itercount: 249, L: 3.634769e+04, eta:1.050000e+00
2020-06-11 23:21:02,939 - DEBUG - fx_L1_mfista- itercount: 249, L: 3.816508e+04, eta:1.050000e+00
2020-06-11 23:21:02,945 - DEBUG - fx_L1_mfista- itercount: 249, L: 4.007333e+04, eta:1.050000e+00
2020-06-11 23:21:02,958 - DEBUG - fx_L1_mfista- iternum:250, L: 4.007333e+04, F_xk: 7.082293e+00, chi:5.915836e+06, reg: 3.481825e+05, rela_err:1.417008e-12
2020-06-11 23:21:02,977 - DEBUG - fx_L1_mfista- itercount: 250, L: 3.816508e+04, eta:1.050000e+00
2020-06-11 23:21:03,089 - INFO - fx_L1_mfista- end; fitting. iternum:250, relative dif of F: 1.326119e-12
2020-06-11 23:21:05,344 - INFO - plots_comp- 0 model, rms:2.174535e+01
2020-06-11 23:21:05,382 - INFO - plots_comp- 1 model, rms:2.005888e+01
2020-06-11 23:21:05,421 - INFO - plots_comp- 2 model, rms:2.051166e+01
2020-06-11 23:21:05,459 - INFO - plots_comp- 3 model, rms:3.242102e+01
2020-06-11 23:21:05,550 - INFO - plots_comp- 4 model, rms:7.649719e+00
2020-06-11 23:21:05,587 - INFO - plots_comp- 5 model, rms:0.000000e+00
