2020-06-11 14:54:15,692 - INFO - <module>- Main part starts
2020-06-11 14:54:17,856 - DEBUG - only_fx_mfista- iternum:50, L: 7.932815e+04, F_xk: 6.825500e+00, chi:5.535217e+06, reg: 1.155715e+06, rela_err:1.130394e-06
2020-06-11 14:54:18,750 - DEBUG - only_fx_mfista- iternum:100, L: 5.960041e+04, F_xk: 6.825362e+00, chi:5.535156e+06, reg: 1.153855e+06, rela_err:0.000000e+00
2020-06-11 14:54:18,889 - INFO - only_fx_mfista- end; fitting. iternum:100, relative dif of F: 0.000000e+00
2020-06-11 14:54:21,154 - DEBUG - only_fx_mfista- iternum:50, L: 9.598706e+04, F_xk: 6.749766e+00, chi:5.528471e+06, reg: 9.151755e+04, rela_err:2.530981e-06
2020-06-11 14:54:22,277 - DEBUG - only_fx_mfista- iternum:100, L: 9.598706e+04, F_xk: 6.748957e+00, chi:5.528442e+06, reg: 8.135790e+04, rela_err:7.184755e-07
2020-06-11 14:54:23,459 - DEBUG - only_fx_mfista- iternum:150, L: 9.598706e+04, F_xk: 6.748618e+00, chi:5.528429e+06, reg: 7.705620e+04, rela_err:3.834172e-07
2020-06-11 14:54:24,652 - DEBUG - only_fx_mfista- iternum:200, L: 1.055858e+05, F_xk: 6.748426e+00, chi:5.528423e+06, reg: 7.460775e+04, rela_err:2.350765e-07
2020-06-11 14:54:24,786 - INFO - only_fx_mfista- end; fitting. iternum:201, relative dif of F: 2.335430e-07
2020-06-11 14:54:24,823 - DEBUG - fx_L1_mfista- itercount: 0, L: 9.523810e-05, eta:1.050000e+00
2020-06-11 14:54:24,830 - DEBUG - fx_L1_mfista- itercount: 0, L: 1.000000e-04, eta:1.050000e+00
2020-06-11 14:54:24,836 - DEBUG - fx_L1_mfista- itercount: 0, L: 1.050000e-04, eta:1.050000e+00
2020-06-11 14:54:24,842 - DEBUG - fx_L1_mfista- itercount: 0, L: 1.102500e-04, eta:1.050000e+00
2020-06-11 14:54:24,850 - DEBUG - fx_L1_mfista- itercount: 0, L: 1.157625e-04, eta:1.050000e+00
2020-06-11 14:54:24,856 - DEBUG - fx_L1_mfista- itercount: 0, L: 1.215506e-04, eta:1.050000e+00
2020-06-11 14:54:24,863 - DEBUG - fx_L1_mfista- itercount: 0, L: 1.276282e-04, eta:1.050000e+00
2020-06-11 14:54:24,869 - DEBUG - fx_L1_mfista- itercount: 0, L: 1.340096e-04, eta:1.050000e+00
2020-06-11 14:54:24,875 - DEBUG - fx_L1_mfista- itercount: 0, L: 1.407100e-04, eta:1.050000e+00
2020-06-11 14:54:24,883 - DEBUG - fx_L1_mfista- itercount: 0, L: 1.477455e-04, eta:1.050000e+00
2020-06-11 14:54:24,889 - DEBUG - fx_L1_mfista- itercount: 0, L: 1.551328e-04, eta:1.050000e+00
2020-06-11 14:54:24,895 - DEBUG - fx_L1_mfista- itercount: 0, L: 1.628895e-04, eta:1.050000e+00
2020-06-11 14:54:24,901 - DEBUG - fx_L1_mfista- itercount: 0, L: 1.710339e-04, eta:1.050000e+00
2020-06-11 14:54:24,909 - DEBUG - fx_L1_mfista- itercount: 0, L: 1.795856e-04, eta:1.050000e+00
2020-06-11 14:54:24,917 - DEBUG - fx_L1_mfista- itercount: 0, L: 1.885649e-04, eta:1.050000e+00
2020-06-11 14:54:24,923 - DEBUG - fx_L1_mfista- itercount: 0, L: 1.979932e-04, eta:1.050000e+00
2020-06-11 14:54:24,929 - DEBUG - fx_L1_mfista- itercount: 0, L: 2.078928e-04, eta:1.050000e+00
2020-06-11 14:54:24,935 - DEBUG - fx_L1_mfista- itercount: 0, L: 2.182875e-04, eta:1.050000e+00
2020-06-11 14:54:24,942 - DEBUG - fx_L1_mfista- itercount: 0, L: 2.292018e-04, eta:1.050000e+00
2020-06-11 14:54:24,949 - DEBUG - fx_L1_mfista- itercount: 0, L: 2.406619e-04, eta:1.050000e+00
2020-06-11 14:54:24,954 - DEBUG - fx_L1_mfista- itercount: 0, L: 2.526950e-04, eta:1.050000e+00
2020-06-11 14:54:24,960 - DEBUG - fx_L1_mfista- itercount: 0, L: 2.653298e-04, eta:1.050000e+00
2020-06-11 14:54:24,967 - DEBUG - fx_L1_mfista- itercount: 0, L: 2.785963e-04, eta:1.050000e+00
2020-06-11 14:54:24,973 - DEBUG - fx_L1_mfista- itercount: 0, L: 2.925261e-04, eta:1.050000e+00
2020-06-11 14:54:24,979 - DEBUG - fx_L1_mfista- itercount: 0, L: 3.071524e-04, eta:1.050000e+00
2020-06-11 14:54:24,987 - DEBUG - fx_L1_mfista- itercount: 0, L: 3.225100e-04, eta:1.050000e+00
2020-06-11 14:54:24,993 - DEBUG - fx_L1_mfista- itercount: 0, L: 3.386355e-04, eta:1.050000e+00
2020-06-11 14:54:25,001 - DEBUG - fx_L1_mfista- itercount: 0, L: 3.555673e-04, eta:1.050000e+00
2020-06-11 14:54:25,007 - DEBUG - fx_L1_mfista- itercount: 0, L: 3.733456e-04, eta:1.050000e+00
2020-06-11 14:54:25,013 - DEBUG - fx_L1_mfista- itercount: 0, L: 3.920129e-04, eta:1.050000e+00
2020-06-11 14:54:25,019 - DEBUG - fx_L1_mfista- itercount: 0, L: 4.116136e-04, eta:1.050000e+00
2020-06-11 14:54:25,027 - DEBUG - fx_L1_mfista- itercount: 0, L: 4.321942e-04, eta:1.050000e+00
2020-06-11 14:54:25,035 - DEBUG - fx_L1_mfista- itercount: 0, L: 4.538039e-04, eta:1.050000e+00
2020-06-11 14:54:25,041 - DEBUG - fx_L1_mfista- itercount: 0, L: 4.764941e-04, eta:1.050000e+00
2020-06-11 14:54:25,047 - DEBUG - fx_L1_mfista- itercount: 0, L: 5.003189e-04, eta:1.050000e+00
2020-06-11 14:54:25,053 - DEBUG - fx_L1_mfista- itercount: 0, L: 5.253348e-04, eta:1.050000e+00
2020-06-11 14:54:25,060 - DEBUG - fx_L1_mfista- itercount: 0, L: 5.516015e-04, eta:1.050000e+00
2020-06-11 14:54:25,068 - DEBUG - fx_L1_mfista- itercount: 0, L: 5.791816e-04, eta:1.050000e+00
2020-06-11 14:54:25,074 - DEBUG - fx_L1_mfista- itercount: 0, L: 6.081407e-04, eta:1.050000e+00
2020-06-11 14:54:25,082 - DEBUG - fx_L1_mfista- itercount: 0, L: 6.385477e-04, eta:1.050000e+00
2020-06-11 14:54:25,088 - DEBUG - fx_L1_mfista- itercount: 0, L: 6.704751e-04, eta:1.050000e+00
2020-06-11 14:54:25,094 - DEBUG - fx_L1_mfista- itercount: 0, L: 7.039989e-04, eta:1.050000e+00
2020-06-11 14:54:25,100 - DEBUG - fx_L1_mfista- itercount: 0, L: 7.391988e-04, eta:1.050000e+00
2020-06-11 14:54:25,107 - DEBUG - fx_L1_mfista- itercount: 0, L: 7.761588e-04, eta:1.050000e+00
2020-06-11 14:54:25,116 - DEBUG - fx_L1_mfista- itercount: 0, L: 8.149667e-04, eta:1.050000e+00
2020-06-11 14:54:25,122 - DEBUG - fx_L1_mfista- itercount: 0, L: 8.557150e-04, eta:1.050000e+00
2020-06-11 14:54:25,128 - DEBUG - fx_L1_mfista- itercount: 0, L: 8.985008e-04, eta:1.050000e+00
2020-06-11 14:54:25,134 - DEBUG - fx_L1_mfista- itercount: 0, L: 9.434258e-04, eta:1.050000e+00
2020-06-11 14:54:25,140 - DEBUG - fx_L1_mfista- itercount: 0, L: 9.905971e-04, eta:1.050000e+00
2020-06-11 14:54:25,147 - DEBUG - fx_L1_mfista- itercount: 0, L: 1.040127e-03, eta:1.050000e+00
2020-06-11 14:54:25,154 - DEBUG - fx_L1_mfista- itercount: 0, L: 1.092133e-03, eta:1.050000e+00
2020-06-11 14:54:25,160 - DEBUG - fx_L1_mfista- itercount: 0, L: 1.146740e-03, eta:1.050000e+00
2020-06-11 14:54:25,167 - DEBUG - fx_L1_mfista- itercount: 0, L: 1.204077e-03, eta:1.050000e+00
2020-06-11 14:54:25,173 - DEBUG - fx_L1_mfista- itercount: 0, L: 1.264281e-03, eta:1.050000e+00
2020-06-11 14:54:25,179 - DEBUG - fx_L1_mfista- itercount: 0, L: 1.327495e-03, eta:1.050000e+00
2020-06-11 14:54:25,186 - DEBUG - fx_L1_mfista- itercount: 0, L: 1.393870e-03, eta:1.050000e+00
2020-06-11 14:54:25,193 - DEBUG - fx_L1_mfista- itercount: 0, L: 1.463563e-03, eta:1.050000e+00
2020-06-11 14:54:25,201 - DEBUG - fx_L1_mfista- itercount: 0, L: 1.536741e-03, eta:1.050000e+00
2020-06-11 14:54:25,207 - DEBUG - fx_L1_mfista- itercount: 0, L: 1.613578e-03, eta:1.050000e+00
2020-06-11 14:54:25,213 - DEBUG - fx_L1_mfista- itercount: 0, L: 1.694257e-03, eta:1.050000e+00
2020-06-11 14:54:25,219 - DEBUG - fx_L1_mfista- itercount: 0, L: 1.778970e-03, eta:1.050000e+00
2020-06-11 14:54:25,225 - DEBUG - fx_L1_mfista- itercount: 0, L: 1.867919e-03, eta:1.050000e+00
2020-06-11 14:54:25,233 - DEBUG - fx_L1_mfista- itercount: 0, L: 1.961315e-03, eta:1.050000e+00
2020-06-11 14:54:25,240 - DEBUG - fx_L1_mfista- itercount: 0, L: 2.059380e-03, eta:1.050000e+00
2020-06-11 14:54:25,248 - DEBUG - fx_L1_mfista- itercount: 0, L: 2.162349e-03, eta:1.050000e+00
2020-06-11 14:54:25,255 - DEBUG - fx_L1_mfista- itercount: 0, L: 2.270467e-03, eta:1.050000e+00
2020-06-11 14:54:25,261 - DEBUG - fx_L1_mfista- itercount: 0, L: 2.383990e-03, eta:1.050000e+00
2020-06-11 14:54:25,268 - DEBUG - fx_L1_mfista- itercount: 0, L: 2.503190e-03, eta:1.050000e+00
2020-06-11 14:54:25,275 - DEBUG - fx_L1_mfista- itercount: 0, L: 2.628349e-03, eta:1.050000e+00
2020-06-11 14:54:25,283 - DEBUG - fx_L1_mfista- itercount: 0, L: 2.759766e-03, eta:1.050000e+00
2020-06-11 14:54:25,289 - DEBUG - fx_L1_mfista- itercount: 0, L: 2.897755e-03, eta:1.050000e+00
2020-06-11 14:54:25,295 - DEBUG - fx_L1_mfista- itercount: 0, L: 3.042643e-03, eta:1.050000e+00
2020-06-11 14:54:25,301 - DEBUG - fx_L1_mfista- itercount: 0, L: 3.194775e-03, eta:1.050000e+00
2020-06-11 14:54:25,308 - DEBUG - fx_L1_mfista- itercount: 0, L: 3.354513e-03, eta:1.050000e+00
2020-06-11 14:54:25,314 - DEBUG - fx_L1_mfista- itercount: 0, L: 3.522239e-03, eta:1.050000e+00
2020-06-11 14:54:25,320 - DEBUG - fx_L1_mfista- itercount: 0, L: 3.698351e-03, eta:1.050000e+00
2020-06-11 14:54:25,326 - DEBUG - fx_L1_mfista- itercount: 0, L: 3.883269e-03, eta:1.050000e+00
2020-06-11 14:54:25,332 - DEBUG - fx_L1_mfista- itercount: 0, L: 4.077432e-03, eta:1.050000e+00
2020-06-11 14:54:25,338 - DEBUG - fx_L1_mfista- itercount: 0, L: 4.281304e-03, eta:1.050000e+00
2020-06-11 14:54:25,344 - DEBUG - fx_L1_mfista- itercount: 0, L: 4.495369e-03, eta:1.050000e+00
2020-06-11 14:54:25,350 - DEBUG - fx_L1_mfista- itercount: 0, L: 4.720137e-03, eta:1.050000e+00
2020-06-11 14:54:25,356 - DEBUG - fx_L1_mfista- itercount: 0, L: 4.956144e-03, eta:1.050000e+00
2020-06-11 14:54:25,362 - DEBUG - fx_L1_mfista- itercount: 0, L: 5.203951e-03, eta:1.050000e+00
2020-06-11 14:54:25,368 - DEBUG - fx_L1_mfista- itercount: 0, L: 5.464149e-03, eta:1.050000e+00
2020-06-11 14:54:25,374 - DEBUG - fx_L1_mfista- itercount: 0, L: 5.737356e-03, eta:1.050000e+00
2020-06-11 14:54:25,380 - DEBUG - fx_L1_mfista- itercount: 0, L: 6.024224e-03, eta:1.050000e+00
2020-06-11 14:54:25,386 - DEBUG - fx_L1_mfista- itercount: 0, L: 6.325435e-03, eta:1.050000e+00
2020-06-11 14:54:25,392 - DEBUG - fx_L1_mfista- itercount: 0, L: 6.641707e-03, eta:1.050000e+00
2020-06-11 14:54:25,398 - DEBUG - fx_L1_mfista- itercount: 0, L: 6.973792e-03, eta:1.050000e+00
2020-06-11 14:54:25,404 - DEBUG - fx_L1_mfista- itercount: 0, L: 7.322482e-03, eta:1.050000e+00
2020-06-11 14:54:25,410 - DEBUG - fx_L1_mfista- itercount: 0, L: 7.688606e-03, eta:1.050000e+00
2020-06-11 14:54:25,416 - DEBUG - fx_L1_mfista- itercount: 0, L: 8.073037e-03, eta:1.050000e+00
2020-06-11 14:54:25,421 - DEBUG - fx_L1_mfista- itercount: 0, L: 8.476688e-03, eta:1.050000e+00
2020-06-11 14:54:25,428 - DEBUG - fx_L1_mfista- itercount: 0, L: 8.900523e-03, eta:1.050000e+00
2020-06-11 14:54:25,434 - DEBUG - fx_L1_mfista- itercount: 0, L: 9.345549e-03, eta:1.050000e+00
2020-06-11 14:54:25,440 - DEBUG - fx_L1_mfista- itercount: 0, L: 9.812826e-03, eta:1.050000e+00
2020-06-11 14:54:25,447 - DEBUG - fx_L1_mfista- itercount: 0, L: 1.030347e-02, eta:1.050000e+00
2020-06-11 14:54:25,453 - DEBUG - fx_L1_mfista- itercount: 0, L: 1.081864e-02, eta:1.050000e+00
2020-06-11 14:54:25,459 - DEBUG - fx_L1_mfista- itercount: 0, L: 1.135957e-02, eta:1.050000e+00
2020-06-11 14:54:25,465 - DEBUG - fx_L1_mfista- itercount: 0, L: 1.192755e-02, eta:1.050000e+00
2020-06-11 14:54:25,471 - DEBUG - fx_L1_mfista- itercount: 0, L: 1.252393e-02, eta:1.050000e+00
2020-06-11 14:54:25,477 - DEBUG - fx_L1_mfista- itercount: 0, L: 1.315013e-02, eta:1.050000e+00
2020-06-11 14:54:25,484 - DEBUG - fx_L1_mfista- itercount: 0, L: 1.380763e-02, eta:1.050000e+00
2020-06-11 14:54:25,489 - DEBUG - fx_L1_mfista- itercount: 0, L: 1.449801e-02, eta:1.050000e+00
2020-06-11 14:54:25,496 - DEBUG - fx_L1_mfista- itercount: 0, L: 1.522291e-02, eta:1.050000e+00
2020-06-11 14:54:25,502 - DEBUG - fx_L1_mfista- itercount: 0, L: 1.598406e-02, eta:1.050000e+00
2020-06-11 14:54:25,508 - DEBUG - fx_L1_mfista- itercount: 0, L: 1.678326e-02, eta:1.050000e+00
2020-06-11 14:54:25,514 - DEBUG - fx_L1_mfista- itercount: 0, L: 1.762243e-02, eta:1.050000e+00
2020-06-11 14:54:25,520 - DEBUG - fx_L1_mfista- itercount: 0, L: 1.850355e-02, eta:1.050000e+00
2020-06-11 14:54:25,526 - DEBUG - fx_L1_mfista- itercount: 0, L: 1.942872e-02, eta:1.050000e+00
2020-06-11 14:54:25,532 - DEBUG - fx_L1_mfista- itercount: 0, L: 2.040016e-02, eta:1.050000e+00
2020-06-11 14:54:25,537 - DEBUG - fx_L1_mfista- itercount: 0, L: 2.142017e-02, eta:1.050000e+00
2020-06-11 14:54:25,543 - DEBUG - fx_L1_mfista- itercount: 0, L: 2.249118e-02, eta:1.050000e+00
2020-06-11 14:54:25,550 - DEBUG - fx_L1_mfista- itercount: 0, L: 2.361574e-02, eta:1.050000e+00
2020-06-11 14:54:25,556 - DEBUG - fx_L1_mfista- itercount: 0, L: 2.479652e-02, eta:1.050000e+00
2020-06-11 14:54:25,563 - DEBUG - fx_L1_mfista- itercount: 0, L: 2.603635e-02, eta:1.050000e+00
2020-06-11 14:54:25,569 - DEBUG - fx_L1_mfista- itercount: 0, L: 2.733817e-02, eta:1.050000e+00
2020-06-11 14:54:25,574 - DEBUG - fx_L1_mfista- itercount: 0, L: 2.870508e-02, eta:1.050000e+00
2020-06-11 14:54:25,580 - DEBUG - fx_L1_mfista- itercount: 0, L: 3.014033e-02, eta:1.050000e+00
2020-06-11 14:54:25,587 - DEBUG - fx_L1_mfista- itercount: 0, L: 3.164735e-02, eta:1.050000e+00
2020-06-11 14:54:25,593 - DEBUG - fx_L1_mfista- itercount: 0, L: 3.322971e-02, eta:1.050000e+00
2020-06-11 14:54:25,599 - DEBUG - fx_L1_mfista- itercount: 0, L: 3.489120e-02, eta:1.050000e+00
2020-06-11 14:54:25,605 - DEBUG - fx_L1_mfista- itercount: 0, L: 3.663576e-02, eta:1.050000e+00
2020-06-11 14:54:25,611 - DEBUG - fx_L1_mfista- itercount: 0, L: 3.846755e-02, eta:1.050000e+00
2020-06-11 14:54:25,617 - DEBUG - fx_L1_mfista- itercount: 0, L: 4.039092e-02, eta:1.050000e+00
2020-06-11 14:54:25,623 - DEBUG - fx_L1_mfista- itercount: 0, L: 4.241047e-02, eta:1.050000e+00
2020-06-11 14:54:25,630 - DEBUG - fx_L1_mfista- itercount: 0, L: 4.453099e-02, eta:1.050000e+00
2020-06-11 14:54:25,635 - DEBUG - fx_L1_mfista- itercount: 0, L: 4.675754e-02, eta:1.050000e+00
2020-06-11 14:54:25,641 - DEBUG - fx_L1_mfista- itercount: 0, L: 4.909542e-02, eta:1.050000e+00
2020-06-11 14:54:25,647 - DEBUG - fx_L1_mfista- itercount: 0, L: 5.155019e-02, eta:1.050000e+00
2020-06-11 14:54:25,653 - DEBUG - fx_L1_mfista- itercount: 0, L: 5.412770e-02, eta:1.050000e+00
2020-06-11 14:54:25,659 - DEBUG - fx_L1_mfista- itercount: 0, L: 5.683409e-02, eta:1.050000e+00
2020-06-11 14:54:25,666 - DEBUG - fx_L1_mfista- itercount: 0, L: 5.967579e-02, eta:1.050000e+00
2020-06-11 14:54:25,672 - DEBUG - fx_L1_mfista- itercount: 0, L: 6.265958e-02, eta:1.050000e+00
2020-06-11 14:54:25,677 - DEBUG - fx_L1_mfista- itercount: 0, L: 6.579256e-02, eta:1.050000e+00
2020-06-11 14:54:25,684 - DEBUG - fx_L1_mfista- itercount: 0, L: 6.908219e-02, eta:1.050000e+00
2020-06-11 14:54:25,690 - DEBUG - fx_L1_mfista- itercount: 0, L: 7.253630e-02, eta:1.050000e+00
2020-06-11 14:54:25,696 - DEBUG - fx_L1_mfista- itercount: 0, L: 7.616311e-02, eta:1.050000e+00
2020-06-11 14:54:25,702 - DEBUG - fx_L1_mfista- itercount: 0, L: 7.997127e-02, eta:1.050000e+00
2020-06-11 14:54:25,708 - DEBUG - fx_L1_mfista- itercount: 0, L: 8.396983e-02, eta:1.050000e+00
2020-06-11 14:54:25,714 - DEBUG - fx_L1_mfista- itercount: 0, L: 8.816832e-02, eta:1.050000e+00
2020-06-11 14:54:25,720 - DEBUG - fx_L1_mfista- itercount: 0, L: 9.257674e-02, eta:1.050000e+00
2020-06-11 14:54:25,726 - DEBUG - fx_L1_mfista- itercount: 0, L: 9.720557e-02, eta:1.050000e+00
2020-06-11 14:54:25,732 - DEBUG - fx_L1_mfista- itercount: 0, L: 1.020659e-01, eta:1.050000e+00
2020-06-11 14:54:25,738 - DEBUG - fx_L1_mfista- itercount: 0, L: 1.071691e-01, eta:1.050000e+00
2020-06-11 14:54:25,744 - DEBUG - fx_L1_mfista- itercount: 0, L: 1.125276e-01, eta:1.050000e+00
2020-06-11 14:54:25,751 - DEBUG - fx_L1_mfista- itercount: 0, L: 1.181540e-01, eta:1.050000e+00
2020-06-11 14:54:25,757 - DEBUG - fx_L1_mfista- itercount: 0, L: 1.240617e-01, eta:1.050000e+00
2020-06-11 14:54:25,762 - DEBUG - fx_L1_mfista- itercount: 0, L: 1.302648e-01, eta:1.050000e+00
2020-06-11 14:54:25,768 - DEBUG - fx_L1_mfista- itercount: 0, L: 1.367780e-01, eta:1.050000e+00
2020-06-11 14:54:25,774 - DEBUG - fx_L1_mfista- itercount: 0, L: 1.436169e-01, eta:1.050000e+00
2020-06-11 14:54:25,781 - DEBUG - fx_L1_mfista- itercount: 0, L: 1.507977e-01, eta:1.050000e+00
2020-06-11 14:54:25,787 - DEBUG - fx_L1_mfista- itercount: 0, L: 1.583376e-01, eta:1.050000e+00
2020-06-11 14:54:25,793 - DEBUG - fx_L1_mfista- itercount: 0, L: 1.662545e-01, eta:1.050000e+00
2020-06-11 14:54:25,799 - DEBUG - fx_L1_mfista- itercount: 0, L: 1.745672e-01, eta:1.050000e+00
2020-06-11 14:54:25,805 - DEBUG - fx_L1_mfista- itercount: 0, L: 1.832956e-01, eta:1.050000e+00
2020-06-11 14:54:25,812 - DEBUG - fx_L1_mfista- itercount: 0, L: 1.924604e-01, eta:1.050000e+00
2020-06-11 14:54:25,818 - DEBUG - fx_L1_mfista- itercount: 0, L: 2.020834e-01, eta:1.050000e+00
2020-06-11 14:54:25,824 - DEBUG - fx_L1_mfista- itercount: 0, L: 2.121876e-01, eta:1.050000e+00
2020-06-11 14:54:25,831 - DEBUG - fx_L1_mfista- itercount: 0, L: 2.227970e-01, eta:1.050000e+00
2020-06-11 14:54:25,837 - DEBUG - fx_L1_mfista- itercount: 0, L: 2.339368e-01, eta:1.050000e+00
2020-06-11 14:54:25,843 - DEBUG - fx_L1_mfista- itercount: 0, L: 2.456336e-01, eta:1.050000e+00
2020-06-11 14:54:25,849 - DEBUG - fx_L1_mfista- itercount: 0, L: 2.579153e-01, eta:1.050000e+00
2020-06-11 14:54:25,855 - DEBUG - fx_L1_mfista- itercount: 0, L: 2.708111e-01, eta:1.050000e+00
2020-06-11 14:54:25,861 - DEBUG - fx_L1_mfista- itercount: 0, L: 2.843516e-01, eta:1.050000e+00
2020-06-11 14:54:25,867 - DEBUG - fx_L1_mfista- itercount: 0, L: 2.985692e-01, eta:1.050000e+00
2020-06-11 14:54:25,873 - DEBUG - fx_L1_mfista- itercount: 0, L: 3.134977e-01, eta:1.050000e+00
2020-06-11 14:54:25,879 - DEBUG - fx_L1_mfista- itercount: 0, L: 3.291726e-01, eta:1.050000e+00
2020-06-11 14:54:25,885 - DEBUG - fx_L1_mfista- itercount: 0, L: 3.456312e-01, eta:1.050000e+00
2020-06-11 14:54:25,891 - DEBUG - fx_L1_mfista- itercount: 0, L: 3.629128e-01, eta:1.050000e+00
2020-06-11 14:54:25,897 - DEBUG - fx_L1_mfista- itercount: 0, L: 3.810584e-01, eta:1.050000e+00
2020-06-11 14:54:25,903 - DEBUG - fx_L1_mfista- itercount: 0, L: 4.001113e-01, eta:1.050000e+00
2020-06-11 14:54:25,909 - DEBUG - fx_L1_mfista- itercount: 0, L: 4.201169e-01, eta:1.050000e+00
2020-06-11 14:54:25,915 - DEBUG - fx_L1_mfista- itercount: 0, L: 4.411227e-01, eta:1.050000e+00
2020-06-11 14:54:25,921 - DEBUG - fx_L1_mfista- itercount: 0, L: 4.631789e-01, eta:1.050000e+00
2020-06-11 14:54:25,929 - DEBUG - fx_L1_mfista- itercount: 0, L: 4.863378e-01, eta:1.050000e+00
2020-06-11 14:54:25,937 - DEBUG - fx_L1_mfista- itercount: 0, L: 5.106547e-01, eta:1.050000e+00
2020-06-11 14:54:25,944 - DEBUG - fx_L1_mfista- itercount: 0, L: 5.361874e-01, eta:1.050000e+00
2020-06-11 14:54:25,951 - DEBUG - fx_L1_mfista- itercount: 0, L: 5.629968e-01, eta:1.050000e+00
2020-06-11 14:54:25,957 - DEBUG - fx_L1_mfista- itercount: 0, L: 5.911467e-01, eta:1.050000e+00
2020-06-11 14:54:25,963 - DEBUG - fx_L1_mfista- itercount: 0, L: 6.207040e-01, eta:1.050000e+00
2020-06-11 14:54:25,970 - DEBUG - fx_L1_mfista- itercount: 0, L: 6.517392e-01, eta:1.050000e+00
2020-06-11 14:54:25,977 - DEBUG - fx_L1_mfista- itercount: 0, L: 6.843261e-01, eta:1.050000e+00
2020-06-11 14:54:25,984 - DEBUG - fx_L1_mfista- itercount: 0, L: 7.185425e-01, eta:1.050000e+00
2020-06-11 14:54:25,990 - DEBUG - fx_L1_mfista- itercount: 0, L: 7.544696e-01, eta:1.050000e+00
2020-06-11 14:54:25,997 - DEBUG - fx_L1_mfista- itercount: 0, L: 7.921931e-01, eta:1.050000e+00
2020-06-11 14:54:26,003 - DEBUG - fx_L1_mfista- itercount: 0, L: 8.318027e-01, eta:1.050000e+00
2020-06-11 14:54:26,012 - DEBUG - fx_L1_mfista- itercount: 0, L: 8.733928e-01, eta:1.050000e+00
2020-06-11 14:54:26,020 - DEBUG - fx_L1_mfista- itercount: 0, L: 9.170625e-01, eta:1.050000e+00
2020-06-11 14:54:26,047 - DEBUG - fx_L1_mfista- itercount: 0, L: 9.629156e-01, eta:1.050000e+00
2020-06-11 14:54:26,055 - DEBUG - fx_L1_mfista- itercount: 0, L: 1.011061e+00, eta:1.050000e+00
2020-06-11 14:54:26,064 - DEBUG - fx_L1_mfista- itercount: 0, L: 1.061614e+00, eta:1.050000e+00
2020-06-11 14:54:26,079 - DEBUG - fx_L1_mfista- itercount: 0, L: 1.114695e+00, eta:1.050000e+00
2020-06-11 14:54:26,085 - DEBUG - fx_L1_mfista- itercount: 0, L: 1.170430e+00, eta:1.050000e+00
2020-06-11 14:54:26,092 - DEBUG - fx_L1_mfista- itercount: 0, L: 1.228951e+00, eta:1.050000e+00
2020-06-11 14:54:26,101 - DEBUG - fx_L1_mfista- itercount: 0, L: 1.290399e+00, eta:1.050000e+00
2020-06-11 14:54:26,109 - DEBUG - fx_L1_mfista- itercount: 0, L: 1.354919e+00, eta:1.050000e+00
2020-06-11 14:54:26,116 - DEBUG - fx_L1_mfista- itercount: 0, L: 1.422665e+00, eta:1.050000e+00
2020-06-11 14:54:26,124 - DEBUG - fx_L1_mfista- itercount: 0, L: 1.493798e+00, eta:1.050000e+00
2020-06-11 14:54:26,130 - DEBUG - fx_L1_mfista- itercount: 0, L: 1.568488e+00, eta:1.050000e+00
2020-06-11 14:54:26,137 - DEBUG - fx_L1_mfista- itercount: 0, L: 1.646912e+00, eta:1.050000e+00
2020-06-11 14:54:26,145 - DEBUG - fx_L1_mfista- itercount: 0, L: 1.729258e+00, eta:1.050000e+00
2020-06-11 14:54:26,154 - DEBUG - fx_L1_mfista- itercount: 0, L: 1.815721e+00, eta:1.050000e+00
2020-06-11 14:54:26,160 - DEBUG - fx_L1_mfista- itercount: 0, L: 1.906507e+00, eta:1.050000e+00
2020-06-11 14:54:26,167 - DEBUG - fx_L1_mfista- itercount: 0, L: 2.001832e+00, eta:1.050000e+00
2020-06-11 14:54:26,174 - DEBUG - fx_L1_mfista- itercount: 0, L: 2.101924e+00, eta:1.050000e+00
2020-06-11 14:54:26,181 - DEBUG - fx_L1_mfista- itercount: 0, L: 2.207020e+00, eta:1.050000e+00
2020-06-11 14:54:26,198 - DEBUG - fx_L1_mfista- itercount: 0, L: 2.317371e+00, eta:1.050000e+00
2020-06-11 14:54:26,206 - DEBUG - fx_L1_mfista- itercount: 0, L: 2.433240e+00, eta:1.050000e+00
2020-06-11 14:54:26,218 - DEBUG - fx_L1_mfista- itercount: 0, L: 2.554902e+00, eta:1.050000e+00
2020-06-11 14:54:26,224 - DEBUG - fx_L1_mfista- itercount: 0, L: 2.682647e+00, eta:1.050000e+00
2020-06-11 14:54:26,232 - DEBUG - fx_L1_mfista- itercount: 0, L: 2.816779e+00, eta:1.050000e+00
2020-06-11 14:54:26,238 - DEBUG - fx_L1_mfista- itercount: 0, L: 2.957618e+00, eta:1.050000e+00
2020-06-11 14:54:26,245 - DEBUG - fx_L1_mfista- itercount: 0, L: 3.105499e+00, eta:1.050000e+00
2020-06-11 14:54:26,252 - DEBUG - fx_L1_mfista- itercount: 0, L: 3.260774e+00, eta:1.050000e+00
2020-06-11 14:54:26,261 - DEBUG - fx_L1_mfista- itercount: 0, L: 3.423813e+00, eta:1.050000e+00
2020-06-11 14:54:26,269 - DEBUG - fx_L1_mfista- itercount: 0, L: 3.595003e+00, eta:1.050000e+00
2020-06-11 14:54:26,277 - DEBUG - fx_L1_mfista- itercount: 0, L: 3.774754e+00, eta:1.050000e+00
2020-06-11 14:54:26,284 - DEBUG - fx_L1_mfista- itercount: 0, L: 3.963491e+00, eta:1.050000e+00
2020-06-11 14:54:26,292 - DEBUG - fx_L1_mfista- itercount: 0, L: 4.161666e+00, eta:1.050000e+00
2020-06-11 14:54:26,300 - DEBUG - fx_L1_mfista- itercount: 0, L: 4.369749e+00, eta:1.050000e+00
2020-06-11 14:54:26,316 - DEBUG - fx_L1_mfista- itercount: 0, L: 4.588236e+00, eta:1.050000e+00
2020-06-11 14:54:26,323 - DEBUG - fx_L1_mfista- itercount: 0, L: 4.817648e+00, eta:1.050000e+00
2020-06-11 14:54:26,330 - DEBUG - fx_L1_mfista- itercount: 0, L: 5.058531e+00, eta:1.050000e+00
2020-06-11 14:54:26,343 - DEBUG - fx_L1_mfista- itercount: 0, L: 5.311457e+00, eta:1.050000e+00
2020-06-11 14:54:26,356 - DEBUG - fx_L1_mfista- itercount: 0, L: 5.577030e+00, eta:1.050000e+00
2020-06-11 14:54:26,363 - DEBUG - fx_L1_mfista- itercount: 0, L: 5.855882e+00, eta:1.050000e+00
2020-06-11 14:54:26,370 - DEBUG - fx_L1_mfista- itercount: 0, L: 6.148676e+00, eta:1.050000e+00
2020-06-11 14:54:26,376 - DEBUG - fx_L1_mfista- itercount: 0, L: 6.456110e+00, eta:1.050000e+00
2020-06-11 14:54:26,383 - DEBUG - fx_L1_mfista- itercount: 0, L: 6.778915e+00, eta:1.050000e+00
2020-06-11 14:54:26,390 - DEBUG - fx_L1_mfista- itercount: 0, L: 7.117861e+00, eta:1.050000e+00
2020-06-11 14:54:26,399 - DEBUG - fx_L1_mfista- itercount: 0, L: 7.473754e+00, eta:1.050000e+00
2020-06-11 14:54:26,407 - DEBUG - fx_L1_mfista- itercount: 0, L: 7.847441e+00, eta:1.050000e+00
2020-06-11 14:54:26,414 - DEBUG - fx_L1_mfista- itercount: 0, L: 8.239814e+00, eta:1.050000e+00
2020-06-11 14:54:26,420 - DEBUG - fx_L1_mfista- itercount: 0, L: 8.651804e+00, eta:1.050000e+00
2020-06-11 14:54:26,427 - DEBUG - fx_L1_mfista- itercount: 0, L: 9.084394e+00, eta:1.050000e+00
2020-06-11 14:54:26,434 - DEBUG - fx_L1_mfista- itercount: 0, L: 9.538614e+00, eta:1.050000e+00
2020-06-11 14:54:26,441 - DEBUG - fx_L1_mfista- itercount: 0, L: 1.001554e+01, eta:1.050000e+00
2020-06-11 14:54:26,447 - DEBUG - fx_L1_mfista- itercount: 0, L: 1.051632e+01, eta:1.050000e+00
2020-06-11 14:54:26,453 - DEBUG - fx_L1_mfista- itercount: 0, L: 1.104214e+01, eta:1.050000e+00
2020-06-11 14:54:26,459 - DEBUG - fx_L1_mfista- itercount: 0, L: 1.159425e+01, eta:1.050000e+00
2020-06-11 14:54:26,465 - DEBUG - fx_L1_mfista- itercount: 0, L: 1.217396e+01, eta:1.050000e+00
2020-06-11 14:54:26,471 - DEBUG - fx_L1_mfista- itercount: 0, L: 1.278266e+01, eta:1.050000e+00
2020-06-11 14:54:26,478 - DEBUG - fx_L1_mfista- itercount: 0, L: 1.342179e+01, eta:1.050000e+00
2020-06-11 14:54:26,484 - DEBUG - fx_L1_mfista- itercount: 0, L: 1.409288e+01, eta:1.050000e+00
2020-06-11 14:54:26,490 - DEBUG - fx_L1_mfista- itercount: 0, L: 1.479752e+01, eta:1.050000e+00
2020-06-11 14:54:26,497 - DEBUG - fx_L1_mfista- itercount: 0, L: 1.553740e+01, eta:1.050000e+00
2020-06-11 14:54:26,503 - DEBUG - fx_L1_mfista- itercount: 0, L: 1.631427e+01, eta:1.050000e+00
2020-06-11 14:54:26,509 - DEBUG - fx_L1_mfista- itercount: 0, L: 1.712998e+01, eta:1.050000e+00
2020-06-11 14:54:26,515 - DEBUG - fx_L1_mfista- itercount: 0, L: 1.798648e+01, eta:1.050000e+00
2020-06-11 14:54:26,521 - DEBUG - fx_L1_mfista- itercount: 0, L: 1.888580e+01, eta:1.050000e+00
2020-06-11 14:54:26,527 - DEBUG - fx_L1_mfista- itercount: 0, L: 1.983009e+01, eta:1.050000e+00
2020-06-11 14:54:26,533 - DEBUG - fx_L1_mfista- itercount: 0, L: 2.082160e+01, eta:1.050000e+00
2020-06-11 14:54:26,539 - DEBUG - fx_L1_mfista- itercount: 0, L: 2.186268e+01, eta:1.050000e+00
2020-06-11 14:54:26,545 - DEBUG - fx_L1_mfista- itercount: 0, L: 2.295581e+01, eta:1.050000e+00
2020-06-11 14:54:26,551 - DEBUG - fx_L1_mfista- itercount: 0, L: 2.410360e+01, eta:1.050000e+00
2020-06-11 14:54:26,557 - DEBUG - fx_L1_mfista- itercount: 0, L: 2.530878e+01, eta:1.050000e+00
2020-06-11 14:54:26,564 - DEBUG - fx_L1_mfista- itercount: 0, L: 2.657422e+01, eta:1.050000e+00
2020-06-11 14:54:26,570 - DEBUG - fx_L1_mfista- itercount: 0, L: 2.790293e+01, eta:1.050000e+00
2020-06-11 14:54:26,576 - DEBUG - fx_L1_mfista- itercount: 0, L: 2.929808e+01, eta:1.050000e+00
2020-06-11 14:54:26,582 - DEBUG - fx_L1_mfista- itercount: 0, L: 3.076298e+01, eta:1.050000e+00
2020-06-11 14:54:26,588 - DEBUG - fx_L1_mfista- itercount: 0, L: 3.230113e+01, eta:1.050000e+00
2020-06-11 14:54:26,594 - DEBUG - fx_L1_mfista- itercount: 0, L: 3.391619e+01, eta:1.050000e+00
2020-06-11 14:54:26,601 - DEBUG - fx_L1_mfista- itercount: 0, L: 3.561200e+01, eta:1.050000e+00
2020-06-11 14:54:26,607 - DEBUG - fx_L1_mfista- itercount: 0, L: 3.739260e+01, eta:1.050000e+00
2020-06-11 14:54:26,614 - DEBUG - fx_L1_mfista- itercount: 0, L: 3.926223e+01, eta:1.050000e+00
2020-06-11 14:54:26,620 - DEBUG - fx_L1_mfista- itercount: 0, L: 4.122534e+01, eta:1.050000e+00
2020-06-11 14:54:26,626 - DEBUG - fx_L1_mfista- itercount: 0, L: 4.328661e+01, eta:1.050000e+00
2020-06-11 14:54:26,632 - DEBUG - fx_L1_mfista- itercount: 0, L: 4.545094e+01, eta:1.050000e+00
2020-06-11 14:54:26,637 - DEBUG - fx_L1_mfista- itercount: 0, L: 4.772349e+01, eta:1.050000e+00
2020-06-11 14:54:26,644 - DEBUG - fx_L1_mfista- itercount: 0, L: 5.010966e+01, eta:1.050000e+00
2020-06-11 14:54:26,650 - DEBUG - fx_L1_mfista- itercount: 0, L: 5.261514e+01, eta:1.050000e+00
2020-06-11 14:54:26,656 - DEBUG - fx_L1_mfista- itercount: 0, L: 5.524590e+01, eta:1.050000e+00
2020-06-11 14:54:26,662 - DEBUG - fx_L1_mfista- itercount: 0, L: 5.800819e+01, eta:1.050000e+00
2020-06-11 14:54:26,668 - DEBUG - fx_L1_mfista- itercount: 0, L: 6.090860e+01, eta:1.050000e+00
2020-06-11 14:54:26,674 - DEBUG - fx_L1_mfista- itercount: 0, L: 6.395403e+01, eta:1.050000e+00
2020-06-11 14:54:26,680 - DEBUG - fx_L1_mfista- itercount: 0, L: 6.715174e+01, eta:1.050000e+00
2020-06-11 14:54:26,686 - DEBUG - fx_L1_mfista- itercount: 0, L: 7.050932e+01, eta:1.050000e+00
2020-06-11 14:54:26,692 - DEBUG - fx_L1_mfista- itercount: 0, L: 7.403479e+01, eta:1.050000e+00
2020-06-11 14:54:26,698 - DEBUG - fx_L1_mfista- itercount: 0, L: 7.773653e+01, eta:1.050000e+00
2020-06-11 14:54:26,704 - DEBUG - fx_L1_mfista- itercount: 0, L: 8.162335e+01, eta:1.050000e+00
2020-06-11 14:54:26,710 - DEBUG - fx_L1_mfista- itercount: 0, L: 8.570452e+01, eta:1.050000e+00
2020-06-11 14:54:26,716 - DEBUG - fx_L1_mfista- itercount: 0, L: 8.998975e+01, eta:1.050000e+00
2020-06-11 14:54:26,722 - DEBUG - fx_L1_mfista- itercount: 0, L: 9.448924e+01, eta:1.050000e+00
2020-06-11 14:54:26,728 - DEBUG - fx_L1_mfista- itercount: 0, L: 9.921370e+01, eta:1.050000e+00
2020-06-11 14:54:26,734 - DEBUG - fx_L1_mfista- itercount: 0, L: 1.041744e+02, eta:1.050000e+00
2020-06-11 14:54:26,740 - DEBUG - fx_L1_mfista- itercount: 0, L: 1.093831e+02, eta:1.050000e+00
2020-06-11 14:54:26,746 - DEBUG - fx_L1_mfista- itercount: 0, L: 1.148523e+02, eta:1.050000e+00
2020-06-11 14:54:26,752 - DEBUG - fx_L1_mfista- itercount: 0, L: 1.205949e+02, eta:1.050000e+00
2020-06-11 14:54:26,758 - DEBUG - fx_L1_mfista- itercount: 0, L: 1.266246e+02, eta:1.050000e+00
2020-06-11 14:54:26,764 - DEBUG - fx_L1_mfista- itercount: 0, L: 1.329558e+02, eta:1.050000e+00
2020-06-11 14:54:26,770 - DEBUG - fx_L1_mfista- itercount: 0, L: 1.396036e+02, eta:1.050000e+00
2020-06-11 14:54:26,776 - DEBUG - fx_L1_mfista- itercount: 0, L: 1.465838e+02, eta:1.050000e+00
2020-06-11 14:54:26,782 - DEBUG - fx_L1_mfista- itercount: 0, L: 1.539130e+02, eta:1.050000e+00
2020-06-11 14:54:26,788 - DEBUG - fx_L1_mfista- itercount: 0, L: 1.616087e+02, eta:1.050000e+00
2020-06-11 14:54:26,794 - DEBUG - fx_L1_mfista- itercount: 0, L: 1.696891e+02, eta:1.050000e+00
2020-06-11 14:54:26,801 - DEBUG - fx_L1_mfista- itercount: 0, L: 1.781735e+02, eta:1.050000e+00
2020-06-11 14:54:26,807 - DEBUG - fx_L1_mfista- itercount: 0, L: 1.870822e+02, eta:1.050000e+00
2020-06-11 14:54:26,813 - DEBUG - fx_L1_mfista- itercount: 0, L: 1.964363e+02, eta:1.050000e+00
2020-06-11 14:54:26,819 - DEBUG - fx_L1_mfista- itercount: 0, L: 2.062582e+02, eta:1.050000e+00
2020-06-11 14:54:26,825 - DEBUG - fx_L1_mfista- itercount: 0, L: 2.165711e+02, eta:1.050000e+00
2020-06-11 14:54:26,831 - DEBUG - fx_L1_mfista- itercount: 0, L: 2.273996e+02, eta:1.050000e+00
2020-06-11 14:54:26,838 - DEBUG - fx_L1_mfista- itercount: 0, L: 2.387696e+02, eta:1.050000e+00
2020-06-11 14:54:26,844 - DEBUG - fx_L1_mfista- itercount: 0, L: 2.507081e+02, eta:1.050000e+00
2020-06-11 14:54:26,850 - DEBUG - fx_L1_mfista- itercount: 0, L: 2.632435e+02, eta:1.050000e+00
2020-06-11 14:54:26,856 - DEBUG - fx_L1_mfista- itercount: 0, L: 2.764057e+02, eta:1.050000e+00
2020-06-11 14:54:26,862 - DEBUG - fx_L1_mfista- itercount: 0, L: 2.902259e+02, eta:1.050000e+00
2020-06-11 14:54:26,868 - DEBUG - fx_L1_mfista- itercount: 0, L: 3.047372e+02, eta:1.050000e+00
2020-06-11 14:54:26,875 - DEBUG - fx_L1_mfista- itercount: 0, L: 3.199741e+02, eta:1.050000e+00
2020-06-11 14:54:26,881 - DEBUG - fx_L1_mfista- itercount: 0, L: 3.359728e+02, eta:1.050000e+00
2020-06-11 14:54:26,887 - DEBUG - fx_L1_mfista- itercount: 0, L: 3.527714e+02, eta:1.050000e+00
2020-06-11 14:54:26,893 - DEBUG - fx_L1_mfista- itercount: 0, L: 3.704100e+02, eta:1.050000e+00
2020-06-11 14:54:26,899 - DEBUG - fx_L1_mfista- itercount: 0, L: 3.889305e+02, eta:1.050000e+00
2020-06-11 14:54:26,905 - DEBUG - fx_L1_mfista- itercount: 0, L: 4.083770e+02, eta:1.050000e+00
2020-06-11 14:54:26,913 - DEBUG - fx_L1_mfista- itercount: 0, L: 4.287959e+02, eta:1.050000e+00
2020-06-11 14:54:26,919 - DEBUG - fx_L1_mfista- itercount: 0, L: 4.502357e+02, eta:1.050000e+00
2020-06-11 14:54:26,926 - DEBUG - fx_L1_mfista- itercount: 0, L: 4.727475e+02, eta:1.050000e+00
2020-06-11 14:54:26,934 - DEBUG - fx_L1_mfista- itercount: 0, L: 4.963848e+02, eta:1.050000e+00
2020-06-11 14:54:26,941 - DEBUG - fx_L1_mfista- itercount: 0, L: 5.212041e+02, eta:1.050000e+00
2020-06-11 14:54:26,947 - DEBUG - fx_L1_mfista- itercount: 0, L: 5.472643e+02, eta:1.050000e+00
2020-06-11 14:54:26,953 - DEBUG - fx_L1_mfista- itercount: 0, L: 5.746275e+02, eta:1.050000e+00
2020-06-11 14:54:26,959 - DEBUG - fx_L1_mfista- itercount: 0, L: 6.033589e+02, eta:1.050000e+00
2020-06-11 14:54:26,966 - DEBUG - fx_L1_mfista- itercount: 0, L: 6.335268e+02, eta:1.050000e+00
2020-06-11 14:54:26,972 - DEBUG - fx_L1_mfista- itercount: 0, L: 6.652032e+02, eta:1.050000e+00
2020-06-11 14:54:26,978 - DEBUG - fx_L1_mfista- itercount: 0, L: 6.984633e+02, eta:1.050000e+00
2020-06-11 14:54:26,985 - DEBUG - fx_L1_mfista- itercount: 0, L: 7.333865e+02, eta:1.050000e+00
2020-06-11 14:54:26,990 - DEBUG - fx_L1_mfista- itercount: 0, L: 7.700558e+02, eta:1.050000e+00
2020-06-11 14:54:26,996 - DEBUG - fx_L1_mfista- itercount: 0, L: 8.085586e+02, eta:1.050000e+00
2020-06-11 14:54:27,003 - DEBUG - fx_L1_mfista- itercount: 0, L: 8.489865e+02, eta:1.050000e+00
2020-06-11 14:54:27,009 - DEBUG - fx_L1_mfista- itercount: 0, L: 8.914358e+02, eta:1.050000e+00
2020-06-11 14:54:27,015 - DEBUG - fx_L1_mfista- itercount: 0, L: 9.360076e+02, eta:1.050000e+00
2020-06-11 14:54:27,022 - DEBUG - fx_L1_mfista- itercount: 0, L: 9.828080e+02, eta:1.050000e+00
2020-06-11 14:54:27,028 - DEBUG - fx_L1_mfista- itercount: 0, L: 1.031948e+03, eta:1.050000e+00
2020-06-11 14:54:27,035 - DEBUG - fx_L1_mfista- itercount: 0, L: 1.083546e+03, eta:1.050000e+00
2020-06-11 14:54:27,040 - DEBUG - fx_L1_mfista- itercount: 0, L: 1.137723e+03, eta:1.050000e+00
2020-06-11 14:54:27,047 - DEBUG - fx_L1_mfista- itercount: 0, L: 1.194609e+03, eta:1.050000e+00
2020-06-11 14:54:27,053 - DEBUG - fx_L1_mfista- itercount: 0, L: 1.254340e+03, eta:1.050000e+00
2020-06-11 14:54:27,059 - DEBUG - fx_L1_mfista- itercount: 0, L: 1.317057e+03, eta:1.050000e+00
2020-06-11 14:54:27,066 - DEBUG - fx_L1_mfista- itercount: 0, L: 1.382910e+03, eta:1.050000e+00
2020-06-11 14:54:27,072 - DEBUG - fx_L1_mfista- itercount: 0, L: 1.452055e+03, eta:1.050000e+00
2020-06-11 14:54:27,078 - DEBUG - fx_L1_mfista- itercount: 0, L: 1.524658e+03, eta:1.050000e+00
2020-06-11 14:54:27,085 - DEBUG - fx_L1_mfista- itercount: 0, L: 1.600891e+03, eta:1.050000e+00
2020-06-11 14:54:27,091 - DEBUG - fx_L1_mfista- itercount: 0, L: 1.680935e+03, eta:1.050000e+00
2020-06-11 14:54:27,097 - DEBUG - fx_L1_mfista- itercount: 0, L: 1.764982e+03, eta:1.050000e+00
2020-06-11 14:54:27,103 - DEBUG - fx_L1_mfista- itercount: 0, L: 1.853231e+03, eta:1.050000e+00
2020-06-11 14:54:27,109 - DEBUG - fx_L1_mfista- itercount: 0, L: 1.945893e+03, eta:1.050000e+00
2020-06-11 14:54:27,116 - DEBUG - fx_L1_mfista- itercount: 0, L: 2.043187e+03, eta:1.050000e+00
2020-06-11 14:54:27,123 - DEBUG - fx_L1_mfista- itercount: 0, L: 2.145347e+03, eta:1.050000e+00
2020-06-11 14:54:27,131 - DEBUG - fx_L1_mfista- itercount: 0, L: 2.252614e+03, eta:1.050000e+00
2020-06-11 14:54:27,141 - DEBUG - fx_L1_mfista- itercount: 0, L: 2.365245e+03, eta:1.050000e+00
2020-06-11 14:54:27,149 - DEBUG - fx_L1_mfista- itercount: 0, L: 2.483507e+03, eta:1.050000e+00
2020-06-11 14:54:27,155 - DEBUG - fx_L1_mfista- itercount: 0, L: 2.607682e+03, eta:1.050000e+00
2020-06-11 14:54:27,162 - DEBUG - fx_L1_mfista- itercount: 0, L: 2.738066e+03, eta:1.050000e+00
2020-06-11 14:54:27,168 - DEBUG - fx_L1_mfista- itercount: 0, L: 2.874970e+03, eta:1.050000e+00
2020-06-11 14:54:27,175 - DEBUG - fx_L1_mfista- itercount: 0, L: 3.018718e+03, eta:1.050000e+00
2020-06-11 14:54:27,181 - DEBUG - fx_L1_mfista- itercount: 0, L: 3.169654e+03, eta:1.050000e+00
2020-06-11 14:54:27,187 - DEBUG - fx_L1_mfista- itercount: 0, L: 3.328137e+03, eta:1.050000e+00
2020-06-11 14:54:27,193 - DEBUG - fx_L1_mfista- itercount: 0, L: 3.494544e+03, eta:1.050000e+00
2020-06-11 14:54:27,199 - DEBUG - fx_L1_mfista- itercount: 0, L: 3.669271e+03, eta:1.050000e+00
2020-06-11 14:54:27,205 - DEBUG - fx_L1_mfista- itercount: 0, L: 3.852734e+03, eta:1.050000e+00
2020-06-11 14:54:27,212 - DEBUG - fx_L1_mfista- itercount: 0, L: 4.045371e+03, eta:1.050000e+00
2020-06-11 14:54:27,217 - DEBUG - fx_L1_mfista- itercount: 0, L: 4.247640e+03, eta:1.050000e+00
2020-06-11 14:54:27,223 - DEBUG - fx_L1_mfista- itercount: 0, L: 4.460022e+03, eta:1.050000e+00
2020-06-11 14:54:27,229 - DEBUG - fx_L1_mfista- itercount: 0, L: 4.683023e+03, eta:1.050000e+00
2020-06-11 14:54:27,235 - DEBUG - fx_L1_mfista- itercount: 0, L: 4.917174e+03, eta:1.050000e+00
2020-06-11 14:54:27,241 - DEBUG - fx_L1_mfista- itercount: 0, L: 5.163033e+03, eta:1.050000e+00
2020-06-11 14:54:27,247 - DEBUG - fx_L1_mfista- itercount: 0, L: 5.421184e+03, eta:1.050000e+00
2020-06-11 14:54:27,253 - DEBUG - fx_L1_mfista- itercount: 0, L: 5.692243e+03, eta:1.050000e+00
2020-06-11 14:54:27,258 - DEBUG - fx_L1_mfista- itercount: 0, L: 5.976856e+03, eta:1.050000e+00
2020-06-11 14:54:27,264 - DEBUG - fx_L1_mfista- itercount: 0, L: 6.275698e+03, eta:1.050000e+00
2020-06-11 14:54:27,270 - DEBUG - fx_L1_mfista- itercount: 0, L: 6.589483e+03, eta:1.050000e+00
2020-06-11 14:54:27,276 - DEBUG - fx_L1_mfista- itercount: 0, L: 6.918957e+03, eta:1.050000e+00
2020-06-11 14:54:27,283 - DEBUG - fx_L1_mfista- itercount: 0, L: 7.264905e+03, eta:1.050000e+00
2020-06-11 14:54:27,289 - DEBUG - fx_L1_mfista- itercount: 0, L: 7.628151e+03, eta:1.050000e+00
2020-06-11 14:54:27,295 - DEBUG - fx_L1_mfista- itercount: 0, L: 8.009558e+03, eta:1.050000e+00
2020-06-11 14:54:27,301 - DEBUG - fx_L1_mfista- itercount: 0, L: 8.410036e+03, eta:1.050000e+00
2020-06-11 14:54:27,307 - DEBUG - fx_L1_mfista- itercount: 0, L: 8.830538e+03, eta:1.050000e+00
2020-06-11 14:54:27,313 - DEBUG - fx_L1_mfista- itercount: 0, L: 9.272065e+03, eta:1.050000e+00
2020-06-11 14:54:27,319 - DEBUG - fx_L1_mfista- itercount: 0, L: 9.735668e+03, eta:1.050000e+00
2020-06-11 14:54:27,325 - DEBUG - fx_L1_mfista- itercount: 0, L: 1.022245e+04, eta:1.050000e+00
2020-06-11 14:54:27,332 - DEBUG - fx_L1_mfista- itercount: 0, L: 1.073357e+04, eta:1.050000e+00
2020-06-11 14:54:27,338 - DEBUG - fx_L1_mfista- itercount: 0, L: 1.127025e+04, eta:1.050000e+00
2020-06-11 14:54:27,344 - DEBUG - fx_L1_mfista- itercount: 0, L: 1.183377e+04, eta:1.050000e+00
2020-06-11 14:54:27,350 - DEBUG - fx_L1_mfista- itercount: 0, L: 1.242545e+04, eta:1.050000e+00
2020-06-11 14:54:27,356 - DEBUG - fx_L1_mfista- itercount: 0, L: 1.304673e+04, eta:1.050000e+00
2020-06-11 14:54:27,362 - DEBUG - fx_L1_mfista- itercount: 0, L: 1.369906e+04, eta:1.050000e+00
2020-06-11 14:54:27,368 - DEBUG - fx_L1_mfista- itercount: 0, L: 1.438402e+04, eta:1.050000e+00
2020-06-11 14:54:27,374 - DEBUG - fx_L1_mfista- itercount: 0, L: 1.510322e+04, eta:1.050000e+00
2020-06-11 14:54:27,380 - DEBUG - fx_L1_mfista- itercount: 0, L: 1.585838e+04, eta:1.050000e+00
2020-06-11 14:54:27,386 - DEBUG - fx_L1_mfista- itercount: 0, L: 1.665130e+04, eta:1.050000e+00
2020-06-11 14:54:27,392 - DEBUG - fx_L1_mfista- itercount: 0, L: 1.748386e+04, eta:1.050000e+00
2020-06-11 14:54:27,398 - DEBUG - fx_L1_mfista- itercount: 0, L: 1.835805e+04, eta:1.050000e+00
2020-06-11 14:54:27,404 - DEBUG - fx_L1_mfista- itercount: 0, L: 1.927596e+04, eta:1.050000e+00
2020-06-11 14:54:27,410 - DEBUG - fx_L1_mfista- itercount: 0, L: 2.023975e+04, eta:1.050000e+00
2020-06-11 14:54:27,416 - DEBUG - fx_L1_mfista- itercount: 0, L: 2.125174e+04, eta:1.050000e+00
2020-06-11 14:54:27,421 - DEBUG - fx_L1_mfista- itercount: 0, L: 2.231433e+04, eta:1.050000e+00
2020-06-11 14:54:27,428 - DEBUG - fx_L1_mfista- itercount: 0, L: 2.343005e+04, eta:1.050000e+00
2020-06-11 14:54:27,434 - DEBUG - fx_L1_mfista- itercount: 0, L: 2.460155e+04, eta:1.050000e+00
2020-06-11 14:54:27,440 - DEBUG - fx_L1_mfista- itercount: 0, L: 2.583163e+04, eta:1.050000e+00
2020-06-11 14:54:27,446 - DEBUG - fx_L1_mfista- itercount: 0, L: 2.712321e+04, eta:1.050000e+00
2020-06-11 14:54:27,452 - DEBUG - fx_L1_mfista- itercount: 0, L: 2.847937e+04, eta:1.050000e+00
2020-06-11 14:54:27,458 - DEBUG - fx_L1_mfista- itercount: 0, L: 2.990334e+04, eta:1.050000e+00
2020-06-11 14:54:27,464 - DEBUG - fx_L1_mfista- itercount: 0, L: 3.139850e+04, eta:1.050000e+00
2020-06-11 14:54:27,470 - DEBUG - fx_L1_mfista- itercount: 0, L: 3.296843e+04, eta:1.050000e+00
2020-06-11 14:54:27,476 - DEBUG - fx_L1_mfista- itercount: 0, L: 3.461685e+04, eta:1.050000e+00
2020-06-11 14:54:27,482 - DEBUG - fx_L1_mfista- itercount: 0, L: 3.634769e+04, eta:1.050000e+00
2020-06-11 14:54:27,488 - DEBUG - fx_L1_mfista- itercount: 0, L: 3.816508e+04, eta:1.050000e+00
2020-06-11 14:54:27,494 - DEBUG - fx_L1_mfista- itercount: 0, L: 4.007333e+04, eta:1.050000e+00
2020-06-11 14:54:27,500 - DEBUG - fx_L1_mfista- itercount: 0, L: 4.207700e+04, eta:1.050000e+00
2020-06-11 14:54:27,506 - DEBUG - fx_L1_mfista- itercount: 0, L: 4.418085e+04, eta:1.050000e+00
2020-06-11 14:54:27,512 - DEBUG - fx_L1_mfista- itercount: 0, L: 4.638989e+04, eta:1.050000e+00
2020-06-11 14:54:27,519 - DEBUG - fx_L1_mfista- itercount: 0, L: 4.870938e+04, eta:1.050000e+00
2020-06-11 14:54:27,525 - DEBUG - fx_L1_mfista- itercount: 0, L: 5.114485e+04, eta:1.050000e+00
2020-06-11 14:54:27,530 - DEBUG - fx_L1_mfista- itercount: 0, L: 5.370209e+04, eta:1.050000e+00
2020-06-11 14:54:27,536 - DEBUG - fx_L1_mfista- itercount: 0, L: 5.638720e+04, eta:1.050000e+00
2020-06-11 14:54:27,542 - DEBUG - fx_L1_mfista- itercount: 0, L: 5.920656e+04, eta:1.050000e+00
2020-06-11 14:54:27,548 - DEBUG - fx_L1_mfista- itercount: 0, L: 6.216689e+04, eta:1.050000e+00
2020-06-11 14:54:27,554 - DEBUG - fx_L1_mfista- itercount: 0, L: 6.527523e+04, eta:1.050000e+00
2020-06-11 14:54:27,560 - DEBUG - fx_L1_mfista- itercount: 0, L: 6.853899e+04, eta:1.050000e+00
2020-06-11 14:54:27,566 - DEBUG - fx_L1_mfista- itercount: 0, L: 7.196594e+04, eta:1.050000e+00
2020-06-11 14:54:27,572 - DEBUG - fx_L1_mfista- itercount: 0, L: 7.556424e+04, eta:1.050000e+00
2020-06-11 14:54:27,578 - DEBUG - fx_L1_mfista- itercount: 0, L: 7.934245e+04, eta:1.050000e+00
2020-06-11 14:54:27,584 - DEBUG - fx_L1_mfista- itercount: 0, L: 8.330957e+04, eta:1.050000e+00
2020-06-11 14:54:27,590 - DEBUG - fx_L1_mfista- itercount: 0, L: 8.747505e+04, eta:1.050000e+00
2020-06-11 14:54:27,596 - DEBUG - fx_L1_mfista- itercount: 0, L: 9.184880e+04, eta:1.050000e+00
2020-06-11 14:54:27,603 - DEBUG - fx_L1_mfista- itercount: 0, L: 9.644124e+04, eta:1.050000e+00
2020-06-11 14:54:27,619 - DEBUG - fx_L1_mfista- itercount: 1, L: 9.184880e+04, eta:1.050000e+00
2020-06-11 14:54:27,626 - DEBUG - fx_L1_mfista- itercount: 1, L: 9.644124e+04, eta:1.050000e+00
2020-06-11 14:54:27,643 - DEBUG - fx_L1_mfista- itercount: 2, L: 9.184880e+04, eta:1.050000e+00
2020-06-11 14:54:27,649 - DEBUG - fx_L1_mfista- itercount: 2, L: 9.644124e+04, eta:1.050000e+00
2020-06-11 14:54:27,655 - DEBUG - fx_L1_mfista- itercount: 2, L: 1.012633e+05, eta:1.050000e+00
2020-06-11 14:54:27,662 - DEBUG - fx_L1_mfista- itercount: 2, L: 1.063265e+05, eta:1.050000e+00
2020-06-11 14:54:27,669 - DEBUG - fx_L1_mfista- itercount: 2, L: 1.116428e+05, eta:1.050000e+00
2020-06-11 14:54:27,676 - DEBUG - fx_L1_mfista- itercount: 2, L: 1.172249e+05, eta:1.050000e+00
2020-06-11 14:54:27,683 - DEBUG - fx_L1_mfista- itercount: 2, L: 1.230862e+05, eta:1.050000e+00
2020-06-11 14:54:27,689 - DEBUG - fx_L1_mfista- itercount: 2, L: 1.292405e+05, eta:1.050000e+00
2020-06-11 14:54:27,706 - DEBUG - fx_L1_mfista- itercount: 3, L: 1.230862e+05, eta:1.050000e+00
2020-06-11 14:54:27,722 - DEBUG - fx_L1_mfista- itercount: 4, L: 1.172249e+05, eta:1.050000e+00
2020-06-11 14:54:27,737 - DEBUG - fx_L1_mfista- itercount: 5, L: 1.116428e+05, eta:1.050000e+00
2020-06-11 14:54:27,755 - DEBUG - fx_L1_mfista- itercount: 6, L: 1.063265e+05, eta:1.050000e+00
2020-06-11 14:54:27,775 - DEBUG - fx_L1_mfista- itercount: 7, L: 1.012633e+05, eta:1.050000e+00
2020-06-11 14:54:27,794 - DEBUG - fx_L1_mfista- itercount: 8, L: 9.644124e+04, eta:1.050000e+00
2020-06-11 14:54:27,811 - DEBUG - fx_L1_mfista- itercount: 9, L: 9.184880e+04, eta:1.050000e+00
2020-06-11 14:54:27,826 - DEBUG - fx_L1_mfista- itercount: 10, L: 8.747505e+04, eta:1.050000e+00
2020-06-11 14:54:27,843 - DEBUG - fx_L1_mfista- itercount: 11, L: 8.330957e+04, eta:1.050000e+00
2020-06-11 14:54:27,859 - DEBUG - fx_L1_mfista- itercount: 12, L: 7.934245e+04, eta:1.050000e+00
2020-06-11 14:54:27,874 - DEBUG - fx_L1_mfista- itercount: 13, L: 7.556424e+04, eta:1.050000e+00
2020-06-11 14:54:27,891 - DEBUG - fx_L1_mfista- itercount: 14, L: 7.196594e+04, eta:1.050000e+00
2020-06-11 14:54:27,906 - DEBUG - fx_L1_mfista- itercount: 15, L: 6.853899e+04, eta:1.050000e+00
2020-06-11 14:54:27,922 - DEBUG - fx_L1_mfista- itercount: 16, L: 6.527523e+04, eta:1.050000e+00
2020-06-11 14:54:27,939 - DEBUG - fx_L1_mfista- itercount: 17, L: 6.216689e+04, eta:1.050000e+00
2020-06-11 14:54:27,955 - DEBUG - fx_L1_mfista- itercount: 18, L: 5.920656e+04, eta:1.050000e+00
2020-06-11 14:54:27,970 - DEBUG - fx_L1_mfista- itercount: 19, L: 5.638720e+04, eta:1.050000e+00
2020-06-11 14:54:27,987 - DEBUG - fx_L1_mfista- itercount: 20, L: 5.370209e+04, eta:1.050000e+00
2020-06-11 14:54:28,003 - DEBUG - fx_L1_mfista- itercount: 21, L: 5.114485e+04, eta:1.050000e+00
2020-06-11 14:54:28,025 - DEBUG - fx_L1_mfista- itercount: 22, L: 4.870938e+04, eta:1.050000e+00
2020-06-11 14:54:28,043 - DEBUG - fx_L1_mfista- itercount: 23, L: 4.638989e+04, eta:1.050000e+00
2020-06-11 14:54:28,058 - DEBUG - fx_L1_mfista- itercount: 24, L: 4.418085e+04, eta:1.050000e+00
2020-06-11 14:54:28,066 - DEBUG - fx_L1_mfista- itercount: 24, L: 4.638989e+04, eta:1.050000e+00
2020-06-11 14:54:28,072 - DEBUG - fx_L1_mfista- itercount: 24, L: 4.870938e+04, eta:1.050000e+00
2020-06-11 14:54:28,078 - DEBUG - fx_L1_mfista- itercount: 24, L: 5.114485e+04, eta:1.050000e+00
2020-06-11 14:54:28,086 - DEBUG - fx_L1_mfista- itercount: 24, L: 5.370209e+04, eta:1.050000e+00
2020-06-11 14:54:28,092 - DEBUG - fx_L1_mfista- itercount: 24, L: 5.638720e+04, eta:1.050000e+00
2020-06-11 14:54:28,098 - DEBUG - fx_L1_mfista- itercount: 24, L: 5.920656e+04, eta:1.050000e+00
2020-06-11 14:54:28,106 - DEBUG - fx_L1_mfista- itercount: 24, L: 6.216689e+04, eta:1.050000e+00
2020-06-11 14:54:28,112 - DEBUG - fx_L1_mfista- itercount: 24, L: 6.527523e+04, eta:1.050000e+00
2020-06-11 14:54:28,119 - DEBUG - fx_L1_mfista- itercount: 24, L: 6.853899e+04, eta:1.050000e+00
2020-06-11 14:54:28,125 - DEBUG - fx_L1_mfista- itercount: 24, L: 7.196594e+04, eta:1.050000e+00
2020-06-11 14:54:28,132 - DEBUG - fx_L1_mfista- itercount: 24, L: 7.556424e+04, eta:1.050000e+00
2020-06-11 14:54:28,149 - DEBUG - fx_L1_mfista- itercount: 25, L: 7.196594e+04, eta:1.050000e+00
2020-06-11 14:54:28,156 - DEBUG - fx_L1_mfista- itercount: 25, L: 7.556424e+04, eta:1.050000e+00
2020-06-11 14:54:28,171 - DEBUG - fx_L1_mfista- itercount: 26, L: 7.196594e+04, eta:1.050000e+00
2020-06-11 14:54:28,186 - DEBUG - fx_L1_mfista- itercount: 27, L: 6.853899e+04, eta:1.050000e+00
2020-06-11 14:54:28,203 - DEBUG - fx_L1_mfista- itercount: 28, L: 6.527523e+04, eta:1.050000e+00
2020-06-11 14:54:28,218 - DEBUG - fx_L1_mfista- itercount: 29, L: 6.216689e+04, eta:1.050000e+00
2020-06-11 14:54:28,225 - DEBUG - fx_L1_mfista- itercount: 29, L: 6.527523e+04, eta:1.050000e+00
2020-06-11 14:54:28,242 - DEBUG - fx_L1_mfista- itercount: 30, L: 6.216689e+04, eta:1.050000e+00
2020-06-11 14:54:28,249 - DEBUG - fx_L1_mfista- itercount: 30, L: 6.527523e+04, eta:1.050000e+00
2020-06-11 14:54:28,255 - DEBUG - fx_L1_mfista- itercount: 30, L: 6.853899e+04, eta:1.050000e+00
2020-06-11 14:54:28,272 - DEBUG - fx_L1_mfista- itercount: 31, L: 6.527523e+04, eta:1.050000e+00
2020-06-11 14:54:28,278 - DEBUG - fx_L1_mfista- itercount: 31, L: 6.853899e+04, eta:1.050000e+00
2020-06-11 14:54:28,293 - DEBUG - fx_L1_mfista- itercount: 32, L: 6.527523e+04, eta:1.050000e+00
2020-06-11 14:54:28,308 - DEBUG - fx_L1_mfista- itercount: 33, L: 6.216689e+04, eta:1.050000e+00
2020-06-11 14:54:28,326 - DEBUG - fx_L1_mfista- itercount: 34, L: 5.920656e+04, eta:1.050000e+00
2020-06-11 14:54:28,332 - DEBUG - fx_L1_mfista- itercount: 34, L: 6.216689e+04, eta:1.050000e+00
2020-06-11 14:54:28,348 - DEBUG - fx_L1_mfista- itercount: 35, L: 5.920656e+04, eta:1.050000e+00
2020-06-11 14:54:28,354 - DEBUG - fx_L1_mfista- itercount: 35, L: 6.216689e+04, eta:1.050000e+00
2020-06-11 14:54:28,360 - DEBUG - fx_L1_mfista- itercount: 35, L: 6.527523e+04, eta:1.050000e+00
2020-06-11 14:54:28,374 - DEBUG - fx_L1_mfista- itercount: 36, L: 6.216689e+04, eta:1.050000e+00
2020-06-11 14:54:28,389 - DEBUG - fx_L1_mfista- itercount: 37, L: 5.920656e+04, eta:1.050000e+00
2020-06-11 14:54:28,404 - DEBUG - fx_L1_mfista- itercount: 38, L: 5.638720e+04, eta:1.050000e+00
2020-06-11 14:54:28,418 - DEBUG - fx_L1_mfista- itercount: 39, L: 5.370209e+04, eta:1.050000e+00
2020-06-11 14:54:28,433 - DEBUG - fx_L1_mfista- itercount: 40, L: 5.114485e+04, eta:1.050000e+00
2020-06-11 14:54:28,438 - DEBUG - fx_L1_mfista- itercount: 40, L: 5.370209e+04, eta:1.050000e+00
2020-06-11 14:54:28,444 - DEBUG - fx_L1_mfista- itercount: 40, L: 5.638720e+04, eta:1.050000e+00
2020-06-11 14:54:28,458 - DEBUG - fx_L1_mfista- itercount: 41, L: 5.370209e+04, eta:1.050000e+00
2020-06-11 14:54:28,464 - DEBUG - fx_L1_mfista- itercount: 41, L: 5.638720e+04, eta:1.050000e+00
2020-06-11 14:54:28,470 - DEBUG - fx_L1_mfista- itercount: 41, L: 5.920656e+04, eta:1.050000e+00
2020-06-11 14:54:28,485 - DEBUG - fx_L1_mfista- itercount: 42, L: 5.638720e+04, eta:1.050000e+00
2020-06-11 14:54:28,498 - DEBUG - fx_L1_mfista- itercount: 43, L: 5.370209e+04, eta:1.050000e+00
2020-06-11 14:54:28,504 - DEBUG - fx_L1_mfista- itercount: 43, L: 5.638720e+04, eta:1.050000e+00
2020-06-11 14:54:28,520 - DEBUG - fx_L1_mfista- itercount: 44, L: 5.370209e+04, eta:1.050000e+00
2020-06-11 14:54:28,534 - DEBUG - fx_L1_mfista- itercount: 45, L: 5.114485e+04, eta:1.050000e+00
2020-06-11 14:54:28,539 - DEBUG - fx_L1_mfista- itercount: 45, L: 5.370209e+04, eta:1.050000e+00
2020-06-11 14:54:28,554 - DEBUG - fx_L1_mfista- itercount: 46, L: 5.114485e+04, eta:1.050000e+00
2020-06-11 14:54:28,560 - DEBUG - fx_L1_mfista- itercount: 46, L: 5.370209e+04, eta:1.050000e+00
2020-06-11 14:54:28,575 - DEBUG - fx_L1_mfista- itercount: 47, L: 5.114485e+04, eta:1.050000e+00
2020-06-11 14:54:28,581 - DEBUG - fx_L1_mfista- itercount: 47, L: 5.370209e+04, eta:1.050000e+00
2020-06-11 14:54:28,595 - DEBUG - fx_L1_mfista- itercount: 48, L: 5.114485e+04, eta:1.050000e+00
2020-06-11 14:54:28,601 - DEBUG - fx_L1_mfista- itercount: 48, L: 5.370209e+04, eta:1.050000e+00
2020-06-11 14:54:28,616 - DEBUG - fx_L1_mfista- itercount: 49, L: 5.114485e+04, eta:1.050000e+00
2020-06-11 14:54:28,629 - DEBUG - fx_L1_mfista- iternum:50, L: 5.114485e+04, F_xk: 7.092679e+00, chi:5.721760e+06, reg: 3.193973e+05, rela_err:5.643306e-05
2020-06-11 14:54:28,648 - DEBUG - fx_L1_mfista- itercount: 50, L: 4.870938e+04, eta:1.050000e+00
2020-06-11 14:54:28,656 - DEBUG - fx_L1_mfista- itercount: 50, L: 5.114485e+04, eta:1.050000e+00
2020-06-11 14:54:28,670 - DEBUG - fx_L1_mfista- itercount: 51, L: 4.870938e+04, eta:1.050000e+00
2020-06-11 14:54:28,676 - DEBUG - fx_L1_mfista- itercount: 51, L: 5.114485e+04, eta:1.050000e+00
2020-06-11 14:54:28,692 - DEBUG - fx_L1_mfista- itercount: 52, L: 4.870938e+04, eta:1.050000e+00
2020-06-11 14:54:28,699 - DEBUG - fx_L1_mfista- itercount: 52, L: 5.114485e+04, eta:1.050000e+00
2020-06-11 14:54:28,706 - DEBUG - fx_L1_mfista- itercount: 52, L: 5.370209e+04, eta:1.050000e+00
2020-06-11 14:54:28,720 - DEBUG - fx_L1_mfista- itercount: 53, L: 5.114485e+04, eta:1.050000e+00
2020-06-11 14:54:28,737 - DEBUG - fx_L1_mfista- itercount: 54, L: 4.870938e+04, eta:1.050000e+00
2020-06-11 14:54:28,752 - DEBUG - fx_L1_mfista- itercount: 55, L: 4.638989e+04, eta:1.050000e+00
2020-06-11 14:54:28,758 - DEBUG - fx_L1_mfista- itercount: 55, L: 4.870938e+04, eta:1.050000e+00
2020-06-11 14:54:28,773 - DEBUG - fx_L1_mfista- itercount: 56, L: 4.638989e+04, eta:1.050000e+00
2020-06-11 14:54:28,781 - DEBUG - fx_L1_mfista- itercount: 56, L: 4.870938e+04, eta:1.050000e+00
2020-06-11 14:54:28,797 - DEBUG - fx_L1_mfista- itercount: 57, L: 4.638989e+04, eta:1.050000e+00
2020-06-11 14:54:28,803 - DEBUG - fx_L1_mfista- itercount: 57, L: 4.870938e+04, eta:1.050000e+00
2020-06-11 14:54:28,809 - DEBUG - fx_L1_mfista- itercount: 57, L: 5.114485e+04, eta:1.050000e+00
2020-06-11 14:54:28,816 - DEBUG - fx_L1_mfista- itercount: 57, L: 5.370209e+04, eta:1.050000e+00
2020-06-11 14:54:28,833 - DEBUG - fx_L1_mfista- itercount: 58, L: 5.114485e+04, eta:1.050000e+00
2020-06-11 14:54:28,847 - DEBUG - fx_L1_mfista- itercount: 59, L: 4.870938e+04, eta:1.050000e+00
2020-06-11 14:54:28,863 - DEBUG - fx_L1_mfista- itercount: 60, L: 4.638989e+04, eta:1.050000e+00
2020-06-11 14:54:28,879 - DEBUG - fx_L1_mfista- itercount: 61, L: 4.418085e+04, eta:1.050000e+00
2020-06-11 14:54:28,893 - DEBUG - fx_L1_mfista- itercount: 62, L: 4.207700e+04, eta:1.050000e+00
2020-06-11 14:54:28,899 - DEBUG - fx_L1_mfista- itercount: 62, L: 4.418085e+04, eta:1.050000e+00
2020-06-11 14:54:28,916 - DEBUG - fx_L1_mfista- itercount: 63, L: 4.207700e+04, eta:1.050000e+00
2020-06-11 14:54:28,923 - DEBUG - fx_L1_mfista- itercount: 63, L: 4.418085e+04, eta:1.050000e+00
2020-06-11 14:54:28,929 - DEBUG - fx_L1_mfista- itercount: 63, L: 4.638989e+04, eta:1.050000e+00
2020-06-11 14:54:28,935 - DEBUG - fx_L1_mfista- itercount: 63, L: 4.870938e+04, eta:1.050000e+00
2020-06-11 14:54:28,941 - DEBUG - fx_L1_mfista- itercount: 63, L: 5.114485e+04, eta:1.050000e+00
2020-06-11 14:54:28,957 - DEBUG - fx_L1_mfista- itercount: 64, L: 4.870938e+04, eta:1.050000e+00
2020-06-11 14:54:28,972 - DEBUG - fx_L1_mfista- itercount: 65, L: 4.638989e+04, eta:1.050000e+00
2020-06-11 14:54:28,988 - DEBUG - fx_L1_mfista- itercount: 66, L: 4.418085e+04, eta:1.050000e+00
2020-06-11 14:54:28,993 - DEBUG - fx_L1_mfista- itercount: 66, L: 4.638989e+04, eta:1.050000e+00
2020-06-11 14:54:29,009 - DEBUG - fx_L1_mfista- itercount: 67, L: 4.418085e+04, eta:1.050000e+00
2020-06-11 14:54:29,015 - DEBUG - fx_L1_mfista- itercount: 67, L: 4.638989e+04, eta:1.050000e+00
2020-06-11 14:54:29,021 - DEBUG - fx_L1_mfista- itercount: 67, L: 4.870938e+04, eta:1.050000e+00
2020-06-11 14:54:29,039 - DEBUG - fx_L1_mfista- itercount: 68, L: 4.638989e+04, eta:1.050000e+00
2020-06-11 14:54:29,054 - DEBUG - fx_L1_mfista- itercount: 69, L: 4.418085e+04, eta:1.050000e+00
2020-06-11 14:54:29,060 - DEBUG - fx_L1_mfista- itercount: 69, L: 4.638989e+04, eta:1.050000e+00
2020-06-11 14:54:29,074 - DEBUG - fx_L1_mfista- itercount: 70, L: 4.418085e+04, eta:1.050000e+00
2020-06-11 14:54:29,081 - DEBUG - fx_L1_mfista- itercount: 70, L: 4.638989e+04, eta:1.050000e+00
2020-06-11 14:54:29,096 - DEBUG - fx_L1_mfista- itercount: 71, L: 4.418085e+04, eta:1.050000e+00
2020-06-11 14:54:29,111 - DEBUG - fx_L1_mfista- itercount: 72, L: 4.207700e+04, eta:1.050000e+00
2020-06-11 14:54:29,127 - DEBUG - fx_L1_mfista- itercount: 73, L: 4.007333e+04, eta:1.050000e+00
2020-06-11 14:54:29,135 - DEBUG - fx_L1_mfista- itercount: 73, L: 4.207700e+04, eta:1.050000e+00
2020-06-11 14:54:29,141 - DEBUG - fx_L1_mfista- itercount: 73, L: 4.418085e+04, eta:1.050000e+00
2020-06-11 14:54:29,146 - DEBUG - fx_L1_mfista- itercount: 73, L: 4.638989e+04, eta:1.050000e+00
2020-06-11 14:54:29,152 - DEBUG - fx_L1_mfista- itercount: 73, L: 4.870938e+04, eta:1.050000e+00
2020-06-11 14:54:29,168 - DEBUG - fx_L1_mfista- itercount: 74, L: 4.638989e+04, eta:1.050000e+00
2020-06-11 14:54:29,184 - DEBUG - fx_L1_mfista- itercount: 75, L: 4.418085e+04, eta:1.050000e+00
2020-06-11 14:54:29,198 - DEBUG - fx_L1_mfista- itercount: 76, L: 4.207700e+04, eta:1.050000e+00
2020-06-11 14:54:29,216 - DEBUG - fx_L1_mfista- itercount: 77, L: 4.007333e+04, eta:1.050000e+00
2020-06-11 14:54:29,231 - DEBUG - fx_L1_mfista- itercount: 78, L: 3.816508e+04, eta:1.050000e+00
2020-06-11 14:54:29,238 - DEBUG - fx_L1_mfista- itercount: 78, L: 4.007333e+04, eta:1.050000e+00
2020-06-11 14:54:29,252 - DEBUG - fx_L1_mfista- itercount: 79, L: 3.816508e+04, eta:1.050000e+00
2020-06-11 14:54:29,259 - DEBUG - fx_L1_mfista- itercount: 79, L: 4.007333e+04, eta:1.050000e+00
2020-06-11 14:54:29,267 - DEBUG - fx_L1_mfista- itercount: 79, L: 4.207700e+04, eta:1.050000e+00
2020-06-11 14:54:29,282 - DEBUG - fx_L1_mfista- itercount: 80, L: 4.007333e+04, eta:1.050000e+00
2020-06-11 14:54:29,288 - DEBUG - fx_L1_mfista- itercount: 80, L: 4.207700e+04, eta:1.050000e+00
2020-06-11 14:54:29,294 - DEBUG - fx_L1_mfista- itercount: 80, L: 4.418085e+04, eta:1.050000e+00
2020-06-11 14:54:29,301 - DEBUG - fx_L1_mfista- itercount: 80, L: 4.638989e+04, eta:1.050000e+00
2020-06-11 14:54:29,318 - DEBUG - fx_L1_mfista- itercount: 81, L: 4.418085e+04, eta:1.050000e+00
2020-06-11 14:54:29,333 - DEBUG - fx_L1_mfista- itercount: 82, L: 4.207700e+04, eta:1.050000e+00
2020-06-11 14:54:29,351 - DEBUG - fx_L1_mfista- itercount: 83, L: 4.007333e+04, eta:1.050000e+00
2020-06-11 14:54:29,365 - DEBUG - fx_L1_mfista- itercount: 84, L: 3.816508e+04, eta:1.050000e+00
2020-06-11 14:54:29,382 - DEBUG - fx_L1_mfista- itercount: 85, L: 3.634769e+04, eta:1.050000e+00
2020-06-11 14:54:29,397 - DEBUG - fx_L1_mfista- itercount: 86, L: 3.461685e+04, eta:1.050000e+00
2020-06-11 14:54:29,411 - DEBUG - fx_L1_mfista- itercount: 87, L: 3.296843e+04, eta:1.050000e+00
2020-06-11 14:54:29,428 - DEBUG - fx_L1_mfista- itercount: 88, L: 3.139850e+04, eta:1.050000e+00
2020-06-11 14:54:29,443 - DEBUG - fx_L1_mfista- itercount: 89, L: 2.990334e+04, eta:1.050000e+00
2020-06-11 14:54:29,449 - DEBUG - fx_L1_mfista- itercount: 89, L: 3.139850e+04, eta:1.050000e+00
2020-06-11 14:54:29,455 - DEBUG - fx_L1_mfista- itercount: 89, L: 3.296843e+04, eta:1.050000e+00
2020-06-11 14:54:29,462 - DEBUG - fx_L1_mfista- itercount: 89, L: 3.461685e+04, eta:1.050000e+00
2020-06-11 14:54:29,470 - DEBUG - fx_L1_mfista- itercount: 89, L: 3.634769e+04, eta:1.050000e+00
2020-06-11 14:54:29,477 - DEBUG - fx_L1_mfista- itercount: 89, L: 3.816508e+04, eta:1.050000e+00
2020-06-11 14:54:29,485 - DEBUG - fx_L1_mfista- itercount: 89, L: 4.007333e+04, eta:1.050000e+00
2020-06-11 14:54:29,491 - DEBUG - fx_L1_mfista- itercount: 89, L: 4.207700e+04, eta:1.050000e+00
2020-06-11 14:54:29,510 - DEBUG - fx_L1_mfista- itercount: 90, L: 4.007333e+04, eta:1.050000e+00
2020-06-11 14:54:29,517 - DEBUG - fx_L1_mfista- itercount: 90, L: 4.207700e+04, eta:1.050000e+00
2020-06-11 14:54:29,534 - DEBUG - fx_L1_mfista- itercount: 91, L: 4.007333e+04, eta:1.050000e+00
2020-06-11 14:54:29,552 - DEBUG - fx_L1_mfista- itercount: 92, L: 3.816508e+04, eta:1.050000e+00
2020-06-11 14:54:29,560 - DEBUG - fx_L1_mfista- itercount: 92, L: 4.007333e+04, eta:1.050000e+00
2020-06-11 14:54:29,577 - DEBUG - fx_L1_mfista- itercount: 93, L: 3.816508e+04, eta:1.050000e+00
2020-06-11 14:54:29,584 - DEBUG - fx_L1_mfista- itercount: 93, L: 4.007333e+04, eta:1.050000e+00
2020-06-11 14:54:29,593 - DEBUG - fx_L1_mfista- itercount: 93, L: 4.207700e+04, eta:1.050000e+00
2020-06-11 14:54:29,611 - DEBUG - fx_L1_mfista- itercount: 94, L: 4.007333e+04, eta:1.050000e+00
2020-06-11 14:54:29,627 - DEBUG - fx_L1_mfista- itercount: 95, L: 3.816508e+04, eta:1.050000e+00
2020-06-11 14:54:29,635 - DEBUG - fx_L1_mfista- itercount: 95, L: 4.007333e+04, eta:1.050000e+00
2020-06-11 14:54:29,641 - DEBUG - fx_L1_mfista- itercount: 95, L: 4.207700e+04, eta:1.050000e+00
2020-06-11 14:54:29,657 - DEBUG - fx_L1_mfista- itercount: 96, L: 4.007333e+04, eta:1.050000e+00
2020-06-11 14:54:29,672 - DEBUG - fx_L1_mfista- itercount: 97, L: 3.816508e+04, eta:1.050000e+00
2020-06-11 14:54:29,678 - DEBUG - fx_L1_mfista- itercount: 97, L: 4.007333e+04, eta:1.050000e+00
2020-06-11 14:54:29,685 - DEBUG - fx_L1_mfista- itercount: 97, L: 4.207700e+04, eta:1.050000e+00
2020-06-11 14:54:29,700 - DEBUG - fx_L1_mfista- itercount: 98, L: 4.007333e+04, eta:1.050000e+00
2020-06-11 14:54:29,715 - DEBUG - fx_L1_mfista- itercount: 99, L: 3.816508e+04, eta:1.050000e+00
2020-06-11 14:54:29,721 - DEBUG - fx_L1_mfista- itercount: 99, L: 4.007333e+04, eta:1.050000e+00
2020-06-11 14:54:29,727 - DEBUG - fx_L1_mfista- itercount: 99, L: 4.207700e+04, eta:1.050000e+00
2020-06-11 14:54:29,741 - DEBUG - fx_L1_mfista- iternum:100, L: 4.207700e+04, F_xk: 7.085926e+00, chi:5.723099e+06, reg: 3.657553e+05, rela_err:2.073675e-07
2020-06-11 14:54:29,762 - DEBUG - fx_L1_mfista- itercount: 100, L: 4.007333e+04, eta:1.050000e+00
2020-06-11 14:54:29,779 - DEBUG - fx_L1_mfista- itercount: 101, L: 3.816508e+04, eta:1.050000e+00
2020-06-11 14:54:29,785 - DEBUG - fx_L1_mfista- itercount: 101, L: 4.007333e+04, eta:1.050000e+00
2020-06-11 14:54:29,791 - DEBUG - fx_L1_mfista- itercount: 101, L: 4.207700e+04, eta:1.050000e+00
2020-06-11 14:54:29,807 - DEBUG - fx_L1_mfista- itercount: 102, L: 4.007333e+04, eta:1.050000e+00
2020-06-11 14:54:29,823 - DEBUG - fx_L1_mfista- itercount: 103, L: 3.816508e+04, eta:1.050000e+00
2020-06-11 14:54:29,830 - DEBUG - fx_L1_mfista- itercount: 103, L: 4.007333e+04, eta:1.050000e+00
2020-06-11 14:54:29,836 - DEBUG - fx_L1_mfista- itercount: 103, L: 4.207700e+04, eta:1.050000e+00
2020-06-11 14:54:29,851 - DEBUG - fx_L1_mfista- itercount: 104, L: 4.007333e+04, eta:1.050000e+00
2020-06-11 14:54:29,857 - DEBUG - fx_L1_mfista- itercount: 104, L: 4.207700e+04, eta:1.050000e+00
2020-06-11 14:54:29,873 - DEBUG - fx_L1_mfista- itercount: 105, L: 4.007333e+04, eta:1.050000e+00
2020-06-11 14:54:29,888 - DEBUG - fx_L1_mfista- itercount: 106, L: 3.816508e+04, eta:1.050000e+00
2020-06-11 14:54:29,895 - DEBUG - fx_L1_mfista- itercount: 106, L: 4.007333e+04, eta:1.050000e+00
2020-06-11 14:54:29,903 - DEBUG - fx_L1_mfista- itercount: 106, L: 4.207700e+04, eta:1.050000e+00
2020-06-11 14:54:29,917 - DEBUG - fx_L1_mfista- itercount: 107, L: 4.007333e+04, eta:1.050000e+00
2020-06-11 14:54:29,933 - DEBUG - fx_L1_mfista- itercount: 108, L: 3.816508e+04, eta:1.050000e+00
2020-06-11 14:54:29,939 - DEBUG - fx_L1_mfista- itercount: 108, L: 4.007333e+04, eta:1.050000e+00
2020-06-11 14:54:29,945 - DEBUG - fx_L1_mfista- itercount: 108, L: 4.207700e+04, eta:1.050000e+00
2020-06-11 14:54:29,961 - DEBUG - fx_L1_mfista- itercount: 109, L: 4.007333e+04, eta:1.050000e+00
2020-06-11 14:54:29,967 - DEBUG - fx_L1_mfista- itercount: 109, L: 4.207700e+04, eta:1.050000e+00
2020-06-11 14:54:29,983 - DEBUG - fx_L1_mfista- itercount: 110, L: 4.007333e+04, eta:1.050000e+00
2020-06-11 14:54:29,998 - DEBUG - fx_L1_mfista- itercount: 111, L: 3.816508e+04, eta:1.050000e+00
2020-06-11 14:54:30,003 - DEBUG - fx_L1_mfista- itercount: 111, L: 4.007333e+04, eta:1.050000e+00
2020-06-11 14:54:30,009 - DEBUG - fx_L1_mfista- itercount: 111, L: 4.207700e+04, eta:1.050000e+00
2020-06-11 14:54:30,026 - DEBUG - fx_L1_mfista- itercount: 112, L: 4.007333e+04, eta:1.050000e+00
2020-06-11 14:54:30,042 - DEBUG - fx_L1_mfista- itercount: 113, L: 3.816508e+04, eta:1.050000e+00
2020-06-11 14:54:30,047 - DEBUG - fx_L1_mfista- itercount: 113, L: 4.007333e+04, eta:1.050000e+00
2020-06-11 14:54:30,053 - DEBUG - fx_L1_mfista- itercount: 113, L: 4.207700e+04, eta:1.050000e+00
2020-06-11 14:54:30,069 - DEBUG - fx_L1_mfista- itercount: 114, L: 4.007333e+04, eta:1.050000e+00
2020-06-11 14:54:30,075 - DEBUG - fx_L1_mfista- itercount: 114, L: 4.207700e+04, eta:1.050000e+00
2020-06-11 14:54:30,091 - DEBUG - fx_L1_mfista- itercount: 115, L: 4.007333e+04, eta:1.050000e+00
2020-06-11 14:54:30,106 - DEBUG - fx_L1_mfista- itercount: 116, L: 3.816508e+04, eta:1.050000e+00
2020-06-11 14:54:30,113 - DEBUG - fx_L1_mfista- itercount: 116, L: 4.007333e+04, eta:1.050000e+00
2020-06-11 14:54:30,120 - DEBUG - fx_L1_mfista- itercount: 116, L: 4.207700e+04, eta:1.050000e+00
2020-06-11 14:54:30,136 - DEBUG - fx_L1_mfista- itercount: 117, L: 4.007333e+04, eta:1.050000e+00
2020-06-11 14:54:30,141 - DEBUG - fx_L1_mfista- itercount: 117, L: 4.207700e+04, eta:1.050000e+00
2020-06-11 14:54:30,158 - DEBUG - fx_L1_mfista- itercount: 118, L: 4.007333e+04, eta:1.050000e+00
2020-06-11 14:54:30,174 - DEBUG - fx_L1_mfista- itercount: 119, L: 3.816508e+04, eta:1.050000e+00
2020-06-11 14:54:30,179 - DEBUG - fx_L1_mfista- itercount: 119, L: 4.007333e+04, eta:1.050000e+00
2020-06-11 14:54:30,185 - DEBUG - fx_L1_mfista- itercount: 119, L: 4.207700e+04, eta:1.050000e+00
2020-06-11 14:54:30,201 - DEBUG - fx_L1_mfista- itercount: 120, L: 4.007333e+04, eta:1.050000e+00
2020-06-11 14:54:30,217 - DEBUG - fx_L1_mfista- itercount: 121, L: 3.816508e+04, eta:1.050000e+00
2020-06-11 14:54:30,223 - DEBUG - fx_L1_mfista- itercount: 121, L: 4.007333e+04, eta:1.050000e+00
2020-06-11 14:54:30,229 - DEBUG - fx_L1_mfista- itercount: 121, L: 4.207700e+04, eta:1.050000e+00
2020-06-11 14:54:30,245 - DEBUG - fx_L1_mfista- itercount: 122, L: 4.007333e+04, eta:1.050000e+00
2020-06-11 14:54:30,261 - DEBUG - fx_L1_mfista- itercount: 123, L: 3.816508e+04, eta:1.050000e+00
2020-06-11 14:54:30,267 - DEBUG - fx_L1_mfista- itercount: 123, L: 4.007333e+04, eta:1.050000e+00
2020-06-11 14:54:30,273 - DEBUG - fx_L1_mfista- itercount: 123, L: 4.207700e+04, eta:1.050000e+00
2020-06-11 14:54:30,289 - DEBUG - fx_L1_mfista- itercount: 124, L: 4.007333e+04, eta:1.050000e+00
2020-06-11 14:54:30,306 - DEBUG - fx_L1_mfista- itercount: 125, L: 3.816508e+04, eta:1.050000e+00
2020-06-11 14:54:30,312 - DEBUG - fx_L1_mfista- itercount: 125, L: 4.007333e+04, eta:1.050000e+00
2020-06-11 14:54:30,327 - DEBUG - fx_L1_mfista- itercount: 126, L: 3.816508e+04, eta:1.050000e+00
2020-06-11 14:54:30,335 - DEBUG - fx_L1_mfista- itercount: 126, L: 4.007333e+04, eta:1.050000e+00
2020-06-11 14:54:30,341 - DEBUG - fx_L1_mfista- itercount: 126, L: 4.207700e+04, eta:1.050000e+00
2020-06-11 14:54:30,356 - DEBUG - fx_L1_mfista- itercount: 127, L: 4.007333e+04, eta:1.050000e+00
2020-06-11 14:54:30,362 - DEBUG - fx_L1_mfista- itercount: 127, L: 4.207700e+04, eta:1.050000e+00
2020-06-11 14:54:30,378 - DEBUG - fx_L1_mfista- itercount: 128, L: 4.007333e+04, eta:1.050000e+00
2020-06-11 14:54:30,485 - INFO - fx_L1_mfista- end; fitting. iternum:128, relative dif of F: 7.817375e-08
2020-06-11 14:54:32,597 - INFO - plots_comp- 0 model, rms:2.174535e+01
2020-06-11 14:54:32,634 - INFO - plots_comp- 1 model, rms:2.009065e+01
2020-06-11 14:54:32,678 - INFO - plots_comp- 2 model, rms:1.871119e+01
2020-06-11 14:54:32,776 - INFO - plots_comp- 3 model, rms:2.037081e+01
2020-06-11 14:54:32,825 - INFO - plots_comp- 4 model, rms:8.517416e+00
2020-06-11 14:54:32,868 - INFO - plots_comp- 5 model, rms:0.000000e+00
