2020-06-11 14:57:05,525 - INFO - <module>- Main part starts
2020-06-11 14:57:07,778 - DEBUG - only_fx_mfista- iternum:50, L: 1.161443e+05, F_xk: 7.211191e+00, chi:5.927963e+06, reg: 1.033469e+07, rela_err:1.093113e-10
2020-06-11 14:57:13,204 - ERROR - only_fx_mfista- Too large L!! Change l1 or l2 values!!
2020-06-11 14:57:13,206 - INFO - only_fx_mfista- end fitting: itercount: 90
2020-06-11 14:57:15,445 - DEBUG - only_fx_mfista- iternum:50, L: 9.598706e+04, F_xk: 6.734510e+00, chi:5.333579e+06, reg: 9.239556e+04, rela_err:2.593074e-06
2020-06-11 14:57:16,610 - DEBUG - only_fx_mfista- iternum:100, L: 9.598706e+04, F_xk: 6.733662e+00, chi:5.333539e+06, reg: 8.213057e+04, rela_err:7.736636e-07
2020-06-11 14:57:17,777 - DEBUG - only_fx_mfista- iternum:150, L: 9.598706e+04, F_xk: 6.733300e+00, chi:5.333525e+06, reg: 7.769281e+04, rela_err:4.078523e-07
2020-06-11 14:57:18,955 - DEBUG - only_fx_mfista- iternum:200, L: 9.598706e+04, F_xk: 6.733101e+00, chi:5.333518e+06, reg: 7.524918e+04, rela_err:2.372721e-07
2020-06-11 14:57:20,118 - DEBUG - only_fx_mfista- iternum:250, L: 8.726096e+04, F_xk: 6.732980e+00, chi:5.333515e+06, reg: 7.375366e+04, rela_err:1.511302e-07
2020-06-11 14:57:21,283 - DEBUG - only_fx_mfista- iternum:300, L: 1.055858e+05, F_xk: 6.732901e+00, chi:5.333512e+06, reg: 7.277751e+04, rela_err:1.005554e-07
2020-06-11 14:57:21,425 - INFO - only_fx_mfista- end; fitting. iternum:300, relative dif of F: 9.975061e-08
2020-06-11 14:57:21,461 - DEBUG - fx_L1_mfista- itercount: 0, L: 9.523810e-05, eta:1.050000e+00
2020-06-11 14:57:21,468 - DEBUG - fx_L1_mfista- itercount: 0, L: 1.000000e-04, eta:1.050000e+00
2020-06-11 14:57:21,476 - DEBUG - fx_L1_mfista- itercount: 0, L: 1.050000e-04, eta:1.050000e+00
2020-06-11 14:57:21,483 - DEBUG - fx_L1_mfista- itercount: 0, L: 1.102500e-04, eta:1.050000e+00
2020-06-11 14:57:21,489 - DEBUG - fx_L1_mfista- itercount: 0, L: 1.157625e-04, eta:1.050000e+00
2020-06-11 14:57:21,495 - DEBUG - fx_L1_mfista- itercount: 0, L: 1.215506e-04, eta:1.050000e+00
2020-06-11 14:57:21,502 - DEBUG - fx_L1_mfista- itercount: 0, L: 1.276282e-04, eta:1.050000e+00
2020-06-11 14:57:21,508 - DEBUG - fx_L1_mfista- itercount: 0, L: 1.340096e-04, eta:1.050000e+00
2020-06-11 14:57:21,514 - DEBUG - fx_L1_mfista- itercount: 0, L: 1.407100e-04, eta:1.050000e+00
2020-06-11 14:57:21,520 - DEBUG - fx_L1_mfista- itercount: 0, L: 1.477455e-04, eta:1.050000e+00
2020-06-11 14:57:21,528 - DEBUG - fx_L1_mfista- itercount: 0, L: 1.551328e-04, eta:1.050000e+00
2020-06-11 14:57:21,534 - DEBUG - fx_L1_mfista- itercount: 0, L: 1.628895e-04, eta:1.050000e+00
2020-06-11 14:57:21,540 - DEBUG - fx_L1_mfista- itercount: 0, L: 1.710339e-04, eta:1.050000e+00
2020-06-11 14:57:21,548 - DEBUG - fx_L1_mfista- itercount: 0, L: 1.795856e-04, eta:1.050000e+00
2020-06-11 14:57:21,553 - DEBUG - fx_L1_mfista- itercount: 0, L: 1.885649e-04, eta:1.050000e+00
2020-06-11 14:57:21,562 - DEBUG - fx_L1_mfista- itercount: 0, L: 1.979932e-04, eta:1.050000e+00
2020-06-11 14:57:21,568 - DEBUG - fx_L1_mfista- itercount: 0, L: 2.078928e-04, eta:1.050000e+00
2020-06-11 14:57:21,574 - DEBUG - fx_L1_mfista- itercount: 0, L: 2.182875e-04, eta:1.050000e+00
2020-06-11 14:57:21,581 - DEBUG - fx_L1_mfista- itercount: 0, L: 2.292018e-04, eta:1.050000e+00
2020-06-11 14:57:21,590 - DEBUG - fx_L1_mfista- itercount: 0, L: 2.406619e-04, eta:1.050000e+00
2020-06-11 14:57:21,598 - DEBUG - fx_L1_mfista- itercount: 0, L: 2.526950e-04, eta:1.050000e+00
2020-06-11 14:57:21,605 - DEBUG - fx_L1_mfista- itercount: 0, L: 2.653298e-04, eta:1.050000e+00
2020-06-11 14:57:21,612 - DEBUG - fx_L1_mfista- itercount: 0, L: 2.785963e-04, eta:1.050000e+00
2020-06-11 14:57:21,618 - DEBUG - fx_L1_mfista- itercount: 0, L: 2.925261e-04, eta:1.050000e+00
2020-06-11 14:57:21,626 - DEBUG - fx_L1_mfista- itercount: 0, L: 3.071524e-04, eta:1.050000e+00
2020-06-11 14:57:21,632 - DEBUG - fx_L1_mfista- itercount: 0, L: 3.225100e-04, eta:1.050000e+00
2020-06-11 14:57:21,640 - DEBUG - fx_L1_mfista- itercount: 0, L: 3.386355e-04, eta:1.050000e+00
2020-06-11 14:57:21,647 - DEBUG - fx_L1_mfista- itercount: 0, L: 3.555673e-04, eta:1.050000e+00
2020-06-11 14:57:21,653 - DEBUG - fx_L1_mfista- itercount: 0, L: 3.733456e-04, eta:1.050000e+00
2020-06-11 14:57:21,659 - DEBUG - fx_L1_mfista- itercount: 0, L: 3.920129e-04, eta:1.050000e+00
2020-06-11 14:57:21,668 - DEBUG - fx_L1_mfista- itercount: 0, L: 4.116136e-04, eta:1.050000e+00
2020-06-11 14:57:21,675 - DEBUG - fx_L1_mfista- itercount: 0, L: 4.321942e-04, eta:1.050000e+00
2020-06-11 14:57:21,682 - DEBUG - fx_L1_mfista- itercount: 0, L: 4.538039e-04, eta:1.050000e+00
2020-06-11 14:57:21,688 - DEBUG - fx_L1_mfista- itercount: 0, L: 4.764941e-04, eta:1.050000e+00
2020-06-11 14:57:21,694 - DEBUG - fx_L1_mfista- itercount: 0, L: 5.003189e-04, eta:1.050000e+00
2020-06-11 14:57:21,700 - DEBUG - fx_L1_mfista- itercount: 0, L: 5.253348e-04, eta:1.050000e+00
2020-06-11 14:57:21,706 - DEBUG - fx_L1_mfista- itercount: 0, L: 5.516015e-04, eta:1.050000e+00
2020-06-11 14:57:21,713 - DEBUG - fx_L1_mfista- itercount: 0, L: 5.791816e-04, eta:1.050000e+00
2020-06-11 14:57:21,719 - DEBUG - fx_L1_mfista- itercount: 0, L: 6.081407e-04, eta:1.050000e+00
2020-06-11 14:57:21,725 - DEBUG - fx_L1_mfista- itercount: 0, L: 6.385477e-04, eta:1.050000e+00
2020-06-11 14:57:21,731 - DEBUG - fx_L1_mfista- itercount: 0, L: 6.704751e-04, eta:1.050000e+00
2020-06-11 14:57:21,737 - DEBUG - fx_L1_mfista- itercount: 0, L: 7.039989e-04, eta:1.050000e+00
2020-06-11 14:57:21,743 - DEBUG - fx_L1_mfista- itercount: 0, L: 7.391988e-04, eta:1.050000e+00
2020-06-11 14:57:21,750 - DEBUG - fx_L1_mfista- itercount: 0, L: 7.761588e-04, eta:1.050000e+00
2020-06-11 14:57:21,756 - DEBUG - fx_L1_mfista- itercount: 0, L: 8.149667e-04, eta:1.050000e+00
2020-06-11 14:57:21,762 - DEBUG - fx_L1_mfista- itercount: 0, L: 8.557150e-04, eta:1.050000e+00
2020-06-11 14:57:21,768 - DEBUG - fx_L1_mfista- itercount: 0, L: 8.985008e-04, eta:1.050000e+00
2020-06-11 14:57:21,774 - DEBUG - fx_L1_mfista- itercount: 0, L: 9.434258e-04, eta:1.050000e+00
2020-06-11 14:57:21,780 - DEBUG - fx_L1_mfista- itercount: 0, L: 9.905971e-04, eta:1.050000e+00
2020-06-11 14:57:21,787 - DEBUG - fx_L1_mfista- itercount: 0, L: 1.040127e-03, eta:1.050000e+00
2020-06-11 14:57:21,793 - DEBUG - fx_L1_mfista- itercount: 0, L: 1.092133e-03, eta:1.050000e+00
2020-06-11 14:57:21,799 - DEBUG - fx_L1_mfista- itercount: 0, L: 1.146740e-03, eta:1.050000e+00
2020-06-11 14:57:21,806 - DEBUG - fx_L1_mfista- itercount: 0, L: 1.204077e-03, eta:1.050000e+00
2020-06-11 14:57:21,812 - DEBUG - fx_L1_mfista- itercount: 0, L: 1.264281e-03, eta:1.050000e+00
2020-06-11 14:57:21,818 - DEBUG - fx_L1_mfista- itercount: 0, L: 1.327495e-03, eta:1.050000e+00
2020-06-11 14:57:21,825 - DEBUG - fx_L1_mfista- itercount: 0, L: 1.393870e-03, eta:1.050000e+00
2020-06-11 14:57:21,831 - DEBUG - fx_L1_mfista- itercount: 0, L: 1.463563e-03, eta:1.050000e+00
2020-06-11 14:57:21,837 - DEBUG - fx_L1_mfista- itercount: 0, L: 1.536741e-03, eta:1.050000e+00
2020-06-11 14:57:21,844 - DEBUG - fx_L1_mfista- itercount: 0, L: 1.613578e-03, eta:1.050000e+00
2020-06-11 14:57:21,850 - DEBUG - fx_L1_mfista- itercount: 0, L: 1.694257e-03, eta:1.050000e+00
2020-06-11 14:57:21,856 - DEBUG - fx_L1_mfista- itercount: 0, L: 1.778970e-03, eta:1.050000e+00
2020-06-11 14:57:21,864 - DEBUG - fx_L1_mfista- itercount: 0, L: 1.867919e-03, eta:1.050000e+00
2020-06-11 14:57:21,870 - DEBUG - fx_L1_mfista- itercount: 0, L: 1.961315e-03, eta:1.050000e+00
2020-06-11 14:57:21,877 - DEBUG - fx_L1_mfista- itercount: 0, L: 2.059380e-03, eta:1.050000e+00
2020-06-11 14:57:21,883 - DEBUG - fx_L1_mfista- itercount: 0, L: 2.162349e-03, eta:1.050000e+00
2020-06-11 14:57:21,889 - DEBUG - fx_L1_mfista- itercount: 0, L: 2.270467e-03, eta:1.050000e+00
2020-06-11 14:57:21,895 - DEBUG - fx_L1_mfista- itercount: 0, L: 2.383990e-03, eta:1.050000e+00
2020-06-11 14:57:21,902 - DEBUG - fx_L1_mfista- itercount: 0, L: 2.503190e-03, eta:1.050000e+00
2020-06-11 14:57:21,908 - DEBUG - fx_L1_mfista- itercount: 0, L: 2.628349e-03, eta:1.050000e+00
2020-06-11 14:57:21,914 - DEBUG - fx_L1_mfista- itercount: 0, L: 2.759766e-03, eta:1.050000e+00
2020-06-11 14:57:21,920 - DEBUG - fx_L1_mfista- itercount: 0, L: 2.897755e-03, eta:1.050000e+00
2020-06-11 14:57:21,927 - DEBUG - fx_L1_mfista- itercount: 0, L: 3.042643e-03, eta:1.050000e+00
2020-06-11 14:57:21,933 - DEBUG - fx_L1_mfista- itercount: 0, L: 3.194775e-03, eta:1.050000e+00
2020-06-11 14:57:21,940 - DEBUG - fx_L1_mfista- itercount: 0, L: 3.354513e-03, eta:1.050000e+00
2020-06-11 14:57:21,946 - DEBUG - fx_L1_mfista- itercount: 0, L: 3.522239e-03, eta:1.050000e+00
2020-06-11 14:57:21,953 - DEBUG - fx_L1_mfista- itercount: 0, L: 3.698351e-03, eta:1.050000e+00
2020-06-11 14:57:21,959 - DEBUG - fx_L1_mfista- itercount: 0, L: 3.883269e-03, eta:1.050000e+00
2020-06-11 14:57:21,965 - DEBUG - fx_L1_mfista- itercount: 0, L: 4.077432e-03, eta:1.050000e+00
2020-06-11 14:57:21,971 - DEBUG - fx_L1_mfista- itercount: 0, L: 4.281304e-03, eta:1.050000e+00
2020-06-11 14:57:21,977 - DEBUG - fx_L1_mfista- itercount: 0, L: 4.495369e-03, eta:1.050000e+00
2020-06-11 14:57:21,983 - DEBUG - fx_L1_mfista- itercount: 0, L: 4.720137e-03, eta:1.050000e+00
2020-06-11 14:57:21,990 - DEBUG - fx_L1_mfista- itercount: 0, L: 4.956144e-03, eta:1.050000e+00
2020-06-11 14:57:21,995 - DEBUG - fx_L1_mfista- itercount: 0, L: 5.203951e-03, eta:1.050000e+00
2020-06-11 14:57:22,001 - DEBUG - fx_L1_mfista- itercount: 0, L: 5.464149e-03, eta:1.050000e+00
2020-06-11 14:57:22,008 - DEBUG - fx_L1_mfista- itercount: 0, L: 5.737356e-03, eta:1.050000e+00
2020-06-11 14:57:22,014 - DEBUG - fx_L1_mfista- itercount: 0, L: 6.024224e-03, eta:1.050000e+00
2020-06-11 14:57:22,020 - DEBUG - fx_L1_mfista- itercount: 0, L: 6.325435e-03, eta:1.050000e+00
2020-06-11 14:57:22,026 - DEBUG - fx_L1_mfista- itercount: 0, L: 6.641707e-03, eta:1.050000e+00
2020-06-11 14:57:22,033 - DEBUG - fx_L1_mfista- itercount: 0, L: 6.973792e-03, eta:1.050000e+00
2020-06-11 14:57:22,039 - DEBUG - fx_L1_mfista- itercount: 0, L: 7.322482e-03, eta:1.050000e+00
2020-06-11 14:57:22,045 - DEBUG - fx_L1_mfista- itercount: 0, L: 7.688606e-03, eta:1.050000e+00
2020-06-11 14:57:22,051 - DEBUG - fx_L1_mfista- itercount: 0, L: 8.073037e-03, eta:1.050000e+00
2020-06-11 14:57:22,058 - DEBUG - fx_L1_mfista- itercount: 0, L: 8.476688e-03, eta:1.050000e+00
2020-06-11 14:57:22,064 - DEBUG - fx_L1_mfista- itercount: 0, L: 8.900523e-03, eta:1.050000e+00
2020-06-11 14:57:22,070 - DEBUG - fx_L1_mfista- itercount: 0, L: 9.345549e-03, eta:1.050000e+00
2020-06-11 14:57:22,076 - DEBUG - fx_L1_mfista- itercount: 0, L: 9.812826e-03, eta:1.050000e+00
2020-06-11 14:57:22,082 - DEBUG - fx_L1_mfista- itercount: 0, L: 1.030347e-02, eta:1.050000e+00
2020-06-11 14:57:22,088 - DEBUG - fx_L1_mfista- itercount: 0, L: 1.081864e-02, eta:1.050000e+00
2020-06-11 14:57:22,094 - DEBUG - fx_L1_mfista- itercount: 0, L: 1.135957e-02, eta:1.050000e+00
2020-06-11 14:57:22,101 - DEBUG - fx_L1_mfista- itercount: 0, L: 1.192755e-02, eta:1.050000e+00
2020-06-11 14:57:22,107 - DEBUG - fx_L1_mfista- itercount: 0, L: 1.252393e-02, eta:1.050000e+00
2020-06-11 14:57:22,114 - DEBUG - fx_L1_mfista- itercount: 0, L: 1.315013e-02, eta:1.050000e+00
2020-06-11 14:57:22,120 - DEBUG - fx_L1_mfista- itercount: 0, L: 1.380763e-02, eta:1.050000e+00
2020-06-11 14:57:22,125 - DEBUG - fx_L1_mfista- itercount: 0, L: 1.449801e-02, eta:1.050000e+00
2020-06-11 14:57:22,131 - DEBUG - fx_L1_mfista- itercount: 0, L: 1.522291e-02, eta:1.050000e+00
2020-06-11 14:57:22,137 - DEBUG - fx_L1_mfista- itercount: 0, L: 1.598406e-02, eta:1.050000e+00
2020-06-11 14:57:22,143 - DEBUG - fx_L1_mfista- itercount: 0, L: 1.678326e-02, eta:1.050000e+00
2020-06-11 14:57:22,149 - DEBUG - fx_L1_mfista- itercount: 0, L: 1.762243e-02, eta:1.050000e+00
2020-06-11 14:57:22,156 - DEBUG - fx_L1_mfista- itercount: 0, L: 1.850355e-02, eta:1.050000e+00
2020-06-11 14:57:22,163 - DEBUG - fx_L1_mfista- itercount: 0, L: 1.942872e-02, eta:1.050000e+00
2020-06-11 14:57:22,169 - DEBUG - fx_L1_mfista- itercount: 0, L: 2.040016e-02, eta:1.050000e+00
2020-06-11 14:57:22,175 - DEBUG - fx_L1_mfista- itercount: 0, L: 2.142017e-02, eta:1.050000e+00
2020-06-11 14:57:22,181 - DEBUG - fx_L1_mfista- itercount: 0, L: 2.249118e-02, eta:1.050000e+00
2020-06-11 14:57:22,187 - DEBUG - fx_L1_mfista- itercount: 0, L: 2.361574e-02, eta:1.050000e+00
2020-06-11 14:57:22,193 - DEBUG - fx_L1_mfista- itercount: 0, L: 2.479652e-02, eta:1.050000e+00
2020-06-11 14:57:22,199 - DEBUG - fx_L1_mfista- itercount: 0, L: 2.603635e-02, eta:1.050000e+00
2020-06-11 14:57:22,205 - DEBUG - fx_L1_mfista- itercount: 0, L: 2.733817e-02, eta:1.050000e+00
2020-06-11 14:57:22,211 - DEBUG - fx_L1_mfista- itercount: 0, L: 2.870508e-02, eta:1.050000e+00
2020-06-11 14:57:22,217 - DEBUG - fx_L1_mfista- itercount: 0, L: 3.014033e-02, eta:1.050000e+00
2020-06-11 14:57:22,223 - DEBUG - fx_L1_mfista- itercount: 0, L: 3.164735e-02, eta:1.050000e+00
2020-06-11 14:57:22,229 - DEBUG - fx_L1_mfista- itercount: 0, L: 3.322971e-02, eta:1.050000e+00
2020-06-11 14:57:22,235 - DEBUG - fx_L1_mfista- itercount: 0, L: 3.489120e-02, eta:1.050000e+00
2020-06-11 14:57:22,241 - DEBUG - fx_L1_mfista- itercount: 0, L: 3.663576e-02, eta:1.050000e+00
2020-06-11 14:57:22,246 - DEBUG - fx_L1_mfista- itercount: 0, L: 3.846755e-02, eta:1.050000e+00
2020-06-11 14:57:22,253 - DEBUG - fx_L1_mfista- itercount: 0, L: 4.039092e-02, eta:1.050000e+00
2020-06-11 14:57:22,260 - DEBUG - fx_L1_mfista- itercount: 0, L: 4.241047e-02, eta:1.050000e+00
2020-06-11 14:57:22,266 - DEBUG - fx_L1_mfista- itercount: 0, L: 4.453099e-02, eta:1.050000e+00
2020-06-11 14:57:22,272 - DEBUG - fx_L1_mfista- itercount: 0, L: 4.675754e-02, eta:1.050000e+00
2020-06-11 14:57:22,278 - DEBUG - fx_L1_mfista- itercount: 0, L: 4.909542e-02, eta:1.050000e+00
2020-06-11 14:57:22,284 - DEBUG - fx_L1_mfista- itercount: 0, L: 5.155019e-02, eta:1.050000e+00
2020-06-11 14:57:22,290 - DEBUG - fx_L1_mfista- itercount: 0, L: 5.412770e-02, eta:1.050000e+00
2020-06-11 14:57:22,296 - DEBUG - fx_L1_mfista- itercount: 0, L: 5.683409e-02, eta:1.050000e+00
2020-06-11 14:57:22,302 - DEBUG - fx_L1_mfista- itercount: 0, L: 5.967579e-02, eta:1.050000e+00
2020-06-11 14:57:22,308 - DEBUG - fx_L1_mfista- itercount: 0, L: 6.265958e-02, eta:1.050000e+00
2020-06-11 14:57:22,314 - DEBUG - fx_L1_mfista- itercount: 0, L: 6.579256e-02, eta:1.050000e+00
2020-06-11 14:57:22,320 - DEBUG - fx_L1_mfista- itercount: 0, L: 6.908219e-02, eta:1.050000e+00
2020-06-11 14:57:22,326 - DEBUG - fx_L1_mfista- itercount: 0, L: 7.253630e-02, eta:1.050000e+00
2020-06-11 14:57:22,332 - DEBUG - fx_L1_mfista- itercount: 0, L: 7.616311e-02, eta:1.050000e+00
2020-06-11 14:57:22,338 - DEBUG - fx_L1_mfista- itercount: 0, L: 7.997127e-02, eta:1.050000e+00
2020-06-11 14:57:22,345 - DEBUG - fx_L1_mfista- itercount: 0, L: 8.396983e-02, eta:1.050000e+00
2020-06-11 14:57:22,350 - DEBUG - fx_L1_mfista- itercount: 0, L: 8.816832e-02, eta:1.050000e+00
2020-06-11 14:57:22,356 - DEBUG - fx_L1_mfista- itercount: 0, L: 9.257674e-02, eta:1.050000e+00
2020-06-11 14:57:22,363 - DEBUG - fx_L1_mfista- itercount: 0, L: 9.720557e-02, eta:1.050000e+00
2020-06-11 14:57:22,369 - DEBUG - fx_L1_mfista- itercount: 0, L: 1.020659e-01, eta:1.050000e+00
2020-06-11 14:57:22,376 - DEBUG - fx_L1_mfista- itercount: 0, L: 1.071691e-01, eta:1.050000e+00
2020-06-11 14:57:22,382 - DEBUG - fx_L1_mfista- itercount: 0, L: 1.125276e-01, eta:1.050000e+00
2020-06-11 14:57:22,388 - DEBUG - fx_L1_mfista- itercount: 0, L: 1.181540e-01, eta:1.050000e+00
2020-06-11 14:57:22,394 - DEBUG - fx_L1_mfista- itercount: 0, L: 1.240617e-01, eta:1.050000e+00
2020-06-11 14:57:22,400 - DEBUG - fx_L1_mfista- itercount: 0, L: 1.302648e-01, eta:1.050000e+00
2020-06-11 14:57:22,406 - DEBUG - fx_L1_mfista- itercount: 0, L: 1.367780e-01, eta:1.050000e+00
2020-06-11 14:57:22,412 - DEBUG - fx_L1_mfista- itercount: 0, L: 1.436169e-01, eta:1.050000e+00
2020-06-11 14:57:22,419 - DEBUG - fx_L1_mfista- itercount: 0, L: 1.507977e-01, eta:1.050000e+00
2020-06-11 14:57:22,425 - DEBUG - fx_L1_mfista- itercount: 0, L: 1.583376e-01, eta:1.050000e+00
2020-06-11 14:57:22,431 - DEBUG - fx_L1_mfista- itercount: 0, L: 1.662545e-01, eta:1.050000e+00
2020-06-11 14:57:22,438 - DEBUG - fx_L1_mfista- itercount: 0, L: 1.745672e-01, eta:1.050000e+00
2020-06-11 14:57:22,443 - DEBUG - fx_L1_mfista- itercount: 0, L: 1.832956e-01, eta:1.050000e+00
2020-06-11 14:57:22,449 - DEBUG - fx_L1_mfista- itercount: 0, L: 1.924604e-01, eta:1.050000e+00
2020-06-11 14:57:22,456 - DEBUG - fx_L1_mfista- itercount: 0, L: 2.020834e-01, eta:1.050000e+00
2020-06-11 14:57:22,462 - DEBUG - fx_L1_mfista- itercount: 0, L: 2.121876e-01, eta:1.050000e+00
2020-06-11 14:57:22,468 - DEBUG - fx_L1_mfista- itercount: 0, L: 2.227970e-01, eta:1.050000e+00
2020-06-11 14:57:22,474 - DEBUG - fx_L1_mfista- itercount: 0, L: 2.339368e-01, eta:1.050000e+00
2020-06-11 14:57:22,480 - DEBUG - fx_L1_mfista- itercount: 0, L: 2.456336e-01, eta:1.050000e+00
2020-06-11 14:57:22,486 - DEBUG - fx_L1_mfista- itercount: 0, L: 2.579153e-01, eta:1.050000e+00
2020-06-11 14:57:22,492 - DEBUG - fx_L1_mfista- itercount: 0, L: 2.708111e-01, eta:1.050000e+00
2020-06-11 14:57:22,498 - DEBUG - fx_L1_mfista- itercount: 0, L: 2.843516e-01, eta:1.050000e+00
2020-06-11 14:57:22,504 - DEBUG - fx_L1_mfista- itercount: 0, L: 2.985692e-01, eta:1.050000e+00
2020-06-11 14:57:22,510 - DEBUG - fx_L1_mfista- itercount: 0, L: 3.134977e-01, eta:1.050000e+00
2020-06-11 14:57:22,517 - DEBUG - fx_L1_mfista- itercount: 0, L: 3.291726e-01, eta:1.050000e+00
2020-06-11 14:57:22,523 - DEBUG - fx_L1_mfista- itercount: 0, L: 3.456312e-01, eta:1.050000e+00
2020-06-11 14:57:22,529 - DEBUG - fx_L1_mfista- itercount: 0, L: 3.629128e-01, eta:1.050000e+00
2020-06-11 14:57:22,535 - DEBUG - fx_L1_mfista- itercount: 0, L: 3.810584e-01, eta:1.050000e+00
2020-06-11 14:57:22,541 - DEBUG - fx_L1_mfista- itercount: 0, L: 4.001113e-01, eta:1.050000e+00
2020-06-11 14:57:22,547 - DEBUG - fx_L1_mfista- itercount: 0, L: 4.201169e-01, eta:1.050000e+00
2020-06-11 14:57:22,553 - DEBUG - fx_L1_mfista- itercount: 0, L: 4.411227e-01, eta:1.050000e+00
2020-06-11 14:57:22,558 - DEBUG - fx_L1_mfista- itercount: 0, L: 4.631789e-01, eta:1.050000e+00
2020-06-11 14:57:22,564 - DEBUG - fx_L1_mfista- itercount: 0, L: 4.863378e-01, eta:1.050000e+00
2020-06-11 14:57:22,570 - DEBUG - fx_L1_mfista- itercount: 0, L: 5.106547e-01, eta:1.050000e+00
2020-06-11 14:57:22,577 - DEBUG - fx_L1_mfista- itercount: 0, L: 5.361874e-01, eta:1.050000e+00
2020-06-11 14:57:22,583 - DEBUG - fx_L1_mfista- itercount: 0, L: 5.629968e-01, eta:1.050000e+00
2020-06-11 14:57:22,589 - DEBUG - fx_L1_mfista- itercount: 0, L: 5.911467e-01, eta:1.050000e+00
2020-06-11 14:57:22,595 - DEBUG - fx_L1_mfista- itercount: 0, L: 6.207040e-01, eta:1.050000e+00
2020-06-11 14:57:22,601 - DEBUG - fx_L1_mfista- itercount: 0, L: 6.517392e-01, eta:1.050000e+00
2020-06-11 14:57:22,607 - DEBUG - fx_L1_mfista- itercount: 0, L: 6.843261e-01, eta:1.050000e+00
2020-06-11 14:57:22,614 - DEBUG - fx_L1_mfista- itercount: 0, L: 7.185425e-01, eta:1.050000e+00
2020-06-11 14:57:22,619 - DEBUG - fx_L1_mfista- itercount: 0, L: 7.544696e-01, eta:1.050000e+00
2020-06-11 14:57:22,626 - DEBUG - fx_L1_mfista- itercount: 0, L: 7.921931e-01, eta:1.050000e+00
2020-06-11 14:57:22,632 - DEBUG - fx_L1_mfista- itercount: 0, L: 8.318027e-01, eta:1.050000e+00
2020-06-11 14:57:22,638 - DEBUG - fx_L1_mfista- itercount: 0, L: 8.733928e-01, eta:1.050000e+00
2020-06-11 14:57:22,644 - DEBUG - fx_L1_mfista- itercount: 0, L: 9.170625e-01, eta:1.050000e+00
2020-06-11 14:57:22,650 - DEBUG - fx_L1_mfista- itercount: 0, L: 9.629156e-01, eta:1.050000e+00
2020-06-11 14:57:22,656 - DEBUG - fx_L1_mfista- itercount: 0, L: 1.011061e+00, eta:1.050000e+00
2020-06-11 14:57:22,662 - DEBUG - fx_L1_mfista- itercount: 0, L: 1.061614e+00, eta:1.050000e+00
2020-06-11 14:57:22,668 - DEBUG - fx_L1_mfista- itercount: 0, L: 1.114695e+00, eta:1.050000e+00
2020-06-11 14:57:22,674 - DEBUG - fx_L1_mfista- itercount: 0, L: 1.170430e+00, eta:1.050000e+00
2020-06-11 14:57:22,680 - DEBUG - fx_L1_mfista- itercount: 0, L: 1.228951e+00, eta:1.050000e+00
2020-06-11 14:57:22,686 - DEBUG - fx_L1_mfista- itercount: 0, L: 1.290399e+00, eta:1.050000e+00
2020-06-11 14:57:22,692 - DEBUG - fx_L1_mfista- itercount: 0, L: 1.354919e+00, eta:1.050000e+00
2020-06-11 14:57:22,698 - DEBUG - fx_L1_mfista- itercount: 0, L: 1.422665e+00, eta:1.050000e+00
2020-06-11 14:57:22,704 - DEBUG - fx_L1_mfista- itercount: 0, L: 1.493798e+00, eta:1.050000e+00
2020-06-11 14:57:22,709 - DEBUG - fx_L1_mfista- itercount: 0, L: 1.568488e+00, eta:1.050000e+00
2020-06-11 14:57:22,716 - DEBUG - fx_L1_mfista- itercount: 0, L: 1.646912e+00, eta:1.050000e+00
2020-06-11 14:57:22,723 - DEBUG - fx_L1_mfista- itercount: 0, L: 1.729258e+00, eta:1.050000e+00
2020-06-11 14:57:22,729 - DEBUG - fx_L1_mfista- itercount: 0, L: 1.815721e+00, eta:1.050000e+00
2020-06-11 14:57:22,735 - DEBUG - fx_L1_mfista- itercount: 0, L: 1.906507e+00, eta:1.050000e+00
2020-06-11 14:57:22,741 - DEBUG - fx_L1_mfista- itercount: 0, L: 2.001832e+00, eta:1.050000e+00
2020-06-11 14:57:22,747 - DEBUG - fx_L1_mfista- itercount: 0, L: 2.101924e+00, eta:1.050000e+00
2020-06-11 14:57:22,753 - DEBUG - fx_L1_mfista- itercount: 0, L: 2.207020e+00, eta:1.050000e+00
2020-06-11 14:57:22,759 - DEBUG - fx_L1_mfista- itercount: 0, L: 2.317371e+00, eta:1.050000e+00
2020-06-11 14:57:22,765 - DEBUG - fx_L1_mfista- itercount: 0, L: 2.433240e+00, eta:1.050000e+00
2020-06-11 14:57:22,772 - DEBUG - fx_L1_mfista- itercount: 0, L: 2.554902e+00, eta:1.050000e+00
2020-06-11 14:57:22,778 - DEBUG - fx_L1_mfista- itercount: 0, L: 2.682647e+00, eta:1.050000e+00
2020-06-11 14:57:22,784 - DEBUG - fx_L1_mfista- itercount: 0, L: 2.816779e+00, eta:1.050000e+00
2020-06-11 14:57:22,789 - DEBUG - fx_L1_mfista- itercount: 0, L: 2.957618e+00, eta:1.050000e+00
2020-06-11 14:57:22,796 - DEBUG - fx_L1_mfista- itercount: 0, L: 3.105499e+00, eta:1.050000e+00
2020-06-11 14:57:22,802 - DEBUG - fx_L1_mfista- itercount: 0, L: 3.260774e+00, eta:1.050000e+00
2020-06-11 14:57:22,808 - DEBUG - fx_L1_mfista- itercount: 0, L: 3.423813e+00, eta:1.050000e+00
2020-06-11 14:57:22,814 - DEBUG - fx_L1_mfista- itercount: 0, L: 3.595003e+00, eta:1.050000e+00
2020-06-11 14:57:22,820 - DEBUG - fx_L1_mfista- itercount: 0, L: 3.774754e+00, eta:1.050000e+00
2020-06-11 14:57:22,826 - DEBUG - fx_L1_mfista- itercount: 0, L: 3.963491e+00, eta:1.050000e+00
2020-06-11 14:57:22,832 - DEBUG - fx_L1_mfista- itercount: 0, L: 4.161666e+00, eta:1.050000e+00
2020-06-11 14:57:22,838 - DEBUG - fx_L1_mfista- itercount: 0, L: 4.369749e+00, eta:1.050000e+00
2020-06-11 14:57:22,845 - DEBUG - fx_L1_mfista- itercount: 0, L: 4.588236e+00, eta:1.050000e+00
2020-06-11 14:57:22,851 - DEBUG - fx_L1_mfista- itercount: 0, L: 4.817648e+00, eta:1.050000e+00
2020-06-11 14:57:22,857 - DEBUG - fx_L1_mfista- itercount: 0, L: 5.058531e+00, eta:1.050000e+00
2020-06-11 14:57:22,864 - DEBUG - fx_L1_mfista- itercount: 0, L: 5.311457e+00, eta:1.050000e+00
2020-06-11 14:57:22,870 - DEBUG - fx_L1_mfista- itercount: 0, L: 5.577030e+00, eta:1.050000e+00
2020-06-11 14:57:22,877 - DEBUG - fx_L1_mfista- itercount: 0, L: 5.855882e+00, eta:1.050000e+00
2020-06-11 14:57:22,883 - DEBUG - fx_L1_mfista- itercount: 0, L: 6.148676e+00, eta:1.050000e+00
2020-06-11 14:57:22,890 - DEBUG - fx_L1_mfista- itercount: 0, L: 6.456110e+00, eta:1.050000e+00
2020-06-11 14:57:22,896 - DEBUG - fx_L1_mfista- itercount: 0, L: 6.778915e+00, eta:1.050000e+00
2020-06-11 14:57:22,902 - DEBUG - fx_L1_mfista- itercount: 0, L: 7.117861e+00, eta:1.050000e+00
2020-06-11 14:57:22,908 - DEBUG - fx_L1_mfista- itercount: 0, L: 7.473754e+00, eta:1.050000e+00
2020-06-11 14:57:22,914 - DEBUG - fx_L1_mfista- itercount: 0, L: 7.847441e+00, eta:1.050000e+00
2020-06-11 14:57:22,920 - DEBUG - fx_L1_mfista- itercount: 0, L: 8.239814e+00, eta:1.050000e+00
2020-06-11 14:57:22,927 - DEBUG - fx_L1_mfista- itercount: 0, L: 8.651804e+00, eta:1.050000e+00
2020-06-11 14:57:22,933 - DEBUG - fx_L1_mfista- itercount: 0, L: 9.084394e+00, eta:1.050000e+00
2020-06-11 14:57:22,939 - DEBUG - fx_L1_mfista- itercount: 0, L: 9.538614e+00, eta:1.050000e+00
2020-06-11 14:57:22,945 - DEBUG - fx_L1_mfista- itercount: 0, L: 1.001554e+01, eta:1.050000e+00
2020-06-11 14:57:22,951 - DEBUG - fx_L1_mfista- itercount: 0, L: 1.051632e+01, eta:1.050000e+00
2020-06-11 14:57:22,957 - DEBUG - fx_L1_mfista- itercount: 0, L: 1.104214e+01, eta:1.050000e+00
2020-06-11 14:57:22,963 - DEBUG - fx_L1_mfista- itercount: 0, L: 1.159425e+01, eta:1.050000e+00
2020-06-11 14:57:22,969 - DEBUG - fx_L1_mfista- itercount: 0, L: 1.217396e+01, eta:1.050000e+00
2020-06-11 14:57:22,976 - DEBUG - fx_L1_mfista- itercount: 0, L: 1.278266e+01, eta:1.050000e+00
2020-06-11 14:57:22,982 - DEBUG - fx_L1_mfista- itercount: 0, L: 1.342179e+01, eta:1.050000e+00
2020-06-11 14:57:22,987 - DEBUG - fx_L1_mfista- itercount: 0, L: 1.409288e+01, eta:1.050000e+00
2020-06-11 14:57:22,993 - DEBUG - fx_L1_mfista- itercount: 0, L: 1.479752e+01, eta:1.050000e+00
2020-06-11 14:57:22,999 - DEBUG - fx_L1_mfista- itercount: 0, L: 1.553740e+01, eta:1.050000e+00
2020-06-11 14:57:23,005 - DEBUG - fx_L1_mfista- itercount: 0, L: 1.631427e+01, eta:1.050000e+00
2020-06-11 14:57:23,011 - DEBUG - fx_L1_mfista- itercount: 0, L: 1.712998e+01, eta:1.050000e+00
2020-06-11 14:57:23,017 - DEBUG - fx_L1_mfista- itercount: 0, L: 1.798648e+01, eta:1.050000e+00
2020-06-11 14:57:23,023 - DEBUG - fx_L1_mfista- itercount: 0, L: 1.888580e+01, eta:1.050000e+00
2020-06-11 14:57:23,029 - DEBUG - fx_L1_mfista- itercount: 0, L: 1.983009e+01, eta:1.050000e+00
2020-06-11 14:57:23,035 - DEBUG - fx_L1_mfista- itercount: 0, L: 2.082160e+01, eta:1.050000e+00
2020-06-11 14:57:23,041 - DEBUG - fx_L1_mfista- itercount: 0, L: 2.186268e+01, eta:1.050000e+00
2020-06-11 14:57:23,047 - DEBUG - fx_L1_mfista- itercount: 0, L: 2.295581e+01, eta:1.050000e+00
2020-06-11 14:57:23,053 - DEBUG - fx_L1_mfista- itercount: 0, L: 2.410360e+01, eta:1.050000e+00
2020-06-11 14:57:23,059 - DEBUG - fx_L1_mfista- itercount: 0, L: 2.530878e+01, eta:1.050000e+00
2020-06-11 14:57:23,065 - DEBUG - fx_L1_mfista- itercount: 0, L: 2.657422e+01, eta:1.050000e+00
2020-06-11 14:57:23,071 - DEBUG - fx_L1_mfista- itercount: 0, L: 2.790293e+01, eta:1.050000e+00
2020-06-11 14:57:23,077 - DEBUG - fx_L1_mfista- itercount: 0, L: 2.929808e+01, eta:1.050000e+00
2020-06-11 14:57:23,083 - DEBUG - fx_L1_mfista- itercount: 0, L: 3.076298e+01, eta:1.050000e+00
2020-06-11 14:57:23,089 - DEBUG - fx_L1_mfista- itercount: 0, L: 3.230113e+01, eta:1.050000e+00
2020-06-11 14:57:23,094 - DEBUG - fx_L1_mfista- itercount: 0, L: 3.391619e+01, eta:1.050000e+00
2020-06-11 14:57:23,100 - DEBUG - fx_L1_mfista- itercount: 0, L: 3.561200e+01, eta:1.050000e+00
2020-06-11 14:57:23,106 - DEBUG - fx_L1_mfista- itercount: 0, L: 3.739260e+01, eta:1.050000e+00
2020-06-11 14:57:23,113 - DEBUG - fx_L1_mfista- itercount: 0, L: 3.926223e+01, eta:1.050000e+00
2020-06-11 14:57:23,119 - DEBUG - fx_L1_mfista- itercount: 0, L: 4.122534e+01, eta:1.050000e+00
2020-06-11 14:57:23,125 - DEBUG - fx_L1_mfista- itercount: 0, L: 4.328661e+01, eta:1.050000e+00
2020-06-11 14:57:23,132 - DEBUG - fx_L1_mfista- itercount: 0, L: 4.545094e+01, eta:1.050000e+00
2020-06-11 14:57:23,138 - DEBUG - fx_L1_mfista- itercount: 0, L: 4.772349e+01, eta:1.050000e+00
2020-06-11 14:57:23,143 - DEBUG - fx_L1_mfista- itercount: 0, L: 5.010966e+01, eta:1.050000e+00
2020-06-11 14:57:23,149 - DEBUG - fx_L1_mfista- itercount: 0, L: 5.261514e+01, eta:1.050000e+00
2020-06-11 14:57:23,155 - DEBUG - fx_L1_mfista- itercount: 0, L: 5.524590e+01, eta:1.050000e+00
2020-06-11 14:57:23,162 - DEBUG - fx_L1_mfista- itercount: 0, L: 5.800819e+01, eta:1.050000e+00
2020-06-11 14:57:23,168 - DEBUG - fx_L1_mfista- itercount: 0, L: 6.090860e+01, eta:1.050000e+00
2020-06-11 14:57:23,174 - DEBUG - fx_L1_mfista- itercount: 0, L: 6.395403e+01, eta:1.050000e+00
2020-06-11 14:57:23,180 - DEBUG - fx_L1_mfista- itercount: 0, L: 6.715174e+01, eta:1.050000e+00
2020-06-11 14:57:23,186 - DEBUG - fx_L1_mfista- itercount: 0, L: 7.050932e+01, eta:1.050000e+00
2020-06-11 14:57:23,192 - DEBUG - fx_L1_mfista- itercount: 0, L: 7.403479e+01, eta:1.050000e+00
2020-06-11 14:57:23,198 - DEBUG - fx_L1_mfista- itercount: 0, L: 7.773653e+01, eta:1.050000e+00
2020-06-11 14:57:23,204 - DEBUG - fx_L1_mfista- itercount: 0, L: 8.162335e+01, eta:1.050000e+00
2020-06-11 14:57:23,210 - DEBUG - fx_L1_mfista- itercount: 0, L: 8.570452e+01, eta:1.050000e+00
2020-06-11 14:57:23,216 - DEBUG - fx_L1_mfista- itercount: 0, L: 8.998975e+01, eta:1.050000e+00
2020-06-11 14:57:23,222 - DEBUG - fx_L1_mfista- itercount: 0, L: 9.448924e+01, eta:1.050000e+00
2020-06-11 14:57:23,228 - DEBUG - fx_L1_mfista- itercount: 0, L: 9.921370e+01, eta:1.050000e+00
2020-06-11 14:57:23,235 - DEBUG - fx_L1_mfista- itercount: 0, L: 1.041744e+02, eta:1.050000e+00
2020-06-11 14:57:23,241 - DEBUG - fx_L1_mfista- itercount: 0, L: 1.093831e+02, eta:1.050000e+00
2020-06-11 14:57:23,247 - DEBUG - fx_L1_mfista- itercount: 0, L: 1.148523e+02, eta:1.050000e+00
2020-06-11 14:57:23,253 - DEBUG - fx_L1_mfista- itercount: 0, L: 1.205949e+02, eta:1.050000e+00
2020-06-11 14:57:23,258 - DEBUG - fx_L1_mfista- itercount: 0, L: 1.266246e+02, eta:1.050000e+00
2020-06-11 14:57:23,265 - DEBUG - fx_L1_mfista- itercount: 0, L: 1.329558e+02, eta:1.050000e+00
2020-06-11 14:57:23,271 - DEBUG - fx_L1_mfista- itercount: 0, L: 1.396036e+02, eta:1.050000e+00
2020-06-11 14:57:23,277 - DEBUG - fx_L1_mfista- itercount: 0, L: 1.465838e+02, eta:1.050000e+00
2020-06-11 14:57:23,283 - DEBUG - fx_L1_mfista- itercount: 0, L: 1.539130e+02, eta:1.050000e+00
2020-06-11 14:57:23,289 - DEBUG - fx_L1_mfista- itercount: 0, L: 1.616087e+02, eta:1.050000e+00
2020-06-11 14:57:23,295 - DEBUG - fx_L1_mfista- itercount: 0, L: 1.696891e+02, eta:1.050000e+00
2020-06-11 14:57:23,300 - DEBUG - fx_L1_mfista- itercount: 0, L: 1.781735e+02, eta:1.050000e+00
2020-06-11 14:57:23,306 - DEBUG - fx_L1_mfista- itercount: 0, L: 1.870822e+02, eta:1.050000e+00
2020-06-11 14:57:23,312 - DEBUG - fx_L1_mfista- itercount: 0, L: 1.964363e+02, eta:1.050000e+00
2020-06-11 14:57:23,318 - DEBUG - fx_L1_mfista- itercount: 0, L: 2.062582e+02, eta:1.050000e+00
2020-06-11 14:57:23,324 - DEBUG - fx_L1_mfista- itercount: 0, L: 2.165711e+02, eta:1.050000e+00
2020-06-11 14:57:23,330 - DEBUG - fx_L1_mfista- itercount: 0, L: 2.273996e+02, eta:1.050000e+00
2020-06-11 14:57:23,336 - DEBUG - fx_L1_mfista- itercount: 0, L: 2.387696e+02, eta:1.050000e+00
2020-06-11 14:57:23,342 - DEBUG - fx_L1_mfista- itercount: 0, L: 2.507081e+02, eta:1.050000e+00
2020-06-11 14:57:23,348 - DEBUG - fx_L1_mfista- itercount: 0, L: 2.632435e+02, eta:1.050000e+00
2020-06-11 14:57:23,354 - DEBUG - fx_L1_mfista- itercount: 0, L: 2.764057e+02, eta:1.050000e+00
2020-06-11 14:57:23,360 - DEBUG - fx_L1_mfista- itercount: 0, L: 2.902259e+02, eta:1.050000e+00
2020-06-11 14:57:23,367 - DEBUG - fx_L1_mfista- itercount: 0, L: 3.047372e+02, eta:1.050000e+00
2020-06-11 14:57:23,373 - DEBUG - fx_L1_mfista- itercount: 0, L: 3.199741e+02, eta:1.050000e+00
2020-06-11 14:57:23,378 - DEBUG - fx_L1_mfista- itercount: 0, L: 3.359728e+02, eta:1.050000e+00
2020-06-11 14:57:23,384 - DEBUG - fx_L1_mfista- itercount: 0, L: 3.527714e+02, eta:1.050000e+00
2020-06-11 14:57:23,391 - DEBUG - fx_L1_mfista- itercount: 0, L: 3.704100e+02, eta:1.050000e+00
2020-06-11 14:57:23,397 - DEBUG - fx_L1_mfista- itercount: 0, L: 3.889305e+02, eta:1.050000e+00
2020-06-11 14:57:23,403 - DEBUG - fx_L1_mfista- itercount: 0, L: 4.083770e+02, eta:1.050000e+00
2020-06-11 14:57:23,409 - DEBUG - fx_L1_mfista- itercount: 0, L: 4.287959e+02, eta:1.050000e+00
2020-06-11 14:57:23,415 - DEBUG - fx_L1_mfista- itercount: 0, L: 4.502357e+02, eta:1.050000e+00
2020-06-11 14:57:23,421 - DEBUG - fx_L1_mfista- itercount: 0, L: 4.727475e+02, eta:1.050000e+00
2020-06-11 14:57:23,427 - DEBUG - fx_L1_mfista- itercount: 0, L: 4.963848e+02, eta:1.050000e+00
2020-06-11 14:57:23,434 - DEBUG - fx_L1_mfista- itercount: 0, L: 5.212041e+02, eta:1.050000e+00
2020-06-11 14:57:23,440 - DEBUG - fx_L1_mfista- itercount: 0, L: 5.472643e+02, eta:1.050000e+00
2020-06-11 14:57:23,446 - DEBUG - fx_L1_mfista- itercount: 0, L: 5.746275e+02, eta:1.050000e+00
2020-06-11 14:57:23,452 - DEBUG - fx_L1_mfista- itercount: 0, L: 6.033589e+02, eta:1.050000e+00
2020-06-11 14:57:23,458 - DEBUG - fx_L1_mfista- itercount: 0, L: 6.335268e+02, eta:1.050000e+00
2020-06-11 14:57:23,464 - DEBUG - fx_L1_mfista- itercount: 0, L: 6.652032e+02, eta:1.050000e+00
2020-06-11 14:57:23,470 - DEBUG - fx_L1_mfista- itercount: 0, L: 6.984633e+02, eta:1.050000e+00
2020-06-11 14:57:23,476 - DEBUG - fx_L1_mfista- itercount: 0, L: 7.333865e+02, eta:1.050000e+00
2020-06-11 14:57:23,482 - DEBUG - fx_L1_mfista- itercount: 0, L: 7.700558e+02, eta:1.050000e+00
2020-06-11 14:57:23,487 - DEBUG - fx_L1_mfista- itercount: 0, L: 8.085586e+02, eta:1.050000e+00
2020-06-11 14:57:23,493 - DEBUG - fx_L1_mfista- itercount: 0, L: 8.489865e+02, eta:1.050000e+00
2020-06-11 14:57:23,499 - DEBUG - fx_L1_mfista- itercount: 0, L: 8.914358e+02, eta:1.050000e+00
2020-06-11 14:57:23,505 - DEBUG - fx_L1_mfista- itercount: 0, L: 9.360076e+02, eta:1.050000e+00
2020-06-11 14:57:23,511 - DEBUG - fx_L1_mfista- itercount: 0, L: 9.828080e+02, eta:1.050000e+00
2020-06-11 14:57:23,518 - DEBUG - fx_L1_mfista- itercount: 0, L: 1.031948e+03, eta:1.050000e+00
2020-06-11 14:57:23,523 - DEBUG - fx_L1_mfista- itercount: 0, L: 1.083546e+03, eta:1.050000e+00
2020-06-11 14:57:23,529 - DEBUG - fx_L1_mfista- itercount: 0, L: 1.137723e+03, eta:1.050000e+00
2020-06-11 14:57:23,535 - DEBUG - fx_L1_mfista- itercount: 0, L: 1.194609e+03, eta:1.050000e+00
2020-06-11 14:57:23,541 - DEBUG - fx_L1_mfista- itercount: 0, L: 1.254340e+03, eta:1.050000e+00
2020-06-11 14:57:23,547 - DEBUG - fx_L1_mfista- itercount: 0, L: 1.317057e+03, eta:1.050000e+00
2020-06-11 14:57:23,553 - DEBUG - fx_L1_mfista- itercount: 0, L: 1.382910e+03, eta:1.050000e+00
2020-06-11 14:57:23,559 - DEBUG - fx_L1_mfista- itercount: 0, L: 1.452055e+03, eta:1.050000e+00
2020-06-11 14:57:23,565 - DEBUG - fx_L1_mfista- itercount: 0, L: 1.524658e+03, eta:1.050000e+00
2020-06-11 14:57:23,571 - DEBUG - fx_L1_mfista- itercount: 0, L: 1.600891e+03, eta:1.050000e+00
2020-06-11 14:57:23,577 - DEBUG - fx_L1_mfista- itercount: 0, L: 1.680935e+03, eta:1.050000e+00
2020-06-11 14:57:23,584 - DEBUG - fx_L1_mfista- itercount: 0, L: 1.764982e+03, eta:1.050000e+00
2020-06-11 14:57:23,590 - DEBUG - fx_L1_mfista- itercount: 0, L: 1.853231e+03, eta:1.050000e+00
2020-06-11 14:57:23,597 - DEBUG - fx_L1_mfista- itercount: 0, L: 1.945893e+03, eta:1.050000e+00
2020-06-11 14:57:23,603 - DEBUG - fx_L1_mfista- itercount: 0, L: 2.043187e+03, eta:1.050000e+00
2020-06-11 14:57:23,609 - DEBUG - fx_L1_mfista- itercount: 0, L: 2.145347e+03, eta:1.050000e+00
2020-06-11 14:57:23,615 - DEBUG - fx_L1_mfista- itercount: 0, L: 2.252614e+03, eta:1.050000e+00
2020-06-11 14:57:23,621 - DEBUG - fx_L1_mfista- itercount: 0, L: 2.365245e+03, eta:1.050000e+00
2020-06-11 14:57:23,627 - DEBUG - fx_L1_mfista- itercount: 0, L: 2.483507e+03, eta:1.050000e+00
2020-06-11 14:57:23,634 - DEBUG - fx_L1_mfista- itercount: 0, L: 2.607682e+03, eta:1.050000e+00
2020-06-11 14:57:23,639 - DEBUG - fx_L1_mfista- itercount: 0, L: 2.738066e+03, eta:1.050000e+00
2020-06-11 14:57:23,645 - DEBUG - fx_L1_mfista- itercount: 0, L: 2.874970e+03, eta:1.050000e+00
2020-06-11 14:57:23,651 - DEBUG - fx_L1_mfista- itercount: 0, L: 3.018718e+03, eta:1.050000e+00
2020-06-11 14:57:23,657 - DEBUG - fx_L1_mfista- itercount: 0, L: 3.169654e+03, eta:1.050000e+00
2020-06-11 14:57:23,663 - DEBUG - fx_L1_mfista- itercount: 0, L: 3.328137e+03, eta:1.050000e+00
2020-06-11 14:57:23,669 - DEBUG - fx_L1_mfista- itercount: 0, L: 3.494544e+03, eta:1.050000e+00
2020-06-11 14:57:23,675 - DEBUG - fx_L1_mfista- itercount: 0, L: 3.669271e+03, eta:1.050000e+00
2020-06-11 14:57:23,681 - DEBUG - fx_L1_mfista- itercount: 0, L: 3.852734e+03, eta:1.050000e+00
2020-06-11 14:57:23,687 - DEBUG - fx_L1_mfista- itercount: 0, L: 4.045371e+03, eta:1.050000e+00
2020-06-11 14:57:23,693 - DEBUG - fx_L1_mfista- itercount: 0, L: 4.247640e+03, eta:1.050000e+00
2020-06-11 14:57:23,699 - DEBUG - fx_L1_mfista- itercount: 0, L: 4.460022e+03, eta:1.050000e+00
2020-06-11 14:57:23,706 - DEBUG - fx_L1_mfista- itercount: 0, L: 4.683023e+03, eta:1.050000e+00
2020-06-11 14:57:23,712 - DEBUG - fx_L1_mfista- itercount: 0, L: 4.917174e+03, eta:1.050000e+00
2020-06-11 14:57:23,718 - DEBUG - fx_L1_mfista- itercount: 0, L: 5.163033e+03, eta:1.050000e+00
2020-06-11 14:57:23,725 - DEBUG - fx_L1_mfista- itercount: 0, L: 5.421184e+03, eta:1.050000e+00
2020-06-11 14:57:23,730 - DEBUG - fx_L1_mfista- itercount: 0, L: 5.692243e+03, eta:1.050000e+00
2020-06-11 14:57:23,737 - DEBUG - fx_L1_mfista- itercount: 0, L: 5.976856e+03, eta:1.050000e+00
2020-06-11 14:57:23,743 - DEBUG - fx_L1_mfista- itercount: 0, L: 6.275698e+03, eta:1.050000e+00
2020-06-11 14:57:23,749 - DEBUG - fx_L1_mfista- itercount: 0, L: 6.589483e+03, eta:1.050000e+00
2020-06-11 14:57:23,756 - DEBUG - fx_L1_mfista- itercount: 0, L: 6.918957e+03, eta:1.050000e+00
2020-06-11 14:57:23,761 - DEBUG - fx_L1_mfista- itercount: 0, L: 7.264905e+03, eta:1.050000e+00
2020-06-11 14:57:23,767 - DEBUG - fx_L1_mfista- itercount: 0, L: 7.628151e+03, eta:1.050000e+00
2020-06-11 14:57:23,773 - DEBUG - fx_L1_mfista- itercount: 0, L: 8.009558e+03, eta:1.050000e+00
2020-06-11 14:57:23,780 - DEBUG - fx_L1_mfista- itercount: 0, L: 8.410036e+03, eta:1.050000e+00
2020-06-11 14:57:23,786 - DEBUG - fx_L1_mfista- itercount: 0, L: 8.830538e+03, eta:1.050000e+00
2020-06-11 14:57:23,792 - DEBUG - fx_L1_mfista- itercount: 0, L: 9.272065e+03, eta:1.050000e+00
2020-06-11 14:57:23,798 - DEBUG - fx_L1_mfista- itercount: 0, L: 9.735668e+03, eta:1.050000e+00
2020-06-11 14:57:23,805 - DEBUG - fx_L1_mfista- itercount: 0, L: 1.022245e+04, eta:1.050000e+00
2020-06-11 14:57:23,811 - DEBUG - fx_L1_mfista- itercount: 0, L: 1.073357e+04, eta:1.050000e+00
2020-06-11 14:57:23,817 - DEBUG - fx_L1_mfista- itercount: 0, L: 1.127025e+04, eta:1.050000e+00
2020-06-11 14:57:23,824 - DEBUG - fx_L1_mfista- itercount: 0, L: 1.183377e+04, eta:1.050000e+00
2020-06-11 14:57:23,830 - DEBUG - fx_L1_mfista- itercount: 0, L: 1.242545e+04, eta:1.050000e+00
2020-06-11 14:57:23,836 - DEBUG - fx_L1_mfista- itercount: 0, L: 1.304673e+04, eta:1.050000e+00
2020-06-11 14:57:23,842 - DEBUG - fx_L1_mfista- itercount: 0, L: 1.369906e+04, eta:1.050000e+00
2020-06-11 14:57:23,848 - DEBUG - fx_L1_mfista- itercount: 0, L: 1.438402e+04, eta:1.050000e+00
2020-06-11 14:57:23,854 - DEBUG - fx_L1_mfista- itercount: 0, L: 1.510322e+04, eta:1.050000e+00
2020-06-11 14:57:23,860 - DEBUG - fx_L1_mfista- itercount: 0, L: 1.585838e+04, eta:1.050000e+00
2020-06-11 14:57:23,867 - DEBUG - fx_L1_mfista- itercount: 0, L: 1.665130e+04, eta:1.050000e+00
2020-06-11 14:57:23,873 - DEBUG - fx_L1_mfista- itercount: 0, L: 1.748386e+04, eta:1.050000e+00
2020-06-11 14:57:23,878 - DEBUG - fx_L1_mfista- itercount: 0, L: 1.835805e+04, eta:1.050000e+00
2020-06-11 14:57:23,885 - DEBUG - fx_L1_mfista- itercount: 0, L: 1.927596e+04, eta:1.050000e+00
2020-06-11 14:57:23,891 - DEBUG - fx_L1_mfista- itercount: 0, L: 2.023975e+04, eta:1.050000e+00
2020-06-11 14:57:23,897 - DEBUG - fx_L1_mfista- itercount: 0, L: 2.125174e+04, eta:1.050000e+00
2020-06-11 14:57:23,903 - DEBUG - fx_L1_mfista- itercount: 0, L: 2.231433e+04, eta:1.050000e+00
2020-06-11 14:57:23,908 - DEBUG - fx_L1_mfista- itercount: 0, L: 2.343005e+04, eta:1.050000e+00
2020-06-11 14:57:23,914 - DEBUG - fx_L1_mfista- itercount: 0, L: 2.460155e+04, eta:1.050000e+00
2020-06-11 14:57:23,920 - DEBUG - fx_L1_mfista- itercount: 0, L: 2.583163e+04, eta:1.050000e+00
2020-06-11 14:57:23,926 - DEBUG - fx_L1_mfista- itercount: 0, L: 2.712321e+04, eta:1.050000e+00
2020-06-11 14:57:23,932 - DEBUG - fx_L1_mfista- itercount: 0, L: 2.847937e+04, eta:1.050000e+00
2020-06-11 14:57:23,938 - DEBUG - fx_L1_mfista- itercount: 0, L: 2.990334e+04, eta:1.050000e+00
2020-06-11 14:57:23,944 - DEBUG - fx_L1_mfista- itercount: 0, L: 3.139850e+04, eta:1.050000e+00
2020-06-11 14:57:23,950 - DEBUG - fx_L1_mfista- itercount: 0, L: 3.296843e+04, eta:1.050000e+00
2020-06-11 14:57:23,956 - DEBUG - fx_L1_mfista- itercount: 0, L: 3.461685e+04, eta:1.050000e+00
2020-06-11 14:57:23,962 - DEBUG - fx_L1_mfista- itercount: 0, L: 3.634769e+04, eta:1.050000e+00
2020-06-11 14:57:23,968 - DEBUG - fx_L1_mfista- itercount: 0, L: 3.816508e+04, eta:1.050000e+00
2020-06-11 14:57:23,975 - DEBUG - fx_L1_mfista- itercount: 0, L: 4.007333e+04, eta:1.050000e+00
2020-06-11 14:57:23,981 - DEBUG - fx_L1_mfista- itercount: 0, L: 4.207700e+04, eta:1.050000e+00
2020-06-11 14:57:23,987 - DEBUG - fx_L1_mfista- itercount: 0, L: 4.418085e+04, eta:1.050000e+00
2020-06-11 14:57:23,992 - DEBUG - fx_L1_mfista- itercount: 0, L: 4.638989e+04, eta:1.050000e+00
2020-06-11 14:57:23,998 - DEBUG - fx_L1_mfista- itercount: 0, L: 4.870938e+04, eta:1.050000e+00
2020-06-11 14:57:24,004 - DEBUG - fx_L1_mfista- itercount: 0, L: 5.114485e+04, eta:1.050000e+00
2020-06-11 14:57:24,010 - DEBUG - fx_L1_mfista- itercount: 0, L: 5.370209e+04, eta:1.050000e+00
2020-06-11 14:57:24,016 - DEBUG - fx_L1_mfista- itercount: 0, L: 5.638720e+04, eta:1.050000e+00
2020-06-11 14:57:24,022 - DEBUG - fx_L1_mfista- itercount: 0, L: 5.920656e+04, eta:1.050000e+00
2020-06-11 14:57:24,028 - DEBUG - fx_L1_mfista- itercount: 0, L: 6.216689e+04, eta:1.050000e+00
2020-06-11 14:57:24,034 - DEBUG - fx_L1_mfista- itercount: 0, L: 6.527523e+04, eta:1.050000e+00
2020-06-11 14:57:24,040 - DEBUG - fx_L1_mfista- itercount: 0, L: 6.853899e+04, eta:1.050000e+00
2020-06-11 14:57:24,045 - DEBUG - fx_L1_mfista- itercount: 0, L: 7.196594e+04, eta:1.050000e+00
2020-06-11 14:57:24,052 - DEBUG - fx_L1_mfista- itercount: 0, L: 7.556424e+04, eta:1.050000e+00
2020-06-11 14:57:24,058 - DEBUG - fx_L1_mfista- itercount: 0, L: 7.934245e+04, eta:1.050000e+00
2020-06-11 14:57:24,064 - DEBUG - fx_L1_mfista- itercount: 0, L: 8.330957e+04, eta:1.050000e+00
2020-06-11 14:57:24,070 - DEBUG - fx_L1_mfista- itercount: 0, L: 8.747505e+04, eta:1.050000e+00
2020-06-11 14:57:24,076 - DEBUG - fx_L1_mfista- itercount: 0, L: 9.184880e+04, eta:1.050000e+00
2020-06-11 14:57:24,082 - DEBUG - fx_L1_mfista- itercount: 0, L: 9.644124e+04, eta:1.050000e+00
2020-06-11 14:57:24,098 - DEBUG - fx_L1_mfista- itercount: 1, L: 9.184880e+04, eta:1.050000e+00
2020-06-11 14:57:24,105 - DEBUG - fx_L1_mfista- itercount: 1, L: 9.644124e+04, eta:1.050000e+00
2020-06-11 14:57:24,121 - DEBUG - fx_L1_mfista- itercount: 2, L: 9.184880e+04, eta:1.050000e+00
2020-06-11 14:57:24,127 - DEBUG - fx_L1_mfista- itercount: 2, L: 9.644124e+04, eta:1.050000e+00
2020-06-11 14:57:24,134 - DEBUG - fx_L1_mfista- itercount: 2, L: 1.012633e+05, eta:1.050000e+00
2020-06-11 14:57:24,141 - DEBUG - fx_L1_mfista- itercount: 2, L: 1.063265e+05, eta:1.050000e+00
2020-06-11 14:57:24,147 - DEBUG - fx_L1_mfista- itercount: 2, L: 1.116428e+05, eta:1.050000e+00
2020-06-11 14:57:24,154 - DEBUG - fx_L1_mfista- itercount: 2, L: 1.172249e+05, eta:1.050000e+00
2020-06-11 14:57:24,160 - DEBUG - fx_L1_mfista- itercount: 2, L: 1.230862e+05, eta:1.050000e+00
2020-06-11 14:57:24,166 - DEBUG - fx_L1_mfista- itercount: 2, L: 1.292405e+05, eta:1.050000e+00
2020-06-11 14:57:24,180 - DEBUG - fx_L1_mfista- itercount: 3, L: 1.230862e+05, eta:1.050000e+00
2020-06-11 14:57:24,195 - DEBUG - fx_L1_mfista- itercount: 4, L: 1.172249e+05, eta:1.050000e+00
2020-06-11 14:57:24,209 - DEBUG - fx_L1_mfista- itercount: 5, L: 1.116428e+05, eta:1.050000e+00
2020-06-11 14:57:24,225 - DEBUG - fx_L1_mfista- itercount: 6, L: 1.063265e+05, eta:1.050000e+00
2020-06-11 14:57:24,239 - DEBUG - fx_L1_mfista- itercount: 7, L: 1.012633e+05, eta:1.050000e+00
2020-06-11 14:57:24,254 - DEBUG - fx_L1_mfista- itercount: 8, L: 9.644124e+04, eta:1.050000e+00
2020-06-11 14:57:24,269 - DEBUG - fx_L1_mfista- itercount: 9, L: 9.184880e+04, eta:1.050000e+00
2020-06-11 14:57:24,284 - DEBUG - fx_L1_mfista- itercount: 10, L: 8.747505e+04, eta:1.050000e+00
2020-06-11 14:57:24,298 - DEBUG - fx_L1_mfista- itercount: 11, L: 8.330957e+04, eta:1.050000e+00
2020-06-11 14:57:24,314 - DEBUG - fx_L1_mfista- itercount: 12, L: 7.934245e+04, eta:1.050000e+00
2020-06-11 14:57:24,328 - DEBUG - fx_L1_mfista- itercount: 13, L: 7.556424e+04, eta:1.050000e+00
2020-06-11 14:57:24,342 - DEBUG - fx_L1_mfista- itercount: 14, L: 7.196594e+04, eta:1.050000e+00
2020-06-11 14:57:24,360 - DEBUG - fx_L1_mfista- itercount: 15, L: 6.853899e+04, eta:1.050000e+00
2020-06-11 14:57:24,376 - DEBUG - fx_L1_mfista- itercount: 16, L: 6.527523e+04, eta:1.050000e+00
2020-06-11 14:57:24,391 - DEBUG - fx_L1_mfista- itercount: 17, L: 6.216689e+04, eta:1.050000e+00
2020-06-11 14:57:24,406 - DEBUG - fx_L1_mfista- itercount: 18, L: 5.920656e+04, eta:1.050000e+00
2020-06-11 14:57:24,421 - DEBUG - fx_L1_mfista- itercount: 19, L: 5.638720e+04, eta:1.050000e+00
2020-06-11 14:57:24,435 - DEBUG - fx_L1_mfista- itercount: 20, L: 5.370209e+04, eta:1.050000e+00
2020-06-11 14:57:24,450 - DEBUG - fx_L1_mfista- itercount: 21, L: 5.114485e+04, eta:1.050000e+00
2020-06-11 14:57:24,464 - DEBUG - fx_L1_mfista- itercount: 22, L: 4.870938e+04, eta:1.050000e+00
2020-06-11 14:57:24,478 - DEBUG - fx_L1_mfista- itercount: 23, L: 4.638989e+04, eta:1.050000e+00
2020-06-11 14:57:24,484 - DEBUG - fx_L1_mfista- itercount: 23, L: 4.870938e+04, eta:1.050000e+00
2020-06-11 14:57:24,490 - DEBUG - fx_L1_mfista- itercount: 23, L: 5.114485e+04, eta:1.050000e+00
2020-06-11 14:57:24,496 - DEBUG - fx_L1_mfista- itercount: 23, L: 5.370209e+04, eta:1.050000e+00
2020-06-11 14:57:24,502 - DEBUG - fx_L1_mfista- itercount: 23, L: 5.638720e+04, eta:1.050000e+00
2020-06-11 14:57:24,516 - DEBUG - fx_L1_mfista- itercount: 24, L: 5.370209e+04, eta:1.050000e+00
2020-06-11 14:57:24,522 - DEBUG - fx_L1_mfista- itercount: 24, L: 5.638720e+04, eta:1.050000e+00
2020-06-11 14:57:24,527 - DEBUG - fx_L1_mfista- itercount: 24, L: 5.920656e+04, eta:1.050000e+00
2020-06-11 14:57:24,534 - DEBUG - fx_L1_mfista- itercount: 24, L: 6.216689e+04, eta:1.050000e+00
2020-06-11 14:57:24,539 - DEBUG - fx_L1_mfista- itercount: 24, L: 6.527523e+04, eta:1.050000e+00
2020-06-11 14:57:24,545 - DEBUG - fx_L1_mfista- itercount: 24, L: 6.853899e+04, eta:1.050000e+00
2020-06-11 14:57:24,551 - DEBUG - fx_L1_mfista- itercount: 24, L: 7.196594e+04, eta:1.050000e+00
2020-06-11 14:57:24,565 - DEBUG - fx_L1_mfista- itercount: 25, L: 6.853899e+04, eta:1.050000e+00
2020-06-11 14:57:24,571 - DEBUG - fx_L1_mfista- itercount: 25, L: 7.196594e+04, eta:1.050000e+00
2020-06-11 14:57:24,577 - DEBUG - fx_L1_mfista- itercount: 25, L: 7.556424e+04, eta:1.050000e+00
2020-06-11 14:57:24,591 - DEBUG - fx_L1_mfista- itercount: 26, L: 7.196594e+04, eta:1.050000e+00
2020-06-11 14:57:24,606 - DEBUG - fx_L1_mfista- itercount: 27, L: 6.853899e+04, eta:1.050000e+00
2020-06-11 14:57:24,622 - DEBUG - fx_L1_mfista- itercount: 28, L: 6.527523e+04, eta:1.050000e+00
2020-06-11 14:57:24,636 - DEBUG - fx_L1_mfista- itercount: 29, L: 6.216689e+04, eta:1.050000e+00
2020-06-11 14:57:24,650 - DEBUG - fx_L1_mfista- itercount: 30, L: 5.920656e+04, eta:1.050000e+00
2020-06-11 14:57:24,656 - DEBUG - fx_L1_mfista- itercount: 30, L: 6.216689e+04, eta:1.050000e+00
2020-06-11 14:57:24,662 - DEBUG - fx_L1_mfista- itercount: 30, L: 6.527523e+04, eta:1.050000e+00
2020-06-11 14:57:24,668 - DEBUG - fx_L1_mfista- itercount: 30, L: 6.853899e+04, eta:1.050000e+00
2020-06-11 14:57:24,682 - DEBUG - fx_L1_mfista- itercount: 31, L: 6.527523e+04, eta:1.050000e+00
2020-06-11 14:57:24,696 - DEBUG - fx_L1_mfista- itercount: 32, L: 6.216689e+04, eta:1.050000e+00
2020-06-11 14:57:24,702 - DEBUG - fx_L1_mfista- itercount: 32, L: 6.527523e+04, eta:1.050000e+00
2020-06-11 14:57:24,716 - DEBUG - fx_L1_mfista- itercount: 33, L: 6.216689e+04, eta:1.050000e+00
2020-06-11 14:57:24,731 - DEBUG - fx_L1_mfista- itercount: 34, L: 5.920656e+04, eta:1.050000e+00
2020-06-11 14:57:24,737 - DEBUG - fx_L1_mfista- itercount: 34, L: 6.216689e+04, eta:1.050000e+00
2020-06-11 14:57:24,743 - DEBUG - fx_L1_mfista- itercount: 34, L: 6.527523e+04, eta:1.050000e+00
2020-06-11 14:57:24,758 - DEBUG - fx_L1_mfista- itercount: 35, L: 6.216689e+04, eta:1.050000e+00
2020-06-11 14:57:24,772 - DEBUG - fx_L1_mfista- itercount: 36, L: 5.920656e+04, eta:1.050000e+00
2020-06-11 14:57:24,778 - DEBUG - fx_L1_mfista- itercount: 36, L: 6.216689e+04, eta:1.050000e+00
2020-06-11 14:57:24,792 - DEBUG - fx_L1_mfista- itercount: 37, L: 5.920656e+04, eta:1.050000e+00
2020-06-11 14:57:24,798 - DEBUG - fx_L1_mfista- itercount: 37, L: 6.216689e+04, eta:1.050000e+00
2020-06-11 14:57:24,812 - DEBUG - fx_L1_mfista- itercount: 38, L: 5.920656e+04, eta:1.050000e+00
2020-06-11 14:57:24,827 - DEBUG - fx_L1_mfista- itercount: 39, L: 5.638720e+04, eta:1.050000e+00
2020-06-11 14:57:24,841 - DEBUG - fx_L1_mfista- itercount: 40, L: 5.370209e+04, eta:1.050000e+00
2020-06-11 14:57:24,846 - DEBUG - fx_L1_mfista- itercount: 40, L: 5.638720e+04, eta:1.050000e+00
2020-06-11 14:57:24,852 - DEBUG - fx_L1_mfista- itercount: 40, L: 5.920656e+04, eta:1.050000e+00
2020-06-11 14:57:24,858 - DEBUG - fx_L1_mfista- itercount: 40, L: 6.216689e+04, eta:1.050000e+00
2020-06-11 14:57:24,874 - DEBUG - fx_L1_mfista- itercount: 41, L: 5.920656e+04, eta:1.050000e+00
2020-06-11 14:57:24,888 - DEBUG - fx_L1_mfista- itercount: 42, L: 5.638720e+04, eta:1.050000e+00
2020-06-11 14:57:24,902 - DEBUG - fx_L1_mfista- itercount: 43, L: 5.370209e+04, eta:1.050000e+00
2020-06-11 14:57:24,916 - DEBUG - fx_L1_mfista- itercount: 44, L: 5.114485e+04, eta:1.050000e+00
2020-06-11 14:57:24,922 - DEBUG - fx_L1_mfista- itercount: 44, L: 5.370209e+04, eta:1.050000e+00
2020-06-11 14:57:24,927 - DEBUG - fx_L1_mfista- itercount: 44, L: 5.638720e+04, eta:1.050000e+00
2020-06-11 14:57:24,941 - DEBUG - fx_L1_mfista- itercount: 45, L: 5.370209e+04, eta:1.050000e+00
2020-06-11 14:57:24,947 - DEBUG - fx_L1_mfista- itercount: 45, L: 5.638720e+04, eta:1.050000e+00
2020-06-11 14:57:24,953 - DEBUG - fx_L1_mfista- itercount: 45, L: 5.920656e+04, eta:1.050000e+00
2020-06-11 14:57:24,967 - DEBUG - fx_L1_mfista- itercount: 46, L: 5.638720e+04, eta:1.050000e+00
2020-06-11 14:57:24,982 - DEBUG - fx_L1_mfista- itercount: 47, L: 5.370209e+04, eta:1.050000e+00
2020-06-11 14:57:24,996 - DEBUG - fx_L1_mfista- itercount: 48, L: 5.114485e+04, eta:1.050000e+00
2020-06-11 14:57:25,001 - DEBUG - fx_L1_mfista- itercount: 48, L: 5.370209e+04, eta:1.050000e+00
2020-06-11 14:57:25,007 - DEBUG - fx_L1_mfista- itercount: 48, L: 5.638720e+04, eta:1.050000e+00
2020-06-11 14:57:25,022 - DEBUG - fx_L1_mfista- itercount: 49, L: 5.370209e+04, eta:1.050000e+00
2020-06-11 14:57:25,034 - DEBUG - fx_L1_mfista- iternum:50, L: 5.370209e+04, F_xk: 7.089922e+00, chi:5.532050e+06, reg: 3.308760e+05, rela_err:6.503368e-05
2020-06-11 14:57:25,054 - DEBUG - fx_L1_mfista- itercount: 50, L: 5.114485e+04, eta:1.050000e+00
2020-06-11 14:57:25,064 - DEBUG - fx_L1_mfista- itercount: 50, L: 5.370209e+04, eta:1.050000e+00
2020-06-11 14:57:25,081 - DEBUG - fx_L1_mfista- itercount: 51, L: 5.114485e+04, eta:1.050000e+00
2020-06-11 14:57:25,087 - DEBUG - fx_L1_mfista- itercount: 51, L: 5.370209e+04, eta:1.050000e+00
2020-06-11 14:57:25,103 - DEBUG - fx_L1_mfista- itercount: 52, L: 5.114485e+04, eta:1.050000e+00
2020-06-11 14:57:25,109 - DEBUG - fx_L1_mfista- itercount: 52, L: 5.370209e+04, eta:1.050000e+00
2020-06-11 14:57:25,127 - DEBUG - fx_L1_mfista- itercount: 53, L: 5.114485e+04, eta:1.050000e+00
2020-06-11 14:57:25,141 - DEBUG - fx_L1_mfista- itercount: 54, L: 4.870938e+04, eta:1.050000e+00
2020-06-11 14:57:25,148 - DEBUG - fx_L1_mfista- itercount: 54, L: 5.114485e+04, eta:1.050000e+00
2020-06-11 14:57:25,164 - DEBUG - fx_L1_mfista- itercount: 55, L: 4.870938e+04, eta:1.050000e+00
2020-06-11 14:57:25,170 - DEBUG - fx_L1_mfista- itercount: 55, L: 5.114485e+04, eta:1.050000e+00
2020-06-11 14:57:25,175 - DEBUG - fx_L1_mfista- itercount: 55, L: 5.370209e+04, eta:1.050000e+00
2020-06-11 14:57:25,191 - DEBUG - fx_L1_mfista- itercount: 56, L: 5.114485e+04, eta:1.050000e+00
2020-06-11 14:57:25,199 - DEBUG - fx_L1_mfista- itercount: 56, L: 5.370209e+04, eta:1.050000e+00
2020-06-11 14:57:25,213 - DEBUG - fx_L1_mfista- itercount: 57, L: 5.114485e+04, eta:1.050000e+00
2020-06-11 14:57:25,227 - DEBUG - fx_L1_mfista- itercount: 58, L: 4.870938e+04, eta:1.050000e+00
2020-06-11 14:57:25,242 - DEBUG - fx_L1_mfista- itercount: 59, L: 4.638989e+04, eta:1.050000e+00
2020-06-11 14:57:25,250 - DEBUG - fx_L1_mfista- itercount: 59, L: 4.870938e+04, eta:1.050000e+00
2020-06-11 14:57:25,264 - DEBUG - fx_L1_mfista- itercount: 60, L: 4.638989e+04, eta:1.050000e+00
2020-06-11 14:57:25,272 - DEBUG - fx_L1_mfista- itercount: 60, L: 4.870938e+04, eta:1.050000e+00
2020-06-11 14:57:25,278 - DEBUG - fx_L1_mfista- itercount: 60, L: 5.114485e+04, eta:1.050000e+00
2020-06-11 14:57:25,294 - DEBUG - fx_L1_mfista- itercount: 61, L: 4.870938e+04, eta:1.050000e+00
2020-06-11 14:57:25,308 - DEBUG - fx_L1_mfista- itercount: 62, L: 4.638989e+04, eta:1.050000e+00
2020-06-11 14:57:25,323 - DEBUG - fx_L1_mfista- itercount: 63, L: 4.418085e+04, eta:1.050000e+00
2020-06-11 14:57:25,330 - DEBUG - fx_L1_mfista- itercount: 63, L: 4.638989e+04, eta:1.050000e+00
2020-06-11 14:57:25,337 - DEBUG - fx_L1_mfista- itercount: 63, L: 4.870938e+04, eta:1.050000e+00
2020-06-11 14:57:25,353 - DEBUG - fx_L1_mfista- itercount: 64, L: 4.638989e+04, eta:1.050000e+00
2020-06-11 14:57:25,359 - DEBUG - fx_L1_mfista- itercount: 64, L: 4.870938e+04, eta:1.050000e+00
2020-06-11 14:57:25,377 - DEBUG - fx_L1_mfista- itercount: 65, L: 4.638989e+04, eta:1.050000e+00
2020-06-11 14:57:25,382 - DEBUG - fx_L1_mfista- itercount: 65, L: 4.870938e+04, eta:1.050000e+00
2020-06-11 14:57:25,398 - DEBUG - fx_L1_mfista- itercount: 66, L: 4.638989e+04, eta:1.050000e+00
2020-06-11 14:57:25,403 - DEBUG - fx_L1_mfista- itercount: 66, L: 4.870938e+04, eta:1.050000e+00
2020-06-11 14:57:25,420 - DEBUG - fx_L1_mfista- itercount: 67, L: 4.638989e+04, eta:1.050000e+00
2020-06-11 14:57:25,426 - DEBUG - fx_L1_mfista- itercount: 67, L: 4.870938e+04, eta:1.050000e+00
2020-06-11 14:57:25,441 - DEBUG - fx_L1_mfista- itercount: 68, L: 4.638989e+04, eta:1.050000e+00
2020-06-11 14:57:25,450 - DEBUG - fx_L1_mfista- itercount: 68, L: 4.870938e+04, eta:1.050000e+00
2020-06-11 14:57:25,464 - DEBUG - fx_L1_mfista- itercount: 69, L: 4.638989e+04, eta:1.050000e+00
2020-06-11 14:57:25,478 - DEBUG - fx_L1_mfista- itercount: 70, L: 4.418085e+04, eta:1.050000e+00
2020-06-11 14:57:25,485 - DEBUG - fx_L1_mfista- itercount: 70, L: 4.638989e+04, eta:1.050000e+00
2020-06-11 14:57:25,501 - DEBUG - fx_L1_mfista- itercount: 71, L: 4.418085e+04, eta:1.050000e+00
2020-06-11 14:57:25,516 - DEBUG - fx_L1_mfista- itercount: 72, L: 4.207700e+04, eta:1.050000e+00
2020-06-11 14:57:25,523 - DEBUG - fx_L1_mfista- itercount: 72, L: 4.418085e+04, eta:1.050000e+00
2020-06-11 14:57:25,530 - DEBUG - fx_L1_mfista- itercount: 72, L: 4.638989e+04, eta:1.050000e+00
2020-06-11 14:57:25,536 - DEBUG - fx_L1_mfista- itercount: 72, L: 4.870938e+04, eta:1.050000e+00
2020-06-11 14:57:25,542 - DEBUG - fx_L1_mfista- itercount: 72, L: 5.114485e+04, eta:1.050000e+00
2020-06-11 14:57:25,556 - DEBUG - fx_L1_mfista- itercount: 73, L: 4.870938e+04, eta:1.050000e+00
2020-06-11 14:57:25,572 - DEBUG - fx_L1_mfista- itercount: 74, L: 4.638989e+04, eta:1.050000e+00
2020-06-11 14:57:25,588 - DEBUG - fx_L1_mfista- itercount: 75, L: 4.418085e+04, eta:1.050000e+00
2020-06-11 14:57:25,603 - DEBUG - fx_L1_mfista- itercount: 76, L: 4.207700e+04, eta:1.050000e+00
2020-06-11 14:57:25,610 - DEBUG - fx_L1_mfista- itercount: 76, L: 4.418085e+04, eta:1.050000e+00
2020-06-11 14:57:25,625 - DEBUG - fx_L1_mfista- itercount: 77, L: 4.207700e+04, eta:1.050000e+00
2020-06-11 14:57:25,633 - DEBUG - fx_L1_mfista- itercount: 77, L: 4.418085e+04, eta:1.050000e+00
2020-06-11 14:57:25,647 - DEBUG - fx_L1_mfista- itercount: 78, L: 4.207700e+04, eta:1.050000e+00
2020-06-11 14:57:25,654 - DEBUG - fx_L1_mfista- itercount: 78, L: 4.418085e+04, eta:1.050000e+00
2020-06-11 14:57:25,660 - DEBUG - fx_L1_mfista- itercount: 78, L: 4.638989e+04, eta:1.050000e+00
2020-06-11 14:57:25,676 - DEBUG - fx_L1_mfista- itercount: 79, L: 4.418085e+04, eta:1.050000e+00
2020-06-11 14:57:25,691 - DEBUG - fx_L1_mfista- itercount: 80, L: 4.207700e+04, eta:1.050000e+00
2020-06-11 14:57:25,697 - DEBUG - fx_L1_mfista- itercount: 80, L: 4.418085e+04, eta:1.050000e+00
2020-06-11 14:57:25,710 - DEBUG - fx_L1_mfista- itercount: 81, L: 4.207700e+04, eta:1.050000e+00
2020-06-11 14:57:25,727 - DEBUG - fx_L1_mfista- itercount: 82, L: 4.007333e+04, eta:1.050000e+00
2020-06-11 14:57:25,735 - DEBUG - fx_L1_mfista- itercount: 82, L: 4.207700e+04, eta:1.050000e+00
2020-06-11 14:57:25,750 - DEBUG - fx_L1_mfista- itercount: 83, L: 4.007333e+04, eta:1.050000e+00
2020-06-11 14:57:25,756 - DEBUG - fx_L1_mfista- itercount: 83, L: 4.207700e+04, eta:1.050000e+00
2020-06-11 14:57:25,762 - DEBUG - fx_L1_mfista- itercount: 83, L: 4.418085e+04, eta:1.050000e+00
2020-06-11 14:57:25,769 - DEBUG - fx_L1_mfista- itercount: 83, L: 4.638989e+04, eta:1.050000e+00
2020-06-11 14:57:25,775 - DEBUG - fx_L1_mfista- itercount: 83, L: 4.870938e+04, eta:1.050000e+00
2020-06-11 14:57:25,792 - DEBUG - fx_L1_mfista- itercount: 84, L: 4.638989e+04, eta:1.050000e+00
2020-06-11 14:57:25,805 - DEBUG - fx_L1_mfista- itercount: 85, L: 4.418085e+04, eta:1.050000e+00
2020-06-11 14:57:25,820 - DEBUG - fx_L1_mfista- itercount: 86, L: 4.207700e+04, eta:1.050000e+00
2020-06-11 14:57:25,834 - DEBUG - fx_L1_mfista- itercount: 87, L: 4.007333e+04, eta:1.050000e+00
2020-06-11 14:57:25,848 - DEBUG - fx_L1_mfista- itercount: 88, L: 3.816508e+04, eta:1.050000e+00
2020-06-11 14:57:25,862 - DEBUG - fx_L1_mfista- itercount: 89, L: 3.634769e+04, eta:1.050000e+00
2020-06-11 14:57:25,877 - DEBUG - fx_L1_mfista- itercount: 90, L: 3.461685e+04, eta:1.050000e+00
2020-06-11 14:57:25,891 - DEBUG - fx_L1_mfista- itercount: 91, L: 3.296843e+04, eta:1.050000e+00
2020-06-11 14:57:25,896 - DEBUG - fx_L1_mfista- itercount: 91, L: 3.461685e+04, eta:1.050000e+00
2020-06-11 14:57:25,902 - DEBUG - fx_L1_mfista- itercount: 91, L: 3.634769e+04, eta:1.050000e+00
2020-06-11 14:57:25,908 - DEBUG - fx_L1_mfista- itercount: 91, L: 3.816508e+04, eta:1.050000e+00
2020-06-11 14:57:25,914 - DEBUG - fx_L1_mfista- itercount: 91, L: 4.007333e+04, eta:1.050000e+00
2020-06-11 14:57:25,919 - DEBUG - fx_L1_mfista- itercount: 91, L: 4.207700e+04, eta:1.050000e+00
2020-06-11 14:57:25,933 - DEBUG - fx_L1_mfista- itercount: 92, L: 4.007333e+04, eta:1.050000e+00
2020-06-11 14:57:25,939 - DEBUG - fx_L1_mfista- itercount: 92, L: 4.207700e+04, eta:1.050000e+00
2020-06-11 14:57:25,945 - DEBUG - fx_L1_mfista- itercount: 92, L: 4.418085e+04, eta:1.050000e+00
2020-06-11 14:57:25,959 - DEBUG - fx_L1_mfista- itercount: 93, L: 4.207700e+04, eta:1.050000e+00
2020-06-11 14:57:25,973 - DEBUG - fx_L1_mfista- itercount: 94, L: 4.007333e+04, eta:1.050000e+00
2020-06-11 14:57:25,988 - DEBUG - fx_L1_mfista- itercount: 95, L: 3.816508e+04, eta:1.050000e+00
2020-06-11 14:57:26,002 - DEBUG - fx_L1_mfista- itercount: 96, L: 3.634769e+04, eta:1.050000e+00
2020-06-11 14:57:26,007 - DEBUG - fx_L1_mfista- itercount: 96, L: 3.816508e+04, eta:1.050000e+00
2020-06-11 14:57:26,013 - DEBUG - fx_L1_mfista- itercount: 96, L: 4.007333e+04, eta:1.050000e+00
2020-06-11 14:57:26,018 - DEBUG - fx_L1_mfista- itercount: 96, L: 4.207700e+04, eta:1.050000e+00
2020-06-11 14:57:26,032 - DEBUG - fx_L1_mfista- itercount: 97, L: 4.007333e+04, eta:1.050000e+00
2020-06-11 14:57:26,038 - DEBUG - fx_L1_mfista- itercount: 97, L: 4.207700e+04, eta:1.050000e+00
2020-06-11 14:57:26,053 - DEBUG - fx_L1_mfista- itercount: 98, L: 4.007333e+04, eta:1.050000e+00
2020-06-11 14:57:26,067 - DEBUG - fx_L1_mfista- itercount: 99, L: 3.816508e+04, eta:1.050000e+00
2020-06-11 14:57:26,073 - DEBUG - fx_L1_mfista- itercount: 99, L: 4.007333e+04, eta:1.050000e+00
2020-06-11 14:57:26,086 - DEBUG - fx_L1_mfista- iternum:100, L: 4.007333e+04, F_xk: 7.081210e+00, chi:5.531179e+06, reg: 3.836287e+05, rela_err:3.945038e-07
2020-06-11 14:57:26,108 - DEBUG - fx_L1_mfista- itercount: 100, L: 3.816508e+04, eta:1.050000e+00
2020-06-11 14:57:26,118 - DEBUG - fx_L1_mfista- itercount: 100, L: 4.007333e+04, eta:1.050000e+00
2020-06-11 14:57:26,125 - DEBUG - fx_L1_mfista- itercount: 100, L: 4.207700e+04, eta:1.050000e+00
2020-06-11 14:57:26,142 - DEBUG - fx_L1_mfista- itercount: 101, L: 4.007333e+04, eta:1.050000e+00
2020-06-11 14:57:26,158 - DEBUG - fx_L1_mfista- itercount: 102, L: 3.816508e+04, eta:1.050000e+00
2020-06-11 14:57:26,166 - DEBUG - fx_L1_mfista- itercount: 102, L: 4.007333e+04, eta:1.050000e+00
2020-06-11 14:57:26,171 - DEBUG - fx_L1_mfista- itercount: 102, L: 4.207700e+04, eta:1.050000e+00
2020-06-11 14:57:26,185 - DEBUG - fx_L1_mfista- itercount: 103, L: 4.007333e+04, eta:1.050000e+00
2020-06-11 14:57:26,201 - DEBUG - fx_L1_mfista- itercount: 104, L: 3.816508e+04, eta:1.050000e+00
2020-06-11 14:57:26,207 - DEBUG - fx_L1_mfista- itercount: 104, L: 4.007333e+04, eta:1.050000e+00
2020-06-11 14:57:26,223 - DEBUG - fx_L1_mfista- itercount: 105, L: 3.816508e+04, eta:1.050000e+00
2020-06-11 14:57:26,229 - DEBUG - fx_L1_mfista- itercount: 105, L: 4.007333e+04, eta:1.050000e+00
2020-06-11 14:57:26,245 - DEBUG - fx_L1_mfista- itercount: 106, L: 3.816508e+04, eta:1.050000e+00
2020-06-11 14:57:26,252 - DEBUG - fx_L1_mfista- itercount: 106, L: 4.007333e+04, eta:1.050000e+00
2020-06-11 14:57:26,267 - DEBUG - fx_L1_mfista- itercount: 107, L: 3.816508e+04, eta:1.050000e+00
2020-06-11 14:57:26,272 - DEBUG - fx_L1_mfista- itercount: 107, L: 4.007333e+04, eta:1.050000e+00
2020-06-11 14:57:26,278 - DEBUG - fx_L1_mfista- itercount: 107, L: 4.207700e+04, eta:1.050000e+00
2020-06-11 14:57:26,294 - DEBUG - fx_L1_mfista- itercount: 108, L: 4.007333e+04, eta:1.050000e+00
2020-06-11 14:57:26,310 - DEBUG - fx_L1_mfista- itercount: 109, L: 3.816508e+04, eta:1.050000e+00
2020-06-11 14:57:26,316 - DEBUG - fx_L1_mfista- itercount: 109, L: 4.007333e+04, eta:1.050000e+00
2020-06-11 14:57:26,330 - DEBUG - fx_L1_mfista- itercount: 110, L: 3.816508e+04, eta:1.050000e+00
2020-06-11 14:57:26,337 - DEBUG - fx_L1_mfista- itercount: 110, L: 4.007333e+04, eta:1.050000e+00
2020-06-11 14:57:26,354 - DEBUG - fx_L1_mfista- itercount: 111, L: 3.816508e+04, eta:1.050000e+00
2020-06-11 14:57:26,360 - DEBUG - fx_L1_mfista- itercount: 111, L: 4.007333e+04, eta:1.050000e+00
2020-06-11 14:57:26,367 - DEBUG - fx_L1_mfista- itercount: 111, L: 4.207700e+04, eta:1.050000e+00
2020-06-11 14:57:26,385 - DEBUG - fx_L1_mfista- itercount: 112, L: 4.007333e+04, eta:1.050000e+00
2020-06-11 14:57:26,399 - DEBUG - fx_L1_mfista- itercount: 113, L: 3.816508e+04, eta:1.050000e+00
2020-06-11 14:57:26,405 - DEBUG - fx_L1_mfista- itercount: 113, L: 4.007333e+04, eta:1.050000e+00
2020-06-11 14:57:26,419 - DEBUG - fx_L1_mfista- itercount: 114, L: 3.816508e+04, eta:1.050000e+00
2020-06-11 14:57:26,426 - DEBUG - fx_L1_mfista- itercount: 114, L: 4.007333e+04, eta:1.050000e+00
2020-06-11 14:57:26,443 - DEBUG - fx_L1_mfista- itercount: 115, L: 3.816508e+04, eta:1.050000e+00
2020-06-11 14:57:26,450 - DEBUG - fx_L1_mfista- itercount: 115, L: 4.007333e+04, eta:1.050000e+00
2020-06-11 14:57:26,456 - DEBUG - fx_L1_mfista- itercount: 115, L: 4.207700e+04, eta:1.050000e+00
2020-06-11 14:57:26,472 - DEBUG - fx_L1_mfista- itercount: 116, L: 4.007333e+04, eta:1.050000e+00
2020-06-11 14:57:26,488 - DEBUG - fx_L1_mfista- itercount: 117, L: 3.816508e+04, eta:1.050000e+00
2020-06-11 14:57:26,502 - DEBUG - fx_L1_mfista- itercount: 118, L: 3.634769e+04, eta:1.050000e+00
2020-06-11 14:57:26,508 - DEBUG - fx_L1_mfista- itercount: 118, L: 3.816508e+04, eta:1.050000e+00
2020-06-11 14:57:26,515 - DEBUG - fx_L1_mfista- itercount: 118, L: 4.007333e+04, eta:1.050000e+00
2020-06-11 14:57:26,521 - DEBUG - fx_L1_mfista- itercount: 118, L: 4.207700e+04, eta:1.050000e+00
2020-06-11 14:57:26,538 - DEBUG - fx_L1_mfista- itercount: 119, L: 4.007333e+04, eta:1.050000e+00
2020-06-11 14:57:26,544 - DEBUG - fx_L1_mfista- itercount: 119, L: 4.207700e+04, eta:1.050000e+00
2020-06-11 14:57:26,560 - DEBUG - fx_L1_mfista- itercount: 120, L: 4.007333e+04, eta:1.050000e+00
2020-06-11 14:57:26,576 - DEBUG - fx_L1_mfista- itercount: 121, L: 3.816508e+04, eta:1.050000e+00
2020-06-11 14:57:26,590 - DEBUG - fx_L1_mfista- itercount: 122, L: 3.634769e+04, eta:1.050000e+00
2020-06-11 14:57:26,596 - DEBUG - fx_L1_mfista- itercount: 122, L: 3.816508e+04, eta:1.050000e+00
2020-06-11 14:57:26,603 - DEBUG - fx_L1_mfista- itercount: 122, L: 4.007333e+04, eta:1.050000e+00
2020-06-11 14:57:26,621 - DEBUG - fx_L1_mfista- itercount: 123, L: 3.816508e+04, eta:1.050000e+00
2020-06-11 14:57:26,626 - DEBUG - fx_L1_mfista- itercount: 123, L: 4.007333e+04, eta:1.050000e+00
2020-06-11 14:57:26,642 - DEBUG - fx_L1_mfista- itercount: 124, L: 3.816508e+04, eta:1.050000e+00
2020-06-11 14:57:26,650 - DEBUG - fx_L1_mfista- itercount: 124, L: 4.007333e+04, eta:1.050000e+00
2020-06-11 14:57:26,664 - DEBUG - fx_L1_mfista- itercount: 125, L: 3.816508e+04, eta:1.050000e+00
2020-06-11 14:57:26,669 - DEBUG - fx_L1_mfista- itercount: 125, L: 4.007333e+04, eta:1.050000e+00
2020-06-11 14:57:26,683 - DEBUG - fx_L1_mfista- itercount: 126, L: 3.816508e+04, eta:1.050000e+00
2020-06-11 14:57:26,689 - DEBUG - fx_L1_mfista- itercount: 126, L: 4.007333e+04, eta:1.050000e+00
2020-06-11 14:57:26,694 - DEBUG - fx_L1_mfista- itercount: 126, L: 4.207700e+04, eta:1.050000e+00
2020-06-11 14:57:26,709 - DEBUG - fx_L1_mfista- itercount: 127, L: 4.007333e+04, eta:1.050000e+00
2020-06-11 14:57:26,723 - DEBUG - fx_L1_mfista- itercount: 128, L: 3.816508e+04, eta:1.050000e+00
2020-06-11 14:57:26,738 - DEBUG - fx_L1_mfista- itercount: 129, L: 3.634769e+04, eta:1.050000e+00
2020-06-11 14:57:26,743 - DEBUG - fx_L1_mfista- itercount: 129, L: 3.816508e+04, eta:1.050000e+00
2020-06-11 14:57:26,749 - DEBUG - fx_L1_mfista- itercount: 129, L: 4.007333e+04, eta:1.050000e+00
2020-06-11 14:57:26,754 - DEBUG - fx_L1_mfista- itercount: 129, L: 4.207700e+04, eta:1.050000e+00
2020-06-11 14:57:26,769 - DEBUG - fx_L1_mfista- itercount: 130, L: 4.007333e+04, eta:1.050000e+00
2020-06-11 14:57:26,783 - DEBUG - fx_L1_mfista- itercount: 131, L: 3.816508e+04, eta:1.050000e+00
2020-06-11 14:57:26,799 - DEBUG - fx_L1_mfista- itercount: 132, L: 3.634769e+04, eta:1.050000e+00
2020-06-11 14:57:26,813 - DEBUG - fx_L1_mfista- itercount: 133, L: 3.461685e+04, eta:1.050000e+00
2020-06-11 14:57:26,827 - DEBUG - fx_L1_mfista- itercount: 134, L: 3.296843e+04, eta:1.050000e+00
2020-06-11 14:57:26,841 - DEBUG - fx_L1_mfista- itercount: 135, L: 3.139850e+04, eta:1.050000e+00
2020-06-11 14:57:26,855 - DEBUG - fx_L1_mfista- itercount: 136, L: 2.990334e+04, eta:1.050000e+00
2020-06-11 14:57:26,871 - DEBUG - fx_L1_mfista- itercount: 137, L: 2.847937e+04, eta:1.050000e+00
2020-06-11 14:57:26,885 - DEBUG - fx_L1_mfista- itercount: 138, L: 2.712321e+04, eta:1.050000e+00
2020-06-11 14:57:26,900 - DEBUG - fx_L1_mfista- itercount: 139, L: 2.583163e+04, eta:1.050000e+00
2020-06-11 14:57:26,905 - DEBUG - fx_L1_mfista- itercount: 139, L: 2.712321e+04, eta:1.050000e+00
2020-06-11 14:57:26,910 - DEBUG - fx_L1_mfista- itercount: 139, L: 2.847937e+04, eta:1.050000e+00
2020-06-11 14:57:26,916 - DEBUG - fx_L1_mfista- itercount: 139, L: 2.990334e+04, eta:1.050000e+00
2020-06-11 14:57:26,922 - DEBUG - fx_L1_mfista- itercount: 139, L: 3.139850e+04, eta:1.050000e+00
2020-06-11 14:57:26,927 - DEBUG - fx_L1_mfista- itercount: 139, L: 3.296843e+04, eta:1.050000e+00
2020-06-11 14:57:26,933 - DEBUG - fx_L1_mfista- itercount: 139, L: 3.461685e+04, eta:1.050000e+00
2020-06-11 14:57:26,939 - DEBUG - fx_L1_mfista- itercount: 139, L: 3.634769e+04, eta:1.050000e+00
2020-06-11 14:57:26,944 - DEBUG - fx_L1_mfista- itercount: 139, L: 3.816508e+04, eta:1.050000e+00
2020-06-11 14:57:26,950 - DEBUG - fx_L1_mfista- itercount: 139, L: 4.007333e+04, eta:1.050000e+00
2020-06-11 14:57:26,955 - DEBUG - fx_L1_mfista- itercount: 139, L: 4.207700e+04, eta:1.050000e+00
2020-06-11 14:57:26,961 - DEBUG - fx_L1_mfista- itercount: 139, L: 4.418085e+04, eta:1.050000e+00
2020-06-11 14:57:26,975 - DEBUG - fx_L1_mfista- itercount: 140, L: 4.207700e+04, eta:1.050000e+00
2020-06-11 14:57:26,989 - DEBUG - fx_L1_mfista- itercount: 141, L: 4.007333e+04, eta:1.050000e+00
2020-06-11 14:57:27,003 - DEBUG - fx_L1_mfista- itercount: 142, L: 3.816508e+04, eta:1.050000e+00
2020-06-11 14:57:27,018 - DEBUG - fx_L1_mfista- itercount: 143, L: 3.634769e+04, eta:1.050000e+00
2020-06-11 14:57:27,032 - DEBUG - fx_L1_mfista- itercount: 144, L: 3.461685e+04, eta:1.050000e+00
2020-06-11 14:57:27,045 - DEBUG - fx_L1_mfista- itercount: 145, L: 3.296843e+04, eta:1.050000e+00
2020-06-11 14:57:27,051 - DEBUG - fx_L1_mfista- itercount: 145, L: 3.461685e+04, eta:1.050000e+00
2020-06-11 14:57:27,056 - DEBUG - fx_L1_mfista- itercount: 145, L: 3.634769e+04, eta:1.050000e+00
2020-06-11 14:57:27,063 - DEBUG - fx_L1_mfista- itercount: 145, L: 3.816508e+04, eta:1.050000e+00
2020-06-11 14:57:27,069 - DEBUG - fx_L1_mfista- itercount: 145, L: 4.007333e+04, eta:1.050000e+00
2020-06-11 14:57:27,083 - DEBUG - fx_L1_mfista- itercount: 146, L: 3.816508e+04, eta:1.050000e+00
2020-06-11 14:57:27,088 - DEBUG - fx_L1_mfista- itercount: 146, L: 4.007333e+04, eta:1.050000e+00
2020-06-11 14:57:27,102 - DEBUG - fx_L1_mfista- itercount: 147, L: 3.816508e+04, eta:1.050000e+00
2020-06-11 14:57:27,117 - DEBUG - fx_L1_mfista- itercount: 148, L: 3.634769e+04, eta:1.050000e+00
2020-06-11 14:57:27,122 - DEBUG - fx_L1_mfista- itercount: 148, L: 3.816508e+04, eta:1.050000e+00
2020-06-11 14:57:27,128 - DEBUG - fx_L1_mfista- itercount: 148, L: 4.007333e+04, eta:1.050000e+00
2020-06-11 14:57:27,143 - DEBUG - fx_L1_mfista- itercount: 149, L: 3.816508e+04, eta:1.050000e+00
2020-06-11 14:57:27,149 - DEBUG - fx_L1_mfista- itercount: 149, L: 4.007333e+04, eta:1.050000e+00
2020-06-11 14:57:27,161 - DEBUG - fx_L1_mfista- iternum:150, L: 4.007333e+04, F_xk: 7.081035e+00, chi:5.531063e+06, reg: 3.752569e+05, rela_err:7.860220e-08
2020-06-11 14:57:27,183 - DEBUG - fx_L1_mfista- itercount: 150, L: 3.816508e+04, eta:1.050000e+00
2020-06-11 14:57:27,203 - DEBUG - fx_L1_mfista- itercount: 151, L: 3.634769e+04, eta:1.050000e+00
2020-06-11 14:57:27,209 - DEBUG - fx_L1_mfista- itercount: 151, L: 3.816508e+04, eta:1.050000e+00
2020-06-11 14:57:27,215 - DEBUG - fx_L1_mfista- itercount: 151, L: 4.007333e+04, eta:1.050000e+00
2020-06-11 14:57:27,231 - DEBUG - fx_L1_mfista- itercount: 152, L: 3.816508e+04, eta:1.050000e+00
2020-06-11 14:57:27,237 - DEBUG - fx_L1_mfista- itercount: 152, L: 4.007333e+04, eta:1.050000e+00
2020-06-11 14:57:27,253 - DEBUG - fx_L1_mfista- itercount: 153, L: 3.816508e+04, eta:1.050000e+00
2020-06-11 14:57:27,268 - DEBUG - fx_L1_mfista- itercount: 154, L: 3.634769e+04, eta:1.050000e+00
2020-06-11 14:57:27,275 - DEBUG - fx_L1_mfista- itercount: 154, L: 3.816508e+04, eta:1.050000e+00
2020-06-11 14:57:27,283 - DEBUG - fx_L1_mfista- itercount: 154, L: 4.007333e+04, eta:1.050000e+00
2020-06-11 14:57:27,296 - DEBUG - fx_L1_mfista- itercount: 155, L: 3.816508e+04, eta:1.050000e+00
2020-06-11 14:57:27,302 - DEBUG - fx_L1_mfista- itercount: 155, L: 4.007333e+04, eta:1.050000e+00
2020-06-11 14:57:27,319 - DEBUG - fx_L1_mfista- itercount: 156, L: 3.816508e+04, eta:1.050000e+00
2020-06-11 14:57:27,325 - DEBUG - fx_L1_mfista- itercount: 156, L: 4.007333e+04, eta:1.050000e+00
2020-06-11 14:57:27,341 - DEBUG - fx_L1_mfista- itercount: 157, L: 3.816508e+04, eta:1.050000e+00
2020-06-11 14:57:27,347 - DEBUG - fx_L1_mfista- itercount: 157, L: 4.007333e+04, eta:1.050000e+00
2020-06-11 14:57:27,366 - DEBUG - fx_L1_mfista- itercount: 158, L: 3.816508e+04, eta:1.050000e+00
2020-06-11 14:57:27,387 - DEBUG - fx_L1_mfista- itercount: 159, L: 3.634769e+04, eta:1.050000e+00
2020-06-11 14:57:27,393 - DEBUG - fx_L1_mfista- itercount: 159, L: 3.816508e+04, eta:1.050000e+00
2020-06-11 14:57:27,400 - DEBUG - fx_L1_mfista- itercount: 159, L: 4.007333e+04, eta:1.050000e+00
2020-06-11 14:57:27,418 - DEBUG - fx_L1_mfista- itercount: 160, L: 3.816508e+04, eta:1.050000e+00
2020-06-11 14:57:27,424 - DEBUG - fx_L1_mfista- itercount: 160, L: 4.007333e+04, eta:1.050000e+00
2020-06-11 14:57:27,430 - DEBUG - fx_L1_mfista- itercount: 160, L: 4.207700e+04, eta:1.050000e+00
2020-06-11 14:57:27,444 - DEBUG - fx_L1_mfista- itercount: 161, L: 4.007333e+04, eta:1.050000e+00
2020-06-11 14:57:27,461 - DEBUG - fx_L1_mfista- itercount: 162, L: 3.816508e+04, eta:1.050000e+00
2020-06-11 14:57:27,475 - DEBUG - fx_L1_mfista- itercount: 163, L: 3.634769e+04, eta:1.050000e+00
2020-06-11 14:57:27,483 - DEBUG - fx_L1_mfista- itercount: 163, L: 3.816508e+04, eta:1.050000e+00
2020-06-11 14:57:27,489 - DEBUG - fx_L1_mfista- itercount: 163, L: 4.007333e+04, eta:1.050000e+00
2020-06-11 14:57:27,505 - DEBUG - fx_L1_mfista- itercount: 164, L: 3.816508e+04, eta:1.050000e+00
2020-06-11 14:57:27,511 - DEBUG - fx_L1_mfista- itercount: 164, L: 4.007333e+04, eta:1.050000e+00
2020-06-11 14:57:27,527 - DEBUG - fx_L1_mfista- itercount: 165, L: 3.816508e+04, eta:1.050000e+00
2020-06-11 14:57:27,533 - DEBUG - fx_L1_mfista- itercount: 165, L: 4.007333e+04, eta:1.050000e+00
2020-06-11 14:57:27,549 - DEBUG - fx_L1_mfista- itercount: 166, L: 3.816508e+04, eta:1.050000e+00
2020-06-11 14:57:27,554 - DEBUG - fx_L1_mfista- itercount: 166, L: 4.007333e+04, eta:1.050000e+00
2020-06-11 14:57:27,571 - DEBUG - fx_L1_mfista- itercount: 167, L: 3.816508e+04, eta:1.050000e+00
2020-06-11 14:57:27,586 - DEBUG - fx_L1_mfista- itercount: 168, L: 3.634769e+04, eta:1.050000e+00
2020-06-11 14:57:27,592 - DEBUG - fx_L1_mfista- itercount: 168, L: 3.816508e+04, eta:1.050000e+00
2020-06-11 14:57:27,600 - DEBUG - fx_L1_mfista- itercount: 168, L: 4.007333e+04, eta:1.050000e+00
2020-06-11 14:57:27,607 - DEBUG - fx_L1_mfista- itercount: 168, L: 4.207700e+04, eta:1.050000e+00
2020-06-11 14:57:27,621 - DEBUG - fx_L1_mfista- itercount: 169, L: 4.007333e+04, eta:1.050000e+00
2020-06-11 14:57:27,638 - DEBUG - fx_L1_mfista- itercount: 170, L: 3.816508e+04, eta:1.050000e+00
2020-06-11 14:57:27,655 - DEBUG - fx_L1_mfista- itercount: 171, L: 3.634769e+04, eta:1.050000e+00
2020-06-11 14:57:27,661 - DEBUG - fx_L1_mfista- itercount: 171, L: 3.816508e+04, eta:1.050000e+00
2020-06-11 14:57:27,667 - DEBUG - fx_L1_mfista- itercount: 171, L: 4.007333e+04, eta:1.050000e+00
2020-06-11 14:57:27,682 - DEBUG - fx_L1_mfista- itercount: 172, L: 3.816508e+04, eta:1.050000e+00
2020-06-11 14:57:27,689 - DEBUG - fx_L1_mfista- itercount: 172, L: 4.007333e+04, eta:1.050000e+00
2020-06-11 14:57:27,705 - DEBUG - fx_L1_mfista- itercount: 173, L: 3.816508e+04, eta:1.050000e+00
2020-06-11 14:57:27,722 - DEBUG - fx_L1_mfista- itercount: 174, L: 3.634769e+04, eta:1.050000e+00
2020-06-11 14:57:27,728 - DEBUG - fx_L1_mfista- itercount: 174, L: 3.816508e+04, eta:1.050000e+00
2020-06-11 14:57:27,736 - DEBUG - fx_L1_mfista- itercount: 174, L: 4.007333e+04, eta:1.050000e+00
2020-06-11 14:57:27,742 - DEBUG - fx_L1_mfista- itercount: 174, L: 4.207700e+04, eta:1.050000e+00
2020-06-11 14:57:27,747 - DEBUG - fx_L1_mfista- itercount: 174, L: 4.418085e+04, eta:1.050000e+00
2020-06-11 14:57:27,764 - DEBUG - fx_L1_mfista- itercount: 175, L: 4.207700e+04, eta:1.050000e+00
2020-06-11 14:57:27,780 - DEBUG - fx_L1_mfista- itercount: 176, L: 4.007333e+04, eta:1.050000e+00
2020-06-11 14:57:27,795 - DEBUG - fx_L1_mfista- itercount: 177, L: 3.816508e+04, eta:1.050000e+00
2020-06-11 14:57:27,813 - DEBUG - fx_L1_mfista- itercount: 178, L: 3.634769e+04, eta:1.050000e+00
2020-06-11 14:57:27,827 - DEBUG - fx_L1_mfista- itercount: 179, L: 3.461685e+04, eta:1.050000e+00
2020-06-11 14:57:27,841 - DEBUG - fx_L1_mfista- itercount: 180, L: 3.296843e+04, eta:1.050000e+00
2020-06-11 14:57:27,847 - DEBUG - fx_L1_mfista- itercount: 180, L: 3.461685e+04, eta:1.050000e+00
2020-06-11 14:57:27,853 - DEBUG - fx_L1_mfista- itercount: 180, L: 3.634769e+04, eta:1.050000e+00
2020-06-11 14:57:27,859 - DEBUG - fx_L1_mfista- itercount: 180, L: 3.816508e+04, eta:1.050000e+00
2020-06-11 14:57:27,865 - DEBUG - fx_L1_mfista- itercount: 180, L: 4.007333e+04, eta:1.050000e+00
2020-06-11 14:57:27,871 - DEBUG - fx_L1_mfista- itercount: 180, L: 4.207700e+04, eta:1.050000e+00
2020-06-11 14:57:27,877 - DEBUG - fx_L1_mfista- itercount: 180, L: 4.418085e+04, eta:1.050000e+00
2020-06-11 14:57:27,892 - DEBUG - fx_L1_mfista- itercount: 181, L: 4.207700e+04, eta:1.050000e+00
2020-06-11 14:57:27,907 - DEBUG - fx_L1_mfista- itercount: 182, L: 4.007333e+04, eta:1.050000e+00
2020-06-11 14:57:27,922 - DEBUG - fx_L1_mfista- itercount: 183, L: 3.816508e+04, eta:1.050000e+00
2020-06-11 14:57:27,938 - DEBUG - fx_L1_mfista- itercount: 184, L: 3.634769e+04, eta:1.050000e+00
2020-06-11 14:57:27,953 - DEBUG - fx_L1_mfista- itercount: 185, L: 3.461685e+04, eta:1.050000e+00
2020-06-11 14:57:27,967 - DEBUG - fx_L1_mfista- itercount: 186, L: 3.296843e+04, eta:1.050000e+00
2020-06-11 14:57:27,983 - DEBUG - fx_L1_mfista- itercount: 187, L: 3.139850e+04, eta:1.050000e+00
2020-06-11 14:57:27,997 - DEBUG - fx_L1_mfista- itercount: 188, L: 2.990334e+04, eta:1.050000e+00
2020-06-11 14:57:28,012 - DEBUG - fx_L1_mfista- itercount: 189, L: 2.847937e+04, eta:1.050000e+00
2020-06-11 14:57:28,027 - DEBUG - fx_L1_mfista- itercount: 190, L: 2.712321e+04, eta:1.050000e+00
2020-06-11 14:57:28,042 - DEBUG - fx_L1_mfista- itercount: 191, L: 2.583163e+04, eta:1.050000e+00
2020-06-11 14:57:28,057 - DEBUG - fx_L1_mfista- itercount: 192, L: 2.460155e+04, eta:1.050000e+00
2020-06-11 14:57:28,063 - DEBUG - fx_L1_mfista- itercount: 192, L: 2.583163e+04, eta:1.050000e+00
2020-06-11 14:57:28,069 - DEBUG - fx_L1_mfista- itercount: 192, L: 2.712321e+04, eta:1.050000e+00
2020-06-11 14:57:28,075 - DEBUG - fx_L1_mfista- itercount: 192, L: 2.847937e+04, eta:1.050000e+00
2020-06-11 14:57:28,081 - DEBUG - fx_L1_mfista- itercount: 192, L: 2.990334e+04, eta:1.050000e+00
2020-06-11 14:57:28,087 - DEBUG - fx_L1_mfista- itercount: 192, L: 3.139850e+04, eta:1.050000e+00
2020-06-11 14:57:28,092 - DEBUG - fx_L1_mfista- itercount: 192, L: 3.296843e+04, eta:1.050000e+00
2020-06-11 14:57:28,099 - DEBUG - fx_L1_mfista- itercount: 192, L: 3.461685e+04, eta:1.050000e+00
2020-06-11 14:57:28,105 - DEBUG - fx_L1_mfista- itercount: 192, L: 3.634769e+04, eta:1.050000e+00
2020-06-11 14:57:28,112 - DEBUG - fx_L1_mfista- itercount: 192, L: 3.816508e+04, eta:1.050000e+00
2020-06-11 14:57:28,127 - DEBUG - fx_L1_mfista- itercount: 193, L: 3.634769e+04, eta:1.050000e+00
2020-06-11 14:57:28,133 - DEBUG - fx_L1_mfista- itercount: 193, L: 3.816508e+04, eta:1.050000e+00
2020-06-11 14:57:28,139 - DEBUG - fx_L1_mfista- itercount: 193, L: 4.007333e+04, eta:1.050000e+00
2020-06-11 14:57:28,154 - DEBUG - fx_L1_mfista- itercount: 194, L: 3.816508e+04, eta:1.050000e+00
2020-06-11 14:57:28,170 - DEBUG - fx_L1_mfista- itercount: 195, L: 3.634769e+04, eta:1.050000e+00
2020-06-11 14:57:28,176 - DEBUG - fx_L1_mfista- itercount: 195, L: 3.816508e+04, eta:1.050000e+00
2020-06-11 14:57:28,191 - DEBUG - fx_L1_mfista- itercount: 196, L: 3.634769e+04, eta:1.050000e+00
2020-06-11 14:57:28,197 - DEBUG - fx_L1_mfista- itercount: 196, L: 3.816508e+04, eta:1.050000e+00
2020-06-11 14:57:28,212 - DEBUG - fx_L1_mfista- itercount: 197, L: 3.634769e+04, eta:1.050000e+00
2020-06-11 14:57:28,217 - DEBUG - fx_L1_mfista- itercount: 197, L: 3.816508e+04, eta:1.050000e+00
2020-06-11 14:57:28,223 - DEBUG - fx_L1_mfista- itercount: 197, L: 4.007333e+04, eta:1.050000e+00
2020-06-11 14:57:28,238 - DEBUG - fx_L1_mfista- itercount: 198, L: 3.816508e+04, eta:1.050000e+00
2020-06-11 14:57:28,252 - DEBUG - fx_L1_mfista- itercount: 199, L: 3.634769e+04, eta:1.050000e+00
2020-06-11 14:57:28,258 - DEBUG - fx_L1_mfista- itercount: 199, L: 3.816508e+04, eta:1.050000e+00
2020-06-11 14:57:28,271 - DEBUG - fx_L1_mfista- iternum:200, L: 3.816508e+04, F_xk: 7.081024e+00, chi:5.530964e+06, reg: 3.767054e+05, rela_err:3.177272e-10
2020-06-11 14:57:28,290 - DEBUG - fx_L1_mfista- itercount: 200, L: 3.634769e+04, eta:1.050000e+00
2020-06-11 14:57:28,298 - DEBUG - fx_L1_mfista- itercount: 200, L: 3.816508e+04, eta:1.050000e+00
2020-06-11 14:57:28,305 - DEBUG - fx_L1_mfista- itercount: 200, L: 4.007333e+04, eta:1.050000e+00
2020-06-11 14:57:28,319 - DEBUG - fx_L1_mfista- itercount: 201, L: 3.816508e+04, eta:1.050000e+00
2020-06-11 14:57:28,335 - DEBUG - fx_L1_mfista- itercount: 202, L: 3.634769e+04, eta:1.050000e+00
2020-06-11 14:57:28,341 - DEBUG - fx_L1_mfista- itercount: 202, L: 3.816508e+04, eta:1.050000e+00
2020-06-11 14:57:28,348 - DEBUG - fx_L1_mfista- itercount: 202, L: 4.007333e+04, eta:1.050000e+00
2020-06-11 14:57:28,363 - DEBUG - fx_L1_mfista- itercount: 203, L: 3.816508e+04, eta:1.050000e+00
2020-06-11 14:57:28,379 - DEBUG - fx_L1_mfista- itercount: 204, L: 3.634769e+04, eta:1.050000e+00
2020-06-11 14:57:28,386 - DEBUG - fx_L1_mfista- itercount: 204, L: 3.816508e+04, eta:1.050000e+00
2020-06-11 14:57:28,392 - DEBUG - fx_L1_mfista- itercount: 204, L: 4.007333e+04, eta:1.050000e+00
2020-06-11 14:57:28,408 - DEBUG - fx_L1_mfista- itercount: 205, L: 3.816508e+04, eta:1.050000e+00
2020-06-11 14:57:28,413 - DEBUG - fx_L1_mfista- itercount: 205, L: 4.007333e+04, eta:1.050000e+00
2020-06-11 14:57:28,431 - DEBUG - fx_L1_mfista- itercount: 206, L: 3.816508e+04, eta:1.050000e+00
2020-06-11 14:57:28,445 - DEBUG - fx_L1_mfista- itercount: 207, L: 3.634769e+04, eta:1.050000e+00
2020-06-11 14:57:28,450 - DEBUG - fx_L1_mfista- itercount: 207, L: 3.816508e+04, eta:1.050000e+00
2020-06-11 14:57:28,456 - DEBUG - fx_L1_mfista- itercount: 207, L: 4.007333e+04, eta:1.050000e+00
2020-06-11 14:57:28,472 - DEBUG - fx_L1_mfista- itercount: 208, L: 3.816508e+04, eta:1.050000e+00
2020-06-11 14:57:28,480 - DEBUG - fx_L1_mfista- itercount: 208, L: 4.007333e+04, eta:1.050000e+00
2020-06-11 14:57:28,497 - DEBUG - fx_L1_mfista- itercount: 209, L: 3.816508e+04, eta:1.050000e+00
2020-06-11 14:57:28,503 - DEBUG - fx_L1_mfista- itercount: 209, L: 4.007333e+04, eta:1.050000e+00
2020-06-11 14:57:28,519 - DEBUG - fx_L1_mfista- itercount: 210, L: 3.816508e+04, eta:1.050000e+00
2020-06-11 14:57:28,526 - DEBUG - fx_L1_mfista- itercount: 210, L: 4.007333e+04, eta:1.050000e+00
2020-06-11 14:57:28,542 - DEBUG - fx_L1_mfista- itercount: 211, L: 3.816508e+04, eta:1.050000e+00
2020-06-11 14:57:28,558 - DEBUG - fx_L1_mfista- itercount: 212, L: 3.634769e+04, eta:1.050000e+00
2020-06-11 14:57:28,564 - DEBUG - fx_L1_mfista- itercount: 212, L: 3.816508e+04, eta:1.050000e+00
2020-06-11 14:57:28,571 - DEBUG - fx_L1_mfista- itercount: 212, L: 4.007333e+04, eta:1.050000e+00
2020-06-11 14:57:28,579 - DEBUG - fx_L1_mfista- itercount: 212, L: 4.207700e+04, eta:1.050000e+00
2020-06-11 14:57:28,596 - DEBUG - fx_L1_mfista- itercount: 213, L: 4.007333e+04, eta:1.050000e+00
2020-06-11 14:57:28,614 - DEBUG - fx_L1_mfista- itercount: 214, L: 3.816508e+04, eta:1.050000e+00
2020-06-11 14:57:28,630 - DEBUG - fx_L1_mfista- itercount: 215, L: 3.634769e+04, eta:1.050000e+00
2020-06-11 14:57:28,636 - DEBUG - fx_L1_mfista- itercount: 215, L: 3.816508e+04, eta:1.050000e+00
2020-06-11 14:57:28,642 - DEBUG - fx_L1_mfista- itercount: 215, L: 4.007333e+04, eta:1.050000e+00
2020-06-11 14:57:28,657 - DEBUG - fx_L1_mfista- itercount: 216, L: 3.816508e+04, eta:1.050000e+00
2020-06-11 14:57:28,663 - DEBUG - fx_L1_mfista- itercount: 216, L: 4.007333e+04, eta:1.050000e+00
2020-06-11 14:57:28,669 - DEBUG - fx_L1_mfista- itercount: 216, L: 4.207700e+04, eta:1.050000e+00
2020-06-11 14:57:28,684 - DEBUG - fx_L1_mfista- itercount: 217, L: 4.007333e+04, eta:1.050000e+00
2020-06-11 14:57:28,699 - DEBUG - fx_L1_mfista- itercount: 218, L: 3.816508e+04, eta:1.050000e+00
2020-06-11 14:57:28,714 - DEBUG - fx_L1_mfista- itercount: 219, L: 3.634769e+04, eta:1.050000e+00
2020-06-11 14:57:28,720 - DEBUG - fx_L1_mfista- itercount: 219, L: 3.816508e+04, eta:1.050000e+00
2020-06-11 14:57:28,726 - DEBUG - fx_L1_mfista- itercount: 219, L: 4.007333e+04, eta:1.050000e+00
2020-06-11 14:57:28,740 - DEBUG - fx_L1_mfista- itercount: 220, L: 3.816508e+04, eta:1.050000e+00
2020-06-11 14:57:28,747 - DEBUG - fx_L1_mfista- itercount: 220, L: 4.007333e+04, eta:1.050000e+00
2020-06-11 14:57:28,762 - DEBUG - fx_L1_mfista- itercount: 221, L: 3.816508e+04, eta:1.050000e+00
2020-06-11 14:57:28,768 - DEBUG - fx_L1_mfista- itercount: 221, L: 4.007333e+04, eta:1.050000e+00
2020-06-11 14:57:28,782 - DEBUG - fx_L1_mfista- itercount: 222, L: 3.816508e+04, eta:1.050000e+00
2020-06-11 14:57:28,788 - DEBUG - fx_L1_mfista- itercount: 222, L: 4.007333e+04, eta:1.050000e+00
2020-06-11 14:57:28,804 - DEBUG - fx_L1_mfista- itercount: 223, L: 3.816508e+04, eta:1.050000e+00
2020-06-11 14:57:28,820 - DEBUG - fx_L1_mfista- itercount: 224, L: 3.634769e+04, eta:1.050000e+00
2020-06-11 14:57:28,825 - DEBUG - fx_L1_mfista- itercount: 224, L: 3.816508e+04, eta:1.050000e+00
2020-06-11 14:57:28,831 - DEBUG - fx_L1_mfista- itercount: 224, L: 4.007333e+04, eta:1.050000e+00
2020-06-11 14:57:28,846 - DEBUG - fx_L1_mfista- itercount: 225, L: 3.816508e+04, eta:1.050000e+00
2020-06-11 14:57:28,852 - DEBUG - fx_L1_mfista- itercount: 225, L: 4.007333e+04, eta:1.050000e+00
2020-06-11 14:57:28,867 - DEBUG - fx_L1_mfista- itercount: 226, L: 3.816508e+04, eta:1.050000e+00
2020-06-11 14:57:28,881 - DEBUG - fx_L1_mfista- itercount: 227, L: 3.634769e+04, eta:1.050000e+00
2020-06-11 14:57:28,888 - DEBUG - fx_L1_mfista- itercount: 227, L: 3.816508e+04, eta:1.050000e+00
2020-06-11 14:57:28,902 - DEBUG - fx_L1_mfista- itercount: 228, L: 3.634769e+04, eta:1.050000e+00
2020-06-11 14:57:28,907 - DEBUG - fx_L1_mfista- itercount: 228, L: 3.816508e+04, eta:1.050000e+00
2020-06-11 14:57:28,913 - DEBUG - fx_L1_mfista- itercount: 228, L: 4.007333e+04, eta:1.050000e+00
2020-06-11 14:57:28,926 - DEBUG - fx_L1_mfista- itercount: 229, L: 3.816508e+04, eta:1.050000e+00
2020-06-11 14:57:28,940 - DEBUG - fx_L1_mfista- itercount: 230, L: 3.634769e+04, eta:1.050000e+00
2020-06-11 14:57:28,947 - DEBUG - fx_L1_mfista- itercount: 230, L: 3.816508e+04, eta:1.050000e+00
2020-06-11 14:57:28,960 - DEBUG - fx_L1_mfista- itercount: 231, L: 3.634769e+04, eta:1.050000e+00
2020-06-11 14:57:28,976 - DEBUG - fx_L1_mfista- itercount: 232, L: 3.461685e+04, eta:1.050000e+00
2020-06-11 14:57:28,990 - DEBUG - fx_L1_mfista- itercount: 233, L: 3.296843e+04, eta:1.050000e+00
2020-06-11 14:57:29,004 - DEBUG - fx_L1_mfista- itercount: 234, L: 3.139850e+04, eta:1.050000e+00
2020-06-11 14:57:29,018 - DEBUG - fx_L1_mfista- itercount: 235, L: 2.990334e+04, eta:1.050000e+00
2020-06-11 14:57:29,033 - DEBUG - fx_L1_mfista- itercount: 236, L: 2.847937e+04, eta:1.050000e+00
2020-06-11 14:57:29,047 - DEBUG - fx_L1_mfista- itercount: 237, L: 2.712321e+04, eta:1.050000e+00
2020-06-11 14:57:29,061 - DEBUG - fx_L1_mfista- itercount: 238, L: 2.583163e+04, eta:1.050000e+00
2020-06-11 14:57:29,066 - DEBUG - fx_L1_mfista- itercount: 238, L: 2.712321e+04, eta:1.050000e+00
2020-06-11 14:57:29,072 - DEBUG - fx_L1_mfista- itercount: 238, L: 2.847937e+04, eta:1.050000e+00
2020-06-11 14:57:29,078 - DEBUG - fx_L1_mfista- itercount: 238, L: 2.990334e+04, eta:1.050000e+00
2020-06-11 14:57:29,083 - DEBUG - fx_L1_mfista- itercount: 238, L: 3.139850e+04, eta:1.050000e+00
2020-06-11 14:57:29,089 - DEBUG - fx_L1_mfista- itercount: 238, L: 3.296843e+04, eta:1.050000e+00
2020-06-11 14:57:29,096 - DEBUG - fx_L1_mfista- itercount: 238, L: 3.461685e+04, eta:1.050000e+00
2020-06-11 14:57:29,102 - DEBUG - fx_L1_mfista- itercount: 238, L: 3.634769e+04, eta:1.050000e+00
2020-06-11 14:57:29,108 - DEBUG - fx_L1_mfista- itercount: 238, L: 3.816508e+04, eta:1.050000e+00
2020-06-11 14:57:29,115 - DEBUG - fx_L1_mfista- itercount: 238, L: 4.007333e+04, eta:1.050000e+00
2020-06-11 14:57:29,121 - DEBUG - fx_L1_mfista- itercount: 238, L: 4.207700e+04, eta:1.050000e+00
2020-06-11 14:57:29,136 - DEBUG - fx_L1_mfista- itercount: 239, L: 4.007333e+04, eta:1.050000e+00
2020-06-11 14:57:29,152 - DEBUG - fx_L1_mfista- itercount: 240, L: 3.816508e+04, eta:1.050000e+00
2020-06-11 14:57:29,167 - DEBUG - fx_L1_mfista- itercount: 241, L: 3.634769e+04, eta:1.050000e+00
2020-06-11 14:57:29,183 - DEBUG - fx_L1_mfista- itercount: 242, L: 3.461685e+04, eta:1.050000e+00
2020-06-11 14:57:29,189 - DEBUG - fx_L1_mfista- itercount: 242, L: 3.634769e+04, eta:1.050000e+00
2020-06-11 14:57:29,204 - DEBUG - fx_L1_mfista- itercount: 243, L: 3.461685e+04, eta:1.050000e+00
2020-06-11 14:57:29,210 - DEBUG - fx_L1_mfista- itercount: 243, L: 3.634769e+04, eta:1.050000e+00
2020-06-11 14:57:29,216 - DEBUG - fx_L1_mfista- itercount: 243, L: 3.816508e+04, eta:1.050000e+00
2020-06-11 14:57:29,222 - DEBUG - fx_L1_mfista- itercount: 243, L: 4.007333e+04, eta:1.050000e+00
2020-06-11 14:57:29,237 - DEBUG - fx_L1_mfista- itercount: 244, L: 3.816508e+04, eta:1.050000e+00
2020-06-11 14:57:29,252 - DEBUG - fx_L1_mfista- itercount: 245, L: 3.634769e+04, eta:1.050000e+00
2020-06-11 14:57:29,258 - DEBUG - fx_L1_mfista- itercount: 245, L: 3.816508e+04, eta:1.050000e+00
2020-06-11 14:57:29,273 - DEBUG - fx_L1_mfista- itercount: 246, L: 3.634769e+04, eta:1.050000e+00
2020-06-11 14:57:29,279 - DEBUG - fx_L1_mfista- itercount: 246, L: 3.816508e+04, eta:1.050000e+00
2020-06-11 14:57:29,285 - DEBUG - fx_L1_mfista- itercount: 246, L: 4.007333e+04, eta:1.050000e+00
2020-06-11 14:57:29,299 - DEBUG - fx_L1_mfista- itercount: 247, L: 3.816508e+04, eta:1.050000e+00
2020-06-11 14:57:29,314 - DEBUG - fx_L1_mfista- itercount: 248, L: 3.634769e+04, eta:1.050000e+00
2020-06-11 14:57:29,321 - DEBUG - fx_L1_mfista- itercount: 248, L: 3.816508e+04, eta:1.050000e+00
2020-06-11 14:57:29,336 - DEBUG - fx_L1_mfista- itercount: 249, L: 3.634769e+04, eta:1.050000e+00
2020-06-11 14:57:29,342 - DEBUG - fx_L1_mfista- itercount: 249, L: 3.816508e+04, eta:1.050000e+00
2020-06-11 14:57:29,348 - DEBUG - fx_L1_mfista- itercount: 249, L: 4.007333e+04, eta:1.050000e+00
2020-06-11 14:57:29,361 - DEBUG - fx_L1_mfista- iternum:250, L: 4.007333e+04, F_xk: 7.081024e+00, chi:5.530962e+06, reg: 3.767013e+05, rela_err:1.795485e-12
2020-06-11 14:57:29,381 - DEBUG - fx_L1_mfista- itercount: 250, L: 3.816508e+04, eta:1.050000e+00
2020-06-11 14:57:29,491 - INFO - fx_L1_mfista- end; fitting. iternum:250, relative dif of F: 1.711640e-12
2020-06-11 14:57:31,728 - INFO - plots_comp- 0 model, rms:2.174535e+01
2020-06-11 14:57:31,759 - INFO - plots_comp- 1 model, rms:2.009829e+01
2020-06-11 14:57:31,795 - INFO - plots_comp- 2 model, rms:1.858475e+01
2020-06-11 14:57:31,828 - INFO - plots_comp- 3 model, rms:2.166394e+01
2020-06-11 14:57:31,908 - INFO - plots_comp- 4 model, rms:8.114644e+00
2020-06-11 14:57:31,940 - INFO - plots_comp- 5 model, rms:0.000000e+00
