2020-06-11 14:55:03,887 - INFO - <module>- Main part starts
2020-06-11 14:55:06,114 - DEBUG - only_fx_mfista- iternum:50, L: 8.726096e+04, F_xk: 7.249207e+00, chi:6.741796e+06, reg: 1.100855e+07, rela_err:6.396437e-09
2020-06-11 14:55:07,013 - DEBUG - only_fx_mfista- iternum:100, L: 7.932815e+04, F_xk: 7.249206e+00, chi:6.741707e+06, reg: 1.100863e+07, rela_err:4.497131e-11
2020-06-11 14:55:07,934 - DEBUG - only_fx_mfista- iternum:150, L: 8.726096e+04, F_xk: 7.249206e+00, chi:6.741708e+06, reg: 1.100862e+07, rela_err:1.181343e-12
2020-06-11 14:55:08,854 - DEBUG - only_fx_mfista- iternum:200, L: 8.726096e+04, F_xk: 7.249206e+00, chi:6.741708e+06, reg: 1.100862e+07, rela_err:3.186297e-13
2020-06-11 14:55:09,767 - DEBUG - only_fx_mfista- iternum:250, L: 8.726096e+04, F_xk: 7.249206e+00, chi:6.741708e+06, reg: 1.100862e+07, rela_err:2.761715e-14
2020-06-11 14:55:09,899 - INFO - only_fx_mfista- end; fitting. iternum:250, relative dif of F: 2.335843e-14
2020-06-11 14:55:12,137 - DEBUG - only_fx_mfista- iternum:50, L: 9.598706e+04, F_xk: 6.792017e+00, chi:6.101789e+06, reg: 9.249385e+04, rela_err:2.037293e-06
2020-06-11 14:55:13,293 - DEBUG - only_fx_mfista- iternum:100, L: 9.598706e+04, F_xk: 6.791313e+00, chi:6.101755e+06, reg: 8.274094e+04, rela_err:6.545074e-07
2020-06-11 14:55:14,439 - DEBUG - only_fx_mfista- iternum:150, L: 1.055858e+05, F_xk: 6.791000e+00, chi:6.101742e+06, reg: 7.835115e+04, rela_err:3.561350e-07
2020-06-11 14:55:15,593 - DEBUG - only_fx_mfista- iternum:200, L: 9.598706e+04, F_xk: 6.790818e+00, chi:6.101736e+06, reg: 7.580264e+04, rela_err:2.200504e-07
2020-06-11 14:55:16,733 - DEBUG - only_fx_mfista- iternum:250, L: 8.726096e+04, F_xk: 6.790702e+00, chi:6.101732e+06, reg: 7.416000e+04, rela_err:1.459706e-07
2020-06-11 14:55:17,990 - INFO - only_fx_mfista- end; fitting. iternum:298, relative dif of F: 9.982870e-08
2020-06-11 14:55:18,025 - DEBUG - fx_L1_mfista- itercount: 0, L: 9.523810e-05, eta:1.050000e+00
2020-06-11 14:55:18,033 - DEBUG - fx_L1_mfista- itercount: 0, L: 1.000000e-04, eta:1.050000e+00
2020-06-11 14:55:18,038 - DEBUG - fx_L1_mfista- itercount: 0, L: 1.050000e-04, eta:1.050000e+00
2020-06-11 14:55:18,045 - DEBUG - fx_L1_mfista- itercount: 0, L: 1.102500e-04, eta:1.050000e+00
2020-06-11 14:55:18,053 - DEBUG - fx_L1_mfista- itercount: 0, L: 1.157625e-04, eta:1.050000e+00
2020-06-11 14:55:18,059 - DEBUG - fx_L1_mfista- itercount: 0, L: 1.215506e-04, eta:1.050000e+00
2020-06-11 14:55:18,066 - DEBUG - fx_L1_mfista- itercount: 0, L: 1.276282e-04, eta:1.050000e+00
2020-06-11 14:55:18,072 - DEBUG - fx_L1_mfista- itercount: 0, L: 1.340096e-04, eta:1.050000e+00
2020-06-11 14:55:18,079 - DEBUG - fx_L1_mfista- itercount: 0, L: 1.407100e-04, eta:1.050000e+00
2020-06-11 14:55:18,086 - DEBUG - fx_L1_mfista- itercount: 0, L: 1.477455e-04, eta:1.050000e+00
2020-06-11 14:55:18,092 - DEBUG - fx_L1_mfista- itercount: 0, L: 1.551328e-04, eta:1.050000e+00
2020-06-11 14:55:18,098 - DEBUG - fx_L1_mfista- itercount: 0, L: 1.628895e-04, eta:1.050000e+00
2020-06-11 14:55:18,104 - DEBUG - fx_L1_mfista- itercount: 0, L: 1.710339e-04, eta:1.050000e+00
2020-06-11 14:55:18,112 - DEBUG - fx_L1_mfista- itercount: 0, L: 1.795856e-04, eta:1.050000e+00
2020-06-11 14:55:18,120 - DEBUG - fx_L1_mfista- itercount: 0, L: 1.885649e-04, eta:1.050000e+00
2020-06-11 14:55:18,127 - DEBUG - fx_L1_mfista- itercount: 0, L: 1.979932e-04, eta:1.050000e+00
2020-06-11 14:55:18,133 - DEBUG - fx_L1_mfista- itercount: 0, L: 2.078928e-04, eta:1.050000e+00
2020-06-11 14:55:18,139 - DEBUG - fx_L1_mfista- itercount: 0, L: 2.182875e-04, eta:1.050000e+00
2020-06-11 14:55:18,145 - DEBUG - fx_L1_mfista- itercount: 0, L: 2.292018e-04, eta:1.050000e+00
2020-06-11 14:55:18,152 - DEBUG - fx_L1_mfista- itercount: 0, L: 2.406619e-04, eta:1.050000e+00
2020-06-11 14:55:18,158 - DEBUG - fx_L1_mfista- itercount: 0, L: 2.526950e-04, eta:1.050000e+00
2020-06-11 14:55:18,164 - DEBUG - fx_L1_mfista- itercount: 0, L: 2.653298e-04, eta:1.050000e+00
2020-06-11 14:55:18,172 - DEBUG - fx_L1_mfista- itercount: 0, L: 2.785963e-04, eta:1.050000e+00
2020-06-11 14:55:18,178 - DEBUG - fx_L1_mfista- itercount: 0, L: 2.925261e-04, eta:1.050000e+00
2020-06-11 14:55:18,184 - DEBUG - fx_L1_mfista- itercount: 0, L: 3.071524e-04, eta:1.050000e+00
2020-06-11 14:55:18,191 - DEBUG - fx_L1_mfista- itercount: 0, L: 3.225100e-04, eta:1.050000e+00
2020-06-11 14:55:18,198 - DEBUG - fx_L1_mfista- itercount: 0, L: 3.386355e-04, eta:1.050000e+00
2020-06-11 14:55:18,205 - DEBUG - fx_L1_mfista- itercount: 0, L: 3.555673e-04, eta:1.050000e+00
2020-06-11 14:55:18,211 - DEBUG - fx_L1_mfista- itercount: 0, L: 3.733456e-04, eta:1.050000e+00
2020-06-11 14:55:18,217 - DEBUG - fx_L1_mfista- itercount: 0, L: 3.920129e-04, eta:1.050000e+00
2020-06-11 14:55:18,223 - DEBUG - fx_L1_mfista- itercount: 0, L: 4.116136e-04, eta:1.050000e+00
2020-06-11 14:55:18,230 - DEBUG - fx_L1_mfista- itercount: 0, L: 4.321942e-04, eta:1.050000e+00
2020-06-11 14:55:18,237 - DEBUG - fx_L1_mfista- itercount: 0, L: 4.538039e-04, eta:1.050000e+00
2020-06-11 14:55:18,243 - DEBUG - fx_L1_mfista- itercount: 0, L: 4.764941e-04, eta:1.050000e+00
2020-06-11 14:55:18,251 - DEBUG - fx_L1_mfista- itercount: 0, L: 5.003189e-04, eta:1.050000e+00
2020-06-11 14:55:18,257 - DEBUG - fx_L1_mfista- itercount: 0, L: 5.253348e-04, eta:1.050000e+00
2020-06-11 14:55:18,263 - DEBUG - fx_L1_mfista- itercount: 0, L: 5.516015e-04, eta:1.050000e+00
2020-06-11 14:55:18,270 - DEBUG - fx_L1_mfista- itercount: 0, L: 5.791816e-04, eta:1.050000e+00
2020-06-11 14:55:18,277 - DEBUG - fx_L1_mfista- itercount: 0, L: 6.081407e-04, eta:1.050000e+00
2020-06-11 14:55:18,285 - DEBUG - fx_L1_mfista- itercount: 0, L: 6.385477e-04, eta:1.050000e+00
2020-06-11 14:55:18,291 - DEBUG - fx_L1_mfista- itercount: 0, L: 6.704751e-04, eta:1.050000e+00
2020-06-11 14:55:18,297 - DEBUG - fx_L1_mfista- itercount: 0, L: 7.039989e-04, eta:1.050000e+00
2020-06-11 14:55:18,304 - DEBUG - fx_L1_mfista- itercount: 0, L: 7.391988e-04, eta:1.050000e+00
2020-06-11 14:55:18,311 - DEBUG - fx_L1_mfista- itercount: 0, L: 7.761588e-04, eta:1.050000e+00
2020-06-11 14:55:18,319 - DEBUG - fx_L1_mfista- itercount: 0, L: 8.149667e-04, eta:1.050000e+00
2020-06-11 14:55:18,325 - DEBUG - fx_L1_mfista- itercount: 0, L: 8.557150e-04, eta:1.050000e+00
2020-06-11 14:55:18,331 - DEBUG - fx_L1_mfista- itercount: 0, L: 8.985008e-04, eta:1.050000e+00
2020-06-11 14:55:18,337 - DEBUG - fx_L1_mfista- itercount: 0, L: 9.434258e-04, eta:1.050000e+00
2020-06-11 14:55:18,344 - DEBUG - fx_L1_mfista- itercount: 0, L: 9.905971e-04, eta:1.050000e+00
2020-06-11 14:55:18,351 - DEBUG - fx_L1_mfista- itercount: 0, L: 1.040127e-03, eta:1.050000e+00
2020-06-11 14:55:18,358 - DEBUG - fx_L1_mfista- itercount: 0, L: 1.092133e-03, eta:1.050000e+00
2020-06-11 14:55:18,366 - DEBUG - fx_L1_mfista- itercount: 0, L: 1.146740e-03, eta:1.050000e+00
2020-06-11 14:55:18,373 - DEBUG - fx_L1_mfista- itercount: 0, L: 1.204077e-03, eta:1.050000e+00
2020-06-11 14:55:18,379 - DEBUG - fx_L1_mfista- itercount: 0, L: 1.264281e-03, eta:1.050000e+00
2020-06-11 14:55:18,385 - DEBUG - fx_L1_mfista- itercount: 0, L: 1.327495e-03, eta:1.050000e+00
2020-06-11 14:55:18,393 - DEBUG - fx_L1_mfista- itercount: 0, L: 1.393870e-03, eta:1.050000e+00
2020-06-11 14:55:18,401 - DEBUG - fx_L1_mfista- itercount: 0, L: 1.463563e-03, eta:1.050000e+00
2020-06-11 14:55:18,407 - DEBUG - fx_L1_mfista- itercount: 0, L: 1.536741e-03, eta:1.050000e+00
2020-06-11 14:55:18,414 - DEBUG - fx_L1_mfista- itercount: 0, L: 1.613578e-03, eta:1.050000e+00
2020-06-11 14:55:18,420 - DEBUG - fx_L1_mfista- itercount: 0, L: 1.694257e-03, eta:1.050000e+00
2020-06-11 14:55:18,426 - DEBUG - fx_L1_mfista- itercount: 0, L: 1.778970e-03, eta:1.050000e+00
2020-06-11 14:55:18,434 - DEBUG - fx_L1_mfista- itercount: 0, L: 1.867919e-03, eta:1.050000e+00
2020-06-11 14:55:18,441 - DEBUG - fx_L1_mfista- itercount: 0, L: 1.961315e-03, eta:1.050000e+00
2020-06-11 14:55:18,447 - DEBUG - fx_L1_mfista- itercount: 0, L: 2.059380e-03, eta:1.050000e+00
2020-06-11 14:55:18,455 - DEBUG - fx_L1_mfista- itercount: 0, L: 2.162349e-03, eta:1.050000e+00
2020-06-11 14:55:18,462 - DEBUG - fx_L1_mfista- itercount: 0, L: 2.270467e-03, eta:1.050000e+00
2020-06-11 14:55:18,469 - DEBUG - fx_L1_mfista- itercount: 0, L: 2.383990e-03, eta:1.050000e+00
2020-06-11 14:55:18,477 - DEBUG - fx_L1_mfista- itercount: 0, L: 2.503190e-03, eta:1.050000e+00
2020-06-11 14:55:18,483 - DEBUG - fx_L1_mfista- itercount: 0, L: 2.628349e-03, eta:1.050000e+00
2020-06-11 14:55:18,490 - DEBUG - fx_L1_mfista- itercount: 0, L: 2.759766e-03, eta:1.050000e+00
2020-06-11 14:55:18,496 - DEBUG - fx_L1_mfista- itercount: 0, L: 2.897755e-03, eta:1.050000e+00
2020-06-11 14:55:18,502 - DEBUG - fx_L1_mfista- itercount: 0, L: 3.042643e-03, eta:1.050000e+00
2020-06-11 14:55:18,508 - DEBUG - fx_L1_mfista- itercount: 0, L: 3.194775e-03, eta:1.050000e+00
2020-06-11 14:55:18,514 - DEBUG - fx_L1_mfista- itercount: 0, L: 3.354513e-03, eta:1.050000e+00
2020-06-11 14:55:18,521 - DEBUG - fx_L1_mfista- itercount: 0, L: 3.522239e-03, eta:1.050000e+00
2020-06-11 14:55:18,526 - DEBUG - fx_L1_mfista- itercount: 0, L: 3.698351e-03, eta:1.050000e+00
2020-06-11 14:55:18,532 - DEBUG - fx_L1_mfista- itercount: 0, L: 3.883269e-03, eta:1.050000e+00
2020-06-11 14:55:18,538 - DEBUG - fx_L1_mfista- itercount: 0, L: 4.077432e-03, eta:1.050000e+00
2020-06-11 14:55:18,544 - DEBUG - fx_L1_mfista- itercount: 0, L: 4.281304e-03, eta:1.050000e+00
2020-06-11 14:55:18,551 - DEBUG - fx_L1_mfista- itercount: 0, L: 4.495369e-03, eta:1.050000e+00
2020-06-11 14:55:18,557 - DEBUG - fx_L1_mfista- itercount: 0, L: 4.720137e-03, eta:1.050000e+00
2020-06-11 14:55:18,563 - DEBUG - fx_L1_mfista- itercount: 0, L: 4.956144e-03, eta:1.050000e+00
2020-06-11 14:55:18,569 - DEBUG - fx_L1_mfista- itercount: 0, L: 5.203951e-03, eta:1.050000e+00
2020-06-11 14:55:18,574 - DEBUG - fx_L1_mfista- itercount: 0, L: 5.464149e-03, eta:1.050000e+00
2020-06-11 14:55:18,580 - DEBUG - fx_L1_mfista- itercount: 0, L: 5.737356e-03, eta:1.050000e+00
2020-06-11 14:55:18,586 - DEBUG - fx_L1_mfista- itercount: 0, L: 6.024224e-03, eta:1.050000e+00
2020-06-11 14:55:18,592 - DEBUG - fx_L1_mfista- itercount: 0, L: 6.325435e-03, eta:1.050000e+00
2020-06-11 14:55:18,598 - DEBUG - fx_L1_mfista- itercount: 0, L: 6.641707e-03, eta:1.050000e+00
2020-06-11 14:55:18,604 - DEBUG - fx_L1_mfista- itercount: 0, L: 6.973792e-03, eta:1.050000e+00
2020-06-11 14:55:18,610 - DEBUG - fx_L1_mfista- itercount: 0, L: 7.322482e-03, eta:1.050000e+00
2020-06-11 14:55:18,616 - DEBUG - fx_L1_mfista- itercount: 0, L: 7.688606e-03, eta:1.050000e+00
2020-06-11 14:55:18,622 - DEBUG - fx_L1_mfista- itercount: 0, L: 8.073037e-03, eta:1.050000e+00
2020-06-11 14:55:18,628 - DEBUG - fx_L1_mfista- itercount: 0, L: 8.476688e-03, eta:1.050000e+00
2020-06-11 14:55:18,634 - DEBUG - fx_L1_mfista- itercount: 0, L: 8.900523e-03, eta:1.050000e+00
2020-06-11 14:55:18,640 - DEBUG - fx_L1_mfista- itercount: 0, L: 9.345549e-03, eta:1.050000e+00
2020-06-11 14:55:18,646 - DEBUG - fx_L1_mfista- itercount: 0, L: 9.812826e-03, eta:1.050000e+00
2020-06-11 14:55:18,652 - DEBUG - fx_L1_mfista- itercount: 0, L: 1.030347e-02, eta:1.050000e+00
2020-06-11 14:55:18,658 - DEBUG - fx_L1_mfista- itercount: 0, L: 1.081864e-02, eta:1.050000e+00
2020-06-11 14:55:18,664 - DEBUG - fx_L1_mfista- itercount: 0, L: 1.135957e-02, eta:1.050000e+00
2020-06-11 14:55:18,670 - DEBUG - fx_L1_mfista- itercount: 0, L: 1.192755e-02, eta:1.050000e+00
2020-06-11 14:55:18,676 - DEBUG - fx_L1_mfista- itercount: 0, L: 1.252393e-02, eta:1.050000e+00
2020-06-11 14:55:18,682 - DEBUG - fx_L1_mfista- itercount: 0, L: 1.315013e-02, eta:1.050000e+00
2020-06-11 14:55:18,688 - DEBUG - fx_L1_mfista- itercount: 0, L: 1.380763e-02, eta:1.050000e+00
2020-06-11 14:55:18,694 - DEBUG - fx_L1_mfista- itercount: 0, L: 1.449801e-02, eta:1.050000e+00
2020-06-11 14:55:18,699 - DEBUG - fx_L1_mfista- itercount: 0, L: 1.522291e-02, eta:1.050000e+00
2020-06-11 14:55:18,706 - DEBUG - fx_L1_mfista- itercount: 0, L: 1.598406e-02, eta:1.050000e+00
2020-06-11 14:55:18,712 - DEBUG - fx_L1_mfista- itercount: 0, L: 1.678326e-02, eta:1.050000e+00
2020-06-11 14:55:18,718 - DEBUG - fx_L1_mfista- itercount: 0, L: 1.762243e-02, eta:1.050000e+00
2020-06-11 14:55:18,724 - DEBUG - fx_L1_mfista- itercount: 0, L: 1.850355e-02, eta:1.050000e+00
2020-06-11 14:55:18,730 - DEBUG - fx_L1_mfista- itercount: 0, L: 1.942872e-02, eta:1.050000e+00
2020-06-11 14:55:18,735 - DEBUG - fx_L1_mfista- itercount: 0, L: 2.040016e-02, eta:1.050000e+00
2020-06-11 14:55:18,741 - DEBUG - fx_L1_mfista- itercount: 0, L: 2.142017e-02, eta:1.050000e+00
2020-06-11 14:55:18,748 - DEBUG - fx_L1_mfista- itercount: 0, L: 2.249118e-02, eta:1.050000e+00
2020-06-11 14:55:18,754 - DEBUG - fx_L1_mfista- itercount: 0, L: 2.361574e-02, eta:1.050000e+00
2020-06-11 14:55:18,759 - DEBUG - fx_L1_mfista- itercount: 0, L: 2.479652e-02, eta:1.050000e+00
2020-06-11 14:55:18,765 - DEBUG - fx_L1_mfista- itercount: 0, L: 2.603635e-02, eta:1.050000e+00
2020-06-11 14:55:18,772 - DEBUG - fx_L1_mfista- itercount: 0, L: 2.733817e-02, eta:1.050000e+00
2020-06-11 14:55:18,778 - DEBUG - fx_L1_mfista- itercount: 0, L: 2.870508e-02, eta:1.050000e+00
2020-06-11 14:55:18,785 - DEBUG - fx_L1_mfista- itercount: 0, L: 3.014033e-02, eta:1.050000e+00
2020-06-11 14:55:18,791 - DEBUG - fx_L1_mfista- itercount: 0, L: 3.164735e-02, eta:1.050000e+00
2020-06-11 14:55:18,797 - DEBUG - fx_L1_mfista- itercount: 0, L: 3.322971e-02, eta:1.050000e+00
2020-06-11 14:55:18,805 - DEBUG - fx_L1_mfista- itercount: 0, L: 3.489120e-02, eta:1.050000e+00
2020-06-11 14:55:18,811 - DEBUG - fx_L1_mfista- itercount: 0, L: 3.663576e-02, eta:1.050000e+00
2020-06-11 14:55:18,817 - DEBUG - fx_L1_mfista- itercount: 0, L: 3.846755e-02, eta:1.050000e+00
2020-06-11 14:55:18,823 - DEBUG - fx_L1_mfista- itercount: 0, L: 4.039092e-02, eta:1.050000e+00
2020-06-11 14:55:18,829 - DEBUG - fx_L1_mfista- itercount: 0, L: 4.241047e-02, eta:1.050000e+00
2020-06-11 14:55:18,836 - DEBUG - fx_L1_mfista- itercount: 0, L: 4.453099e-02, eta:1.050000e+00
2020-06-11 14:55:18,841 - DEBUG - fx_L1_mfista- itercount: 0, L: 4.675754e-02, eta:1.050000e+00
2020-06-11 14:55:18,847 - DEBUG - fx_L1_mfista- itercount: 0, L: 4.909542e-02, eta:1.050000e+00
2020-06-11 14:55:18,853 - DEBUG - fx_L1_mfista- itercount: 0, L: 5.155019e-02, eta:1.050000e+00
2020-06-11 14:55:18,859 - DEBUG - fx_L1_mfista- itercount: 0, L: 5.412770e-02, eta:1.050000e+00
2020-06-11 14:55:18,866 - DEBUG - fx_L1_mfista- itercount: 0, L: 5.683409e-02, eta:1.050000e+00
2020-06-11 14:55:18,872 - DEBUG - fx_L1_mfista- itercount: 0, L: 5.967579e-02, eta:1.050000e+00
2020-06-11 14:55:18,878 - DEBUG - fx_L1_mfista- itercount: 0, L: 6.265958e-02, eta:1.050000e+00
2020-06-11 14:55:18,885 - DEBUG - fx_L1_mfista- itercount: 0, L: 6.579256e-02, eta:1.050000e+00
2020-06-11 14:55:18,891 - DEBUG - fx_L1_mfista- itercount: 0, L: 6.908219e-02, eta:1.050000e+00
2020-06-11 14:55:18,897 - DEBUG - fx_L1_mfista- itercount: 0, L: 7.253630e-02, eta:1.050000e+00
2020-06-11 14:55:18,903 - DEBUG - fx_L1_mfista- itercount: 0, L: 7.616311e-02, eta:1.050000e+00
2020-06-11 14:55:18,909 - DEBUG - fx_L1_mfista- itercount: 0, L: 7.997127e-02, eta:1.050000e+00
2020-06-11 14:55:18,915 - DEBUG - fx_L1_mfista- itercount: 0, L: 8.396983e-02, eta:1.050000e+00
2020-06-11 14:55:18,921 - DEBUG - fx_L1_mfista- itercount: 0, L: 8.816832e-02, eta:1.050000e+00
2020-06-11 14:55:18,927 - DEBUG - fx_L1_mfista- itercount: 0, L: 9.257674e-02, eta:1.050000e+00
2020-06-11 14:55:18,933 - DEBUG - fx_L1_mfista- itercount: 0, L: 9.720557e-02, eta:1.050000e+00
2020-06-11 14:55:18,939 - DEBUG - fx_L1_mfista- itercount: 0, L: 1.020659e-01, eta:1.050000e+00
2020-06-11 14:55:18,945 - DEBUG - fx_L1_mfista- itercount: 0, L: 1.071691e-01, eta:1.050000e+00
2020-06-11 14:55:18,951 - DEBUG - fx_L1_mfista- itercount: 0, L: 1.125276e-01, eta:1.050000e+00
2020-06-11 14:55:18,957 - DEBUG - fx_L1_mfista- itercount: 0, L: 1.181540e-01, eta:1.050000e+00
2020-06-11 14:55:18,963 - DEBUG - fx_L1_mfista- itercount: 0, L: 1.240617e-01, eta:1.050000e+00
2020-06-11 14:55:18,969 - DEBUG - fx_L1_mfista- itercount: 0, L: 1.302648e-01, eta:1.050000e+00
2020-06-11 14:55:18,975 - DEBUG - fx_L1_mfista- itercount: 0, L: 1.367780e-01, eta:1.050000e+00
2020-06-11 14:55:18,981 - DEBUG - fx_L1_mfista- itercount: 0, L: 1.436169e-01, eta:1.050000e+00
2020-06-11 14:55:18,988 - DEBUG - fx_L1_mfista- itercount: 0, L: 1.507977e-01, eta:1.050000e+00
2020-06-11 14:55:18,994 - DEBUG - fx_L1_mfista- itercount: 0, L: 1.583376e-01, eta:1.050000e+00
2020-06-11 14:55:18,999 - DEBUG - fx_L1_mfista- itercount: 0, L: 1.662545e-01, eta:1.050000e+00
2020-06-11 14:55:19,005 - DEBUG - fx_L1_mfista- itercount: 0, L: 1.745672e-01, eta:1.050000e+00
2020-06-11 14:55:19,013 - DEBUG - fx_L1_mfista- itercount: 0, L: 1.832956e-01, eta:1.050000e+00
2020-06-11 14:55:19,021 - DEBUG - fx_L1_mfista- itercount: 0, L: 1.924604e-01, eta:1.050000e+00
2020-06-11 14:55:19,027 - DEBUG - fx_L1_mfista- itercount: 0, L: 2.020834e-01, eta:1.050000e+00
2020-06-11 14:55:19,034 - DEBUG - fx_L1_mfista- itercount: 0, L: 2.121876e-01, eta:1.050000e+00
2020-06-11 14:55:19,040 - DEBUG - fx_L1_mfista- itercount: 0, L: 2.227970e-01, eta:1.050000e+00
2020-06-11 14:55:19,046 - DEBUG - fx_L1_mfista- itercount: 0, L: 2.339368e-01, eta:1.050000e+00
2020-06-11 14:55:19,054 - DEBUG - fx_L1_mfista- itercount: 0, L: 2.456336e-01, eta:1.050000e+00
2020-06-11 14:55:19,061 - DEBUG - fx_L1_mfista- itercount: 0, L: 2.579153e-01, eta:1.050000e+00
2020-06-11 14:55:19,067 - DEBUG - fx_L1_mfista- itercount: 0, L: 2.708111e-01, eta:1.050000e+00
2020-06-11 14:55:19,073 - DEBUG - fx_L1_mfista- itercount: 0, L: 2.843516e-01, eta:1.050000e+00
2020-06-11 14:55:19,079 - DEBUG - fx_L1_mfista- itercount: 0, L: 2.985692e-01, eta:1.050000e+00
2020-06-11 14:55:19,085 - DEBUG - fx_L1_mfista- itercount: 0, L: 3.134977e-01, eta:1.050000e+00
2020-06-11 14:55:19,091 - DEBUG - fx_L1_mfista- itercount: 0, L: 3.291726e-01, eta:1.050000e+00
2020-06-11 14:55:19,097 - DEBUG - fx_L1_mfista- itercount: 0, L: 3.456312e-01, eta:1.050000e+00
2020-06-11 14:55:19,103 - DEBUG - fx_L1_mfista- itercount: 0, L: 3.629128e-01, eta:1.050000e+00
2020-06-11 14:55:19,110 - DEBUG - fx_L1_mfista- itercount: 0, L: 3.810584e-01, eta:1.050000e+00
2020-06-11 14:55:19,116 - DEBUG - fx_L1_mfista- itercount: 0, L: 4.001113e-01, eta:1.050000e+00
2020-06-11 14:55:19,122 - DEBUG - fx_L1_mfista- itercount: 0, L: 4.201169e-01, eta:1.050000e+00
2020-06-11 14:55:19,128 - DEBUG - fx_L1_mfista- itercount: 0, L: 4.411227e-01, eta:1.050000e+00
2020-06-11 14:55:19,134 - DEBUG - fx_L1_mfista- itercount: 0, L: 4.631789e-01, eta:1.050000e+00
2020-06-11 14:55:19,140 - DEBUG - fx_L1_mfista- itercount: 0, L: 4.863378e-01, eta:1.050000e+00
2020-06-11 14:55:19,146 - DEBUG - fx_L1_mfista- itercount: 0, L: 5.106547e-01, eta:1.050000e+00
2020-06-11 14:55:19,153 - DEBUG - fx_L1_mfista- itercount: 0, L: 5.361874e-01, eta:1.050000e+00
2020-06-11 14:55:19,159 - DEBUG - fx_L1_mfista- itercount: 0, L: 5.629968e-01, eta:1.050000e+00
2020-06-11 14:55:19,165 - DEBUG - fx_L1_mfista- itercount: 0, L: 5.911467e-01, eta:1.050000e+00
2020-06-11 14:55:19,171 - DEBUG - fx_L1_mfista- itercount: 0, L: 6.207040e-01, eta:1.050000e+00
2020-06-11 14:55:19,177 - DEBUG - fx_L1_mfista- itercount: 0, L: 6.517392e-01, eta:1.050000e+00
2020-06-11 14:55:19,183 - DEBUG - fx_L1_mfista- itercount: 0, L: 6.843261e-01, eta:1.050000e+00
2020-06-11 14:55:19,189 - DEBUG - fx_L1_mfista- itercount: 0, L: 7.185425e-01, eta:1.050000e+00
2020-06-11 14:55:19,195 - DEBUG - fx_L1_mfista- itercount: 0, L: 7.544696e-01, eta:1.050000e+00
2020-06-11 14:55:19,201 - DEBUG - fx_L1_mfista- itercount: 0, L: 7.921931e-01, eta:1.050000e+00
2020-06-11 14:55:19,206 - DEBUG - fx_L1_mfista- itercount: 0, L: 8.318027e-01, eta:1.050000e+00
2020-06-11 14:55:19,212 - DEBUG - fx_L1_mfista- itercount: 0, L: 8.733928e-01, eta:1.050000e+00
2020-06-11 14:55:19,219 - DEBUG - fx_L1_mfista- itercount: 0, L: 9.170625e-01, eta:1.050000e+00
2020-06-11 14:55:19,224 - DEBUG - fx_L1_mfista- itercount: 0, L: 9.629156e-01, eta:1.050000e+00
2020-06-11 14:55:19,230 - DEBUG - fx_L1_mfista- itercount: 0, L: 1.011061e+00, eta:1.050000e+00
2020-06-11 14:55:19,237 - DEBUG - fx_L1_mfista- itercount: 0, L: 1.061614e+00, eta:1.050000e+00
2020-06-11 14:55:19,243 - DEBUG - fx_L1_mfista- itercount: 0, L: 1.114695e+00, eta:1.050000e+00
2020-06-11 14:55:19,249 - DEBUG - fx_L1_mfista- itercount: 0, L: 1.170430e+00, eta:1.050000e+00
2020-06-11 14:55:19,255 - DEBUG - fx_L1_mfista- itercount: 0, L: 1.228951e+00, eta:1.050000e+00
2020-06-11 14:55:19,262 - DEBUG - fx_L1_mfista- itercount: 0, L: 1.290399e+00, eta:1.050000e+00
2020-06-11 14:55:19,268 - DEBUG - fx_L1_mfista- itercount: 0, L: 1.354919e+00, eta:1.050000e+00
2020-06-11 14:55:19,274 - DEBUG - fx_L1_mfista- itercount: 0, L: 1.422665e+00, eta:1.050000e+00
2020-06-11 14:55:19,280 - DEBUG - fx_L1_mfista- itercount: 0, L: 1.493798e+00, eta:1.050000e+00
2020-06-11 14:55:19,286 - DEBUG - fx_L1_mfista- itercount: 0, L: 1.568488e+00, eta:1.050000e+00
2020-06-11 14:55:19,292 - DEBUG - fx_L1_mfista- itercount: 0, L: 1.646912e+00, eta:1.050000e+00
2020-06-11 14:55:19,298 - DEBUG - fx_L1_mfista- itercount: 0, L: 1.729258e+00, eta:1.050000e+00
2020-06-11 14:55:19,306 - DEBUG - fx_L1_mfista- itercount: 0, L: 1.815721e+00, eta:1.050000e+00
2020-06-11 14:55:19,311 - DEBUG - fx_L1_mfista- itercount: 0, L: 1.906507e+00, eta:1.050000e+00
2020-06-11 14:55:19,317 - DEBUG - fx_L1_mfista- itercount: 0, L: 2.001832e+00, eta:1.050000e+00
2020-06-11 14:55:19,323 - DEBUG - fx_L1_mfista- itercount: 0, L: 2.101924e+00, eta:1.050000e+00
2020-06-11 14:55:19,329 - DEBUG - fx_L1_mfista- itercount: 0, L: 2.207020e+00, eta:1.050000e+00
2020-06-11 14:55:19,335 - DEBUG - fx_L1_mfista- itercount: 0, L: 2.317371e+00, eta:1.050000e+00
2020-06-11 14:55:19,341 - DEBUG - fx_L1_mfista- itercount: 0, L: 2.433240e+00, eta:1.050000e+00
2020-06-11 14:55:19,347 - DEBUG - fx_L1_mfista- itercount: 0, L: 2.554902e+00, eta:1.050000e+00
2020-06-11 14:55:19,352 - DEBUG - fx_L1_mfista- itercount: 0, L: 2.682647e+00, eta:1.050000e+00
2020-06-11 14:55:19,359 - DEBUG - fx_L1_mfista- itercount: 0, L: 2.816779e+00, eta:1.050000e+00
2020-06-11 14:55:19,365 - DEBUG - fx_L1_mfista- itercount: 0, L: 2.957618e+00, eta:1.050000e+00
2020-06-11 14:55:19,371 - DEBUG - fx_L1_mfista- itercount: 0, L: 3.105499e+00, eta:1.050000e+00
2020-06-11 14:55:19,377 - DEBUG - fx_L1_mfista- itercount: 0, L: 3.260774e+00, eta:1.050000e+00
2020-06-11 14:55:19,383 - DEBUG - fx_L1_mfista- itercount: 0, L: 3.423813e+00, eta:1.050000e+00
2020-06-11 14:55:19,389 - DEBUG - fx_L1_mfista- itercount: 0, L: 3.595003e+00, eta:1.050000e+00
2020-06-11 14:55:19,394 - DEBUG - fx_L1_mfista- itercount: 0, L: 3.774754e+00, eta:1.050000e+00
2020-06-11 14:55:19,400 - DEBUG - fx_L1_mfista- itercount: 0, L: 3.963491e+00, eta:1.050000e+00
2020-06-11 14:55:19,407 - DEBUG - fx_L1_mfista- itercount: 0, L: 4.161666e+00, eta:1.050000e+00
2020-06-11 14:55:19,413 - DEBUG - fx_L1_mfista- itercount: 0, L: 4.369749e+00, eta:1.050000e+00
2020-06-11 14:55:19,419 - DEBUG - fx_L1_mfista- itercount: 0, L: 4.588236e+00, eta:1.050000e+00
2020-06-11 14:55:19,426 - DEBUG - fx_L1_mfista- itercount: 0, L: 4.817648e+00, eta:1.050000e+00
2020-06-11 14:55:19,432 - DEBUG - fx_L1_mfista- itercount: 0, L: 5.058531e+00, eta:1.050000e+00
2020-06-11 14:55:19,439 - DEBUG - fx_L1_mfista- itercount: 0, L: 5.311457e+00, eta:1.050000e+00
2020-06-11 14:55:19,445 - DEBUG - fx_L1_mfista- itercount: 0, L: 5.577030e+00, eta:1.050000e+00
2020-06-11 14:55:19,451 - DEBUG - fx_L1_mfista- itercount: 0, L: 5.855882e+00, eta:1.050000e+00
2020-06-11 14:55:19,457 - DEBUG - fx_L1_mfista- itercount: 0, L: 6.148676e+00, eta:1.050000e+00
2020-06-11 14:55:19,464 - DEBUG - fx_L1_mfista- itercount: 0, L: 6.456110e+00, eta:1.050000e+00
2020-06-11 14:55:19,470 - DEBUG - fx_L1_mfista- itercount: 0, L: 6.778915e+00, eta:1.050000e+00
2020-06-11 14:55:19,477 - DEBUG - fx_L1_mfista- itercount: 0, L: 7.117861e+00, eta:1.050000e+00
2020-06-11 14:55:19,483 - DEBUG - fx_L1_mfista- itercount: 0, L: 7.473754e+00, eta:1.050000e+00
2020-06-11 14:55:19,490 - DEBUG - fx_L1_mfista- itercount: 0, L: 7.847441e+00, eta:1.050000e+00
2020-06-11 14:55:19,496 - DEBUG - fx_L1_mfista- itercount: 0, L: 8.239814e+00, eta:1.050000e+00
2020-06-11 14:55:19,503 - DEBUG - fx_L1_mfista- itercount: 0, L: 8.651804e+00, eta:1.050000e+00
2020-06-11 14:55:19,509 - DEBUG - fx_L1_mfista- itercount: 0, L: 9.084394e+00, eta:1.050000e+00
2020-06-11 14:55:19,515 - DEBUG - fx_L1_mfista- itercount: 0, L: 9.538614e+00, eta:1.050000e+00
2020-06-11 14:55:19,521 - DEBUG - fx_L1_mfista- itercount: 0, L: 1.001554e+01, eta:1.050000e+00
2020-06-11 14:55:19,528 - DEBUG - fx_L1_mfista- itercount: 0, L: 1.051632e+01, eta:1.050000e+00
2020-06-11 14:55:19,534 - DEBUG - fx_L1_mfista- itercount: 0, L: 1.104214e+01, eta:1.050000e+00
2020-06-11 14:55:19,540 - DEBUG - fx_L1_mfista- itercount: 0, L: 1.159425e+01, eta:1.050000e+00
2020-06-11 14:55:19,546 - DEBUG - fx_L1_mfista- itercount: 0, L: 1.217396e+01, eta:1.050000e+00
2020-06-11 14:55:19,553 - DEBUG - fx_L1_mfista- itercount: 0, L: 1.278266e+01, eta:1.050000e+00
2020-06-11 14:55:19,560 - DEBUG - fx_L1_mfista- itercount: 0, L: 1.342179e+01, eta:1.050000e+00
2020-06-11 14:55:19,566 - DEBUG - fx_L1_mfista- itercount: 0, L: 1.409288e+01, eta:1.050000e+00
2020-06-11 14:55:19,572 - DEBUG - fx_L1_mfista- itercount: 0, L: 1.479752e+01, eta:1.050000e+00
2020-06-11 14:55:19,578 - DEBUG - fx_L1_mfista- itercount: 0, L: 1.553740e+01, eta:1.050000e+00
2020-06-11 14:55:19,584 - DEBUG - fx_L1_mfista- itercount: 0, L: 1.631427e+01, eta:1.050000e+00
2020-06-11 14:55:19,589 - DEBUG - fx_L1_mfista- itercount: 0, L: 1.712998e+01, eta:1.050000e+00
2020-06-11 14:55:19,596 - DEBUG - fx_L1_mfista- itercount: 0, L: 1.798648e+01, eta:1.050000e+00
2020-06-11 14:55:19,602 - DEBUG - fx_L1_mfista- itercount: 0, L: 1.888580e+01, eta:1.050000e+00
2020-06-11 14:55:19,609 - DEBUG - fx_L1_mfista- itercount: 0, L: 1.983009e+01, eta:1.050000e+00
2020-06-11 14:55:19,614 - DEBUG - fx_L1_mfista- itercount: 0, L: 2.082160e+01, eta:1.050000e+00
2020-06-11 14:55:19,620 - DEBUG - fx_L1_mfista- itercount: 0, L: 2.186268e+01, eta:1.050000e+00
2020-06-11 14:55:19,627 - DEBUG - fx_L1_mfista- itercount: 0, L: 2.295581e+01, eta:1.050000e+00
2020-06-11 14:55:19,632 - DEBUG - fx_L1_mfista- itercount: 0, L: 2.410360e+01, eta:1.050000e+00
2020-06-11 14:55:19,638 - DEBUG - fx_L1_mfista- itercount: 0, L: 2.530878e+01, eta:1.050000e+00
2020-06-11 14:55:19,645 - DEBUG - fx_L1_mfista- itercount: 0, L: 2.657422e+01, eta:1.050000e+00
2020-06-11 14:55:19,651 - DEBUG - fx_L1_mfista- itercount: 0, L: 2.790293e+01, eta:1.050000e+00
2020-06-11 14:55:19,657 - DEBUG - fx_L1_mfista- itercount: 0, L: 2.929808e+01, eta:1.050000e+00
2020-06-11 14:55:19,663 - DEBUG - fx_L1_mfista- itercount: 0, L: 3.076298e+01, eta:1.050000e+00
2020-06-11 14:55:19,669 - DEBUG - fx_L1_mfista- itercount: 0, L: 3.230113e+01, eta:1.050000e+00
2020-06-11 14:55:19,676 - DEBUG - fx_L1_mfista- itercount: 0, L: 3.391619e+01, eta:1.050000e+00
2020-06-11 14:55:19,682 - DEBUG - fx_L1_mfista- itercount: 0, L: 3.561200e+01, eta:1.050000e+00
2020-06-11 14:55:19,688 - DEBUG - fx_L1_mfista- itercount: 0, L: 3.739260e+01, eta:1.050000e+00
2020-06-11 14:55:19,694 - DEBUG - fx_L1_mfista- itercount: 0, L: 3.926223e+01, eta:1.050000e+00
2020-06-11 14:55:19,701 - DEBUG - fx_L1_mfista- itercount: 0, L: 4.122534e+01, eta:1.050000e+00
2020-06-11 14:55:19,707 - DEBUG - fx_L1_mfista- itercount: 0, L: 4.328661e+01, eta:1.050000e+00
2020-06-11 14:55:19,712 - DEBUG - fx_L1_mfista- itercount: 0, L: 4.545094e+01, eta:1.050000e+00
2020-06-11 14:55:19,719 - DEBUG - fx_L1_mfista- itercount: 0, L: 4.772349e+01, eta:1.050000e+00
2020-06-11 14:55:19,725 - DEBUG - fx_L1_mfista- itercount: 0, L: 5.010966e+01, eta:1.050000e+00
2020-06-11 14:55:19,731 - DEBUG - fx_L1_mfista- itercount: 0, L: 5.261514e+01, eta:1.050000e+00
2020-06-11 14:55:19,738 - DEBUG - fx_L1_mfista- itercount: 0, L: 5.524590e+01, eta:1.050000e+00
2020-06-11 14:55:19,744 - DEBUG - fx_L1_mfista- itercount: 0, L: 5.800819e+01, eta:1.050000e+00
2020-06-11 14:55:19,750 - DEBUG - fx_L1_mfista- itercount: 0, L: 6.090860e+01, eta:1.050000e+00
2020-06-11 14:55:19,756 - DEBUG - fx_L1_mfista- itercount: 0, L: 6.395403e+01, eta:1.050000e+00
2020-06-11 14:55:19,762 - DEBUG - fx_L1_mfista- itercount: 0, L: 6.715174e+01, eta:1.050000e+00
2020-06-11 14:55:19,768 - DEBUG - fx_L1_mfista- itercount: 0, L: 7.050932e+01, eta:1.050000e+00
2020-06-11 14:55:19,774 - DEBUG - fx_L1_mfista- itercount: 0, L: 7.403479e+01, eta:1.050000e+00
2020-06-11 14:55:19,781 - DEBUG - fx_L1_mfista- itercount: 0, L: 7.773653e+01, eta:1.050000e+00
2020-06-11 14:55:19,787 - DEBUG - fx_L1_mfista- itercount: 0, L: 8.162335e+01, eta:1.050000e+00
2020-06-11 14:55:19,793 - DEBUG - fx_L1_mfista- itercount: 0, L: 8.570452e+01, eta:1.050000e+00
2020-06-11 14:55:19,799 - DEBUG - fx_L1_mfista- itercount: 0, L: 8.998975e+01, eta:1.050000e+00
2020-06-11 14:55:19,806 - DEBUG - fx_L1_mfista- itercount: 0, L: 9.448924e+01, eta:1.050000e+00
2020-06-11 14:55:19,812 - DEBUG - fx_L1_mfista- itercount: 0, L: 9.921370e+01, eta:1.050000e+00
2020-06-11 14:55:19,818 - DEBUG - fx_L1_mfista- itercount: 0, L: 1.041744e+02, eta:1.050000e+00
2020-06-11 14:55:19,825 - DEBUG - fx_L1_mfista- itercount: 0, L: 1.093831e+02, eta:1.050000e+00
2020-06-11 14:55:19,831 - DEBUG - fx_L1_mfista- itercount: 0, L: 1.148523e+02, eta:1.050000e+00
2020-06-11 14:55:19,838 - DEBUG - fx_L1_mfista- itercount: 0, L: 1.205949e+02, eta:1.050000e+00
2020-06-11 14:55:19,843 - DEBUG - fx_L1_mfista- itercount: 0, L: 1.266246e+02, eta:1.050000e+00
2020-06-11 14:55:19,850 - DEBUG - fx_L1_mfista- itercount: 0, L: 1.329558e+02, eta:1.050000e+00
2020-06-11 14:55:19,856 - DEBUG - fx_L1_mfista- itercount: 0, L: 1.396036e+02, eta:1.050000e+00
2020-06-11 14:55:19,862 - DEBUG - fx_L1_mfista- itercount: 0, L: 1.465838e+02, eta:1.050000e+00
2020-06-11 14:55:19,868 - DEBUG - fx_L1_mfista- itercount: 0, L: 1.539130e+02, eta:1.050000e+00
2020-06-11 14:55:19,875 - DEBUG - fx_L1_mfista- itercount: 0, L: 1.616087e+02, eta:1.050000e+00
2020-06-11 14:55:19,881 - DEBUG - fx_L1_mfista- itercount: 0, L: 1.696891e+02, eta:1.050000e+00
2020-06-11 14:55:19,887 - DEBUG - fx_L1_mfista- itercount: 0, L: 1.781735e+02, eta:1.050000e+00
2020-06-11 14:55:19,893 - DEBUG - fx_L1_mfista- itercount: 0, L: 1.870822e+02, eta:1.050000e+00
2020-06-11 14:55:19,899 - DEBUG - fx_L1_mfista- itercount: 0, L: 1.964363e+02, eta:1.050000e+00
2020-06-11 14:55:19,905 - DEBUG - fx_L1_mfista- itercount: 0, L: 2.062582e+02, eta:1.050000e+00
2020-06-11 14:55:19,911 - DEBUG - fx_L1_mfista- itercount: 0, L: 2.165711e+02, eta:1.050000e+00
2020-06-11 14:55:19,917 - DEBUG - fx_L1_mfista- itercount: 0, L: 2.273996e+02, eta:1.050000e+00
2020-06-11 14:55:19,924 - DEBUG - fx_L1_mfista- itercount: 0, L: 2.387696e+02, eta:1.050000e+00
2020-06-11 14:55:19,930 - DEBUG - fx_L1_mfista- itercount: 0, L: 2.507081e+02, eta:1.050000e+00
2020-06-11 14:55:19,936 - DEBUG - fx_L1_mfista- itercount: 0, L: 2.632435e+02, eta:1.050000e+00
2020-06-11 14:55:19,941 - DEBUG - fx_L1_mfista- itercount: 0, L: 2.764057e+02, eta:1.050000e+00
2020-06-11 14:55:19,948 - DEBUG - fx_L1_mfista- itercount: 0, L: 2.902259e+02, eta:1.050000e+00
2020-06-11 14:55:19,954 - DEBUG - fx_L1_mfista- itercount: 0, L: 3.047372e+02, eta:1.050000e+00
2020-06-11 14:55:19,960 - DEBUG - fx_L1_mfista- itercount: 0, L: 3.199741e+02, eta:1.050000e+00
2020-06-11 14:55:19,966 - DEBUG - fx_L1_mfista- itercount: 0, L: 3.359728e+02, eta:1.050000e+00
2020-06-11 14:55:19,972 - DEBUG - fx_L1_mfista- itercount: 0, L: 3.527714e+02, eta:1.050000e+00
2020-06-11 14:55:19,978 - DEBUG - fx_L1_mfista- itercount: 0, L: 3.704100e+02, eta:1.050000e+00
2020-06-11 14:55:19,984 - DEBUG - fx_L1_mfista- itercount: 0, L: 3.889305e+02, eta:1.050000e+00
2020-06-11 14:55:19,990 - DEBUG - fx_L1_mfista- itercount: 0, L: 4.083770e+02, eta:1.050000e+00
2020-06-11 14:55:19,996 - DEBUG - fx_L1_mfista- itercount: 0, L: 4.287959e+02, eta:1.050000e+00
2020-06-11 14:55:20,002 - DEBUG - fx_L1_mfista- itercount: 0, L: 4.502357e+02, eta:1.050000e+00
2020-06-11 14:55:20,008 - DEBUG - fx_L1_mfista- itercount: 0, L: 4.727475e+02, eta:1.050000e+00
2020-06-11 14:55:20,014 - DEBUG - fx_L1_mfista- itercount: 0, L: 4.963848e+02, eta:1.050000e+00
2020-06-11 14:55:20,020 - DEBUG - fx_L1_mfista- itercount: 0, L: 5.212041e+02, eta:1.050000e+00
2020-06-11 14:55:20,026 - DEBUG - fx_L1_mfista- itercount: 0, L: 5.472643e+02, eta:1.050000e+00
2020-06-11 14:55:20,032 - DEBUG - fx_L1_mfista- itercount: 0, L: 5.746275e+02, eta:1.050000e+00
2020-06-11 14:55:20,038 - DEBUG - fx_L1_mfista- itercount: 0, L: 6.033589e+02, eta:1.050000e+00
2020-06-11 14:55:20,044 - DEBUG - fx_L1_mfista- itercount: 0, L: 6.335268e+02, eta:1.050000e+00
2020-06-11 14:55:20,051 - DEBUG - fx_L1_mfista- itercount: 0, L: 6.652032e+02, eta:1.050000e+00
2020-06-11 14:55:20,056 - DEBUG - fx_L1_mfista- itercount: 0, L: 6.984633e+02, eta:1.050000e+00
2020-06-11 14:55:20,062 - DEBUG - fx_L1_mfista- itercount: 0, L: 7.333865e+02, eta:1.050000e+00
2020-06-11 14:55:20,068 - DEBUG - fx_L1_mfista- itercount: 0, L: 7.700558e+02, eta:1.050000e+00
2020-06-11 14:55:20,074 - DEBUG - fx_L1_mfista- itercount: 0, L: 8.085586e+02, eta:1.050000e+00
2020-06-11 14:55:20,080 - DEBUG - fx_L1_mfista- itercount: 0, L: 8.489865e+02, eta:1.050000e+00
2020-06-11 14:55:20,086 - DEBUG - fx_L1_mfista- itercount: 0, L: 8.914358e+02, eta:1.050000e+00
2020-06-11 14:55:20,092 - DEBUG - fx_L1_mfista- itercount: 0, L: 9.360076e+02, eta:1.050000e+00
2020-06-11 14:55:20,098 - DEBUG - fx_L1_mfista- itercount: 0, L: 9.828080e+02, eta:1.050000e+00
2020-06-11 14:55:20,103 - DEBUG - fx_L1_mfista- itercount: 0, L: 1.031948e+03, eta:1.050000e+00
2020-06-11 14:55:20,110 - DEBUG - fx_L1_mfista- itercount: 0, L: 1.083546e+03, eta:1.050000e+00
2020-06-11 14:55:20,116 - DEBUG - fx_L1_mfista- itercount: 0, L: 1.137723e+03, eta:1.050000e+00
2020-06-11 14:55:20,122 - DEBUG - fx_L1_mfista- itercount: 0, L: 1.194609e+03, eta:1.050000e+00
2020-06-11 14:55:20,128 - DEBUG - fx_L1_mfista- itercount: 0, L: 1.254340e+03, eta:1.050000e+00
2020-06-11 14:55:20,134 - DEBUG - fx_L1_mfista- itercount: 0, L: 1.317057e+03, eta:1.050000e+00
2020-06-11 14:55:20,139 - DEBUG - fx_L1_mfista- itercount: 0, L: 1.382910e+03, eta:1.050000e+00
2020-06-11 14:55:20,146 - DEBUG - fx_L1_mfista- itercount: 0, L: 1.452055e+03, eta:1.050000e+00
2020-06-11 14:55:20,152 - DEBUG - fx_L1_mfista- itercount: 0, L: 1.524658e+03, eta:1.050000e+00
2020-06-11 14:55:20,157 - DEBUG - fx_L1_mfista- itercount: 0, L: 1.600891e+03, eta:1.050000e+00
2020-06-11 14:55:20,163 - DEBUG - fx_L1_mfista- itercount: 0, L: 1.680935e+03, eta:1.050000e+00
2020-06-11 14:55:20,169 - DEBUG - fx_L1_mfista- itercount: 0, L: 1.764982e+03, eta:1.050000e+00
2020-06-11 14:55:20,175 - DEBUG - fx_L1_mfista- itercount: 0, L: 1.853231e+03, eta:1.050000e+00
2020-06-11 14:55:20,181 - DEBUG - fx_L1_mfista- itercount: 0, L: 1.945893e+03, eta:1.050000e+00
2020-06-11 14:55:20,188 - DEBUG - fx_L1_mfista- itercount: 0, L: 2.043187e+03, eta:1.050000e+00
2020-06-11 14:55:20,194 - DEBUG - fx_L1_mfista- itercount: 0, L: 2.145347e+03, eta:1.050000e+00
2020-06-11 14:55:20,201 - DEBUG - fx_L1_mfista- itercount: 0, L: 2.252614e+03, eta:1.050000e+00
2020-06-11 14:55:20,207 - DEBUG - fx_L1_mfista- itercount: 0, L: 2.365245e+03, eta:1.050000e+00
2020-06-11 14:55:20,213 - DEBUG - fx_L1_mfista- itercount: 0, L: 2.483507e+03, eta:1.050000e+00
2020-06-11 14:55:20,220 - DEBUG - fx_L1_mfista- itercount: 0, L: 2.607682e+03, eta:1.050000e+00
2020-06-11 14:55:20,226 - DEBUG - fx_L1_mfista- itercount: 0, L: 2.738066e+03, eta:1.050000e+00
2020-06-11 14:55:20,233 - DEBUG - fx_L1_mfista- itercount: 0, L: 2.874970e+03, eta:1.050000e+00
2020-06-11 14:55:20,239 - DEBUG - fx_L1_mfista- itercount: 0, L: 3.018718e+03, eta:1.050000e+00
2020-06-11 14:55:20,245 - DEBUG - fx_L1_mfista- itercount: 0, L: 3.169654e+03, eta:1.050000e+00
2020-06-11 14:55:20,251 - DEBUG - fx_L1_mfista- itercount: 0, L: 3.328137e+03, eta:1.050000e+00
2020-06-11 14:55:20,257 - DEBUG - fx_L1_mfista- itercount: 0, L: 3.494544e+03, eta:1.050000e+00
2020-06-11 14:55:20,263 - DEBUG - fx_L1_mfista- itercount: 0, L: 3.669271e+03, eta:1.050000e+00
2020-06-11 14:55:20,269 - DEBUG - fx_L1_mfista- itercount: 0, L: 3.852734e+03, eta:1.050000e+00
2020-06-11 14:55:20,275 - DEBUG - fx_L1_mfista- itercount: 0, L: 4.045371e+03, eta:1.050000e+00
2020-06-11 14:55:20,281 - DEBUG - fx_L1_mfista- itercount: 0, L: 4.247640e+03, eta:1.050000e+00
2020-06-11 14:55:20,288 - DEBUG - fx_L1_mfista- itercount: 0, L: 4.460022e+03, eta:1.050000e+00
2020-06-11 14:55:20,293 - DEBUG - fx_L1_mfista- itercount: 0, L: 4.683023e+03, eta:1.050000e+00
2020-06-11 14:55:20,301 - DEBUG - fx_L1_mfista- itercount: 0, L: 4.917174e+03, eta:1.050000e+00
2020-06-11 14:55:20,307 - DEBUG - fx_L1_mfista- itercount: 0, L: 5.163033e+03, eta:1.050000e+00
2020-06-11 14:55:20,313 - DEBUG - fx_L1_mfista- itercount: 0, L: 5.421184e+03, eta:1.050000e+00
2020-06-11 14:55:20,320 - DEBUG - fx_L1_mfista- itercount: 0, L: 5.692243e+03, eta:1.050000e+00
2020-06-11 14:55:20,325 - DEBUG - fx_L1_mfista- itercount: 0, L: 5.976856e+03, eta:1.050000e+00
2020-06-11 14:55:20,331 - DEBUG - fx_L1_mfista- itercount: 0, L: 6.275698e+03, eta:1.050000e+00
2020-06-11 14:55:20,337 - DEBUG - fx_L1_mfista- itercount: 0, L: 6.589483e+03, eta:1.050000e+00
2020-06-11 14:55:20,343 - DEBUG - fx_L1_mfista- itercount: 0, L: 6.918957e+03, eta:1.050000e+00
2020-06-11 14:55:20,349 - DEBUG - fx_L1_mfista- itercount: 0, L: 7.264905e+03, eta:1.050000e+00
2020-06-11 14:55:20,355 - DEBUG - fx_L1_mfista- itercount: 0, L: 7.628151e+03, eta:1.050000e+00
2020-06-11 14:55:20,361 - DEBUG - fx_L1_mfista- itercount: 0, L: 8.009558e+03, eta:1.050000e+00
2020-06-11 14:55:20,367 - DEBUG - fx_L1_mfista- itercount: 0, L: 8.410036e+03, eta:1.050000e+00
2020-06-11 14:55:20,373 - DEBUG - fx_L1_mfista- itercount: 0, L: 8.830538e+03, eta:1.050000e+00
2020-06-11 14:55:20,379 - DEBUG - fx_L1_mfista- itercount: 0, L: 9.272065e+03, eta:1.050000e+00
2020-06-11 14:55:20,385 - DEBUG - fx_L1_mfista- itercount: 0, L: 9.735668e+03, eta:1.050000e+00
2020-06-11 14:55:20,390 - DEBUG - fx_L1_mfista- itercount: 0, L: 1.022245e+04, eta:1.050000e+00
2020-06-11 14:55:20,396 - DEBUG - fx_L1_mfista- itercount: 0, L: 1.073357e+04, eta:1.050000e+00
2020-06-11 14:55:20,402 - DEBUG - fx_L1_mfista- itercount: 0, L: 1.127025e+04, eta:1.050000e+00
2020-06-11 14:55:20,408 - DEBUG - fx_L1_mfista- itercount: 0, L: 1.183377e+04, eta:1.050000e+00
2020-06-11 14:55:20,414 - DEBUG - fx_L1_mfista- itercount: 0, L: 1.242545e+04, eta:1.050000e+00
2020-06-11 14:55:20,421 - DEBUG - fx_L1_mfista- itercount: 0, L: 1.304673e+04, eta:1.050000e+00
2020-06-11 14:55:20,426 - DEBUG - fx_L1_mfista- itercount: 0, L: 1.369906e+04, eta:1.050000e+00
2020-06-11 14:55:20,433 - DEBUG - fx_L1_mfista- itercount: 0, L: 1.438402e+04, eta:1.050000e+00
2020-06-11 14:55:20,439 - DEBUG - fx_L1_mfista- itercount: 0, L: 1.510322e+04, eta:1.050000e+00
2020-06-11 14:55:20,445 - DEBUG - fx_L1_mfista- itercount: 0, L: 1.585838e+04, eta:1.050000e+00
2020-06-11 14:55:20,451 - DEBUG - fx_L1_mfista- itercount: 0, L: 1.665130e+04, eta:1.050000e+00
2020-06-11 14:55:20,457 - DEBUG - fx_L1_mfista- itercount: 0, L: 1.748386e+04, eta:1.050000e+00
2020-06-11 14:55:20,464 - DEBUG - fx_L1_mfista- itercount: 0, L: 1.835805e+04, eta:1.050000e+00
2020-06-11 14:55:20,470 - DEBUG - fx_L1_mfista- itercount: 0, L: 1.927596e+04, eta:1.050000e+00
2020-06-11 14:55:20,476 - DEBUG - fx_L1_mfista- itercount: 0, L: 2.023975e+04, eta:1.050000e+00
2020-06-11 14:55:20,482 - DEBUG - fx_L1_mfista- itercount: 0, L: 2.125174e+04, eta:1.050000e+00
2020-06-11 14:55:20,488 - DEBUG - fx_L1_mfista- itercount: 0, L: 2.231433e+04, eta:1.050000e+00
2020-06-11 14:55:20,495 - DEBUG - fx_L1_mfista- itercount: 0, L: 2.343005e+04, eta:1.050000e+00
2020-06-11 14:55:20,500 - DEBUG - fx_L1_mfista- itercount: 0, L: 2.460155e+04, eta:1.050000e+00
2020-06-11 14:55:20,507 - DEBUG - fx_L1_mfista- itercount: 0, L: 2.583163e+04, eta:1.050000e+00
2020-06-11 14:55:20,513 - DEBUG - fx_L1_mfista- itercount: 0, L: 2.712321e+04, eta:1.050000e+00
2020-06-11 14:55:20,519 - DEBUG - fx_L1_mfista- itercount: 0, L: 2.847937e+04, eta:1.050000e+00
2020-06-11 14:55:20,525 - DEBUG - fx_L1_mfista- itercount: 0, L: 2.990334e+04, eta:1.050000e+00
2020-06-11 14:55:20,531 - DEBUG - fx_L1_mfista- itercount: 0, L: 3.139850e+04, eta:1.050000e+00
2020-06-11 14:55:20,538 - DEBUG - fx_L1_mfista- itercount: 0, L: 3.296843e+04, eta:1.050000e+00
2020-06-11 14:55:20,544 - DEBUG - fx_L1_mfista- itercount: 0, L: 3.461685e+04, eta:1.050000e+00
2020-06-11 14:55:20,551 - DEBUG - fx_L1_mfista- itercount: 0, L: 3.634769e+04, eta:1.050000e+00
2020-06-11 14:55:20,557 - DEBUG - fx_L1_mfista- itercount: 0, L: 3.816508e+04, eta:1.050000e+00
2020-06-11 14:55:20,563 - DEBUG - fx_L1_mfista- itercount: 0, L: 4.007333e+04, eta:1.050000e+00
2020-06-11 14:55:20,570 - DEBUG - fx_L1_mfista- itercount: 0, L: 4.207700e+04, eta:1.050000e+00
2020-06-11 14:55:20,576 - DEBUG - fx_L1_mfista- itercount: 0, L: 4.418085e+04, eta:1.050000e+00
2020-06-11 14:55:20,582 - DEBUG - fx_L1_mfista- itercount: 0, L: 4.638989e+04, eta:1.050000e+00
2020-06-11 14:55:20,588 - DEBUG - fx_L1_mfista- itercount: 0, L: 4.870938e+04, eta:1.050000e+00
2020-06-11 14:55:20,594 - DEBUG - fx_L1_mfista- itercount: 0, L: 5.114485e+04, eta:1.050000e+00
2020-06-11 14:55:20,600 - DEBUG - fx_L1_mfista- itercount: 0, L: 5.370209e+04, eta:1.050000e+00
2020-06-11 14:55:20,606 - DEBUG - fx_L1_mfista- itercount: 0, L: 5.638720e+04, eta:1.050000e+00
2020-06-11 14:55:20,613 - DEBUG - fx_L1_mfista- itercount: 0, L: 5.920656e+04, eta:1.050000e+00
2020-06-11 14:55:20,619 - DEBUG - fx_L1_mfista- itercount: 0, L: 6.216689e+04, eta:1.050000e+00
2020-06-11 14:55:20,625 - DEBUG - fx_L1_mfista- itercount: 0, L: 6.527523e+04, eta:1.050000e+00
2020-06-11 14:55:20,631 - DEBUG - fx_L1_mfista- itercount: 0, L: 6.853899e+04, eta:1.050000e+00
2020-06-11 14:55:20,637 - DEBUG - fx_L1_mfista- itercount: 0, L: 7.196594e+04, eta:1.050000e+00
2020-06-11 14:55:20,643 - DEBUG - fx_L1_mfista- itercount: 0, L: 7.556424e+04, eta:1.050000e+00
2020-06-11 14:55:20,649 - DEBUG - fx_L1_mfista- itercount: 0, L: 7.934245e+04, eta:1.050000e+00
2020-06-11 14:55:20,655 - DEBUG - fx_L1_mfista- itercount: 0, L: 8.330957e+04, eta:1.050000e+00
2020-06-11 14:55:20,662 - DEBUG - fx_L1_mfista- itercount: 0, L: 8.747505e+04, eta:1.050000e+00
2020-06-11 14:55:20,668 - DEBUG - fx_L1_mfista- itercount: 0, L: 9.184880e+04, eta:1.050000e+00
2020-06-11 14:55:20,674 - DEBUG - fx_L1_mfista- itercount: 0, L: 9.644124e+04, eta:1.050000e+00
2020-06-11 14:55:20,690 - DEBUG - fx_L1_mfista- itercount: 1, L: 9.184880e+04, eta:1.050000e+00
2020-06-11 14:55:20,697 - DEBUG - fx_L1_mfista- itercount: 1, L: 9.644124e+04, eta:1.050000e+00
2020-06-11 14:55:20,703 - DEBUG - fx_L1_mfista- itercount: 1, L: 1.012633e+05, eta:1.050000e+00
2020-06-11 14:55:20,720 - DEBUG - fx_L1_mfista- itercount: 2, L: 9.644124e+04, eta:1.050000e+00
2020-06-11 14:55:20,726 - DEBUG - fx_L1_mfista- itercount: 2, L: 1.012633e+05, eta:1.050000e+00
2020-06-11 14:55:20,732 - DEBUG - fx_L1_mfista- itercount: 2, L: 1.063265e+05, eta:1.050000e+00
2020-06-11 14:55:20,738 - DEBUG - fx_L1_mfista- itercount: 2, L: 1.116428e+05, eta:1.050000e+00
2020-06-11 14:55:20,744 - DEBUG - fx_L1_mfista- itercount: 2, L: 1.172249e+05, eta:1.050000e+00
2020-06-11 14:55:20,751 - DEBUG - fx_L1_mfista- itercount: 2, L: 1.230862e+05, eta:1.050000e+00
2020-06-11 14:55:20,757 - DEBUG - fx_L1_mfista- itercount: 2, L: 1.292405e+05, eta:1.050000e+00
2020-06-11 14:55:20,771 - DEBUG - fx_L1_mfista- itercount: 3, L: 1.230862e+05, eta:1.050000e+00
2020-06-11 14:55:20,786 - DEBUG - fx_L1_mfista- itercount: 4, L: 1.172249e+05, eta:1.050000e+00
2020-06-11 14:55:20,802 - DEBUG - fx_L1_mfista- itercount: 5, L: 1.116428e+05, eta:1.050000e+00
2020-06-11 14:55:20,817 - DEBUG - fx_L1_mfista- itercount: 6, L: 1.063265e+05, eta:1.050000e+00
2020-06-11 14:55:20,832 - DEBUG - fx_L1_mfista- itercount: 7, L: 1.012633e+05, eta:1.050000e+00
2020-06-11 14:55:20,846 - DEBUG - fx_L1_mfista- itercount: 8, L: 9.644124e+04, eta:1.050000e+00
2020-06-11 14:55:20,861 - DEBUG - fx_L1_mfista- itercount: 9, L: 9.184880e+04, eta:1.050000e+00
2020-06-11 14:55:20,875 - DEBUG - fx_L1_mfista- itercount: 10, L: 8.747505e+04, eta:1.050000e+00
2020-06-11 14:55:20,890 - DEBUG - fx_L1_mfista- itercount: 11, L: 8.330957e+04, eta:1.050000e+00
2020-06-11 14:55:20,905 - DEBUG - fx_L1_mfista- itercount: 12, L: 7.934245e+04, eta:1.050000e+00
2020-06-11 14:55:20,921 - DEBUG - fx_L1_mfista- itercount: 13, L: 7.556424e+04, eta:1.050000e+00
2020-06-11 14:55:20,936 - DEBUG - fx_L1_mfista- itercount: 14, L: 7.196594e+04, eta:1.050000e+00
2020-06-11 14:55:20,951 - DEBUG - fx_L1_mfista- itercount: 15, L: 6.853899e+04, eta:1.050000e+00
2020-06-11 14:55:20,965 - DEBUG - fx_L1_mfista- itercount: 16, L: 6.527523e+04, eta:1.050000e+00
2020-06-11 14:55:20,979 - DEBUG - fx_L1_mfista- itercount: 17, L: 6.216689e+04, eta:1.050000e+00
2020-06-11 14:55:20,994 - DEBUG - fx_L1_mfista- itercount: 18, L: 5.920656e+04, eta:1.050000e+00
2020-06-11 14:55:21,009 - DEBUG - fx_L1_mfista- itercount: 19, L: 5.638720e+04, eta:1.050000e+00
2020-06-11 14:55:21,025 - DEBUG - fx_L1_mfista- itercount: 20, L: 5.370209e+04, eta:1.050000e+00
2020-06-11 14:55:21,041 - DEBUG - fx_L1_mfista- itercount: 21, L: 5.114485e+04, eta:1.050000e+00
2020-06-11 14:55:21,057 - DEBUG - fx_L1_mfista- itercount: 22, L: 4.870938e+04, eta:1.050000e+00
2020-06-11 14:55:21,072 - DEBUG - fx_L1_mfista- itercount: 23, L: 4.638989e+04, eta:1.050000e+00
2020-06-11 14:55:21,089 - DEBUG - fx_L1_mfista- itercount: 24, L: 4.418085e+04, eta:1.050000e+00
2020-06-11 14:55:21,095 - DEBUG - fx_L1_mfista- itercount: 24, L: 4.638989e+04, eta:1.050000e+00
2020-06-11 14:55:21,102 - DEBUG - fx_L1_mfista- itercount: 24, L: 4.870938e+04, eta:1.050000e+00
2020-06-11 14:55:21,108 - DEBUG - fx_L1_mfista- itercount: 24, L: 5.114485e+04, eta:1.050000e+00
2020-06-11 14:55:21,114 - DEBUG - fx_L1_mfista- itercount: 24, L: 5.370209e+04, eta:1.050000e+00
2020-06-11 14:55:21,121 - DEBUG - fx_L1_mfista- itercount: 24, L: 5.638720e+04, eta:1.050000e+00
2020-06-11 14:55:21,127 - DEBUG - fx_L1_mfista- itercount: 24, L: 5.920656e+04, eta:1.050000e+00
2020-06-11 14:55:21,134 - DEBUG - fx_L1_mfista- itercount: 24, L: 6.216689e+04, eta:1.050000e+00
2020-06-11 14:55:21,140 - DEBUG - fx_L1_mfista- itercount: 24, L: 6.527523e+04, eta:1.050000e+00
2020-06-11 14:55:21,146 - DEBUG - fx_L1_mfista- itercount: 24, L: 6.853899e+04, eta:1.050000e+00
2020-06-11 14:55:21,161 - DEBUG - fx_L1_mfista- itercount: 25, L: 6.527523e+04, eta:1.050000e+00
2020-06-11 14:55:21,167 - DEBUG - fx_L1_mfista- itercount: 25, L: 6.853899e+04, eta:1.050000e+00
2020-06-11 14:55:21,173 - DEBUG - fx_L1_mfista- itercount: 25, L: 7.196594e+04, eta:1.050000e+00
2020-06-11 14:55:21,179 - DEBUG - fx_L1_mfista- itercount: 25, L: 7.556424e+04, eta:1.050000e+00
2020-06-11 14:55:21,194 - DEBUG - fx_L1_mfista- itercount: 26, L: 7.196594e+04, eta:1.050000e+00
2020-06-11 14:55:21,208 - DEBUG - fx_L1_mfista- itercount: 27, L: 6.853899e+04, eta:1.050000e+00
2020-06-11 14:55:21,223 - DEBUG - fx_L1_mfista- itercount: 28, L: 6.527523e+04, eta:1.050000e+00
2020-06-11 14:55:21,237 - DEBUG - fx_L1_mfista- itercount: 29, L: 6.216689e+04, eta:1.050000e+00
2020-06-11 14:55:21,252 - DEBUG - fx_L1_mfista- itercount: 30, L: 5.920656e+04, eta:1.050000e+00
2020-06-11 14:55:21,267 - DEBUG - fx_L1_mfista- itercount: 31, L: 5.638720e+04, eta:1.050000e+00
2020-06-11 14:55:21,272 - DEBUG - fx_L1_mfista- itercount: 31, L: 5.920656e+04, eta:1.050000e+00
2020-06-11 14:55:21,278 - DEBUG - fx_L1_mfista- itercount: 31, L: 6.216689e+04, eta:1.050000e+00
2020-06-11 14:55:21,284 - DEBUG - fx_L1_mfista- itercount: 31, L: 6.527523e+04, eta:1.050000e+00
2020-06-11 14:55:21,290 - DEBUG - fx_L1_mfista- itercount: 31, L: 6.853899e+04, eta:1.050000e+00
2020-06-11 14:55:21,305 - DEBUG - fx_L1_mfista- itercount: 32, L: 6.527523e+04, eta:1.050000e+00
2020-06-11 14:55:21,311 - DEBUG - fx_L1_mfista- itercount: 32, L: 6.853899e+04, eta:1.050000e+00
2020-06-11 14:55:21,325 - DEBUG - fx_L1_mfista- itercount: 33, L: 6.527523e+04, eta:1.050000e+00
2020-06-11 14:55:21,340 - DEBUG - fx_L1_mfista- itercount: 34, L: 6.216689e+04, eta:1.050000e+00
2020-06-11 14:55:21,354 - DEBUG - fx_L1_mfista- itercount: 35, L: 5.920656e+04, eta:1.050000e+00
2020-06-11 14:55:21,369 - DEBUG - fx_L1_mfista- itercount: 36, L: 5.638720e+04, eta:1.050000e+00
2020-06-11 14:55:21,384 - DEBUG - fx_L1_mfista- itercount: 37, L: 5.370209e+04, eta:1.050000e+00
2020-06-11 14:55:21,390 - DEBUG - fx_L1_mfista- itercount: 37, L: 5.638720e+04, eta:1.050000e+00
2020-06-11 14:55:21,396 - DEBUG - fx_L1_mfista- itercount: 37, L: 5.920656e+04, eta:1.050000e+00
2020-06-11 14:55:21,401 - DEBUG - fx_L1_mfista- itercount: 37, L: 6.216689e+04, eta:1.050000e+00
2020-06-11 14:55:21,415 - DEBUG - fx_L1_mfista- itercount: 38, L: 5.920656e+04, eta:1.050000e+00
2020-06-11 14:55:21,421 - DEBUG - fx_L1_mfista- itercount: 38, L: 6.216689e+04, eta:1.050000e+00
2020-06-11 14:55:21,437 - DEBUG - fx_L1_mfista- itercount: 39, L: 5.920656e+04, eta:1.050000e+00
2020-06-11 14:55:21,453 - DEBUG - fx_L1_mfista- itercount: 40, L: 5.638720e+04, eta:1.050000e+00
2020-06-11 14:55:21,468 - DEBUG - fx_L1_mfista- itercount: 41, L: 5.370209e+04, eta:1.050000e+00
2020-06-11 14:55:21,474 - DEBUG - fx_L1_mfista- itercount: 41, L: 5.638720e+04, eta:1.050000e+00
2020-06-11 14:55:21,479 - DEBUG - fx_L1_mfista- itercount: 41, L: 5.920656e+04, eta:1.050000e+00
2020-06-11 14:55:21,486 - DEBUG - fx_L1_mfista- itercount: 41, L: 6.216689e+04, eta:1.050000e+00
2020-06-11 14:55:21,500 - DEBUG - fx_L1_mfista- itercount: 42, L: 5.920656e+04, eta:1.050000e+00
2020-06-11 14:55:21,515 - DEBUG - fx_L1_mfista- itercount: 43, L: 5.638720e+04, eta:1.050000e+00
2020-06-11 14:55:21,522 - DEBUG - fx_L1_mfista- itercount: 43, L: 5.920656e+04, eta:1.050000e+00
2020-06-11 14:55:21,527 - DEBUG - fx_L1_mfista- itercount: 43, L: 6.216689e+04, eta:1.050000e+00
2020-06-11 14:55:21,542 - DEBUG - fx_L1_mfista- itercount: 44, L: 5.920656e+04, eta:1.050000e+00
2020-06-11 14:55:21,558 - DEBUG - fx_L1_mfista- itercount: 45, L: 5.638720e+04, eta:1.050000e+00
2020-06-11 14:55:21,573 - DEBUG - fx_L1_mfista- itercount: 46, L: 5.370209e+04, eta:1.050000e+00
2020-06-11 14:55:21,587 - DEBUG - fx_L1_mfista- itercount: 47, L: 5.114485e+04, eta:1.050000e+00
2020-06-11 14:55:21,593 - DEBUG - fx_L1_mfista- itercount: 47, L: 5.370209e+04, eta:1.050000e+00
2020-06-11 14:55:21,599 - DEBUG - fx_L1_mfista- itercount: 47, L: 5.638720e+04, eta:1.050000e+00
2020-06-11 14:55:21,605 - DEBUG - fx_L1_mfista- itercount: 47, L: 5.920656e+04, eta:1.050000e+00
2020-06-11 14:55:21,620 - DEBUG - fx_L1_mfista- itercount: 48, L: 5.638720e+04, eta:1.050000e+00
2020-06-11 14:55:21,626 - DEBUG - fx_L1_mfista- itercount: 48, L: 5.920656e+04, eta:1.050000e+00
2020-06-11 14:55:21,641 - DEBUG - fx_L1_mfista- itercount: 49, L: 5.638720e+04, eta:1.050000e+00
2020-06-11 14:55:21,647 - DEBUG - fx_L1_mfista- itercount: 49, L: 5.920656e+04, eta:1.050000e+00
2020-06-11 14:55:21,659 - DEBUG - fx_L1_mfista- iternum:50, L: 5.920656e+04, F_xk: 7.125544e+00, chi:6.298118e+06, reg: 3.151241e+05, rela_err:6.017924e-05
2020-06-11 14:55:21,682 - DEBUG - fx_L1_mfista- itercount: 50, L: 5.638720e+04, eta:1.050000e+00
2020-06-11 14:55:21,703 - DEBUG - fx_L1_mfista- itercount: 51, L: 5.370209e+04, eta:1.050000e+00
2020-06-11 14:55:21,709 - DEBUG - fx_L1_mfista- itercount: 51, L: 5.638720e+04, eta:1.050000e+00
2020-06-11 14:55:21,724 - DEBUG - fx_L1_mfista- itercount: 52, L: 5.370209e+04, eta:1.050000e+00
2020-06-11 14:55:21,731 - DEBUG - fx_L1_mfista- itercount: 52, L: 5.638720e+04, eta:1.050000e+00
2020-06-11 14:55:21,746 - DEBUG - fx_L1_mfista- itercount: 53, L: 5.370209e+04, eta:1.050000e+00
2020-06-11 14:55:21,753 - DEBUG - fx_L1_mfista- itercount: 53, L: 5.638720e+04, eta:1.050000e+00
2020-06-11 14:55:21,769 - DEBUG - fx_L1_mfista- itercount: 54, L: 5.370209e+04, eta:1.050000e+00
2020-06-11 14:55:21,775 - DEBUG - fx_L1_mfista- itercount: 54, L: 5.638720e+04, eta:1.050000e+00
2020-06-11 14:55:21,792 - DEBUG - fx_L1_mfista- itercount: 55, L: 5.370209e+04, eta:1.050000e+00
2020-06-11 14:55:21,798 - DEBUG - fx_L1_mfista- itercount: 55, L: 5.638720e+04, eta:1.050000e+00
2020-06-11 14:55:21,817 - DEBUG - fx_L1_mfista- itercount: 56, L: 5.370209e+04, eta:1.050000e+00
2020-06-11 14:55:21,823 - DEBUG - fx_L1_mfista- itercount: 56, L: 5.638720e+04, eta:1.050000e+00
2020-06-11 14:55:21,838 - DEBUG - fx_L1_mfista- itercount: 57, L: 5.370209e+04, eta:1.050000e+00
2020-06-11 14:55:21,852 - DEBUG - fx_L1_mfista- itercount: 58, L: 5.114485e+04, eta:1.050000e+00
2020-06-11 14:55:21,860 - DEBUG - fx_L1_mfista- itercount: 58, L: 5.370209e+04, eta:1.050000e+00
2020-06-11 14:55:21,868 - DEBUG - fx_L1_mfista- itercount: 58, L: 5.638720e+04, eta:1.050000e+00
2020-06-11 14:55:21,883 - DEBUG - fx_L1_mfista- itercount: 59, L: 5.370209e+04, eta:1.050000e+00
2020-06-11 14:55:21,900 - DEBUG - fx_L1_mfista- itercount: 60, L: 5.114485e+04, eta:1.050000e+00
2020-06-11 14:55:21,914 - DEBUG - fx_L1_mfista- itercount: 61, L: 4.870938e+04, eta:1.050000e+00
2020-06-11 14:55:21,921 - DEBUG - fx_L1_mfista- itercount: 61, L: 5.114485e+04, eta:1.050000e+00
2020-06-11 14:55:21,927 - DEBUG - fx_L1_mfista- itercount: 61, L: 5.370209e+04, eta:1.050000e+00
2020-06-11 14:55:21,943 - DEBUG - fx_L1_mfista- itercount: 62, L: 5.114485e+04, eta:1.050000e+00
2020-06-11 14:55:21,959 - DEBUG - fx_L1_mfista- itercount: 63, L: 4.870938e+04, eta:1.050000e+00
2020-06-11 14:55:21,965 - DEBUG - fx_L1_mfista- itercount: 63, L: 5.114485e+04, eta:1.050000e+00
2020-06-11 14:55:21,971 - DEBUG - fx_L1_mfista- itercount: 63, L: 5.370209e+04, eta:1.050000e+00
2020-06-11 14:55:21,988 - DEBUG - fx_L1_mfista- itercount: 64, L: 5.114485e+04, eta:1.050000e+00
2020-06-11 14:55:22,004 - DEBUG - fx_L1_mfista- itercount: 65, L: 4.870938e+04, eta:1.050000e+00
2020-06-11 14:55:22,019 - DEBUG - fx_L1_mfista- itercount: 66, L: 4.638989e+04, eta:1.050000e+00
2020-06-11 14:55:22,025 - DEBUG - fx_L1_mfista- itercount: 66, L: 4.870938e+04, eta:1.050000e+00
2020-06-11 14:55:22,034 - DEBUG - fx_L1_mfista- itercount: 66, L: 5.114485e+04, eta:1.050000e+00
2020-06-11 14:55:22,049 - DEBUG - fx_L1_mfista- itercount: 67, L: 4.870938e+04, eta:1.050000e+00
2020-06-11 14:55:22,056 - DEBUG - fx_L1_mfista- itercount: 67, L: 5.114485e+04, eta:1.050000e+00
2020-06-11 14:55:22,062 - DEBUG - fx_L1_mfista- itercount: 67, L: 5.370209e+04, eta:1.050000e+00
2020-06-11 14:55:22,078 - DEBUG - fx_L1_mfista- itercount: 68, L: 5.114485e+04, eta:1.050000e+00
2020-06-11 14:55:22,094 - DEBUG - fx_L1_mfista- itercount: 69, L: 4.870938e+04, eta:1.050000e+00
2020-06-11 14:55:22,110 - DEBUG - fx_L1_mfista- itercount: 70, L: 4.638989e+04, eta:1.050000e+00
2020-06-11 14:55:22,126 - DEBUG - fx_L1_mfista- itercount: 71, L: 4.418085e+04, eta:1.050000e+00
2020-06-11 14:55:22,141 - DEBUG - fx_L1_mfista- itercount: 72, L: 4.207700e+04, eta:1.050000e+00
2020-06-11 14:55:22,157 - DEBUG - fx_L1_mfista- itercount: 73, L: 4.007333e+04, eta:1.050000e+00
2020-06-11 14:55:22,164 - DEBUG - fx_L1_mfista- itercount: 73, L: 4.207700e+04, eta:1.050000e+00
2020-06-11 14:55:22,171 - DEBUG - fx_L1_mfista- itercount: 73, L: 4.418085e+04, eta:1.050000e+00
2020-06-11 14:55:22,185 - DEBUG - fx_L1_mfista- itercount: 74, L: 4.207700e+04, eta:1.050000e+00
2020-06-11 14:55:22,191 - DEBUG - fx_L1_mfista- itercount: 74, L: 4.418085e+04, eta:1.050000e+00
2020-06-11 14:55:22,198 - DEBUG - fx_L1_mfista- itercount: 74, L: 4.638989e+04, eta:1.050000e+00
2020-06-11 14:55:22,204 - DEBUG - fx_L1_mfista- itercount: 74, L: 4.870938e+04, eta:1.050000e+00
2020-06-11 14:55:22,221 - DEBUG - fx_L1_mfista- itercount: 75, L: 4.638989e+04, eta:1.050000e+00
2020-06-11 14:55:22,236 - DEBUG - fx_L1_mfista- itercount: 76, L: 4.418085e+04, eta:1.050000e+00
2020-06-11 14:55:22,253 - DEBUG - fx_L1_mfista- itercount: 77, L: 4.207700e+04, eta:1.050000e+00
2020-06-11 14:55:22,267 - DEBUG - fx_L1_mfista- itercount: 78, L: 4.007333e+04, eta:1.050000e+00
2020-06-11 14:55:22,274 - DEBUG - fx_L1_mfista- itercount: 78, L: 4.207700e+04, eta:1.050000e+00
2020-06-11 14:55:22,282 - DEBUG - fx_L1_mfista- itercount: 78, L: 4.418085e+04, eta:1.050000e+00
2020-06-11 14:55:22,297 - DEBUG - fx_L1_mfista- itercount: 79, L: 4.207700e+04, eta:1.050000e+00
2020-06-11 14:55:22,314 - DEBUG - fx_L1_mfista- itercount: 80, L: 4.007333e+04, eta:1.050000e+00
2020-06-11 14:55:22,320 - DEBUG - fx_L1_mfista- itercount: 80, L: 4.207700e+04, eta:1.050000e+00
2020-06-11 14:55:22,336 - DEBUG - fx_L1_mfista- itercount: 81, L: 4.007333e+04, eta:1.050000e+00
2020-06-11 14:55:22,342 - DEBUG - fx_L1_mfista- itercount: 81, L: 4.207700e+04, eta:1.050000e+00
2020-06-11 14:55:22,358 - DEBUG - fx_L1_mfista- itercount: 82, L: 4.007333e+04, eta:1.050000e+00
2020-06-11 14:55:22,364 - DEBUG - fx_L1_mfista- itercount: 82, L: 4.207700e+04, eta:1.050000e+00
2020-06-11 14:55:22,371 - DEBUG - fx_L1_mfista- itercount: 82, L: 4.418085e+04, eta:1.050000e+00
2020-06-11 14:55:22,377 - DEBUG - fx_L1_mfista- itercount: 82, L: 4.638989e+04, eta:1.050000e+00
2020-06-11 14:55:22,391 - DEBUG - fx_L1_mfista- itercount: 83, L: 4.418085e+04, eta:1.050000e+00
2020-06-11 14:55:22,408 - DEBUG - fx_L1_mfista- itercount: 84, L: 4.207700e+04, eta:1.050000e+00
2020-06-11 14:55:22,425 - DEBUG - fx_L1_mfista- itercount: 85, L: 4.007333e+04, eta:1.050000e+00
2020-06-11 14:55:22,440 - DEBUG - fx_L1_mfista- itercount: 86, L: 3.816508e+04, eta:1.050000e+00
2020-06-11 14:55:22,457 - DEBUG - fx_L1_mfista- itercount: 87, L: 3.634769e+04, eta:1.050000e+00
2020-06-11 14:55:22,473 - DEBUG - fx_L1_mfista- itercount: 88, L: 3.461685e+04, eta:1.050000e+00
2020-06-11 14:55:22,488 - DEBUG - fx_L1_mfista- itercount: 89, L: 3.296843e+04, eta:1.050000e+00
2020-06-11 14:55:22,504 - DEBUG - fx_L1_mfista- itercount: 90, L: 3.139850e+04, eta:1.050000e+00
2020-06-11 14:55:22,520 - DEBUG - fx_L1_mfista- itercount: 91, L: 2.990334e+04, eta:1.050000e+00
2020-06-11 14:55:22,534 - DEBUG - fx_L1_mfista- itercount: 92, L: 2.847937e+04, eta:1.050000e+00
2020-06-11 14:55:22,541 - DEBUG - fx_L1_mfista- itercount: 92, L: 2.990334e+04, eta:1.050000e+00
2020-06-11 14:55:22,548 - DEBUG - fx_L1_mfista- itercount: 92, L: 3.139850e+04, eta:1.050000e+00
2020-06-11 14:55:22,556 - DEBUG - fx_L1_mfista- itercount: 92, L: 3.296843e+04, eta:1.050000e+00
2020-06-11 14:55:22,562 - DEBUG - fx_L1_mfista- itercount: 92, L: 3.461685e+04, eta:1.050000e+00
2020-06-11 14:55:22,568 - DEBUG - fx_L1_mfista- itercount: 92, L: 3.634769e+04, eta:1.050000e+00
2020-06-11 14:55:22,583 - DEBUG - fx_L1_mfista- itercount: 93, L: 3.461685e+04, eta:1.050000e+00
2020-06-11 14:55:22,589 - DEBUG - fx_L1_mfista- itercount: 93, L: 3.634769e+04, eta:1.050000e+00
2020-06-11 14:55:22,595 - DEBUG - fx_L1_mfista- itercount: 93, L: 3.816508e+04, eta:1.050000e+00
2020-06-11 14:55:22,602 - DEBUG - fx_L1_mfista- itercount: 93, L: 4.007333e+04, eta:1.050000e+00
2020-06-11 14:55:22,608 - DEBUG - fx_L1_mfista- itercount: 93, L: 4.207700e+04, eta:1.050000e+00
2020-06-11 14:55:22,624 - DEBUG - fx_L1_mfista- itercount: 94, L: 4.007333e+04, eta:1.050000e+00
2020-06-11 14:55:22,641 - DEBUG - fx_L1_mfista- itercount: 95, L: 3.816508e+04, eta:1.050000e+00
2020-06-11 14:55:22,647 - DEBUG - fx_L1_mfista- itercount: 95, L: 4.007333e+04, eta:1.050000e+00
2020-06-11 14:55:22,662 - DEBUG - fx_L1_mfista- itercount: 96, L: 3.816508e+04, eta:1.050000e+00
2020-06-11 14:55:22,670 - DEBUG - fx_L1_mfista- itercount: 96, L: 4.007333e+04, eta:1.050000e+00
2020-06-11 14:55:22,676 - DEBUG - fx_L1_mfista- itercount: 96, L: 4.207700e+04, eta:1.050000e+00
2020-06-11 14:55:22,690 - DEBUG - fx_L1_mfista- itercount: 97, L: 4.007333e+04, eta:1.050000e+00
2020-06-11 14:55:22,706 - DEBUG - fx_L1_mfista- itercount: 98, L: 3.816508e+04, eta:1.050000e+00
2020-06-11 14:55:22,712 - DEBUG - fx_L1_mfista- itercount: 98, L: 4.007333e+04, eta:1.050000e+00
2020-06-11 14:55:22,719 - DEBUG - fx_L1_mfista- itercount: 98, L: 4.207700e+04, eta:1.050000e+00
2020-06-11 14:55:22,734 - DEBUG - fx_L1_mfista- itercount: 99, L: 4.007333e+04, eta:1.050000e+00
2020-06-11 14:55:22,749 - DEBUG - fx_L1_mfista- iternum:100, L: 4.007333e+04, F_xk: 7.117652e+00, chi:6.297715e+06, reg: 3.724105e+05, rela_err:1.944104e-07
2020-06-11 14:55:22,772 - DEBUG - fx_L1_mfista- itercount: 100, L: 3.816508e+04, eta:1.050000e+00
2020-06-11 14:55:22,780 - DEBUG - fx_L1_mfista- itercount: 100, L: 4.007333e+04, eta:1.050000e+00
2020-06-11 14:55:22,798 - DEBUG - fx_L1_mfista- itercount: 101, L: 3.816508e+04, eta:1.050000e+00
2020-06-11 14:55:22,806 - DEBUG - fx_L1_mfista- itercount: 101, L: 4.007333e+04, eta:1.050000e+00
2020-06-11 14:55:22,812 - DEBUG - fx_L1_mfista- itercount: 101, L: 4.207700e+04, eta:1.050000e+00
2020-06-11 14:55:22,826 - DEBUG - fx_L1_mfista- itercount: 102, L: 4.007333e+04, eta:1.050000e+00
2020-06-11 14:55:22,842 - DEBUG - fx_L1_mfista- itercount: 103, L: 3.816508e+04, eta:1.050000e+00
2020-06-11 14:55:22,848 - DEBUG - fx_L1_mfista- itercount: 103, L: 4.007333e+04, eta:1.050000e+00
2020-06-11 14:55:22,855 - DEBUG - fx_L1_mfista- itercount: 103, L: 4.207700e+04, eta:1.050000e+00
2020-06-11 14:55:22,870 - DEBUG - fx_L1_mfista- itercount: 104, L: 4.007333e+04, eta:1.050000e+00
2020-06-11 14:55:22,887 - DEBUG - fx_L1_mfista- itercount: 105, L: 3.816508e+04, eta:1.050000e+00
2020-06-11 14:55:22,895 - DEBUG - fx_L1_mfista- itercount: 105, L: 4.007333e+04, eta:1.050000e+00
2020-06-11 14:55:22,914 - DEBUG - fx_L1_mfista- itercount: 106, L: 3.816508e+04, eta:1.050000e+00
2020-06-11 14:55:22,921 - DEBUG - fx_L1_mfista- itercount: 106, L: 4.007333e+04, eta:1.050000e+00
2020-06-11 14:55:22,930 - DEBUG - fx_L1_mfista- itercount: 106, L: 4.207700e+04, eta:1.050000e+00
2020-06-11 14:55:22,950 - DEBUG - fx_L1_mfista- itercount: 107, L: 4.007333e+04, eta:1.050000e+00
2020-06-11 14:55:22,968 - DEBUG - fx_L1_mfista- itercount: 108, L: 3.816508e+04, eta:1.050000e+00
2020-06-11 14:55:22,975 - DEBUG - fx_L1_mfista- itercount: 108, L: 4.007333e+04, eta:1.050000e+00
2020-06-11 14:55:22,982 - DEBUG - fx_L1_mfista- itercount: 108, L: 4.207700e+04, eta:1.050000e+00
2020-06-11 14:55:23,000 - DEBUG - fx_L1_mfista- itercount: 109, L: 4.007333e+04, eta:1.050000e+00
2020-06-11 14:55:23,022 - DEBUG - fx_L1_mfista- itercount: 110, L: 3.816508e+04, eta:1.050000e+00
2020-06-11 14:55:23,032 - DEBUG - fx_L1_mfista- itercount: 110, L: 4.007333e+04, eta:1.050000e+00
2020-06-11 14:55:23,048 - DEBUG - fx_L1_mfista- itercount: 111, L: 3.816508e+04, eta:1.050000e+00
2020-06-11 14:55:23,056 - DEBUG - fx_L1_mfista- itercount: 111, L: 4.007333e+04, eta:1.050000e+00
2020-06-11 14:55:23,063 - DEBUG - fx_L1_mfista- itercount: 111, L: 4.207700e+04, eta:1.050000e+00
2020-06-11 14:55:23,081 - DEBUG - fx_L1_mfista- itercount: 112, L: 4.007333e+04, eta:1.050000e+00
2020-06-11 14:55:23,096 - DEBUG - fx_L1_mfista- itercount: 113, L: 3.816508e+04, eta:1.050000e+00
2020-06-11 14:55:23,104 - DEBUG - fx_L1_mfista- itercount: 113, L: 4.007333e+04, eta:1.050000e+00
2020-06-11 14:55:23,123 - DEBUG - fx_L1_mfista- itercount: 113, L: 4.207700e+04, eta:1.050000e+00
2020-06-11 14:55:23,148 - DEBUG - fx_L1_mfista- itercount: 114, L: 4.007333e+04, eta:1.050000e+00
2020-06-11 14:55:23,167 - DEBUG - fx_L1_mfista- itercount: 115, L: 3.816508e+04, eta:1.050000e+00
2020-06-11 14:55:23,175 - DEBUG - fx_L1_mfista- itercount: 115, L: 4.007333e+04, eta:1.050000e+00
2020-06-11 14:55:23,198 - DEBUG - fx_L1_mfista- itercount: 115, L: 4.207700e+04, eta:1.050000e+00
2020-06-11 14:55:23,214 - DEBUG - fx_L1_mfista- itercount: 116, L: 4.007333e+04, eta:1.050000e+00
2020-06-11 14:55:23,231 - DEBUG - fx_L1_mfista- itercount: 117, L: 3.816508e+04, eta:1.050000e+00
2020-06-11 14:55:23,238 - DEBUG - fx_L1_mfista- itercount: 117, L: 4.007333e+04, eta:1.050000e+00
2020-06-11 14:55:23,254 - DEBUG - fx_L1_mfista- itercount: 118, L: 3.816508e+04, eta:1.050000e+00
2020-06-11 14:55:23,268 - DEBUG - fx_L1_mfista- itercount: 118, L: 4.007333e+04, eta:1.050000e+00
2020-06-11 14:55:23,274 - DEBUG - fx_L1_mfista- itercount: 118, L: 4.207700e+04, eta:1.050000e+00
2020-06-11 14:55:23,289 - DEBUG - fx_L1_mfista- itercount: 119, L: 4.007333e+04, eta:1.050000e+00
2020-06-11 14:55:23,307 - DEBUG - fx_L1_mfista- itercount: 120, L: 3.816508e+04, eta:1.050000e+00
2020-06-11 14:55:23,313 - DEBUG - fx_L1_mfista- itercount: 120, L: 4.007333e+04, eta:1.050000e+00
2020-06-11 14:55:23,328 - DEBUG - fx_L1_mfista- itercount: 121, L: 3.816508e+04, eta:1.050000e+00
2020-06-11 14:55:23,334 - DEBUG - fx_L1_mfista- itercount: 121, L: 4.007333e+04, eta:1.050000e+00
2020-06-11 14:55:23,340 - DEBUG - fx_L1_mfista- itercount: 121, L: 4.207700e+04, eta:1.050000e+00
2020-06-11 14:55:23,354 - DEBUG - fx_L1_mfista- itercount: 122, L: 4.007333e+04, eta:1.050000e+00
2020-06-11 14:55:23,369 - DEBUG - fx_L1_mfista- itercount: 123, L: 3.816508e+04, eta:1.050000e+00
2020-06-11 14:55:23,375 - DEBUG - fx_L1_mfista- itercount: 123, L: 4.007333e+04, eta:1.050000e+00
2020-06-11 14:55:23,389 - DEBUG - fx_L1_mfista- itercount: 124, L: 3.816508e+04, eta:1.050000e+00
2020-06-11 14:55:23,395 - DEBUG - fx_L1_mfista- itercount: 124, L: 4.007333e+04, eta:1.050000e+00
2020-06-11 14:55:23,402 - DEBUG - fx_L1_mfista- itercount: 124, L: 4.207700e+04, eta:1.050000e+00
2020-06-11 14:55:23,416 - DEBUG - fx_L1_mfista- itercount: 125, L: 4.007333e+04, eta:1.050000e+00
2020-06-11 14:55:23,430 - DEBUG - fx_L1_mfista- itercount: 126, L: 3.816508e+04, eta:1.050000e+00
2020-06-11 14:55:23,436 - DEBUG - fx_L1_mfista- itercount: 126, L: 4.007333e+04, eta:1.050000e+00
2020-06-11 14:55:23,450 - DEBUG - fx_L1_mfista- itercount: 127, L: 3.816508e+04, eta:1.050000e+00
2020-06-11 14:55:23,456 - DEBUG - fx_L1_mfista- itercount: 127, L: 4.007333e+04, eta:1.050000e+00
2020-06-11 14:55:23,461 - DEBUG - fx_L1_mfista- itercount: 127, L: 4.207700e+04, eta:1.050000e+00
2020-06-11 14:55:23,476 - DEBUG - fx_L1_mfista- itercount: 128, L: 4.007333e+04, eta:1.050000e+00
2020-06-11 14:55:23,490 - DEBUG - fx_L1_mfista- itercount: 129, L: 3.816508e+04, eta:1.050000e+00
2020-06-11 14:55:23,496 - DEBUG - fx_L1_mfista- itercount: 129, L: 4.007333e+04, eta:1.050000e+00
2020-06-11 14:55:23,509 - DEBUG - fx_L1_mfista- itercount: 130, L: 3.816508e+04, eta:1.050000e+00
2020-06-11 14:55:23,516 - DEBUG - fx_L1_mfista- itercount: 130, L: 4.007333e+04, eta:1.050000e+00
2020-06-11 14:55:23,522 - DEBUG - fx_L1_mfista- itercount: 130, L: 4.207700e+04, eta:1.050000e+00
2020-06-11 14:55:23,536 - DEBUG - fx_L1_mfista- itercount: 131, L: 4.007333e+04, eta:1.050000e+00
2020-06-11 14:55:23,550 - DEBUG - fx_L1_mfista- itercount: 132, L: 3.816508e+04, eta:1.050000e+00
2020-06-11 14:55:23,556 - DEBUG - fx_L1_mfista- itercount: 132, L: 4.007333e+04, eta:1.050000e+00
2020-06-11 14:55:23,571 - DEBUG - fx_L1_mfista- itercount: 133, L: 3.816508e+04, eta:1.050000e+00
2020-06-11 14:55:23,576 - DEBUG - fx_L1_mfista- itercount: 133, L: 4.007333e+04, eta:1.050000e+00
2020-06-11 14:55:23,582 - DEBUG - fx_L1_mfista- itercount: 133, L: 4.207700e+04, eta:1.050000e+00
2020-06-11 14:55:23,597 - DEBUG - fx_L1_mfista- itercount: 134, L: 4.007333e+04, eta:1.050000e+00
2020-06-11 14:55:23,612 - DEBUG - fx_L1_mfista- itercount: 135, L: 3.816508e+04, eta:1.050000e+00
2020-06-11 14:55:23,617 - DEBUG - fx_L1_mfista- itercount: 135, L: 4.007333e+04, eta:1.050000e+00
2020-06-11 14:55:23,631 - DEBUG - fx_L1_mfista- itercount: 136, L: 3.816508e+04, eta:1.050000e+00
2020-06-11 14:55:23,638 - DEBUG - fx_L1_mfista- itercount: 136, L: 4.007333e+04, eta:1.050000e+00
2020-06-11 14:55:23,652 - DEBUG - fx_L1_mfista- itercount: 137, L: 3.816508e+04, eta:1.050000e+00
2020-06-11 14:55:23,657 - DEBUG - fx_L1_mfista- itercount: 137, L: 4.007333e+04, eta:1.050000e+00
2020-06-11 14:55:23,663 - DEBUG - fx_L1_mfista- itercount: 137, L: 4.207700e+04, eta:1.050000e+00
2020-06-11 14:55:23,678 - DEBUG - fx_L1_mfista- itercount: 138, L: 4.007333e+04, eta:1.050000e+00
2020-06-11 14:55:23,693 - DEBUG - fx_L1_mfista- itercount: 139, L: 3.816508e+04, eta:1.050000e+00
2020-06-11 14:55:23,707 - DEBUG - fx_L1_mfista- itercount: 140, L: 3.634769e+04, eta:1.050000e+00
2020-06-11 14:55:23,721 - DEBUG - fx_L1_mfista- itercount: 141, L: 3.461685e+04, eta:1.050000e+00
2020-06-11 14:55:23,737 - DEBUG - fx_L1_mfista- itercount: 142, L: 3.296843e+04, eta:1.050000e+00
2020-06-11 14:55:23,751 - DEBUG - fx_L1_mfista- itercount: 143, L: 3.139850e+04, eta:1.050000e+00
2020-06-11 14:55:23,766 - DEBUG - fx_L1_mfista- itercount: 144, L: 2.990334e+04, eta:1.050000e+00
2020-06-11 14:55:23,781 - DEBUG - fx_L1_mfista- itercount: 145, L: 2.847937e+04, eta:1.050000e+00
2020-06-11 14:55:23,787 - DEBUG - fx_L1_mfista- itercount: 145, L: 2.990334e+04, eta:1.050000e+00
2020-06-11 14:55:23,792 - DEBUG - fx_L1_mfista- itercount: 145, L: 3.139850e+04, eta:1.050000e+00
2020-06-11 14:55:23,798 - DEBUG - fx_L1_mfista- itercount: 145, L: 3.296843e+04, eta:1.050000e+00
2020-06-11 14:55:23,804 - DEBUG - fx_L1_mfista- itercount: 145, L: 3.461685e+04, eta:1.050000e+00
2020-06-11 14:55:23,819 - DEBUG - fx_L1_mfista- itercount: 146, L: 3.296843e+04, eta:1.050000e+00
2020-06-11 14:55:23,824 - DEBUG - fx_L1_mfista- itercount: 146, L: 3.461685e+04, eta:1.050000e+00
2020-06-11 14:55:23,830 - DEBUG - fx_L1_mfista- itercount: 146, L: 3.634769e+04, eta:1.050000e+00
2020-06-11 14:55:23,835 - DEBUG - fx_L1_mfista- itercount: 146, L: 3.816508e+04, eta:1.050000e+00
2020-06-11 14:55:23,841 - DEBUG - fx_L1_mfista- itercount: 146, L: 4.007333e+04, eta:1.050000e+00
2020-06-11 14:55:23,847 - DEBUG - fx_L1_mfista- itercount: 146, L: 4.207700e+04, eta:1.050000e+00
2020-06-11 14:55:23,853 - DEBUG - fx_L1_mfista- itercount: 146, L: 4.418085e+04, eta:1.050000e+00
2020-06-11 14:55:23,867 - DEBUG - fx_L1_mfista- itercount: 147, L: 4.207700e+04, eta:1.050000e+00
2020-06-11 14:55:23,882 - DEBUG - fx_L1_mfista- itercount: 148, L: 4.007333e+04, eta:1.050000e+00
2020-06-11 14:55:23,897 - DEBUG - fx_L1_mfista- itercount: 149, L: 3.816508e+04, eta:1.050000e+00
2020-06-11 14:55:23,910 - DEBUG - fx_L1_mfista- iternum:150, L: 3.816508e+04, F_xk: 7.117530e+00, chi:6.297153e+06, reg: 3.630877e+05, rela_err:9.370430e-09
2020-06-11 14:55:23,929 - DEBUG - fx_L1_mfista- itercount: 150, L: 3.634769e+04, eta:1.050000e+00
2020-06-11 14:55:23,938 - DEBUG - fx_L1_mfista- itercount: 150, L: 3.816508e+04, eta:1.050000e+00
2020-06-11 14:55:23,953 - DEBUG - fx_L1_mfista- itercount: 151, L: 3.634769e+04, eta:1.050000e+00
2020-06-11 14:55:23,959 - DEBUG - fx_L1_mfista- itercount: 151, L: 3.816508e+04, eta:1.050000e+00
2020-06-11 14:55:23,965 - DEBUG - fx_L1_mfista- itercount: 151, L: 4.007333e+04, eta:1.050000e+00
2020-06-11 14:55:23,972 - DEBUG - fx_L1_mfista- itercount: 151, L: 4.207700e+04, eta:1.050000e+00
2020-06-11 14:55:23,988 - DEBUG - fx_L1_mfista- itercount: 152, L: 4.007333e+04, eta:1.050000e+00
2020-06-11 14:55:24,002 - DEBUG - fx_L1_mfista- itercount: 153, L: 3.816508e+04, eta:1.050000e+00
2020-06-11 14:55:24,009 - DEBUG - fx_L1_mfista- itercount: 153, L: 4.007333e+04, eta:1.050000e+00
2020-06-11 14:55:24,026 - DEBUG - fx_L1_mfista- itercount: 154, L: 3.816508e+04, eta:1.050000e+00
2020-06-11 14:55:24,032 - DEBUG - fx_L1_mfista- itercount: 154, L: 4.007333e+04, eta:1.050000e+00
2020-06-11 14:55:24,047 - DEBUG - fx_L1_mfista- itercount: 155, L: 3.816508e+04, eta:1.050000e+00
2020-06-11 14:55:24,054 - DEBUG - fx_L1_mfista- itercount: 155, L: 4.007333e+04, eta:1.050000e+00
2020-06-11 14:55:24,059 - DEBUG - fx_L1_mfista- itercount: 155, L: 4.207700e+04, eta:1.050000e+00
2020-06-11 14:55:24,075 - DEBUG - fx_L1_mfista- itercount: 156, L: 4.007333e+04, eta:1.050000e+00
2020-06-11 14:55:24,091 - DEBUG - fx_L1_mfista- itercount: 157, L: 3.816508e+04, eta:1.050000e+00
2020-06-11 14:55:24,107 - DEBUG - fx_L1_mfista- itercount: 158, L: 3.634769e+04, eta:1.050000e+00
2020-06-11 14:55:24,113 - DEBUG - fx_L1_mfista- itercount: 158, L: 3.816508e+04, eta:1.050000e+00
2020-06-11 14:55:24,119 - DEBUG - fx_L1_mfista- itercount: 158, L: 4.007333e+04, eta:1.050000e+00
2020-06-11 14:55:24,125 - DEBUG - fx_L1_mfista- itercount: 158, L: 4.207700e+04, eta:1.050000e+00
2020-06-11 14:55:24,142 - DEBUG - fx_L1_mfista- itercount: 159, L: 4.007333e+04, eta:1.050000e+00
2020-06-11 14:55:24,157 - DEBUG - fx_L1_mfista- itercount: 160, L: 3.816508e+04, eta:1.050000e+00
2020-06-11 14:55:24,162 - DEBUG - fx_L1_mfista- itercount: 160, L: 4.007333e+04, eta:1.050000e+00
2020-06-11 14:55:24,178 - DEBUG - fx_L1_mfista- itercount: 161, L: 3.816508e+04, eta:1.050000e+00
2020-06-11 14:55:24,184 - DEBUG - fx_L1_mfista- itercount: 161, L: 4.007333e+04, eta:1.050000e+00
2020-06-11 14:55:24,190 - DEBUG - fx_L1_mfista- itercount: 161, L: 4.207700e+04, eta:1.050000e+00
2020-06-11 14:55:24,206 - DEBUG - fx_L1_mfista- itercount: 162, L: 4.007333e+04, eta:1.050000e+00
2020-06-11 14:55:24,222 - DEBUG - fx_L1_mfista- itercount: 163, L: 3.816508e+04, eta:1.050000e+00
2020-06-11 14:55:24,228 - DEBUG - fx_L1_mfista- itercount: 163, L: 4.007333e+04, eta:1.050000e+00
2020-06-11 14:55:24,245 - DEBUG - fx_L1_mfista- itercount: 164, L: 3.816508e+04, eta:1.050000e+00
2020-06-11 14:55:24,252 - DEBUG - fx_L1_mfista- itercount: 164, L: 4.007333e+04, eta:1.050000e+00
2020-06-11 14:55:24,270 - DEBUG - fx_L1_mfista- itercount: 165, L: 3.816508e+04, eta:1.050000e+00
2020-06-11 14:55:24,276 - DEBUG - fx_L1_mfista- itercount: 165, L: 4.007333e+04, eta:1.050000e+00
2020-06-11 14:55:24,292 - DEBUG - fx_L1_mfista- itercount: 166, L: 3.816508e+04, eta:1.050000e+00
2020-06-11 14:55:24,298 - DEBUG - fx_L1_mfista- itercount: 166, L: 4.007333e+04, eta:1.050000e+00
2020-06-11 14:55:24,307 - DEBUG - fx_L1_mfista- itercount: 166, L: 4.207700e+04, eta:1.050000e+00
2020-06-11 14:55:24,327 - DEBUG - fx_L1_mfista- itercount: 167, L: 4.007333e+04, eta:1.050000e+00
2020-06-11 14:55:24,342 - DEBUG - fx_L1_mfista- itercount: 168, L: 3.816508e+04, eta:1.050000e+00
2020-06-11 14:55:24,350 - DEBUG - fx_L1_mfista- itercount: 168, L: 4.007333e+04, eta:1.050000e+00
2020-06-11 14:55:24,365 - DEBUG - fx_L1_mfista- itercount: 169, L: 3.816508e+04, eta:1.050000e+00
2020-06-11 14:55:24,373 - DEBUG - fx_L1_mfista- itercount: 169, L: 4.007333e+04, eta:1.050000e+00
2020-06-11 14:55:24,388 - DEBUG - fx_L1_mfista- itercount: 170, L: 3.816508e+04, eta:1.050000e+00
2020-06-11 14:55:24,396 - DEBUG - fx_L1_mfista- itercount: 170, L: 4.007333e+04, eta:1.050000e+00
2020-06-11 14:55:24,403 - DEBUG - fx_L1_mfista- itercount: 170, L: 4.207700e+04, eta:1.050000e+00
2020-06-11 14:55:24,418 - DEBUG - fx_L1_mfista- itercount: 171, L: 4.007333e+04, eta:1.050000e+00
2020-06-11 14:55:24,434 - DEBUG - fx_L1_mfista- itercount: 172, L: 3.816508e+04, eta:1.050000e+00
2020-06-11 14:55:24,439 - DEBUG - fx_L1_mfista- itercount: 172, L: 4.007333e+04, eta:1.050000e+00
2020-06-11 14:55:24,455 - DEBUG - fx_L1_mfista- itercount: 173, L: 3.816508e+04, eta:1.050000e+00
2020-06-11 14:55:24,461 - DEBUG - fx_L1_mfista- itercount: 173, L: 4.007333e+04, eta:1.050000e+00
2020-06-11 14:55:24,476 - DEBUG - fx_L1_mfista- itercount: 174, L: 3.816508e+04, eta:1.050000e+00
2020-06-11 14:55:24,481 - DEBUG - fx_L1_mfista- itercount: 174, L: 4.007333e+04, eta:1.050000e+00
2020-06-11 14:55:24,497 - DEBUG - fx_L1_mfista- itercount: 175, L: 3.816508e+04, eta:1.050000e+00
2020-06-11 14:55:24,502 - DEBUG - fx_L1_mfista- itercount: 175, L: 4.007333e+04, eta:1.050000e+00
2020-06-11 14:55:24,517 - DEBUG - fx_L1_mfista- itercount: 176, L: 3.816508e+04, eta:1.050000e+00
2020-06-11 14:55:24,523 - DEBUG - fx_L1_mfista- itercount: 176, L: 4.007333e+04, eta:1.050000e+00
2020-06-11 14:55:24,529 - DEBUG - fx_L1_mfista- itercount: 176, L: 4.207700e+04, eta:1.050000e+00
2020-06-11 14:55:24,544 - DEBUG - fx_L1_mfista- itercount: 177, L: 4.007333e+04, eta:1.050000e+00
2020-06-11 14:55:24,558 - DEBUG - fx_L1_mfista- itercount: 178, L: 3.816508e+04, eta:1.050000e+00
2020-06-11 14:55:24,572 - DEBUG - fx_L1_mfista- itercount: 179, L: 3.634769e+04, eta:1.050000e+00
2020-06-11 14:55:24,578 - DEBUG - fx_L1_mfista- itercount: 179, L: 3.816508e+04, eta:1.050000e+00
2020-06-11 14:55:24,584 - DEBUG - fx_L1_mfista- itercount: 179, L: 4.007333e+04, eta:1.050000e+00
2020-06-11 14:55:24,590 - DEBUG - fx_L1_mfista- itercount: 179, L: 4.207700e+04, eta:1.050000e+00
2020-06-11 14:55:24,605 - DEBUG - fx_L1_mfista- itercount: 180, L: 4.007333e+04, eta:1.050000e+00
2020-06-11 14:55:24,619 - DEBUG - fx_L1_mfista- itercount: 181, L: 3.816508e+04, eta:1.050000e+00
2020-06-11 14:55:24,625 - DEBUG - fx_L1_mfista- itercount: 181, L: 4.007333e+04, eta:1.050000e+00
2020-06-11 14:55:24,639 - DEBUG - fx_L1_mfista- itercount: 182, L: 3.816508e+04, eta:1.050000e+00
2020-06-11 14:55:24,645 - DEBUG - fx_L1_mfista- itercount: 182, L: 4.007333e+04, eta:1.050000e+00
2020-06-11 14:55:24,659 - DEBUG - fx_L1_mfista- itercount: 183, L: 3.816508e+04, eta:1.050000e+00
2020-06-11 14:55:24,665 - DEBUG - fx_L1_mfista- itercount: 183, L: 4.007333e+04, eta:1.050000e+00
2020-06-11 14:55:24,680 - DEBUG - fx_L1_mfista- itercount: 184, L: 3.816508e+04, eta:1.050000e+00
2020-06-11 14:55:24,686 - DEBUG - fx_L1_mfista- itercount: 184, L: 4.007333e+04, eta:1.050000e+00
2020-06-11 14:55:24,691 - DEBUG - fx_L1_mfista- itercount: 184, L: 4.207700e+04, eta:1.050000e+00
2020-06-11 14:55:24,705 - DEBUG - fx_L1_mfista- itercount: 185, L: 4.007333e+04, eta:1.050000e+00
2020-06-11 14:55:24,719 - DEBUG - fx_L1_mfista- itercount: 186, L: 3.816508e+04, eta:1.050000e+00
2020-06-11 14:55:24,734 - DEBUG - fx_L1_mfista- itercount: 187, L: 3.634769e+04, eta:1.050000e+00
2020-06-11 14:55:24,740 - DEBUG - fx_L1_mfista- itercount: 187, L: 3.816508e+04, eta:1.050000e+00
2020-06-11 14:55:24,745 - DEBUG - fx_L1_mfista- itercount: 187, L: 4.007333e+04, eta:1.050000e+00
2020-06-11 14:55:24,751 - DEBUG - fx_L1_mfista- itercount: 187, L: 4.207700e+04, eta:1.050000e+00
2020-06-11 14:55:24,765 - DEBUG - fx_L1_mfista- itercount: 188, L: 4.007333e+04, eta:1.050000e+00
2020-06-11 14:55:24,780 - DEBUG - fx_L1_mfista- itercount: 189, L: 3.816508e+04, eta:1.050000e+00
2020-06-11 14:55:24,795 - DEBUG - fx_L1_mfista- itercount: 190, L: 3.634769e+04, eta:1.050000e+00
2020-06-11 14:55:24,810 - DEBUG - fx_L1_mfista- itercount: 191, L: 3.461685e+04, eta:1.050000e+00
2020-06-11 14:55:24,824 - DEBUG - fx_L1_mfista- itercount: 192, L: 3.296843e+04, eta:1.050000e+00
2020-06-11 14:55:24,838 - DEBUG - fx_L1_mfista- itercount: 193, L: 3.139850e+04, eta:1.050000e+00
2020-06-11 14:55:24,852 - DEBUG - fx_L1_mfista- itercount: 194, L: 2.990334e+04, eta:1.050000e+00
2020-06-11 14:55:24,866 - DEBUG - fx_L1_mfista- itercount: 195, L: 2.847937e+04, eta:1.050000e+00
2020-06-11 14:55:24,880 - DEBUG - fx_L1_mfista- itercount: 196, L: 2.712321e+04, eta:1.050000e+00
2020-06-11 14:55:24,886 - DEBUG - fx_L1_mfista- itercount: 196, L: 2.847937e+04, eta:1.050000e+00
2020-06-11 14:55:24,892 - DEBUG - fx_L1_mfista- itercount: 196, L: 2.990334e+04, eta:1.050000e+00
2020-06-11 14:55:24,898 - DEBUG - fx_L1_mfista- itercount: 196, L: 3.139850e+04, eta:1.050000e+00
2020-06-11 14:55:24,904 - DEBUG - fx_L1_mfista- itercount: 196, L: 3.296843e+04, eta:1.050000e+00
2020-06-11 14:55:24,910 - DEBUG - fx_L1_mfista- itercount: 196, L: 3.461685e+04, eta:1.050000e+00
2020-06-11 14:55:24,915 - DEBUG - fx_L1_mfista- itercount: 196, L: 3.634769e+04, eta:1.050000e+00
2020-06-11 14:55:24,921 - DEBUG - fx_L1_mfista- itercount: 196, L: 3.816508e+04, eta:1.050000e+00
2020-06-11 14:55:24,926 - DEBUG - fx_L1_mfista- itercount: 196, L: 4.007333e+04, eta:1.050000e+00
2020-06-11 14:55:24,933 - DEBUG - fx_L1_mfista- itercount: 196, L: 4.207700e+04, eta:1.050000e+00
2020-06-11 14:55:24,939 - DEBUG - fx_L1_mfista- itercount: 196, L: 4.418085e+04, eta:1.050000e+00
2020-06-11 14:55:24,944 - DEBUG - fx_L1_mfista- itercount: 196, L: 4.638989e+04, eta:1.050000e+00
2020-06-11 14:55:24,958 - DEBUG - fx_L1_mfista- itercount: 197, L: 4.418085e+04, eta:1.050000e+00
2020-06-11 14:55:24,972 - DEBUG - fx_L1_mfista- itercount: 198, L: 4.207700e+04, eta:1.050000e+00
2020-06-11 14:55:24,987 - DEBUG - fx_L1_mfista- itercount: 199, L: 4.007333e+04, eta:1.050000e+00
2020-06-11 14:55:25,000 - DEBUG - fx_L1_mfista- iternum:200, L: 4.007333e+04, F_xk: 7.117513e+00, chi:6.297345e+06, reg: 3.654608e+05, rela_err:0.000000e+00
2020-06-11 14:55:25,020 - DEBUG - fx_L1_mfista- itercount: 200, L: 3.816508e+04, eta:1.050000e+00
2020-06-11 14:55:25,037 - DEBUG - fx_L1_mfista- itercount: 201, L: 3.634769e+04, eta:1.050000e+00
2020-06-11 14:55:25,051 - DEBUG - fx_L1_mfista- itercount: 202, L: 3.461685e+04, eta:1.050000e+00
2020-06-11 14:55:25,068 - DEBUG - fx_L1_mfista- itercount: 203, L: 3.296843e+04, eta:1.050000e+00
2020-06-11 14:55:25,083 - DEBUG - fx_L1_mfista- itercount: 204, L: 3.139850e+04, eta:1.050000e+00
2020-06-11 14:55:25,097 - DEBUG - fx_L1_mfista- itercount: 205, L: 2.990334e+04, eta:1.050000e+00
2020-06-11 14:55:25,114 - DEBUG - fx_L1_mfista- itercount: 206, L: 2.847937e+04, eta:1.050000e+00
2020-06-11 14:55:25,130 - DEBUG - fx_L1_mfista- itercount: 207, L: 2.712321e+04, eta:1.050000e+00
2020-06-11 14:55:25,136 - DEBUG - fx_L1_mfista- itercount: 207, L: 2.847937e+04, eta:1.050000e+00
2020-06-11 14:55:25,141 - DEBUG - fx_L1_mfista- itercount: 207, L: 2.990334e+04, eta:1.050000e+00
2020-06-11 14:55:25,147 - DEBUG - fx_L1_mfista- itercount: 207, L: 3.139850e+04, eta:1.050000e+00
2020-06-11 14:55:25,154 - DEBUG - fx_L1_mfista- itercount: 207, L: 3.296843e+04, eta:1.050000e+00
2020-06-11 14:55:25,160 - DEBUG - fx_L1_mfista- itercount: 207, L: 3.461685e+04, eta:1.050000e+00
2020-06-11 14:55:25,166 - DEBUG - fx_L1_mfista- itercount: 207, L: 3.634769e+04, eta:1.050000e+00
2020-06-11 14:55:25,173 - DEBUG - fx_L1_mfista- itercount: 207, L: 3.816508e+04, eta:1.050000e+00
2020-06-11 14:55:25,188 - DEBUG - fx_L1_mfista- itercount: 208, L: 3.634769e+04, eta:1.050000e+00
2020-06-11 14:55:25,195 - DEBUG - fx_L1_mfista- itercount: 208, L: 3.816508e+04, eta:1.050000e+00
2020-06-11 14:55:25,202 - DEBUG - fx_L1_mfista- itercount: 208, L: 4.007333e+04, eta:1.050000e+00
2020-06-11 14:55:25,208 - DEBUG - fx_L1_mfista- itercount: 208, L: 4.207700e+04, eta:1.050000e+00
2020-06-11 14:55:25,223 - DEBUG - fx_L1_mfista- itercount: 209, L: 4.007333e+04, eta:1.050000e+00
2020-06-11 14:55:25,239 - DEBUG - fx_L1_mfista- itercount: 210, L: 3.816508e+04, eta:1.050000e+00
2020-06-11 14:55:25,245 - DEBUG - fx_L1_mfista- itercount: 210, L: 4.007333e+04, eta:1.050000e+00
2020-06-11 14:55:25,260 - DEBUG - fx_L1_mfista- itercount: 211, L: 3.816508e+04, eta:1.050000e+00
2020-06-11 14:55:25,267 - DEBUG - fx_L1_mfista- itercount: 211, L: 4.007333e+04, eta:1.050000e+00
2020-06-11 14:55:25,282 - DEBUG - fx_L1_mfista- itercount: 212, L: 3.816508e+04, eta:1.050000e+00
2020-06-11 14:55:25,289 - DEBUG - fx_L1_mfista- itercount: 212, L: 4.007333e+04, eta:1.050000e+00
2020-06-11 14:55:25,304 - DEBUG - fx_L1_mfista- itercount: 213, L: 3.816508e+04, eta:1.050000e+00
2020-06-11 14:55:25,310 - DEBUG - fx_L1_mfista- itercount: 213, L: 4.007333e+04, eta:1.050000e+00
2020-06-11 14:55:25,316 - DEBUG - fx_L1_mfista- itercount: 213, L: 4.207700e+04, eta:1.050000e+00
2020-06-11 14:55:25,332 - DEBUG - fx_L1_mfista- itercount: 214, L: 4.007333e+04, eta:1.050000e+00
2020-06-11 14:55:25,348 - DEBUG - fx_L1_mfista- itercount: 215, L: 3.816508e+04, eta:1.050000e+00
2020-06-11 14:55:25,363 - DEBUG - fx_L1_mfista- itercount: 216, L: 3.634769e+04, eta:1.050000e+00
2020-06-11 14:55:25,369 - DEBUG - fx_L1_mfista- itercount: 216, L: 3.816508e+04, eta:1.050000e+00
2020-06-11 14:55:25,376 - DEBUG - fx_L1_mfista- itercount: 216, L: 4.007333e+04, eta:1.050000e+00
2020-06-11 14:55:25,381 - DEBUG - fx_L1_mfista- itercount: 216, L: 4.207700e+04, eta:1.050000e+00
2020-06-11 14:55:25,398 - DEBUG - fx_L1_mfista- itercount: 217, L: 4.007333e+04, eta:1.050000e+00
2020-06-11 14:55:25,413 - DEBUG - fx_L1_mfista- itercount: 218, L: 3.816508e+04, eta:1.050000e+00
2020-06-11 14:55:25,420 - DEBUG - fx_L1_mfista- itercount: 218, L: 4.007333e+04, eta:1.050000e+00
2020-06-11 14:55:25,435 - DEBUG - fx_L1_mfista- itercount: 219, L: 3.816508e+04, eta:1.050000e+00
2020-06-11 14:55:25,441 - DEBUG - fx_L1_mfista- itercount: 219, L: 4.007333e+04, eta:1.050000e+00
2020-06-11 14:55:25,457 - DEBUG - fx_L1_mfista- itercount: 220, L: 3.816508e+04, eta:1.050000e+00
2020-06-11 14:55:25,463 - DEBUG - fx_L1_mfista- itercount: 220, L: 4.007333e+04, eta:1.050000e+00
2020-06-11 14:55:25,479 - DEBUG - fx_L1_mfista- itercount: 221, L: 3.816508e+04, eta:1.050000e+00
2020-06-11 14:55:25,485 - DEBUG - fx_L1_mfista- itercount: 221, L: 4.007333e+04, eta:1.050000e+00
2020-06-11 14:55:25,501 - DEBUG - fx_L1_mfista- itercount: 222, L: 3.816508e+04, eta:1.050000e+00
2020-06-11 14:55:25,508 - DEBUG - fx_L1_mfista- itercount: 222, L: 4.007333e+04, eta:1.050000e+00
2020-06-11 14:55:25,514 - DEBUG - fx_L1_mfista- itercount: 222, L: 4.207700e+04, eta:1.050000e+00
2020-06-11 14:55:25,528 - DEBUG - fx_L1_mfista- itercount: 223, L: 4.007333e+04, eta:1.050000e+00
2020-06-11 14:55:25,545 - DEBUG - fx_L1_mfista- itercount: 224, L: 3.816508e+04, eta:1.050000e+00
2020-06-11 14:55:25,560 - DEBUG - fx_L1_mfista- itercount: 225, L: 3.634769e+04, eta:1.050000e+00
2020-06-11 14:55:25,566 - DEBUG - fx_L1_mfista- itercount: 225, L: 3.816508e+04, eta:1.050000e+00
2020-06-11 14:55:25,572 - DEBUG - fx_L1_mfista- itercount: 225, L: 4.007333e+04, eta:1.050000e+00
2020-06-11 14:55:25,578 - DEBUG - fx_L1_mfista- itercount: 225, L: 4.207700e+04, eta:1.050000e+00
2020-06-11 14:55:25,594 - DEBUG - fx_L1_mfista- itercount: 226, L: 4.007333e+04, eta:1.050000e+00
2020-06-11 14:55:25,610 - DEBUG - fx_L1_mfista- itercount: 227, L: 3.816508e+04, eta:1.050000e+00
2020-06-11 14:55:25,616 - DEBUG - fx_L1_mfista- itercount: 227, L: 4.007333e+04, eta:1.050000e+00
2020-06-11 14:55:25,631 - DEBUG - fx_L1_mfista- itercount: 228, L: 3.816508e+04, eta:1.050000e+00
2020-06-11 14:55:25,638 - DEBUG - fx_L1_mfista- itercount: 228, L: 4.007333e+04, eta:1.050000e+00
2020-06-11 14:55:25,653 - DEBUG - fx_L1_mfista- itercount: 229, L: 3.816508e+04, eta:1.050000e+00
2020-06-11 14:55:25,659 - DEBUG - fx_L1_mfista- itercount: 229, L: 4.007333e+04, eta:1.050000e+00
2020-06-11 14:55:25,675 - DEBUG - fx_L1_mfista- itercount: 230, L: 3.816508e+04, eta:1.050000e+00
2020-06-11 14:55:25,681 - DEBUG - fx_L1_mfista- itercount: 230, L: 4.007333e+04, eta:1.050000e+00
2020-06-11 14:55:25,688 - DEBUG - fx_L1_mfista- itercount: 230, L: 4.207700e+04, eta:1.050000e+00
2020-06-11 14:55:25,703 - DEBUG - fx_L1_mfista- itercount: 231, L: 4.007333e+04, eta:1.050000e+00
2020-06-11 14:55:25,719 - DEBUG - fx_L1_mfista- itercount: 232, L: 3.816508e+04, eta:1.050000e+00
2020-06-11 14:55:25,733 - DEBUG - fx_L1_mfista- itercount: 233, L: 3.634769e+04, eta:1.050000e+00
2020-06-11 14:55:25,740 - DEBUG - fx_L1_mfista- itercount: 233, L: 3.816508e+04, eta:1.050000e+00
2020-06-11 14:55:25,746 - DEBUG - fx_L1_mfista- itercount: 233, L: 4.007333e+04, eta:1.050000e+00
2020-06-11 14:55:25,752 - DEBUG - fx_L1_mfista- itercount: 233, L: 4.207700e+04, eta:1.050000e+00
2020-06-11 14:55:25,769 - DEBUG - fx_L1_mfista- itercount: 234, L: 4.007333e+04, eta:1.050000e+00
2020-06-11 14:55:25,783 - DEBUG - fx_L1_mfista- itercount: 235, L: 3.816508e+04, eta:1.050000e+00
2020-06-11 14:55:25,798 - DEBUG - fx_L1_mfista- itercount: 236, L: 3.634769e+04, eta:1.050000e+00
2020-06-11 14:55:25,804 - DEBUG - fx_L1_mfista- itercount: 236, L: 3.816508e+04, eta:1.050000e+00
2020-06-11 14:55:25,811 - DEBUG - fx_L1_mfista- itercount: 236, L: 4.007333e+04, eta:1.050000e+00
2020-06-11 14:55:25,817 - DEBUG - fx_L1_mfista- itercount: 236, L: 4.207700e+04, eta:1.050000e+00
2020-06-11 14:55:25,833 - DEBUG - fx_L1_mfista- itercount: 237, L: 4.007333e+04, eta:1.050000e+00
2020-06-11 14:55:25,847 - DEBUG - fx_L1_mfista- itercount: 238, L: 3.816508e+04, eta:1.050000e+00
2020-06-11 14:55:25,854 - DEBUG - fx_L1_mfista- itercount: 238, L: 4.007333e+04, eta:1.050000e+00
2020-06-11 14:55:25,870 - DEBUG - fx_L1_mfista- itercount: 239, L: 3.816508e+04, eta:1.050000e+00
2020-06-11 14:55:25,876 - DEBUG - fx_L1_mfista- itercount: 239, L: 4.007333e+04, eta:1.050000e+00
2020-06-11 14:55:25,891 - DEBUG - fx_L1_mfista- itercount: 240, L: 3.816508e+04, eta:1.050000e+00
2020-06-11 14:55:25,897 - DEBUG - fx_L1_mfista- itercount: 240, L: 4.007333e+04, eta:1.050000e+00
2020-06-11 14:55:25,912 - DEBUG - fx_L1_mfista- itercount: 241, L: 3.816508e+04, eta:1.050000e+00
2020-06-11 14:55:25,918 - DEBUG - fx_L1_mfista- itercount: 241, L: 4.007333e+04, eta:1.050000e+00
2020-06-11 14:55:25,935 - DEBUG - fx_L1_mfista- itercount: 242, L: 3.816508e+04, eta:1.050000e+00
2020-06-11 14:55:25,941 - DEBUG - fx_L1_mfista- itercount: 242, L: 4.007333e+04, eta:1.050000e+00
2020-06-11 14:55:25,957 - DEBUG - fx_L1_mfista- itercount: 243, L: 3.816508e+04, eta:1.050000e+00
2020-06-11 14:55:25,963 - DEBUG - fx_L1_mfista- itercount: 243, L: 4.007333e+04, eta:1.050000e+00
2020-06-11 14:55:25,979 - DEBUG - fx_L1_mfista- itercount: 244, L: 3.816508e+04, eta:1.050000e+00
2020-06-11 14:55:25,986 - DEBUG - fx_L1_mfista- itercount: 244, L: 4.007333e+04, eta:1.050000e+00
2020-06-11 14:55:25,992 - DEBUG - fx_L1_mfista- itercount: 244, L: 4.207700e+04, eta:1.050000e+00
2020-06-11 14:55:26,006 - DEBUG - fx_L1_mfista- itercount: 245, L: 4.007333e+04, eta:1.050000e+00
2020-06-11 14:55:26,022 - DEBUG - fx_L1_mfista- itercount: 246, L: 3.816508e+04, eta:1.050000e+00
2020-06-11 14:55:26,038 - DEBUG - fx_L1_mfista- itercount: 247, L: 3.634769e+04, eta:1.050000e+00
2020-06-11 14:55:26,053 - DEBUG - fx_L1_mfista- itercount: 248, L: 3.461685e+04, eta:1.050000e+00
2020-06-11 14:55:26,070 - DEBUG - fx_L1_mfista- itercount: 249, L: 3.296843e+04, eta:1.050000e+00
2020-06-11 14:55:26,083 - DEBUG - fx_L1_mfista- iternum:250, L: 3.296843e+04, F_xk: 7.117509e+00, chi:6.297351e+06, reg: 3.640891e+05, rela_err:2.104646e-09
2020-06-11 14:55:26,102 - DEBUG - fx_L1_mfista- itercount: 250, L: 3.139850e+04, eta:1.050000e+00
2020-06-11 14:55:26,209 - INFO - fx_L1_mfista- end; fitting. iternum:250, relative dif of F: 2.261077e-09
2020-06-11 14:55:28,319 - INFO - plots_comp- 0 model, rms:2.174535e+01
2020-06-11 14:55:28,355 - INFO - plots_comp- 1 model, rms:2.010548e+01
2020-06-11 14:55:28,392 - INFO - plots_comp- 2 model, rms:1.865037e+01
2020-06-11 14:55:28,463 - INFO - plots_comp- 3 model, rms:2.191255e+01
2020-06-11 14:55:28,495 - INFO - plots_comp- 4 model, rms:8.180296e+00
2020-06-11 14:55:28,529 - INFO - plots_comp- 5 model, rms:0.000000e+00
