2020-06-11 18:00:38,069 - INFO - <module>- Main part starts
2020-06-11 18:00:44,559 - ERROR - only_fx_mfista- Too large L!! Change l1 or l2 values!!
2020-06-11 18:00:44,559 - INFO - only_fx_mfista- end fitting: itercount: 20
2020-06-11 18:00:46,876 - DEBUG - only_fx_mfista- iternum:50, L: 1.161443e+05, F_xk: 7.141519e+00, chi:7.714774e+06, reg: 6.133072e+06, rela_err:1.033837e-05
2020-06-11 18:00:48,063 - DEBUG - only_fx_mfista- iternum:100, L: 1.161443e+05, F_xk: 7.138632e+00, chi:7.695656e+06, reg: 6.064121e+06, rela_err:1.500543e-06
2020-06-11 18:00:49,235 - DEBUG - only_fx_mfista- iternum:150, L: 1.161443e+05, F_xk: 7.138009e+00, chi:7.692416e+06, reg: 6.048028e+06, rela_err:5.616957e-07
2020-06-11 18:00:50,408 - DEBUG - only_fx_mfista- iternum:200, L: 1.277588e+05, F_xk: 7.137710e+00, chi:7.691283e+06, reg: 6.039813e+06, rela_err:3.161232e-07
2020-06-11 18:00:51,572 - DEBUG - only_fx_mfista- iternum:250, L: 1.161443e+05, F_xk: 7.137542e+00, chi:7.690707e+06, reg: 6.035134e+06, rela_err:1.817332e-07
2020-06-11 18:00:52,740 - DEBUG - only_fx_mfista- iternum:300, L: 1.161443e+05, F_xk: 7.137438e+00, chi:7.690344e+06, reg: 6.032236e+06, rela_err:1.265324e-07
2020-06-11 18:00:54,040 - INFO - only_fx_mfista- end; fitting. iternum:349, relative dif of F: 9.969893e-08
2020-06-11 18:00:54,075 - DEBUG - fx_L1_mfista- itercount: 0, L: 9.523810e-05, eta:1.050000e+00
2020-06-11 18:00:54,082 - DEBUG - fx_L1_mfista- itercount: 0, L: 1.000000e-04, eta:1.050000e+00
2020-06-11 18:00:54,088 - DEBUG - fx_L1_mfista- itercount: 0, L: 1.050000e-04, eta:1.050000e+00
2020-06-11 18:00:54,094 - DEBUG - fx_L1_mfista- itercount: 0, L: 1.102500e-04, eta:1.050000e+00
2020-06-11 18:00:54,102 - DEBUG - fx_L1_mfista- itercount: 0, L: 1.157625e-04, eta:1.050000e+00
2020-06-11 18:00:54,108 - DEBUG - fx_L1_mfista- itercount: 0, L: 1.215506e-04, eta:1.050000e+00
2020-06-11 18:00:54,114 - DEBUG - fx_L1_mfista- itercount: 0, L: 1.276282e-04, eta:1.050000e+00
2020-06-11 18:00:54,121 - DEBUG - fx_L1_mfista- itercount: 0, L: 1.340096e-04, eta:1.050000e+00
2020-06-11 18:00:54,127 - DEBUG - fx_L1_mfista- itercount: 0, L: 1.407100e-04, eta:1.050000e+00
2020-06-11 18:00:54,135 - DEBUG - fx_L1_mfista- itercount: 0, L: 1.477455e-04, eta:1.050000e+00
2020-06-11 18:00:54,141 - DEBUG - fx_L1_mfista- itercount: 0, L: 1.551328e-04, eta:1.050000e+00
2020-06-11 18:00:54,147 - DEBUG - fx_L1_mfista- itercount: 0, L: 1.628895e-04, eta:1.050000e+00
2020-06-11 18:00:54,153 - DEBUG - fx_L1_mfista- itercount: 0, L: 1.710339e-04, eta:1.050000e+00
2020-06-11 18:00:54,161 - DEBUG - fx_L1_mfista- itercount: 0, L: 1.795856e-04, eta:1.050000e+00
2020-06-11 18:00:54,169 - DEBUG - fx_L1_mfista- itercount: 0, L: 1.885649e-04, eta:1.050000e+00
2020-06-11 18:00:54,175 - DEBUG - fx_L1_mfista- itercount: 0, L: 1.979932e-04, eta:1.050000e+00
2020-06-11 18:00:54,181 - DEBUG - fx_L1_mfista- itercount: 0, L: 2.078928e-04, eta:1.050000e+00
2020-06-11 18:00:54,187 - DEBUG - fx_L1_mfista- itercount: 0, L: 2.182875e-04, eta:1.050000e+00
2020-06-11 18:00:54,193 - DEBUG - fx_L1_mfista- itercount: 0, L: 2.292018e-04, eta:1.050000e+00
2020-06-11 18:00:54,200 - DEBUG - fx_L1_mfista- itercount: 0, L: 2.406619e-04, eta:1.050000e+00
2020-06-11 18:00:54,206 - DEBUG - fx_L1_mfista- itercount: 0, L: 2.526950e-04, eta:1.050000e+00
2020-06-11 18:00:54,212 - DEBUG - fx_L1_mfista- itercount: 0, L: 2.653298e-04, eta:1.050000e+00
2020-06-11 18:00:54,221 - DEBUG - fx_L1_mfista- itercount: 0, L: 2.785963e-04, eta:1.050000e+00
2020-06-11 18:00:54,227 - DEBUG - fx_L1_mfista- itercount: 0, L: 2.925261e-04, eta:1.050000e+00
2020-06-11 18:00:54,233 - DEBUG - fx_L1_mfista- itercount: 0, L: 3.071524e-04, eta:1.050000e+00
2020-06-11 18:00:54,240 - DEBUG - fx_L1_mfista- itercount: 0, L: 3.225100e-04, eta:1.050000e+00
2020-06-11 18:00:54,249 - DEBUG - fx_L1_mfista- itercount: 0, L: 3.386355e-04, eta:1.050000e+00
2020-06-11 18:00:54,256 - DEBUG - fx_L1_mfista- itercount: 0, L: 3.555673e-04, eta:1.050000e+00
2020-06-11 18:00:54,262 - DEBUG - fx_L1_mfista- itercount: 0, L: 3.733456e-04, eta:1.050000e+00
2020-06-11 18:00:54,268 - DEBUG - fx_L1_mfista- itercount: 0, L: 3.920129e-04, eta:1.050000e+00
2020-06-11 18:00:54,274 - DEBUG - fx_L1_mfista- itercount: 0, L: 4.116136e-04, eta:1.050000e+00
2020-06-11 18:00:54,281 - DEBUG - fx_L1_mfista- itercount: 0, L: 4.321942e-04, eta:1.050000e+00
2020-06-11 18:00:54,288 - DEBUG - fx_L1_mfista- itercount: 0, L: 4.538039e-04, eta:1.050000e+00
2020-06-11 18:00:54,294 - DEBUG - fx_L1_mfista- itercount: 0, L: 4.764941e-04, eta:1.050000e+00
2020-06-11 18:00:54,302 - DEBUG - fx_L1_mfista- itercount: 0, L: 5.003189e-04, eta:1.050000e+00
2020-06-11 18:00:54,308 - DEBUG - fx_L1_mfista- itercount: 0, L: 5.253348e-04, eta:1.050000e+00
2020-06-11 18:00:54,314 - DEBUG - fx_L1_mfista- itercount: 0, L: 5.516015e-04, eta:1.050000e+00
2020-06-11 18:00:54,322 - DEBUG - fx_L1_mfista- itercount: 0, L: 5.791816e-04, eta:1.050000e+00
2020-06-11 18:00:54,328 - DEBUG - fx_L1_mfista- itercount: 0, L: 6.081407e-04, eta:1.050000e+00
2020-06-11 18:00:54,336 - DEBUG - fx_L1_mfista- itercount: 0, L: 6.385477e-04, eta:1.050000e+00
2020-06-11 18:00:54,342 - DEBUG - fx_L1_mfista- itercount: 0, L: 6.704751e-04, eta:1.050000e+00
2020-06-11 18:00:54,347 - DEBUG - fx_L1_mfista- itercount: 0, L: 7.039989e-04, eta:1.050000e+00
2020-06-11 18:00:54,353 - DEBUG - fx_L1_mfista- itercount: 0, L: 7.391988e-04, eta:1.050000e+00
2020-06-11 18:00:54,360 - DEBUG - fx_L1_mfista- itercount: 0, L: 7.761588e-04, eta:1.050000e+00
2020-06-11 18:00:54,367 - DEBUG - fx_L1_mfista- itercount: 0, L: 8.149667e-04, eta:1.050000e+00
2020-06-11 18:00:54,373 - DEBUG - fx_L1_mfista- itercount: 0, L: 8.557150e-04, eta:1.050000e+00
2020-06-11 18:00:54,379 - DEBUG - fx_L1_mfista- itercount: 0, L: 8.985008e-04, eta:1.050000e+00
2020-06-11 18:00:54,387 - DEBUG - fx_L1_mfista- itercount: 0, L: 9.434258e-04, eta:1.050000e+00
2020-06-11 18:00:54,393 - DEBUG - fx_L1_mfista- itercount: 0, L: 9.905971e-04, eta:1.050000e+00
2020-06-11 18:00:54,400 - DEBUG - fx_L1_mfista- itercount: 0, L: 1.040127e-03, eta:1.050000e+00
2020-06-11 18:00:54,407 - DEBUG - fx_L1_mfista- itercount: 0, L: 1.092133e-03, eta:1.050000e+00
2020-06-11 18:00:54,413 - DEBUG - fx_L1_mfista- itercount: 0, L: 1.146740e-03, eta:1.050000e+00
2020-06-11 18:00:54,421 - DEBUG - fx_L1_mfista- itercount: 0, L: 1.204077e-03, eta:1.050000e+00
2020-06-11 18:00:54,427 - DEBUG - fx_L1_mfista- itercount: 0, L: 1.264281e-03, eta:1.050000e+00
2020-06-11 18:00:54,432 - DEBUG - fx_L1_mfista- itercount: 0, L: 1.327495e-03, eta:1.050000e+00
2020-06-11 18:00:54,439 - DEBUG - fx_L1_mfista- itercount: 0, L: 1.393870e-03, eta:1.050000e+00
2020-06-11 18:00:54,448 - DEBUG - fx_L1_mfista- itercount: 0, L: 1.463563e-03, eta:1.050000e+00
2020-06-11 18:00:54,454 - DEBUG - fx_L1_mfista- itercount: 0, L: 1.536741e-03, eta:1.050000e+00
2020-06-11 18:00:54,460 - DEBUG - fx_L1_mfista- itercount: 0, L: 1.613578e-03, eta:1.050000e+00
2020-06-11 18:00:54,466 - DEBUG - fx_L1_mfista- itercount: 0, L: 1.694257e-03, eta:1.050000e+00
2020-06-11 18:00:54,472 - DEBUG - fx_L1_mfista- itercount: 0, L: 1.778970e-03, eta:1.050000e+00
2020-06-11 18:00:54,478 - DEBUG - fx_L1_mfista- itercount: 0, L: 1.867919e-03, eta:1.050000e+00
2020-06-11 18:00:54,486 - DEBUG - fx_L1_mfista- itercount: 0, L: 1.961315e-03, eta:1.050000e+00
2020-06-11 18:00:54,492 - DEBUG - fx_L1_mfista- itercount: 0, L: 2.059380e-03, eta:1.050000e+00
2020-06-11 18:00:54,500 - DEBUG - fx_L1_mfista- itercount: 0, L: 2.162349e-03, eta:1.050000e+00
2020-06-11 18:00:54,507 - DEBUG - fx_L1_mfista- itercount: 0, L: 2.270467e-03, eta:1.050000e+00
2020-06-11 18:00:54,514 - DEBUG - fx_L1_mfista- itercount: 0, L: 2.383990e-03, eta:1.050000e+00
2020-06-11 18:00:54,523 - DEBUG - fx_L1_mfista- itercount: 0, L: 2.503190e-03, eta:1.050000e+00
2020-06-11 18:00:54,532 - DEBUG - fx_L1_mfista- itercount: 0, L: 2.628349e-03, eta:1.050000e+00
2020-06-11 18:00:54,539 - DEBUG - fx_L1_mfista- itercount: 0, L: 2.759766e-03, eta:1.050000e+00
2020-06-11 18:00:54,545 - DEBUG - fx_L1_mfista- itercount: 0, L: 2.897755e-03, eta:1.050000e+00
2020-06-11 18:00:54,551 - DEBUG - fx_L1_mfista- itercount: 0, L: 3.042643e-03, eta:1.050000e+00
2020-06-11 18:00:54,557 - DEBUG - fx_L1_mfista- itercount: 0, L: 3.194775e-03, eta:1.050000e+00
2020-06-11 18:00:54,565 - DEBUG - fx_L1_mfista- itercount: 0, L: 3.354513e-03, eta:1.050000e+00
2020-06-11 18:00:54,571 - DEBUG - fx_L1_mfista- itercount: 0, L: 3.522239e-03, eta:1.050000e+00
2020-06-11 18:00:54,577 - DEBUG - fx_L1_mfista- itercount: 0, L: 3.698351e-03, eta:1.050000e+00
2020-06-11 18:00:54,585 - DEBUG - fx_L1_mfista- itercount: 0, L: 3.883269e-03, eta:1.050000e+00
2020-06-11 18:00:54,590 - DEBUG - fx_L1_mfista- itercount: 0, L: 4.077432e-03, eta:1.050000e+00
2020-06-11 18:00:54,596 - DEBUG - fx_L1_mfista- itercount: 0, L: 4.281304e-03, eta:1.050000e+00
2020-06-11 18:00:54,604 - DEBUG - fx_L1_mfista- itercount: 0, L: 4.495369e-03, eta:1.050000e+00
2020-06-11 18:00:54,610 - DEBUG - fx_L1_mfista- itercount: 0, L: 4.720137e-03, eta:1.050000e+00
2020-06-11 18:00:54,618 - DEBUG - fx_L1_mfista- itercount: 0, L: 4.956144e-03, eta:1.050000e+00
2020-06-11 18:00:54,624 - DEBUG - fx_L1_mfista- itercount: 0, L: 5.203951e-03, eta:1.050000e+00
2020-06-11 18:00:54,630 - DEBUG - fx_L1_mfista- itercount: 0, L: 5.464149e-03, eta:1.050000e+00
2020-06-11 18:00:54,636 - DEBUG - fx_L1_mfista- itercount: 0, L: 5.737356e-03, eta:1.050000e+00
2020-06-11 18:00:54,643 - DEBUG - fx_L1_mfista- itercount: 0, L: 6.024224e-03, eta:1.050000e+00
2020-06-11 18:00:54,650 - DEBUG - fx_L1_mfista- itercount: 0, L: 6.325435e-03, eta:1.050000e+00
2020-06-11 18:00:54,656 - DEBUG - fx_L1_mfista- itercount: 0, L: 6.641707e-03, eta:1.050000e+00
2020-06-11 18:00:54,662 - DEBUG - fx_L1_mfista- itercount: 0, L: 6.973792e-03, eta:1.050000e+00
2020-06-11 18:00:54,670 - DEBUG - fx_L1_mfista- itercount: 0, L: 7.322482e-03, eta:1.050000e+00
2020-06-11 18:00:54,676 - DEBUG - fx_L1_mfista- itercount: 0, L: 7.688606e-03, eta:1.050000e+00
2020-06-11 18:00:54,683 - DEBUG - fx_L1_mfista- itercount: 0, L: 8.073037e-03, eta:1.050000e+00
2020-06-11 18:00:54,690 - DEBUG - fx_L1_mfista- itercount: 0, L: 8.476688e-03, eta:1.050000e+00
2020-06-11 18:00:54,696 - DEBUG - fx_L1_mfista- itercount: 0, L: 8.900523e-03, eta:1.050000e+00
2020-06-11 18:00:54,703 - DEBUG - fx_L1_mfista- itercount: 0, L: 9.345549e-03, eta:1.050000e+00
2020-06-11 18:00:54,709 - DEBUG - fx_L1_mfista- itercount: 0, L: 9.812826e-03, eta:1.050000e+00
2020-06-11 18:00:54,715 - DEBUG - fx_L1_mfista- itercount: 0, L: 1.030347e-02, eta:1.050000e+00
2020-06-11 18:00:54,722 - DEBUG - fx_L1_mfista- itercount: 0, L: 1.081864e-02, eta:1.050000e+00
2020-06-11 18:00:54,729 - DEBUG - fx_L1_mfista- itercount: 0, L: 1.135957e-02, eta:1.050000e+00
2020-06-11 18:00:54,737 - DEBUG - fx_L1_mfista- itercount: 0, L: 1.192755e-02, eta:1.050000e+00
2020-06-11 18:00:54,743 - DEBUG - fx_L1_mfista- itercount: 0, L: 1.252393e-02, eta:1.050000e+00
2020-06-11 18:00:54,749 - DEBUG - fx_L1_mfista- itercount: 0, L: 1.315013e-02, eta:1.050000e+00
2020-06-11 18:00:54,756 - DEBUG - fx_L1_mfista- itercount: 0, L: 1.380763e-02, eta:1.050000e+00
2020-06-11 18:00:54,763 - DEBUG - fx_L1_mfista- itercount: 0, L: 1.449801e-02, eta:1.050000e+00
2020-06-11 18:00:54,770 - DEBUG - fx_L1_mfista- itercount: 0, L: 1.522291e-02, eta:1.050000e+00
2020-06-11 18:00:54,776 - DEBUG - fx_L1_mfista- itercount: 0, L: 1.598406e-02, eta:1.050000e+00
2020-06-11 18:00:54,784 - DEBUG - fx_L1_mfista- itercount: 0, L: 1.678326e-02, eta:1.050000e+00
2020-06-11 18:00:54,790 - DEBUG - fx_L1_mfista- itercount: 0, L: 1.762243e-02, eta:1.050000e+00
2020-06-11 18:00:54,796 - DEBUG - fx_L1_mfista- itercount: 0, L: 1.850355e-02, eta:1.050000e+00
2020-06-11 18:00:54,803 - DEBUG - fx_L1_mfista- itercount: 0, L: 1.942872e-02, eta:1.050000e+00
2020-06-11 18:00:54,809 - DEBUG - fx_L1_mfista- itercount: 0, L: 2.040016e-02, eta:1.050000e+00
2020-06-11 18:00:54,817 - DEBUG - fx_L1_mfista- itercount: 0, L: 2.142017e-02, eta:1.050000e+00
2020-06-11 18:00:54,823 - DEBUG - fx_L1_mfista- itercount: 0, L: 2.249118e-02, eta:1.050000e+00
2020-06-11 18:00:54,829 - DEBUG - fx_L1_mfista- itercount: 0, L: 2.361574e-02, eta:1.050000e+00
2020-06-11 18:00:54,836 - DEBUG - fx_L1_mfista- itercount: 0, L: 2.479652e-02, eta:1.050000e+00
2020-06-11 18:00:54,843 - DEBUG - fx_L1_mfista- itercount: 0, L: 2.603635e-02, eta:1.050000e+00
2020-06-11 18:00:54,849 - DEBUG - fx_L1_mfista- itercount: 0, L: 2.733817e-02, eta:1.050000e+00
2020-06-11 18:00:54,855 - DEBUG - fx_L1_mfista- itercount: 0, L: 2.870508e-02, eta:1.050000e+00
2020-06-11 18:00:54,861 - DEBUG - fx_L1_mfista- itercount: 0, L: 3.014033e-02, eta:1.050000e+00
2020-06-11 18:00:54,870 - DEBUG - fx_L1_mfista- itercount: 0, L: 3.164735e-02, eta:1.050000e+00
2020-06-11 18:00:54,876 - DEBUG - fx_L1_mfista- itercount: 0, L: 3.322971e-02, eta:1.050000e+00
2020-06-11 18:00:54,883 - DEBUG - fx_L1_mfista- itercount: 0, L: 3.489120e-02, eta:1.050000e+00
2020-06-11 18:00:54,889 - DEBUG - fx_L1_mfista- itercount: 0, L: 3.663576e-02, eta:1.050000e+00
2020-06-11 18:00:54,896 - DEBUG - fx_L1_mfista- itercount: 0, L: 3.846755e-02, eta:1.050000e+00
2020-06-11 18:00:54,903 - DEBUG - fx_L1_mfista- itercount: 0, L: 4.039092e-02, eta:1.050000e+00
2020-06-11 18:00:54,909 - DEBUG - fx_L1_mfista- itercount: 0, L: 4.241047e-02, eta:1.050000e+00
2020-06-11 18:00:54,915 - DEBUG - fx_L1_mfista- itercount: 0, L: 4.453099e-02, eta:1.050000e+00
2020-06-11 18:00:54,922 - DEBUG - fx_L1_mfista- itercount: 0, L: 4.675754e-02, eta:1.050000e+00
2020-06-11 18:00:54,929 - DEBUG - fx_L1_mfista- itercount: 0, L: 4.909542e-02, eta:1.050000e+00
2020-06-11 18:00:54,936 - DEBUG - fx_L1_mfista- itercount: 0, L: 5.155019e-02, eta:1.050000e+00
2020-06-11 18:00:54,942 - DEBUG - fx_L1_mfista- itercount: 0, L: 5.412770e-02, eta:1.050000e+00
2020-06-11 18:00:54,949 - DEBUG - fx_L1_mfista- itercount: 0, L: 5.683409e-02, eta:1.050000e+00
2020-06-11 18:00:54,955 - DEBUG - fx_L1_mfista- itercount: 0, L: 5.967579e-02, eta:1.050000e+00
2020-06-11 18:00:54,961 - DEBUG - fx_L1_mfista- itercount: 0, L: 6.265958e-02, eta:1.050000e+00
2020-06-11 18:00:54,968 - DEBUG - fx_L1_mfista- itercount: 0, L: 6.579256e-02, eta:1.050000e+00
2020-06-11 18:00:54,974 - DEBUG - fx_L1_mfista- itercount: 0, L: 6.908219e-02, eta:1.050000e+00
2020-06-11 18:00:54,983 - DEBUG - fx_L1_mfista- itercount: 0, L: 7.253630e-02, eta:1.050000e+00
2020-06-11 18:00:54,988 - DEBUG - fx_L1_mfista- itercount: 0, L: 7.616311e-02, eta:1.050000e+00
2020-06-11 18:00:54,994 - DEBUG - fx_L1_mfista- itercount: 0, L: 7.997127e-02, eta:1.050000e+00
2020-06-11 18:00:55,001 - DEBUG - fx_L1_mfista- itercount: 0, L: 8.396983e-02, eta:1.050000e+00
2020-06-11 18:00:55,009 - DEBUG - fx_L1_mfista- itercount: 0, L: 8.816832e-02, eta:1.050000e+00
2020-06-11 18:00:55,017 - DEBUG - fx_L1_mfista- itercount: 0, L: 9.257674e-02, eta:1.050000e+00
2020-06-11 18:00:55,023 - DEBUG - fx_L1_mfista- itercount: 0, L: 9.720557e-02, eta:1.050000e+00
2020-06-11 18:00:55,029 - DEBUG - fx_L1_mfista- itercount: 0, L: 1.020659e-01, eta:1.050000e+00
2020-06-11 18:00:55,035 - DEBUG - fx_L1_mfista- itercount: 0, L: 1.071691e-01, eta:1.050000e+00
2020-06-11 18:00:55,043 - DEBUG - fx_L1_mfista- itercount: 0, L: 1.125276e-01, eta:1.050000e+00
2020-06-11 18:00:55,051 - DEBUG - fx_L1_mfista- itercount: 0, L: 1.181540e-01, eta:1.050000e+00
2020-06-11 18:00:55,057 - DEBUG - fx_L1_mfista- itercount: 0, L: 1.240617e-01, eta:1.050000e+00
2020-06-11 18:00:55,066 - DEBUG - fx_L1_mfista- itercount: 0, L: 1.302648e-01, eta:1.050000e+00
2020-06-11 18:00:55,072 - DEBUG - fx_L1_mfista- itercount: 0, L: 1.367780e-01, eta:1.050000e+00
2020-06-11 18:00:55,077 - DEBUG - fx_L1_mfista- itercount: 0, L: 1.436169e-01, eta:1.050000e+00
2020-06-11 18:00:55,084 - DEBUG - fx_L1_mfista- itercount: 0, L: 1.507977e-01, eta:1.050000e+00
2020-06-11 18:00:55,091 - DEBUG - fx_L1_mfista- itercount: 0, L: 1.583376e-01, eta:1.050000e+00
2020-06-11 18:00:55,099 - DEBUG - fx_L1_mfista- itercount: 0, L: 1.662545e-01, eta:1.050000e+00
2020-06-11 18:00:55,105 - DEBUG - fx_L1_mfista- itercount: 0, L: 1.745672e-01, eta:1.050000e+00
2020-06-11 18:00:55,111 - DEBUG - fx_L1_mfista- itercount: 0, L: 1.832956e-01, eta:1.050000e+00
2020-06-11 18:00:55,117 - DEBUG - fx_L1_mfista- itercount: 0, L: 1.924604e-01, eta:1.050000e+00
2020-06-11 18:00:55,124 - DEBUG - fx_L1_mfista- itercount: 0, L: 2.020834e-01, eta:1.050000e+00
2020-06-11 18:00:55,131 - DEBUG - fx_L1_mfista- itercount: 0, L: 2.121876e-01, eta:1.050000e+00
2020-06-11 18:00:55,136 - DEBUG - fx_L1_mfista- itercount: 0, L: 2.227970e-01, eta:1.050000e+00
2020-06-11 18:00:55,142 - DEBUG - fx_L1_mfista- itercount: 0, L: 2.339368e-01, eta:1.050000e+00
2020-06-11 18:00:55,151 - DEBUG - fx_L1_mfista- itercount: 0, L: 2.456336e-01, eta:1.050000e+00
2020-06-11 18:00:55,157 - DEBUG - fx_L1_mfista- itercount: 0, L: 2.579153e-01, eta:1.050000e+00
2020-06-11 18:00:55,163 - DEBUG - fx_L1_mfista- itercount: 0, L: 2.708111e-01, eta:1.050000e+00
2020-06-11 18:00:55,170 - DEBUG - fx_L1_mfista- itercount: 0, L: 2.843516e-01, eta:1.050000e+00
2020-06-11 18:00:55,176 - DEBUG - fx_L1_mfista- itercount: 0, L: 2.985692e-01, eta:1.050000e+00
2020-06-11 18:00:55,184 - DEBUG - fx_L1_mfista- itercount: 0, L: 3.134977e-01, eta:1.050000e+00
2020-06-11 18:00:55,190 - DEBUG - fx_L1_mfista- itercount: 0, L: 3.291726e-01, eta:1.050000e+00
2020-06-11 18:00:55,196 - DEBUG - fx_L1_mfista- itercount: 0, L: 3.456312e-01, eta:1.050000e+00
2020-06-11 18:00:55,203 - DEBUG - fx_L1_mfista- itercount: 0, L: 3.629128e-01, eta:1.050000e+00
2020-06-11 18:00:55,211 - DEBUG - fx_L1_mfista- itercount: 0, L: 3.810584e-01, eta:1.050000e+00
2020-06-11 18:00:55,219 - DEBUG - fx_L1_mfista- itercount: 0, L: 4.001113e-01, eta:1.050000e+00
2020-06-11 18:00:55,225 - DEBUG - fx_L1_mfista- itercount: 0, L: 4.201169e-01, eta:1.050000e+00
2020-06-11 18:00:55,231 - DEBUG - fx_L1_mfista- itercount: 0, L: 4.411227e-01, eta:1.050000e+00
2020-06-11 18:00:55,238 - DEBUG - fx_L1_mfista- itercount: 0, L: 4.631789e-01, eta:1.050000e+00
2020-06-11 18:00:55,245 - DEBUG - fx_L1_mfista- itercount: 0, L: 4.863378e-01, eta:1.050000e+00
2020-06-11 18:00:55,253 - DEBUG - fx_L1_mfista- itercount: 0, L: 5.106547e-01, eta:1.050000e+00
2020-06-11 18:00:55,259 - DEBUG - fx_L1_mfista- itercount: 0, L: 5.361874e-01, eta:1.050000e+00
2020-06-11 18:00:55,267 - DEBUG - fx_L1_mfista- itercount: 0, L: 5.629968e-01, eta:1.050000e+00
2020-06-11 18:00:55,272 - DEBUG - fx_L1_mfista- itercount: 0, L: 5.911467e-01, eta:1.050000e+00
2020-06-11 18:00:55,279 - DEBUG - fx_L1_mfista- itercount: 0, L: 6.207040e-01, eta:1.050000e+00
2020-06-11 18:00:55,286 - DEBUG - fx_L1_mfista- itercount: 0, L: 6.517392e-01, eta:1.050000e+00
2020-06-11 18:00:55,293 - DEBUG - fx_L1_mfista- itercount: 0, L: 6.843261e-01, eta:1.050000e+00
2020-06-11 18:00:55,301 - DEBUG - fx_L1_mfista- itercount: 0, L: 7.185425e-01, eta:1.050000e+00
2020-06-11 18:00:55,307 - DEBUG - fx_L1_mfista- itercount: 0, L: 7.544696e-01, eta:1.050000e+00
2020-06-11 18:00:55,313 - DEBUG - fx_L1_mfista- itercount: 0, L: 7.921931e-01, eta:1.050000e+00
2020-06-11 18:00:55,319 - DEBUG - fx_L1_mfista- itercount: 0, L: 8.318027e-01, eta:1.050000e+00
2020-06-11 18:00:55,325 - DEBUG - fx_L1_mfista- itercount: 0, L: 8.733928e-01, eta:1.050000e+00
2020-06-11 18:00:55,332 - DEBUG - fx_L1_mfista- itercount: 0, L: 9.170625e-01, eta:1.050000e+00
2020-06-11 18:00:55,338 - DEBUG - fx_L1_mfista- itercount: 0, L: 9.629156e-01, eta:1.050000e+00
2020-06-11 18:00:55,344 - DEBUG - fx_L1_mfista- itercount: 0, L: 1.011061e+00, eta:1.050000e+00
2020-06-11 18:00:55,353 - DEBUG - fx_L1_mfista- itercount: 0, L: 1.061614e+00, eta:1.050000e+00
2020-06-11 18:00:55,359 - DEBUG - fx_L1_mfista- itercount: 0, L: 1.114695e+00, eta:1.050000e+00
2020-06-11 18:00:55,365 - DEBUG - fx_L1_mfista- itercount: 0, L: 1.170430e+00, eta:1.050000e+00
2020-06-11 18:00:55,373 - DEBUG - fx_L1_mfista- itercount: 0, L: 1.228951e+00, eta:1.050000e+00
2020-06-11 18:00:55,379 - DEBUG - fx_L1_mfista- itercount: 0, L: 1.290399e+00, eta:1.050000e+00
2020-06-11 18:00:55,386 - DEBUG - fx_L1_mfista- itercount: 0, L: 1.354919e+00, eta:1.050000e+00
2020-06-11 18:00:55,393 - DEBUG - fx_L1_mfista- itercount: 0, L: 1.422665e+00, eta:1.050000e+00
2020-06-11 18:00:55,398 - DEBUG - fx_L1_mfista- itercount: 0, L: 1.493798e+00, eta:1.050000e+00
2020-06-11 18:00:55,405 - DEBUG - fx_L1_mfista- itercount: 0, L: 1.568488e+00, eta:1.050000e+00
2020-06-11 18:00:55,414 - DEBUG - fx_L1_mfista- itercount: 0, L: 1.646912e+00, eta:1.050000e+00
2020-06-11 18:00:55,420 - DEBUG - fx_L1_mfista- itercount: 0, L: 1.729258e+00, eta:1.050000e+00
2020-06-11 18:00:55,426 - DEBUG - fx_L1_mfista- itercount: 0, L: 1.815721e+00, eta:1.050000e+00
2020-06-11 18:00:55,432 - DEBUG - fx_L1_mfista- itercount: 0, L: 1.906507e+00, eta:1.050000e+00
2020-06-11 18:00:55,439 - DEBUG - fx_L1_mfista- itercount: 0, L: 2.001832e+00, eta:1.050000e+00
2020-06-11 18:00:55,446 - DEBUG - fx_L1_mfista- itercount: 0, L: 2.101924e+00, eta:1.050000e+00
2020-06-11 18:00:55,453 - DEBUG - fx_L1_mfista- itercount: 0, L: 2.207020e+00, eta:1.050000e+00
2020-06-11 18:00:55,459 - DEBUG - fx_L1_mfista- itercount: 0, L: 2.317371e+00, eta:1.050000e+00
2020-06-11 18:00:55,467 - DEBUG - fx_L1_mfista- itercount: 0, L: 2.433240e+00, eta:1.050000e+00
2020-06-11 18:00:55,473 - DEBUG - fx_L1_mfista- itercount: 0, L: 2.554902e+00, eta:1.050000e+00
2020-06-11 18:00:55,479 - DEBUG - fx_L1_mfista- itercount: 0, L: 2.682647e+00, eta:1.050000e+00
2020-06-11 18:00:55,486 - DEBUG - fx_L1_mfista- itercount: 0, L: 2.816779e+00, eta:1.050000e+00
2020-06-11 18:00:55,493 - DEBUG - fx_L1_mfista- itercount: 0, L: 2.957618e+00, eta:1.050000e+00
2020-06-11 18:00:55,501 - DEBUG - fx_L1_mfista- itercount: 0, L: 3.105499e+00, eta:1.050000e+00
2020-06-11 18:00:55,508 - DEBUG - fx_L1_mfista- itercount: 0, L: 3.260774e+00, eta:1.050000e+00
2020-06-11 18:00:55,516 - DEBUG - fx_L1_mfista- itercount: 0, L: 3.423813e+00, eta:1.050000e+00
2020-06-11 18:00:55,524 - DEBUG - fx_L1_mfista- itercount: 0, L: 3.595003e+00, eta:1.050000e+00
2020-06-11 18:00:55,531 - DEBUG - fx_L1_mfista- itercount: 0, L: 3.774754e+00, eta:1.050000e+00
2020-06-11 18:00:55,537 - DEBUG - fx_L1_mfista- itercount: 0, L: 3.963491e+00, eta:1.050000e+00
2020-06-11 18:00:55,543 - DEBUG - fx_L1_mfista- itercount: 0, L: 4.161666e+00, eta:1.050000e+00
2020-06-11 18:00:55,549 - DEBUG - fx_L1_mfista- itercount: 0, L: 4.369749e+00, eta:1.050000e+00
2020-06-11 18:00:55,555 - DEBUG - fx_L1_mfista- itercount: 0, L: 4.588236e+00, eta:1.050000e+00
2020-06-11 18:00:55,561 - DEBUG - fx_L1_mfista- itercount: 0, L: 4.817648e+00, eta:1.050000e+00
2020-06-11 18:00:55,567 - DEBUG - fx_L1_mfista- itercount: 0, L: 5.058531e+00, eta:1.050000e+00
2020-06-11 18:00:55,573 - DEBUG - fx_L1_mfista- itercount: 0, L: 5.311457e+00, eta:1.050000e+00
2020-06-11 18:00:55,580 - DEBUG - fx_L1_mfista- itercount: 0, L: 5.577030e+00, eta:1.050000e+00
2020-06-11 18:00:55,586 - DEBUG - fx_L1_mfista- itercount: 0, L: 5.855882e+00, eta:1.050000e+00
2020-06-11 18:00:55,592 - DEBUG - fx_L1_mfista- itercount: 0, L: 6.148676e+00, eta:1.050000e+00
2020-06-11 18:00:55,598 - DEBUG - fx_L1_mfista- itercount: 0, L: 6.456110e+00, eta:1.050000e+00
2020-06-11 18:00:55,604 - DEBUG - fx_L1_mfista- itercount: 0, L: 6.778915e+00, eta:1.050000e+00
2020-06-11 18:00:55,610 - DEBUG - fx_L1_mfista- itercount: 0, L: 7.117861e+00, eta:1.050000e+00
2020-06-11 18:00:55,616 - DEBUG - fx_L1_mfista- itercount: 0, L: 7.473754e+00, eta:1.050000e+00
2020-06-11 18:00:55,622 - DEBUG - fx_L1_mfista- itercount: 0, L: 7.847441e+00, eta:1.050000e+00
2020-06-11 18:00:55,628 - DEBUG - fx_L1_mfista- itercount: 0, L: 8.239814e+00, eta:1.050000e+00
2020-06-11 18:00:55,634 - DEBUG - fx_L1_mfista- itercount: 0, L: 8.651804e+00, eta:1.050000e+00
2020-06-11 18:00:55,640 - DEBUG - fx_L1_mfista- itercount: 0, L: 9.084394e+00, eta:1.050000e+00
2020-06-11 18:00:55,646 - DEBUG - fx_L1_mfista- itercount: 0, L: 9.538614e+00, eta:1.050000e+00
2020-06-11 18:00:55,652 - DEBUG - fx_L1_mfista- itercount: 0, L: 1.001554e+01, eta:1.050000e+00
2020-06-11 18:00:55,658 - DEBUG - fx_L1_mfista- itercount: 0, L: 1.051632e+01, eta:1.050000e+00
2020-06-11 18:00:55,664 - DEBUG - fx_L1_mfista- itercount: 0, L: 1.104214e+01, eta:1.050000e+00
2020-06-11 18:00:55,670 - DEBUG - fx_L1_mfista- itercount: 0, L: 1.159425e+01, eta:1.050000e+00
2020-06-11 18:00:55,676 - DEBUG - fx_L1_mfista- itercount: 0, L: 1.217396e+01, eta:1.050000e+00
2020-06-11 18:00:55,682 - DEBUG - fx_L1_mfista- itercount: 0, L: 1.278266e+01, eta:1.050000e+00
2020-06-11 18:00:55,689 - DEBUG - fx_L1_mfista- itercount: 0, L: 1.342179e+01, eta:1.050000e+00
2020-06-11 18:00:55,695 - DEBUG - fx_L1_mfista- itercount: 0, L: 1.409288e+01, eta:1.050000e+00
2020-06-11 18:00:55,701 - DEBUG - fx_L1_mfista- itercount: 0, L: 1.479752e+01, eta:1.050000e+00
2020-06-11 18:00:55,707 - DEBUG - fx_L1_mfista- itercount: 0, L: 1.553740e+01, eta:1.050000e+00
2020-06-11 18:00:55,713 - DEBUG - fx_L1_mfista- itercount: 0, L: 1.631427e+01, eta:1.050000e+00
2020-06-11 18:00:55,719 - DEBUG - fx_L1_mfista- itercount: 0, L: 1.712998e+01, eta:1.050000e+00
2020-06-11 18:00:55,725 - DEBUG - fx_L1_mfista- itercount: 0, L: 1.798648e+01, eta:1.050000e+00
2020-06-11 18:00:55,732 - DEBUG - fx_L1_mfista- itercount: 0, L: 1.888580e+01, eta:1.050000e+00
2020-06-11 18:00:55,738 - DEBUG - fx_L1_mfista- itercount: 0, L: 1.983009e+01, eta:1.050000e+00
2020-06-11 18:00:55,744 - DEBUG - fx_L1_mfista- itercount: 0, L: 2.082160e+01, eta:1.050000e+00
2020-06-11 18:00:55,750 - DEBUG - fx_L1_mfista- itercount: 0, L: 2.186268e+01, eta:1.050000e+00
2020-06-11 18:00:55,757 - DEBUG - fx_L1_mfista- itercount: 0, L: 2.295581e+01, eta:1.050000e+00
2020-06-11 18:00:55,763 - DEBUG - fx_L1_mfista- itercount: 0, L: 2.410360e+01, eta:1.050000e+00
2020-06-11 18:00:55,769 - DEBUG - fx_L1_mfista- itercount: 0, L: 2.530878e+01, eta:1.050000e+00
2020-06-11 18:00:55,775 - DEBUG - fx_L1_mfista- itercount: 0, L: 2.657422e+01, eta:1.050000e+00
2020-06-11 18:00:55,781 - DEBUG - fx_L1_mfista- itercount: 0, L: 2.790293e+01, eta:1.050000e+00
2020-06-11 18:00:55,787 - DEBUG - fx_L1_mfista- itercount: 0, L: 2.929808e+01, eta:1.050000e+00
2020-06-11 18:00:55,793 - DEBUG - fx_L1_mfista- itercount: 0, L: 3.076298e+01, eta:1.050000e+00
2020-06-11 18:00:55,799 - DEBUG - fx_L1_mfista- itercount: 0, L: 3.230113e+01, eta:1.050000e+00
2020-06-11 18:00:55,806 - DEBUG - fx_L1_mfista- itercount: 0, L: 3.391619e+01, eta:1.050000e+00
2020-06-11 18:00:55,812 - DEBUG - fx_L1_mfista- itercount: 0, L: 3.561200e+01, eta:1.050000e+00
2020-06-11 18:00:55,818 - DEBUG - fx_L1_mfista- itercount: 0, L: 3.739260e+01, eta:1.050000e+00
2020-06-11 18:00:55,824 - DEBUG - fx_L1_mfista- itercount: 0, L: 3.926223e+01, eta:1.050000e+00
2020-06-11 18:00:55,830 - DEBUG - fx_L1_mfista- itercount: 0, L: 4.122534e+01, eta:1.050000e+00
2020-06-11 18:00:55,836 - DEBUG - fx_L1_mfista- itercount: 0, L: 4.328661e+01, eta:1.050000e+00
2020-06-11 18:00:55,843 - DEBUG - fx_L1_mfista- itercount: 0, L: 4.545094e+01, eta:1.050000e+00
2020-06-11 18:00:55,849 - DEBUG - fx_L1_mfista- itercount: 0, L: 4.772349e+01, eta:1.050000e+00
2020-06-11 18:00:55,855 - DEBUG - fx_L1_mfista- itercount: 0, L: 5.010966e+01, eta:1.050000e+00
2020-06-11 18:00:55,861 - DEBUG - fx_L1_mfista- itercount: 0, L: 5.261514e+01, eta:1.050000e+00
2020-06-11 18:00:55,867 - DEBUG - fx_L1_mfista- itercount: 0, L: 5.524590e+01, eta:1.050000e+00
2020-06-11 18:00:55,872 - DEBUG - fx_L1_mfista- itercount: 0, L: 5.800819e+01, eta:1.050000e+00
2020-06-11 18:00:55,879 - DEBUG - fx_L1_mfista- itercount: 0, L: 6.090860e+01, eta:1.050000e+00
2020-06-11 18:00:55,885 - DEBUG - fx_L1_mfista- itercount: 0, L: 6.395403e+01, eta:1.050000e+00
2020-06-11 18:00:55,891 - DEBUG - fx_L1_mfista- itercount: 0, L: 6.715174e+01, eta:1.050000e+00
2020-06-11 18:00:55,897 - DEBUG - fx_L1_mfista- itercount: 0, L: 7.050932e+01, eta:1.050000e+00
2020-06-11 18:00:55,903 - DEBUG - fx_L1_mfista- itercount: 0, L: 7.403479e+01, eta:1.050000e+00
2020-06-11 18:00:55,909 - DEBUG - fx_L1_mfista- itercount: 0, L: 7.773653e+01, eta:1.050000e+00
2020-06-11 18:00:55,914 - DEBUG - fx_L1_mfista- itercount: 0, L: 8.162335e+01, eta:1.050000e+00
2020-06-11 18:00:55,920 - DEBUG - fx_L1_mfista- itercount: 0, L: 8.570452e+01, eta:1.050000e+00
2020-06-11 18:00:55,926 - DEBUG - fx_L1_mfista- itercount: 0, L: 8.998975e+01, eta:1.050000e+00
2020-06-11 18:00:55,933 - DEBUG - fx_L1_mfista- itercount: 0, L: 9.448924e+01, eta:1.050000e+00
2020-06-11 18:00:55,938 - DEBUG - fx_L1_mfista- itercount: 0, L: 9.921370e+01, eta:1.050000e+00
2020-06-11 18:00:55,944 - DEBUG - fx_L1_mfista- itercount: 0, L: 1.041744e+02, eta:1.050000e+00
2020-06-11 18:00:55,950 - DEBUG - fx_L1_mfista- itercount: 0, L: 1.093831e+02, eta:1.050000e+00
2020-06-11 18:00:55,956 - DEBUG - fx_L1_mfista- itercount: 0, L: 1.148523e+02, eta:1.050000e+00
2020-06-11 18:00:55,962 - DEBUG - fx_L1_mfista- itercount: 0, L: 1.205949e+02, eta:1.050000e+00
2020-06-11 18:00:55,969 - DEBUG - fx_L1_mfista- itercount: 0, L: 1.266246e+02, eta:1.050000e+00
2020-06-11 18:00:55,975 - DEBUG - fx_L1_mfista- itercount: 0, L: 1.329558e+02, eta:1.050000e+00
2020-06-11 18:00:55,981 - DEBUG - fx_L1_mfista- itercount: 0, L: 1.396036e+02, eta:1.050000e+00
2020-06-11 18:00:55,987 - DEBUG - fx_L1_mfista- itercount: 0, L: 1.465838e+02, eta:1.050000e+00
2020-06-11 18:00:55,993 - DEBUG - fx_L1_mfista- itercount: 0, L: 1.539130e+02, eta:1.050000e+00
2020-06-11 18:00:55,999 - DEBUG - fx_L1_mfista- itercount: 0, L: 1.616087e+02, eta:1.050000e+00
2020-06-11 18:00:56,006 - DEBUG - fx_L1_mfista- itercount: 0, L: 1.696891e+02, eta:1.050000e+00
2020-06-11 18:00:56,012 - DEBUG - fx_L1_mfista- itercount: 0, L: 1.781735e+02, eta:1.050000e+00
2020-06-11 18:00:56,018 - DEBUG - fx_L1_mfista- itercount: 0, L: 1.870822e+02, eta:1.050000e+00
2020-06-11 18:00:56,024 - DEBUG - fx_L1_mfista- itercount: 0, L: 1.964363e+02, eta:1.050000e+00
2020-06-11 18:00:56,029 - DEBUG - fx_L1_mfista- itercount: 0, L: 2.062582e+02, eta:1.050000e+00
2020-06-11 18:00:56,036 - DEBUG - fx_L1_mfista- itercount: 0, L: 2.165711e+02, eta:1.050000e+00
2020-06-11 18:00:56,041 - DEBUG - fx_L1_mfista- itercount: 0, L: 2.273996e+02, eta:1.050000e+00
2020-06-11 18:00:56,048 - DEBUG - fx_L1_mfista- itercount: 0, L: 2.387696e+02, eta:1.050000e+00
2020-06-11 18:00:56,054 - DEBUG - fx_L1_mfista- itercount: 0, L: 2.507081e+02, eta:1.050000e+00
2020-06-11 18:00:56,060 - DEBUG - fx_L1_mfista- itercount: 0, L: 2.632435e+02, eta:1.050000e+00
2020-06-11 18:00:56,066 - DEBUG - fx_L1_mfista- itercount: 0, L: 2.764057e+02, eta:1.050000e+00
2020-06-11 18:00:56,072 - DEBUG - fx_L1_mfista- itercount: 0, L: 2.902259e+02, eta:1.050000e+00
2020-06-11 18:00:56,078 - DEBUG - fx_L1_mfista- itercount: 0, L: 3.047372e+02, eta:1.050000e+00
2020-06-11 18:00:56,084 - DEBUG - fx_L1_mfista- itercount: 0, L: 3.199741e+02, eta:1.050000e+00
2020-06-11 18:00:56,090 - DEBUG - fx_L1_mfista- itercount: 0, L: 3.359728e+02, eta:1.050000e+00
2020-06-11 18:00:56,096 - DEBUG - fx_L1_mfista- itercount: 0, L: 3.527714e+02, eta:1.050000e+00
2020-06-11 18:00:56,101 - DEBUG - fx_L1_mfista- itercount: 0, L: 3.704100e+02, eta:1.050000e+00
2020-06-11 18:00:56,107 - DEBUG - fx_L1_mfista- itercount: 0, L: 3.889305e+02, eta:1.050000e+00
2020-06-11 18:00:56,113 - DEBUG - fx_L1_mfista- itercount: 0, L: 4.083770e+02, eta:1.050000e+00
2020-06-11 18:00:56,119 - DEBUG - fx_L1_mfista- itercount: 0, L: 4.287959e+02, eta:1.050000e+00
2020-06-11 18:00:56,125 - DEBUG - fx_L1_mfista- itercount: 0, L: 4.502357e+02, eta:1.050000e+00
2020-06-11 18:00:56,132 - DEBUG - fx_L1_mfista- itercount: 0, L: 4.727475e+02, eta:1.050000e+00
2020-06-11 18:00:56,138 - DEBUG - fx_L1_mfista- itercount: 0, L: 4.963848e+02, eta:1.050000e+00
2020-06-11 18:00:56,143 - DEBUG - fx_L1_mfista- itercount: 0, L: 5.212041e+02, eta:1.050000e+00
2020-06-11 18:00:56,149 - DEBUG - fx_L1_mfista- itercount: 0, L: 5.472643e+02, eta:1.050000e+00
2020-06-11 18:00:56,155 - DEBUG - fx_L1_mfista- itercount: 0, L: 5.746275e+02, eta:1.050000e+00
2020-06-11 18:00:56,161 - DEBUG - fx_L1_mfista- itercount: 0, L: 6.033589e+02, eta:1.050000e+00
2020-06-11 18:00:56,168 - DEBUG - fx_L1_mfista- itercount: 0, L: 6.335268e+02, eta:1.050000e+00
2020-06-11 18:00:56,173 - DEBUG - fx_L1_mfista- itercount: 0, L: 6.652032e+02, eta:1.050000e+00
2020-06-11 18:00:56,179 - DEBUG - fx_L1_mfista- itercount: 0, L: 6.984633e+02, eta:1.050000e+00
2020-06-11 18:00:56,185 - DEBUG - fx_L1_mfista- itercount: 0, L: 7.333865e+02, eta:1.050000e+00
2020-06-11 18:00:56,191 - DEBUG - fx_L1_mfista- itercount: 0, L: 7.700558e+02, eta:1.050000e+00
2020-06-11 18:00:56,197 - DEBUG - fx_L1_mfista- itercount: 0, L: 8.085586e+02, eta:1.050000e+00
2020-06-11 18:00:56,204 - DEBUG - fx_L1_mfista- itercount: 0, L: 8.489865e+02, eta:1.050000e+00
2020-06-11 18:00:56,210 - DEBUG - fx_L1_mfista- itercount: 0, L: 8.914358e+02, eta:1.050000e+00
2020-06-11 18:00:56,216 - DEBUG - fx_L1_mfista- itercount: 0, L: 9.360076e+02, eta:1.050000e+00
2020-06-11 18:00:56,222 - DEBUG - fx_L1_mfista- itercount: 0, L: 9.828080e+02, eta:1.050000e+00
2020-06-11 18:00:56,227 - DEBUG - fx_L1_mfista- itercount: 0, L: 1.031948e+03, eta:1.050000e+00
2020-06-11 18:00:56,234 - DEBUG - fx_L1_mfista- itercount: 0, L: 1.083546e+03, eta:1.050000e+00
2020-06-11 18:00:56,239 - DEBUG - fx_L1_mfista- itercount: 0, L: 1.137723e+03, eta:1.050000e+00
2020-06-11 18:00:56,245 - DEBUG - fx_L1_mfista- itercount: 0, L: 1.194609e+03, eta:1.050000e+00
2020-06-11 18:00:56,253 - DEBUG - fx_L1_mfista- itercount: 0, L: 1.254340e+03, eta:1.050000e+00
2020-06-11 18:00:56,259 - DEBUG - fx_L1_mfista- itercount: 0, L: 1.317057e+03, eta:1.050000e+00
2020-06-11 18:00:56,265 - DEBUG - fx_L1_mfista- itercount: 0, L: 1.382910e+03, eta:1.050000e+00
2020-06-11 18:00:56,271 - DEBUG - fx_L1_mfista- itercount: 0, L: 1.452055e+03, eta:1.050000e+00
2020-06-11 18:00:56,277 - DEBUG - fx_L1_mfista- itercount: 0, L: 1.524658e+03, eta:1.050000e+00
2020-06-11 18:00:56,283 - DEBUG - fx_L1_mfista- itercount: 0, L: 1.600891e+03, eta:1.050000e+00
2020-06-11 18:00:56,289 - DEBUG - fx_L1_mfista- itercount: 0, L: 1.680935e+03, eta:1.050000e+00
2020-06-11 18:00:56,295 - DEBUG - fx_L1_mfista- itercount: 0, L: 1.764982e+03, eta:1.050000e+00
2020-06-11 18:00:56,300 - DEBUG - fx_L1_mfista- itercount: 0, L: 1.853231e+03, eta:1.050000e+00
2020-06-11 18:00:56,306 - DEBUG - fx_L1_mfista- itercount: 0, L: 1.945893e+03, eta:1.050000e+00
2020-06-11 18:00:56,312 - DEBUG - fx_L1_mfista- itercount: 0, L: 2.043187e+03, eta:1.050000e+00
2020-06-11 18:00:56,318 - DEBUG - fx_L1_mfista- itercount: 0, L: 2.145347e+03, eta:1.050000e+00
2020-06-11 18:00:56,324 - DEBUG - fx_L1_mfista- itercount: 0, L: 2.252614e+03, eta:1.050000e+00
2020-06-11 18:00:56,330 - DEBUG - fx_L1_mfista- itercount: 0, L: 2.365245e+03, eta:1.050000e+00
2020-06-11 18:00:56,337 - DEBUG - fx_L1_mfista- itercount: 0, L: 2.483507e+03, eta:1.050000e+00
2020-06-11 18:00:56,343 - DEBUG - fx_L1_mfista- itercount: 0, L: 2.607682e+03, eta:1.050000e+00
2020-06-11 18:00:56,349 - DEBUG - fx_L1_mfista- itercount: 0, L: 2.738066e+03, eta:1.050000e+00
2020-06-11 18:00:56,355 - DEBUG - fx_L1_mfista- itercount: 0, L: 2.874970e+03, eta:1.050000e+00
2020-06-11 18:00:56,361 - DEBUG - fx_L1_mfista- itercount: 0, L: 3.018718e+03, eta:1.050000e+00
2020-06-11 18:00:56,368 - DEBUG - fx_L1_mfista- itercount: 0, L: 3.169654e+03, eta:1.050000e+00
2020-06-11 18:00:56,373 - DEBUG - fx_L1_mfista- itercount: 0, L: 3.328137e+03, eta:1.050000e+00
2020-06-11 18:00:56,379 - DEBUG - fx_L1_mfista- itercount: 0, L: 3.494544e+03, eta:1.050000e+00
2020-06-11 18:00:56,385 - DEBUG - fx_L1_mfista- itercount: 0, L: 3.669271e+03, eta:1.050000e+00
2020-06-11 18:00:56,392 - DEBUG - fx_L1_mfista- itercount: 0, L: 3.852734e+03, eta:1.050000e+00
2020-06-11 18:00:56,398 - DEBUG - fx_L1_mfista- itercount: 0, L: 4.045371e+03, eta:1.050000e+00
2020-06-11 18:00:56,405 - DEBUG - fx_L1_mfista- itercount: 0, L: 4.247640e+03, eta:1.050000e+00
2020-06-11 18:00:56,411 - DEBUG - fx_L1_mfista- itercount: 0, L: 4.460022e+03, eta:1.050000e+00
2020-06-11 18:00:56,416 - DEBUG - fx_L1_mfista- itercount: 0, L: 4.683023e+03, eta:1.050000e+00
2020-06-11 18:00:56,422 - DEBUG - fx_L1_mfista- itercount: 0, L: 4.917174e+03, eta:1.050000e+00
2020-06-11 18:00:56,429 - DEBUG - fx_L1_mfista- itercount: 0, L: 5.163033e+03, eta:1.050000e+00
2020-06-11 18:00:56,434 - DEBUG - fx_L1_mfista- itercount: 0, L: 5.421184e+03, eta:1.050000e+00
2020-06-11 18:00:56,440 - DEBUG - fx_L1_mfista- itercount: 0, L: 5.692243e+03, eta:1.050000e+00
2020-06-11 18:00:56,446 - DEBUG - fx_L1_mfista- itercount: 0, L: 5.976856e+03, eta:1.050000e+00
2020-06-11 18:00:56,452 - DEBUG - fx_L1_mfista- itercount: 0, L: 6.275698e+03, eta:1.050000e+00
2020-06-11 18:00:56,458 - DEBUG - fx_L1_mfista- itercount: 0, L: 6.589483e+03, eta:1.050000e+00
2020-06-11 18:00:56,464 - DEBUG - fx_L1_mfista- itercount: 0, L: 6.918957e+03, eta:1.050000e+00
2020-06-11 18:00:56,470 - DEBUG - fx_L1_mfista- itercount: 0, L: 7.264905e+03, eta:1.050000e+00
2020-06-11 18:00:56,476 - DEBUG - fx_L1_mfista- itercount: 0, L: 7.628151e+03, eta:1.050000e+00
2020-06-11 18:00:56,483 - DEBUG - fx_L1_mfista- itercount: 0, L: 8.009558e+03, eta:1.050000e+00
2020-06-11 18:00:56,489 - DEBUG - fx_L1_mfista- itercount: 0, L: 8.410036e+03, eta:1.050000e+00
2020-06-11 18:00:56,495 - DEBUG - fx_L1_mfista- itercount: 0, L: 8.830538e+03, eta:1.050000e+00
2020-06-11 18:00:56,501 - DEBUG - fx_L1_mfista- itercount: 0, L: 9.272065e+03, eta:1.050000e+00
2020-06-11 18:00:56,508 - DEBUG - fx_L1_mfista- itercount: 0, L: 9.735668e+03, eta:1.050000e+00
2020-06-11 18:00:56,515 - DEBUG - fx_L1_mfista- itercount: 0, L: 1.022245e+04, eta:1.050000e+00
2020-06-11 18:00:56,521 - DEBUG - fx_L1_mfista- itercount: 0, L: 1.073357e+04, eta:1.050000e+00
2020-06-11 18:00:56,527 - DEBUG - fx_L1_mfista- itercount: 0, L: 1.127025e+04, eta:1.050000e+00
2020-06-11 18:00:56,532 - DEBUG - fx_L1_mfista- itercount: 0, L: 1.183377e+04, eta:1.050000e+00
2020-06-11 18:00:56,538 - DEBUG - fx_L1_mfista- itercount: 0, L: 1.242545e+04, eta:1.050000e+00
2020-06-11 18:00:56,544 - DEBUG - fx_L1_mfista- itercount: 0, L: 1.304673e+04, eta:1.050000e+00
2020-06-11 18:00:56,550 - DEBUG - fx_L1_mfista- itercount: 0, L: 1.369906e+04, eta:1.050000e+00
2020-06-11 18:00:56,556 - DEBUG - fx_L1_mfista- itercount: 0, L: 1.438402e+04, eta:1.050000e+00
2020-06-11 18:00:56,562 - DEBUG - fx_L1_mfista- itercount: 0, L: 1.510322e+04, eta:1.050000e+00
2020-06-11 18:00:56,568 - DEBUG - fx_L1_mfista- itercount: 0, L: 1.585838e+04, eta:1.050000e+00
2020-06-11 18:00:56,574 - DEBUG - fx_L1_mfista- itercount: 0, L: 1.665130e+04, eta:1.050000e+00
2020-06-11 18:00:56,580 - DEBUG - fx_L1_mfista- itercount: 0, L: 1.748386e+04, eta:1.050000e+00
2020-06-11 18:00:56,586 - DEBUG - fx_L1_mfista- itercount: 0, L: 1.835805e+04, eta:1.050000e+00
2020-06-11 18:00:56,592 - DEBUG - fx_L1_mfista- itercount: 0, L: 1.927596e+04, eta:1.050000e+00
2020-06-11 18:00:56,598 - DEBUG - fx_L1_mfista- itercount: 0, L: 2.023975e+04, eta:1.050000e+00
2020-06-11 18:00:56,604 - DEBUG - fx_L1_mfista- itercount: 0, L: 2.125174e+04, eta:1.050000e+00
2020-06-11 18:00:56,610 - DEBUG - fx_L1_mfista- itercount: 0, L: 2.231433e+04, eta:1.050000e+00
2020-06-11 18:00:56,616 - DEBUG - fx_L1_mfista- itercount: 0, L: 2.343005e+04, eta:1.050000e+00
2020-06-11 18:00:56,622 - DEBUG - fx_L1_mfista- itercount: 0, L: 2.460155e+04, eta:1.050000e+00
2020-06-11 18:00:56,628 - DEBUG - fx_L1_mfista- itercount: 0, L: 2.583163e+04, eta:1.050000e+00
2020-06-11 18:00:56,634 - DEBUG - fx_L1_mfista- itercount: 0, L: 2.712321e+04, eta:1.050000e+00
2020-06-11 18:00:56,640 - DEBUG - fx_L1_mfista- itercount: 0, L: 2.847937e+04, eta:1.050000e+00
2020-06-11 18:00:56,646 - DEBUG - fx_L1_mfista- itercount: 0, L: 2.990334e+04, eta:1.050000e+00
2020-06-11 18:00:56,652 - DEBUG - fx_L1_mfista- itercount: 0, L: 3.139850e+04, eta:1.050000e+00
2020-06-11 18:00:56,659 - DEBUG - fx_L1_mfista- itercount: 0, L: 3.296843e+04, eta:1.050000e+00
2020-06-11 18:00:56,665 - DEBUG - fx_L1_mfista- itercount: 0, L: 3.461685e+04, eta:1.050000e+00
2020-06-11 18:00:56,671 - DEBUG - fx_L1_mfista- itercount: 0, L: 3.634769e+04, eta:1.050000e+00
2020-06-11 18:00:56,677 - DEBUG - fx_L1_mfista- itercount: 0, L: 3.816508e+04, eta:1.050000e+00
2020-06-11 18:00:56,683 - DEBUG - fx_L1_mfista- itercount: 0, L: 4.007333e+04, eta:1.050000e+00
2020-06-11 18:00:56,689 - DEBUG - fx_L1_mfista- itercount: 0, L: 4.207700e+04, eta:1.050000e+00
2020-06-11 18:00:56,695 - DEBUG - fx_L1_mfista- itercount: 0, L: 4.418085e+04, eta:1.050000e+00
2020-06-11 18:00:56,701 - DEBUG - fx_L1_mfista- itercount: 0, L: 4.638989e+04, eta:1.050000e+00
2020-06-11 18:00:56,707 - DEBUG - fx_L1_mfista- itercount: 0, L: 4.870938e+04, eta:1.050000e+00
2020-06-11 18:00:56,713 - DEBUG - fx_L1_mfista- itercount: 0, L: 5.114485e+04, eta:1.050000e+00
2020-06-11 18:00:56,719 - DEBUG - fx_L1_mfista- itercount: 0, L: 5.370209e+04, eta:1.050000e+00
2020-06-11 18:00:56,725 - DEBUG - fx_L1_mfista- itercount: 0, L: 5.638720e+04, eta:1.050000e+00
2020-06-11 18:00:56,730 - DEBUG - fx_L1_mfista- itercount: 0, L: 5.920656e+04, eta:1.050000e+00
2020-06-11 18:00:56,736 - DEBUG - fx_L1_mfista- itercount: 0, L: 6.216689e+04, eta:1.050000e+00
2020-06-11 18:00:56,743 - DEBUG - fx_L1_mfista- itercount: 0, L: 6.527523e+04, eta:1.050000e+00
2020-06-11 18:00:56,749 - DEBUG - fx_L1_mfista- itercount: 0, L: 6.853899e+04, eta:1.050000e+00
2020-06-11 18:00:56,756 - DEBUG - fx_L1_mfista- itercount: 0, L: 7.196594e+04, eta:1.050000e+00
2020-06-11 18:00:56,762 - DEBUG - fx_L1_mfista- itercount: 0, L: 7.556424e+04, eta:1.050000e+00
2020-06-11 18:00:56,768 - DEBUG - fx_L1_mfista- itercount: 0, L: 7.934245e+04, eta:1.050000e+00
2020-06-11 18:00:56,773 - DEBUG - fx_L1_mfista- itercount: 0, L: 8.330957e+04, eta:1.050000e+00
2020-06-11 18:00:56,780 - DEBUG - fx_L1_mfista- itercount: 0, L: 8.747505e+04, eta:1.050000e+00
2020-06-11 18:00:56,786 - DEBUG - fx_L1_mfista- itercount: 0, L: 9.184880e+04, eta:1.050000e+00
2020-06-11 18:00:56,802 - DEBUG - fx_L1_mfista- itercount: 1, L: 8.747505e+04, eta:1.050000e+00
2020-06-11 18:00:56,808 - DEBUG - fx_L1_mfista- itercount: 1, L: 9.184880e+04, eta:1.050000e+00
2020-06-11 18:00:56,814 - DEBUG - fx_L1_mfista- itercount: 1, L: 9.644124e+04, eta:1.050000e+00
2020-06-11 18:00:56,822 - DEBUG - fx_L1_mfista- itercount: 1, L: 1.012633e+05, eta:1.050000e+00
2020-06-11 18:00:56,831 - DEBUG - fx_L1_mfista- itercount: 1, L: 1.063265e+05, eta:1.050000e+00
2020-06-11 18:00:56,848 - DEBUG - fx_L1_mfista- itercount: 2, L: 1.012633e+05, eta:1.050000e+00
2020-06-11 18:00:56,854 - DEBUG - fx_L1_mfista- itercount: 2, L: 1.063265e+05, eta:1.050000e+00
2020-06-11 18:00:56,862 - DEBUG - fx_L1_mfista- itercount: 2, L: 1.116428e+05, eta:1.050000e+00
2020-06-11 18:00:56,869 - DEBUG - fx_L1_mfista- itercount: 2, L: 1.172249e+05, eta:1.050000e+00
2020-06-11 18:00:56,876 - DEBUG - fx_L1_mfista- itercount: 2, L: 1.230862e+05, eta:1.050000e+00
2020-06-11 18:00:56,894 - DEBUG - fx_L1_mfista- itercount: 3, L: 1.172249e+05, eta:1.050000e+00
2020-06-11 18:00:56,911 - DEBUG - fx_L1_mfista- itercount: 4, L: 1.116428e+05, eta:1.050000e+00
2020-06-11 18:00:56,927 - DEBUG - fx_L1_mfista- itercount: 5, L: 1.063265e+05, eta:1.050000e+00
2020-06-11 18:00:56,942 - DEBUG - fx_L1_mfista- itercount: 6, L: 1.012633e+05, eta:1.050000e+00
2020-06-11 18:00:56,959 - DEBUG - fx_L1_mfista- itercount: 7, L: 9.644124e+04, eta:1.050000e+00
2020-06-11 18:00:56,976 - DEBUG - fx_L1_mfista- itercount: 8, L: 9.184880e+04, eta:1.050000e+00
2020-06-11 18:00:56,991 - DEBUG - fx_L1_mfista- itercount: 9, L: 8.747505e+04, eta:1.050000e+00
2020-06-11 18:00:57,008 - DEBUG - fx_L1_mfista- itercount: 10, L: 8.330957e+04, eta:1.050000e+00
2020-06-11 18:00:57,025 - DEBUG - fx_L1_mfista- itercount: 11, L: 7.934245e+04, eta:1.050000e+00
2020-06-11 18:00:57,039 - DEBUG - fx_L1_mfista- itercount: 12, L: 7.556424e+04, eta:1.050000e+00
2020-06-11 18:00:57,056 - DEBUG - fx_L1_mfista- itercount: 13, L: 7.196594e+04, eta:1.050000e+00
2020-06-11 18:00:57,073 - DEBUG - fx_L1_mfista- itercount: 14, L: 6.853899e+04, eta:1.050000e+00
2020-06-11 18:00:57,088 - DEBUG - fx_L1_mfista- itercount: 15, L: 6.527523e+04, eta:1.050000e+00
2020-06-11 18:00:57,104 - DEBUG - fx_L1_mfista- itercount: 16, L: 6.216689e+04, eta:1.050000e+00
2020-06-11 18:00:57,121 - DEBUG - fx_L1_mfista- itercount: 17, L: 5.920656e+04, eta:1.050000e+00
2020-06-11 18:00:57,136 - DEBUG - fx_L1_mfista- itercount: 18, L: 5.638720e+04, eta:1.050000e+00
2020-06-11 18:00:57,152 - DEBUG - fx_L1_mfista- itercount: 19, L: 5.370209e+04, eta:1.050000e+00
2020-06-11 18:00:57,169 - DEBUG - fx_L1_mfista- itercount: 20, L: 5.114485e+04, eta:1.050000e+00
2020-06-11 18:00:57,184 - DEBUG - fx_L1_mfista- itercount: 21, L: 4.870938e+04, eta:1.050000e+00
2020-06-11 18:00:57,203 - DEBUG - fx_L1_mfista- itercount: 22, L: 4.638989e+04, eta:1.050000e+00
2020-06-11 18:00:57,209 - DEBUG - fx_L1_mfista- itercount: 22, L: 4.870938e+04, eta:1.050000e+00
2020-06-11 18:00:57,215 - DEBUG - fx_L1_mfista- itercount: 22, L: 5.114485e+04, eta:1.050000e+00
2020-06-11 18:00:57,221 - DEBUG - fx_L1_mfista- itercount: 22, L: 5.370209e+04, eta:1.050000e+00
2020-06-11 18:00:57,235 - DEBUG - fx_L1_mfista- itercount: 23, L: 5.114485e+04, eta:1.050000e+00
2020-06-11 18:00:57,242 - DEBUG - fx_L1_mfista- itercount: 23, L: 5.370209e+04, eta:1.050000e+00
2020-06-11 18:00:57,249 - DEBUG - fx_L1_mfista- itercount: 23, L: 5.638720e+04, eta:1.050000e+00
2020-06-11 18:00:57,257 - DEBUG - fx_L1_mfista- itercount: 23, L: 5.920656e+04, eta:1.050000e+00
2020-06-11 18:00:57,264 - DEBUG - fx_L1_mfista- itercount: 23, L: 6.216689e+04, eta:1.050000e+00
2020-06-11 18:00:57,270 - DEBUG - fx_L1_mfista- itercount: 23, L: 6.527523e+04, eta:1.050000e+00
2020-06-11 18:00:57,276 - DEBUG - fx_L1_mfista- itercount: 23, L: 6.853899e+04, eta:1.050000e+00
2020-06-11 18:00:57,283 - DEBUG - fx_L1_mfista- itercount: 23, L: 7.196594e+04, eta:1.050000e+00
2020-06-11 18:00:57,300 - DEBUG - fx_L1_mfista- itercount: 24, L: 6.853899e+04, eta:1.050000e+00
2020-06-11 18:00:57,315 - DEBUG - fx_L1_mfista- itercount: 25, L: 6.527523e+04, eta:1.050000e+00
2020-06-11 18:00:57,322 - DEBUG - fx_L1_mfista- itercount: 25, L: 6.853899e+04, eta:1.050000e+00
2020-06-11 18:00:57,339 - DEBUG - fx_L1_mfista- itercount: 26, L: 6.527523e+04, eta:1.050000e+00
2020-06-11 18:00:57,354 - DEBUG - fx_L1_mfista- itercount: 27, L: 6.216689e+04, eta:1.050000e+00
2020-06-11 18:00:57,361 - DEBUG - fx_L1_mfista- itercount: 27, L: 6.527523e+04, eta:1.050000e+00
2020-06-11 18:00:57,368 - DEBUG - fx_L1_mfista- itercount: 27, L: 6.853899e+04, eta:1.050000e+00
2020-06-11 18:00:57,385 - DEBUG - fx_L1_mfista- itercount: 28, L: 6.527523e+04, eta:1.050000e+00
2020-06-11 18:00:57,400 - DEBUG - fx_L1_mfista- itercount: 29, L: 6.216689e+04, eta:1.050000e+00
2020-06-11 18:00:57,407 - DEBUG - fx_L1_mfista- itercount: 29, L: 6.527523e+04, eta:1.050000e+00
2020-06-11 18:00:57,423 - DEBUG - fx_L1_mfista- itercount: 30, L: 6.216689e+04, eta:1.050000e+00
2020-06-11 18:00:57,439 - DEBUG - fx_L1_mfista- itercount: 31, L: 5.920656e+04, eta:1.050000e+00
2020-06-11 18:00:57,457 - DEBUG - fx_L1_mfista- itercount: 32, L: 5.638720e+04, eta:1.050000e+00
2020-06-11 18:00:57,464 - DEBUG - fx_L1_mfista- itercount: 32, L: 5.920656e+04, eta:1.050000e+00
2020-06-11 18:00:57,479 - DEBUG - fx_L1_mfista- itercount: 33, L: 5.638720e+04, eta:1.050000e+00
2020-06-11 18:00:57,486 - DEBUG - fx_L1_mfista- itercount: 33, L: 5.920656e+04, eta:1.050000e+00
2020-06-11 18:00:57,503 - DEBUG - fx_L1_mfista- itercount: 34, L: 5.638720e+04, eta:1.050000e+00
2020-06-11 18:00:57,518 - DEBUG - fx_L1_mfista- itercount: 35, L: 5.370209e+04, eta:1.050000e+00
2020-06-11 18:00:57,526 - DEBUG - fx_L1_mfista- itercount: 35, L: 5.638720e+04, eta:1.050000e+00
2020-06-11 18:00:57,532 - DEBUG - fx_L1_mfista- itercount: 35, L: 5.920656e+04, eta:1.050000e+00
2020-06-11 18:00:57,548 - DEBUG - fx_L1_mfista- itercount: 36, L: 5.638720e+04, eta:1.050000e+00
2020-06-11 18:00:57,565 - DEBUG - fx_L1_mfista- itercount: 37, L: 5.370209e+04, eta:1.050000e+00
2020-06-11 18:00:57,580 - DEBUG - fx_L1_mfista- itercount: 38, L: 5.114485e+04, eta:1.050000e+00
2020-06-11 18:00:57,587 - DEBUG - fx_L1_mfista- itercount: 38, L: 5.370209e+04, eta:1.050000e+00
2020-06-11 18:00:57,593 - DEBUG - fx_L1_mfista- itercount: 38, L: 5.638720e+04, eta:1.050000e+00
2020-06-11 18:00:57,599 - DEBUG - fx_L1_mfista- itercount: 38, L: 5.920656e+04, eta:1.050000e+00
2020-06-11 18:00:57,616 - DEBUG - fx_L1_mfista- itercount: 39, L: 5.638720e+04, eta:1.050000e+00
2020-06-11 18:00:57,632 - DEBUG - fx_L1_mfista- itercount: 40, L: 5.370209e+04, eta:1.050000e+00
2020-06-11 18:00:57,647 - DEBUG - fx_L1_mfista- itercount: 41, L: 5.114485e+04, eta:1.050000e+00
2020-06-11 18:00:57,664 - DEBUG - fx_L1_mfista- itercount: 42, L: 4.870938e+04, eta:1.050000e+00
2020-06-11 18:00:57,680 - DEBUG - fx_L1_mfista- itercount: 43, L: 4.638989e+04, eta:1.050000e+00
2020-06-11 18:00:57,686 - DEBUG - fx_L1_mfista- itercount: 43, L: 4.870938e+04, eta:1.050000e+00
2020-06-11 18:00:57,692 - DEBUG - fx_L1_mfista- itercount: 43, L: 5.114485e+04, eta:1.050000e+00
2020-06-11 18:00:57,698 - DEBUG - fx_L1_mfista- itercount: 43, L: 5.370209e+04, eta:1.050000e+00
2020-06-11 18:00:57,714 - DEBUG - fx_L1_mfista- itercount: 44, L: 5.114485e+04, eta:1.050000e+00
2020-06-11 18:00:57,722 - DEBUG - fx_L1_mfista- itercount: 44, L: 5.370209e+04, eta:1.050000e+00
2020-06-11 18:00:57,728 - DEBUG - fx_L1_mfista- itercount: 44, L: 5.638720e+04, eta:1.050000e+00
2020-06-11 18:00:57,744 - DEBUG - fx_L1_mfista- itercount: 45, L: 5.370209e+04, eta:1.050000e+00
2020-06-11 18:00:57,761 - DEBUG - fx_L1_mfista- itercount: 46, L: 5.114485e+04, eta:1.050000e+00
2020-06-11 18:00:57,776 - DEBUG - fx_L1_mfista- itercount: 47, L: 4.870938e+04, eta:1.050000e+00
2020-06-11 18:00:57,792 - DEBUG - fx_L1_mfista- itercount: 48, L: 4.638989e+04, eta:1.050000e+00
2020-06-11 18:00:57,809 - DEBUG - fx_L1_mfista- itercount: 49, L: 4.418085e+04, eta:1.050000e+00
2020-06-11 18:00:57,815 - DEBUG - fx_L1_mfista- itercount: 49, L: 4.638989e+04, eta:1.050000e+00
2020-06-11 18:00:57,820 - DEBUG - fx_L1_mfista- itercount: 49, L: 4.870938e+04, eta:1.050000e+00
2020-06-11 18:00:57,826 - DEBUG - fx_L1_mfista- itercount: 49, L: 5.114485e+04, eta:1.050000e+00
2020-06-11 18:00:57,841 - DEBUG - fx_L1_mfista- iternum:50, L: 5.114485e+04, F_xk: 7.148754e+00, chi:7.535216e+06, reg: 3.254043e+05, rela_err:4.648233e-05
2020-06-11 18:00:57,861 - DEBUG - fx_L1_mfista- itercount: 50, L: 4.870938e+04, eta:1.050000e+00
2020-06-11 18:00:57,868 - DEBUG - fx_L1_mfista- itercount: 50, L: 5.114485e+04, eta:1.050000e+00
2020-06-11 18:00:57,888 - DEBUG - fx_L1_mfista- itercount: 51, L: 4.870938e+04, eta:1.050000e+00
2020-06-11 18:00:57,894 - DEBUG - fx_L1_mfista- itercount: 51, L: 5.114485e+04, eta:1.050000e+00
2020-06-11 18:00:57,908 - DEBUG - fx_L1_mfista- itercount: 52, L: 4.870938e+04, eta:1.050000e+00
2020-06-11 18:00:57,913 - DEBUG - fx_L1_mfista- itercount: 52, L: 5.114485e+04, eta:1.050000e+00
2020-06-11 18:00:57,929 - DEBUG - fx_L1_mfista- itercount: 53, L: 4.870938e+04, eta:1.050000e+00
2020-06-11 18:00:57,946 - DEBUG - fx_L1_mfista- itercount: 54, L: 4.638989e+04, eta:1.050000e+00
2020-06-11 18:00:57,960 - DEBUG - fx_L1_mfista- itercount: 55, L: 4.418085e+04, eta:1.050000e+00
2020-06-11 18:00:57,967 - DEBUG - fx_L1_mfista- itercount: 55, L: 4.638989e+04, eta:1.050000e+00
2020-06-11 18:00:57,974 - DEBUG - fx_L1_mfista- itercount: 55, L: 4.870938e+04, eta:1.050000e+00
2020-06-11 18:00:57,979 - DEBUG - fx_L1_mfista- itercount: 55, L: 5.114485e+04, eta:1.050000e+00
2020-06-11 18:00:57,996 - DEBUG - fx_L1_mfista- itercount: 56, L: 4.870938e+04, eta:1.050000e+00
2020-06-11 18:00:58,013 - DEBUG - fx_L1_mfista- itercount: 57, L: 4.638989e+04, eta:1.050000e+00
2020-06-11 18:00:58,029 - DEBUG - fx_L1_mfista- itercount: 58, L: 4.418085e+04, eta:1.050000e+00
2020-06-11 18:00:58,044 - DEBUG - fx_L1_mfista- itercount: 59, L: 4.207700e+04, eta:1.050000e+00
2020-06-11 18:00:58,051 - DEBUG - fx_L1_mfista- itercount: 59, L: 4.418085e+04, eta:1.050000e+00
2020-06-11 18:00:58,060 - DEBUG - fx_L1_mfista- itercount: 59, L: 4.638989e+04, eta:1.050000e+00
2020-06-11 18:00:58,067 - DEBUG - fx_L1_mfista- itercount: 59, L: 4.870938e+04, eta:1.050000e+00
2020-06-11 18:00:58,084 - DEBUG - fx_L1_mfista- itercount: 60, L: 4.638989e+04, eta:1.050000e+00
2020-06-11 18:00:58,094 - DEBUG - fx_L1_mfista- itercount: 60, L: 4.870938e+04, eta:1.050000e+00
2020-06-11 18:00:58,111 - DEBUG - fx_L1_mfista- itercount: 61, L: 4.638989e+04, eta:1.050000e+00
2020-06-11 18:00:58,127 - DEBUG - fx_L1_mfista- itercount: 62, L: 4.418085e+04, eta:1.050000e+00
2020-06-11 18:00:58,133 - DEBUG - fx_L1_mfista- itercount: 62, L: 4.638989e+04, eta:1.050000e+00
2020-06-11 18:00:58,148 - DEBUG - fx_L1_mfista- itercount: 63, L: 4.418085e+04, eta:1.050000e+00
2020-06-11 18:00:58,153 - DEBUG - fx_L1_mfista- itercount: 63, L: 4.638989e+04, eta:1.050000e+00
2020-06-11 18:00:58,167 - DEBUG - fx_L1_mfista- itercount: 64, L: 4.418085e+04, eta:1.050000e+00
2020-06-11 18:00:58,182 - DEBUG - fx_L1_mfista- itercount: 65, L: 4.207700e+04, eta:1.050000e+00
2020-06-11 18:00:58,187 - DEBUG - fx_L1_mfista- itercount: 65, L: 4.418085e+04, eta:1.050000e+00
2020-06-11 18:00:58,194 - DEBUG - fx_L1_mfista- itercount: 65, L: 4.638989e+04, eta:1.050000e+00
2020-06-11 18:00:58,208 - DEBUG - fx_L1_mfista- itercount: 66, L: 4.418085e+04, eta:1.050000e+00
2020-06-11 18:00:58,222 - DEBUG - fx_L1_mfista- itercount: 67, L: 4.207700e+04, eta:1.050000e+00
2020-06-11 18:00:58,237 - DEBUG - fx_L1_mfista- itercount: 68, L: 4.007333e+04, eta:1.050000e+00
2020-06-11 18:00:58,242 - DEBUG - fx_L1_mfista- itercount: 68, L: 4.207700e+04, eta:1.050000e+00
2020-06-11 18:00:58,248 - DEBUG - fx_L1_mfista- itercount: 68, L: 4.418085e+04, eta:1.050000e+00
2020-06-11 18:00:58,264 - DEBUG - fx_L1_mfista- itercount: 69, L: 4.207700e+04, eta:1.050000e+00
2020-06-11 18:00:58,278 - DEBUG - fx_L1_mfista- itercount: 70, L: 4.007333e+04, eta:1.050000e+00
2020-06-11 18:00:58,284 - DEBUG - fx_L1_mfista- itercount: 70, L: 4.207700e+04, eta:1.050000e+00
2020-06-11 18:00:58,299 - DEBUG - fx_L1_mfista- itercount: 71, L: 4.007333e+04, eta:1.050000e+00
2020-06-11 18:00:58,305 - DEBUG - fx_L1_mfista- itercount: 71, L: 4.207700e+04, eta:1.050000e+00
2020-06-11 18:00:58,310 - DEBUG - fx_L1_mfista- itercount: 71, L: 4.418085e+04, eta:1.050000e+00
2020-06-11 18:00:58,325 - DEBUG - fx_L1_mfista- itercount: 72, L: 4.207700e+04, eta:1.050000e+00
2020-06-11 18:00:58,340 - DEBUG - fx_L1_mfista- itercount: 73, L: 4.007333e+04, eta:1.050000e+00
2020-06-11 18:00:58,354 - DEBUG - fx_L1_mfista- itercount: 74, L: 3.816508e+04, eta:1.050000e+00
2020-06-11 18:00:58,360 - DEBUG - fx_L1_mfista- itercount: 74, L: 4.007333e+04, eta:1.050000e+00
2020-06-11 18:00:58,374 - DEBUG - fx_L1_mfista- itercount: 75, L: 3.816508e+04, eta:1.050000e+00
2020-06-11 18:00:58,380 - DEBUG - fx_L1_mfista- itercount: 75, L: 4.007333e+04, eta:1.050000e+00
2020-06-11 18:00:58,386 - DEBUG - fx_L1_mfista- itercount: 75, L: 4.207700e+04, eta:1.050000e+00
2020-06-11 18:00:58,400 - DEBUG - fx_L1_mfista- itercount: 76, L: 4.007333e+04, eta:1.050000e+00
2020-06-11 18:00:58,406 - DEBUG - fx_L1_mfista- itercount: 76, L: 4.207700e+04, eta:1.050000e+00
2020-06-11 18:00:58,412 - DEBUG - fx_L1_mfista- itercount: 76, L: 4.418085e+04, eta:1.050000e+00
2020-06-11 18:00:58,426 - DEBUG - fx_L1_mfista- itercount: 77, L: 4.207700e+04, eta:1.050000e+00
2020-06-11 18:00:58,440 - DEBUG - fx_L1_mfista- itercount: 78, L: 4.007333e+04, eta:1.050000e+00
2020-06-11 18:00:58,455 - DEBUG - fx_L1_mfista- itercount: 79, L: 3.816508e+04, eta:1.050000e+00
2020-06-11 18:00:58,470 - DEBUG - fx_L1_mfista- itercount: 80, L: 3.634769e+04, eta:1.050000e+00
2020-06-11 18:00:58,475 - DEBUG - fx_L1_mfista- itercount: 80, L: 3.816508e+04, eta:1.050000e+00
2020-06-11 18:00:58,481 - DEBUG - fx_L1_mfista- itercount: 80, L: 4.007333e+04, eta:1.050000e+00
2020-06-11 18:00:58,487 - DEBUG - fx_L1_mfista- itercount: 80, L: 4.207700e+04, eta:1.050000e+00
2020-06-11 18:00:58,501 - DEBUG - fx_L1_mfista- itercount: 81, L: 4.007333e+04, eta:1.050000e+00
2020-06-11 18:00:58,517 - DEBUG - fx_L1_mfista- itercount: 82, L: 3.816508e+04, eta:1.050000e+00
2020-06-11 18:00:58,532 - DEBUG - fx_L1_mfista- itercount: 83, L: 3.634769e+04, eta:1.050000e+00
2020-06-11 18:00:58,546 - DEBUG - fx_L1_mfista- itercount: 84, L: 3.461685e+04, eta:1.050000e+00
2020-06-11 18:00:58,561 - DEBUG - fx_L1_mfista- itercount: 85, L: 3.296843e+04, eta:1.050000e+00
2020-06-11 18:00:58,576 - DEBUG - fx_L1_mfista- itercount: 86, L: 3.139850e+04, eta:1.050000e+00
2020-06-11 18:00:58,589 - DEBUG - fx_L1_mfista- itercount: 87, L: 2.990334e+04, eta:1.050000e+00
2020-06-11 18:00:58,604 - DEBUG - fx_L1_mfista- itercount: 88, L: 2.847937e+04, eta:1.050000e+00
2020-06-11 18:00:58,619 - DEBUG - fx_L1_mfista- itercount: 89, L: 2.712321e+04, eta:1.050000e+00
2020-06-11 18:00:58,625 - DEBUG - fx_L1_mfista- itercount: 89, L: 2.847937e+04, eta:1.050000e+00
2020-06-11 18:00:58,630 - DEBUG - fx_L1_mfista- itercount: 89, L: 2.990334e+04, eta:1.050000e+00
2020-06-11 18:00:58,636 - DEBUG - fx_L1_mfista- itercount: 89, L: 3.139850e+04, eta:1.050000e+00
2020-06-11 18:00:58,641 - DEBUG - fx_L1_mfista- itercount: 89, L: 3.296843e+04, eta:1.050000e+00
2020-06-11 18:00:58,647 - DEBUG - fx_L1_mfista- itercount: 89, L: 3.461685e+04, eta:1.050000e+00
2020-06-11 18:00:58,654 - DEBUG - fx_L1_mfista- itercount: 89, L: 3.634769e+04, eta:1.050000e+00
2020-06-11 18:00:58,659 - DEBUG - fx_L1_mfista- itercount: 89, L: 3.816508e+04, eta:1.050000e+00
2020-06-11 18:00:58,673 - DEBUG - fx_L1_mfista- itercount: 90, L: 3.634769e+04, eta:1.050000e+00
2020-06-11 18:00:58,678 - DEBUG - fx_L1_mfista- itercount: 90, L: 3.816508e+04, eta:1.050000e+00
2020-06-11 18:00:58,684 - DEBUG - fx_L1_mfista- itercount: 90, L: 4.007333e+04, eta:1.050000e+00
2020-06-11 18:00:58,699 - DEBUG - fx_L1_mfista- itercount: 91, L: 3.816508e+04, eta:1.050000e+00
2020-06-11 18:00:58,713 - DEBUG - fx_L1_mfista- itercount: 92, L: 3.634769e+04, eta:1.050000e+00
2020-06-11 18:00:58,719 - DEBUG - fx_L1_mfista- itercount: 92, L: 3.816508e+04, eta:1.050000e+00
2020-06-11 18:00:58,725 - DEBUG - fx_L1_mfista- itercount: 92, L: 4.007333e+04, eta:1.050000e+00
2020-06-11 18:00:58,740 - DEBUG - fx_L1_mfista- itercount: 93, L: 3.816508e+04, eta:1.050000e+00
2020-06-11 18:00:58,754 - DEBUG - fx_L1_mfista- itercount: 94, L: 3.634769e+04, eta:1.050000e+00
2020-06-11 18:00:58,761 - DEBUG - fx_L1_mfista- itercount: 94, L: 3.816508e+04, eta:1.050000e+00
2020-06-11 18:00:58,767 - DEBUG - fx_L1_mfista- itercount: 94, L: 4.007333e+04, eta:1.050000e+00
2020-06-11 18:00:58,781 - DEBUG - fx_L1_mfista- itercount: 95, L: 3.816508e+04, eta:1.050000e+00
2020-06-11 18:00:58,787 - DEBUG - fx_L1_mfista- itercount: 95, L: 4.007333e+04, eta:1.050000e+00
2020-06-11 18:00:58,802 - DEBUG - fx_L1_mfista- itercount: 96, L: 3.816508e+04, eta:1.050000e+00
2020-06-11 18:00:58,815 - DEBUG - fx_L1_mfista- itercount: 97, L: 3.634769e+04, eta:1.050000e+00
2020-06-11 18:00:58,822 - DEBUG - fx_L1_mfista- itercount: 97, L: 3.816508e+04, eta:1.050000e+00
2020-06-11 18:00:58,828 - DEBUG - fx_L1_mfista- itercount: 97, L: 4.007333e+04, eta:1.050000e+00
2020-06-11 18:00:58,842 - DEBUG - fx_L1_mfista- itercount: 98, L: 3.816508e+04, eta:1.050000e+00
2020-06-11 18:00:58,848 - DEBUG - fx_L1_mfista- itercount: 98, L: 4.007333e+04, eta:1.050000e+00
2020-06-11 18:00:58,862 - DEBUG - fx_L1_mfista- itercount: 99, L: 3.816508e+04, eta:1.050000e+00
2020-06-11 18:00:58,868 - DEBUG - fx_L1_mfista- itercount: 99, L: 4.007333e+04, eta:1.050000e+00
2020-06-11 18:00:58,880 - DEBUG - fx_L1_mfista- iternum:100, L: 4.007333e+04, F_xk: 7.143136e+00, chi:7.534203e+06, reg: 3.740428e+05, rela_err:3.854168e-07
2020-06-11 18:00:58,903 - DEBUG - fx_L1_mfista- itercount: 100, L: 3.816508e+04, eta:1.050000e+00
2020-06-11 18:00:58,911 - DEBUG - fx_L1_mfista- itercount: 100, L: 4.007333e+04, eta:1.050000e+00
2020-06-11 18:00:58,928 - DEBUG - fx_L1_mfista- itercount: 101, L: 3.816508e+04, eta:1.050000e+00
2020-06-11 18:00:58,934 - DEBUG - fx_L1_mfista- itercount: 101, L: 4.007333e+04, eta:1.050000e+00
2020-06-11 18:00:58,951 - DEBUG - fx_L1_mfista- itercount: 102, L: 3.816508e+04, eta:1.050000e+00
2020-06-11 18:00:58,957 - DEBUG - fx_L1_mfista- itercount: 102, L: 4.007333e+04, eta:1.050000e+00
2020-06-11 18:00:58,973 - DEBUG - fx_L1_mfista- itercount: 103, L: 3.816508e+04, eta:1.050000e+00
2020-06-11 18:00:58,978 - DEBUG - fx_L1_mfista- itercount: 103, L: 4.007333e+04, eta:1.050000e+00
2020-06-11 18:00:58,995 - DEBUG - fx_L1_mfista- itercount: 104, L: 3.816508e+04, eta:1.050000e+00
2020-06-11 18:00:59,000 - DEBUG - fx_L1_mfista- itercount: 104, L: 4.007333e+04, eta:1.050000e+00
2020-06-11 18:00:59,018 - DEBUG - fx_L1_mfista- itercount: 105, L: 3.816508e+04, eta:1.050000e+00
2020-06-11 18:00:59,025 - DEBUG - fx_L1_mfista- itercount: 105, L: 4.007333e+04, eta:1.050000e+00
2020-06-11 18:00:59,039 - DEBUG - fx_L1_mfista- itercount: 106, L: 3.816508e+04, eta:1.050000e+00
2020-06-11 18:00:59,045 - DEBUG - fx_L1_mfista- itercount: 106, L: 4.007333e+04, eta:1.050000e+00
2020-06-11 18:00:59,061 - DEBUG - fx_L1_mfista- itercount: 107, L: 3.816508e+04, eta:1.050000e+00
2020-06-11 18:00:59,067 - DEBUG - fx_L1_mfista- itercount: 107, L: 4.007333e+04, eta:1.050000e+00
2020-06-11 18:00:59,083 - DEBUG - fx_L1_mfista- itercount: 108, L: 3.816508e+04, eta:1.050000e+00
2020-06-11 18:00:59,088 - DEBUG - fx_L1_mfista- itercount: 108, L: 4.007333e+04, eta:1.050000e+00
2020-06-11 18:00:59,105 - DEBUG - fx_L1_mfista- itercount: 109, L: 3.816508e+04, eta:1.050000e+00
2020-06-11 18:00:59,110 - DEBUG - fx_L1_mfista- itercount: 109, L: 4.007333e+04, eta:1.050000e+00
2020-06-11 18:00:59,127 - DEBUG - fx_L1_mfista- itercount: 110, L: 3.816508e+04, eta:1.050000e+00
2020-06-11 18:00:59,133 - DEBUG - fx_L1_mfista- itercount: 110, L: 4.007333e+04, eta:1.050000e+00
2020-06-11 18:00:59,138 - DEBUG - fx_L1_mfista- itercount: 110, L: 4.207700e+04, eta:1.050000e+00
2020-06-11 18:00:59,156 - DEBUG - fx_L1_mfista- itercount: 111, L: 4.007333e+04, eta:1.050000e+00
2020-06-11 18:00:59,170 - DEBUG - fx_L1_mfista- itercount: 112, L: 3.816508e+04, eta:1.050000e+00
2020-06-11 18:00:59,185 - DEBUG - fx_L1_mfista- itercount: 113, L: 3.634769e+04, eta:1.050000e+00
2020-06-11 18:00:59,192 - DEBUG - fx_L1_mfista- itercount: 113, L: 3.816508e+04, eta:1.050000e+00
2020-06-11 18:00:59,199 - DEBUG - fx_L1_mfista- itercount: 113, L: 4.007333e+04, eta:1.050000e+00
2020-06-11 18:00:59,207 - DEBUG - fx_L1_mfista- itercount: 113, L: 4.207700e+04, eta:1.050000e+00
2020-06-11 18:00:59,221 - DEBUG - fx_L1_mfista- itercount: 114, L: 4.007333e+04, eta:1.050000e+00
2020-06-11 18:00:59,236 - DEBUG - fx_L1_mfista- itercount: 115, L: 3.816508e+04, eta:1.050000e+00
2020-06-11 18:00:59,242 - DEBUG - fx_L1_mfista- itercount: 115, L: 4.007333e+04, eta:1.050000e+00
2020-06-11 18:00:59,260 - DEBUG - fx_L1_mfista- itercount: 116, L: 3.816508e+04, eta:1.050000e+00
2020-06-11 18:00:59,266 - DEBUG - fx_L1_mfista- itercount: 116, L: 4.007333e+04, eta:1.050000e+00
2020-06-11 18:00:59,282 - DEBUG - fx_L1_mfista- itercount: 117, L: 3.816508e+04, eta:1.050000e+00
2020-06-11 18:00:59,290 - DEBUG - fx_L1_mfista- itercount: 117, L: 4.007333e+04, eta:1.050000e+00
2020-06-11 18:00:59,304 - DEBUG - fx_L1_mfista- itercount: 118, L: 3.816508e+04, eta:1.050000e+00
2020-06-11 18:00:59,310 - DEBUG - fx_L1_mfista- itercount: 118, L: 4.007333e+04, eta:1.050000e+00
2020-06-11 18:00:59,326 - DEBUG - fx_L1_mfista- itercount: 119, L: 3.816508e+04, eta:1.050000e+00
2020-06-11 18:00:59,332 - DEBUG - fx_L1_mfista- itercount: 119, L: 4.007333e+04, eta:1.050000e+00
2020-06-11 18:00:59,348 - DEBUG - fx_L1_mfista- itercount: 120, L: 3.816508e+04, eta:1.050000e+00
2020-06-11 18:00:59,353 - DEBUG - fx_L1_mfista- itercount: 120, L: 4.007333e+04, eta:1.050000e+00
2020-06-11 18:00:59,359 - DEBUG - fx_L1_mfista- itercount: 120, L: 4.207700e+04, eta:1.050000e+00
2020-06-11 18:00:59,375 - DEBUG - fx_L1_mfista- itercount: 121, L: 4.007333e+04, eta:1.050000e+00
2020-06-11 18:00:59,392 - DEBUG - fx_L1_mfista- itercount: 122, L: 3.816508e+04, eta:1.050000e+00
2020-06-11 18:00:59,406 - DEBUG - fx_L1_mfista- itercount: 123, L: 3.634769e+04, eta:1.050000e+00
2020-06-11 18:00:59,413 - DEBUG - fx_L1_mfista- itercount: 123, L: 3.816508e+04, eta:1.050000e+00
2020-06-11 18:00:59,419 - DEBUG - fx_L1_mfista- itercount: 123, L: 4.007333e+04, eta:1.050000e+00
2020-06-11 18:00:59,425 - DEBUG - fx_L1_mfista- itercount: 123, L: 4.207700e+04, eta:1.050000e+00
2020-06-11 18:00:59,441 - DEBUG - fx_L1_mfista- itercount: 124, L: 4.007333e+04, eta:1.050000e+00
2020-06-11 18:00:59,458 - DEBUG - fx_L1_mfista- itercount: 125, L: 3.816508e+04, eta:1.050000e+00
2020-06-11 18:00:59,474 - DEBUG - fx_L1_mfista- itercount: 126, L: 3.634769e+04, eta:1.050000e+00
2020-06-11 18:00:59,480 - DEBUG - fx_L1_mfista- itercount: 126, L: 3.816508e+04, eta:1.050000e+00
2020-06-11 18:00:59,485 - DEBUG - fx_L1_mfista- itercount: 126, L: 4.007333e+04, eta:1.050000e+00
2020-06-11 18:00:59,504 - DEBUG - fx_L1_mfista- itercount: 127, L: 3.816508e+04, eta:1.050000e+00
2020-06-11 18:00:59,511 - DEBUG - fx_L1_mfista- itercount: 127, L: 4.007333e+04, eta:1.050000e+00
2020-06-11 18:00:59,526 - DEBUG - fx_L1_mfista- itercount: 128, L: 3.816508e+04, eta:1.050000e+00
2020-06-11 18:00:59,532 - DEBUG - fx_L1_mfista- itercount: 128, L: 4.007333e+04, eta:1.050000e+00
2020-06-11 18:00:59,549 - DEBUG - fx_L1_mfista- itercount: 129, L: 3.816508e+04, eta:1.050000e+00
2020-06-11 18:00:59,557 - DEBUG - fx_L1_mfista- itercount: 129, L: 4.007333e+04, eta:1.050000e+00
2020-06-11 18:00:59,571 - DEBUG - fx_L1_mfista- itercount: 130, L: 3.816508e+04, eta:1.050000e+00
2020-06-11 18:00:59,577 - DEBUG - fx_L1_mfista- itercount: 130, L: 4.007333e+04, eta:1.050000e+00
2020-06-11 18:00:59,593 - DEBUG - fx_L1_mfista- itercount: 131, L: 3.816508e+04, eta:1.050000e+00
2020-06-11 18:00:59,610 - DEBUG - fx_L1_mfista- itercount: 132, L: 3.634769e+04, eta:1.050000e+00
2020-06-11 18:00:59,616 - DEBUG - fx_L1_mfista- itercount: 132, L: 3.816508e+04, eta:1.050000e+00
2020-06-11 18:00:59,621 - DEBUG - fx_L1_mfista- itercount: 132, L: 4.007333e+04, eta:1.050000e+00
2020-06-11 18:00:59,637 - DEBUG - fx_L1_mfista- itercount: 133, L: 3.816508e+04, eta:1.050000e+00
2020-06-11 18:00:59,643 - DEBUG - fx_L1_mfista- itercount: 133, L: 4.007333e+04, eta:1.050000e+00
2020-06-11 18:00:59,649 - DEBUG - fx_L1_mfista- itercount: 133, L: 4.207700e+04, eta:1.050000e+00
2020-06-11 18:00:59,665 - DEBUG - fx_L1_mfista- itercount: 134, L: 4.007333e+04, eta:1.050000e+00
2020-06-11 18:00:59,682 - DEBUG - fx_L1_mfista- itercount: 135, L: 3.816508e+04, eta:1.050000e+00
2020-06-11 18:00:59,698 - DEBUG - fx_L1_mfista- itercount: 136, L: 3.634769e+04, eta:1.050000e+00
2020-06-11 18:00:59,703 - DEBUG - fx_L1_mfista- itercount: 136, L: 3.816508e+04, eta:1.050000e+00
2020-06-11 18:00:59,709 - DEBUG - fx_L1_mfista- itercount: 136, L: 4.007333e+04, eta:1.050000e+00
2020-06-11 18:00:59,725 - DEBUG - fx_L1_mfista- itercount: 137, L: 3.816508e+04, eta:1.050000e+00
2020-06-11 18:00:59,742 - DEBUG - fx_L1_mfista- itercount: 138, L: 3.634769e+04, eta:1.050000e+00
2020-06-11 18:00:59,748 - DEBUG - fx_L1_mfista- itercount: 138, L: 3.816508e+04, eta:1.050000e+00
2020-06-11 18:00:59,754 - DEBUG - fx_L1_mfista- itercount: 138, L: 4.007333e+04, eta:1.050000e+00
2020-06-11 18:00:59,772 - DEBUG - fx_L1_mfista- itercount: 139, L: 3.816508e+04, eta:1.050000e+00
2020-06-11 18:00:59,789 - DEBUG - fx_L1_mfista- itercount: 140, L: 3.634769e+04, eta:1.050000e+00
2020-06-11 18:00:59,803 - DEBUG - fx_L1_mfista- itercount: 141, L: 3.461685e+04, eta:1.050000e+00
2020-06-11 18:00:59,822 - DEBUG - fx_L1_mfista- itercount: 142, L: 3.296843e+04, eta:1.050000e+00
2020-06-11 18:00:59,836 - DEBUG - fx_L1_mfista- itercount: 143, L: 3.139850e+04, eta:1.050000e+00
2020-06-11 18:00:59,851 - DEBUG - fx_L1_mfista- itercount: 144, L: 2.990334e+04, eta:1.050000e+00
2020-06-11 18:00:59,867 - DEBUG - fx_L1_mfista- itercount: 145, L: 2.847937e+04, eta:1.050000e+00
2020-06-11 18:00:59,883 - DEBUG - fx_L1_mfista- itercount: 146, L: 2.712321e+04, eta:1.050000e+00
2020-06-11 18:00:59,889 - DEBUG - fx_L1_mfista- itercount: 146, L: 2.847937e+04, eta:1.050000e+00
2020-06-11 18:00:59,904 - DEBUG - fx_L1_mfista- itercount: 147, L: 2.712321e+04, eta:1.050000e+00
2020-06-11 18:00:59,911 - DEBUG - fx_L1_mfista- itercount: 147, L: 2.847937e+04, eta:1.050000e+00
2020-06-11 18:00:59,916 - DEBUG - fx_L1_mfista- itercount: 147, L: 2.990334e+04, eta:1.050000e+00
2020-06-11 18:00:59,924 - DEBUG - fx_L1_mfista- itercount: 147, L: 3.139850e+04, eta:1.050000e+00
2020-06-11 18:00:59,930 - DEBUG - fx_L1_mfista- itercount: 147, L: 3.296843e+04, eta:1.050000e+00
2020-06-11 18:00:59,936 - DEBUG - fx_L1_mfista- itercount: 147, L: 3.461685e+04, eta:1.050000e+00
2020-06-11 18:00:59,942 - DEBUG - fx_L1_mfista- itercount: 147, L: 3.634769e+04, eta:1.050000e+00
2020-06-11 18:00:59,950 - DEBUG - fx_L1_mfista- itercount: 147, L: 3.816508e+04, eta:1.050000e+00
2020-06-11 18:00:59,957 - DEBUG - fx_L1_mfista- itercount: 147, L: 4.007333e+04, eta:1.050000e+00
2020-06-11 18:00:59,963 - DEBUG - fx_L1_mfista- itercount: 147, L: 4.207700e+04, eta:1.050000e+00
2020-06-11 18:00:59,980 - DEBUG - fx_L1_mfista- itercount: 148, L: 4.007333e+04, eta:1.050000e+00
2020-06-11 18:00:59,997 - DEBUG - fx_L1_mfista- itercount: 149, L: 3.816508e+04, eta:1.050000e+00
2020-06-11 18:01:00,014 - DEBUG - fx_L1_mfista- iternum:150, L: 3.816508e+04, F_xk: 7.143082e+00, chi:7.534486e+06, reg: 3.644566e+05, rela_err:2.081786e-09
2020-06-11 18:01:00,036 - DEBUG - fx_L1_mfista- itercount: 150, L: 3.634769e+04, eta:1.050000e+00
2020-06-11 18:01:00,057 - DEBUG - fx_L1_mfista- itercount: 151, L: 3.461685e+04, eta:1.050000e+00
2020-06-11 18:01:00,063 - DEBUG - fx_L1_mfista- itercount: 151, L: 3.634769e+04, eta:1.050000e+00
2020-06-11 18:01:00,069 - DEBUG - fx_L1_mfista- itercount: 151, L: 3.816508e+04, eta:1.050000e+00
2020-06-11 18:01:00,074 - DEBUG - fx_L1_mfista- itercount: 151, L: 4.007333e+04, eta:1.050000e+00
2020-06-11 18:01:00,094 - DEBUG - fx_L1_mfista- itercount: 152, L: 3.816508e+04, eta:1.050000e+00
2020-06-11 18:01:00,099 - DEBUG - fx_L1_mfista- itercount: 152, L: 4.007333e+04, eta:1.050000e+00
2020-06-11 18:01:00,114 - DEBUG - fx_L1_mfista- itercount: 153, L: 3.816508e+04, eta:1.050000e+00
2020-06-11 18:01:00,131 - DEBUG - fx_L1_mfista- itercount: 154, L: 3.634769e+04, eta:1.050000e+00
2020-06-11 18:01:00,138 - DEBUG - fx_L1_mfista- itercount: 154, L: 3.816508e+04, eta:1.050000e+00
2020-06-11 18:01:00,155 - DEBUG - fx_L1_mfista- itercount: 155, L: 3.634769e+04, eta:1.050000e+00
2020-06-11 18:01:00,162 - DEBUG - fx_L1_mfista- itercount: 155, L: 3.816508e+04, eta:1.050000e+00
2020-06-11 18:01:00,168 - DEBUG - fx_L1_mfista- itercount: 155, L: 4.007333e+04, eta:1.050000e+00
2020-06-11 18:01:00,185 - DEBUG - fx_L1_mfista- itercount: 156, L: 3.816508e+04, eta:1.050000e+00
2020-06-11 18:01:00,193 - DEBUG - fx_L1_mfista- itercount: 156, L: 4.007333e+04, eta:1.050000e+00
2020-06-11 18:01:00,208 - DEBUG - fx_L1_mfista- itercount: 157, L: 3.816508e+04, eta:1.050000e+00
2020-06-11 18:01:00,213 - DEBUG - fx_L1_mfista- itercount: 157, L: 4.007333e+04, eta:1.050000e+00
2020-06-11 18:01:00,231 - DEBUG - fx_L1_mfista- itercount: 158, L: 3.816508e+04, eta:1.050000e+00
2020-06-11 18:01:00,248 - DEBUG - fx_L1_mfista- itercount: 159, L: 3.634769e+04, eta:1.050000e+00
2020-06-11 18:01:00,254 - DEBUG - fx_L1_mfista- itercount: 159, L: 3.816508e+04, eta:1.050000e+00
2020-06-11 18:01:00,261 - DEBUG - fx_L1_mfista- itercount: 159, L: 4.007333e+04, eta:1.050000e+00
2020-06-11 18:01:00,278 - DEBUG - fx_L1_mfista- itercount: 160, L: 3.816508e+04, eta:1.050000e+00
2020-06-11 18:01:00,287 - DEBUG - fx_L1_mfista- itercount: 160, L: 4.007333e+04, eta:1.050000e+00
2020-06-11 18:01:00,302 - DEBUG - fx_L1_mfista- itercount: 161, L: 3.816508e+04, eta:1.050000e+00
2020-06-11 18:01:00,308 - DEBUG - fx_L1_mfista- itercount: 161, L: 4.007333e+04, eta:1.050000e+00
2020-06-11 18:01:00,324 - DEBUG - fx_L1_mfista- itercount: 162, L: 3.816508e+04, eta:1.050000e+00
2020-06-11 18:01:00,330 - DEBUG - fx_L1_mfista- itercount: 162, L: 4.007333e+04, eta:1.050000e+00
2020-06-11 18:01:00,346 - DEBUG - fx_L1_mfista- itercount: 163, L: 3.816508e+04, eta:1.050000e+00
2020-06-11 18:01:00,361 - DEBUG - fx_L1_mfista- itercount: 164, L: 3.634769e+04, eta:1.050000e+00
2020-06-11 18:01:00,367 - DEBUG - fx_L1_mfista- itercount: 164, L: 3.816508e+04, eta:1.050000e+00
2020-06-11 18:01:00,373 - DEBUG - fx_L1_mfista- itercount: 164, L: 4.007333e+04, eta:1.050000e+00
2020-06-11 18:01:00,379 - DEBUG - fx_L1_mfista- itercount: 164, L: 4.207700e+04, eta:1.050000e+00
2020-06-11 18:01:00,396 - DEBUG - fx_L1_mfista- itercount: 165, L: 4.007333e+04, eta:1.050000e+00
2020-06-11 18:01:00,412 - DEBUG - fx_L1_mfista- itercount: 166, L: 3.816508e+04, eta:1.050000e+00
2020-06-11 18:01:00,428 - DEBUG - fx_L1_mfista- itercount: 167, L: 3.634769e+04, eta:1.050000e+00
2020-06-11 18:01:00,434 - DEBUG - fx_L1_mfista- itercount: 167, L: 3.816508e+04, eta:1.050000e+00
2020-06-11 18:01:00,440 - DEBUG - fx_L1_mfista- itercount: 167, L: 4.007333e+04, eta:1.050000e+00
2020-06-11 18:01:00,446 - DEBUG - fx_L1_mfista- itercount: 167, L: 4.207700e+04, eta:1.050000e+00
2020-06-11 18:01:00,462 - DEBUG - fx_L1_mfista- itercount: 168, L: 4.007333e+04, eta:1.050000e+00
2020-06-11 18:01:00,479 - DEBUG - fx_L1_mfista- itercount: 169, L: 3.816508e+04, eta:1.050000e+00
2020-06-11 18:01:00,484 - DEBUG - fx_L1_mfista- itercount: 169, L: 4.007333e+04, eta:1.050000e+00
2020-06-11 18:01:00,500 - DEBUG - fx_L1_mfista- itercount: 170, L: 3.816508e+04, eta:1.050000e+00
2020-06-11 18:01:00,506 - DEBUG - fx_L1_mfista- itercount: 170, L: 4.007333e+04, eta:1.050000e+00
2020-06-11 18:01:00,524 - DEBUG - fx_L1_mfista- itercount: 171, L: 3.816508e+04, eta:1.050000e+00
2020-06-11 18:01:00,529 - DEBUG - fx_L1_mfista- itercount: 171, L: 4.007333e+04, eta:1.050000e+00
2020-06-11 18:01:00,546 - DEBUG - fx_L1_mfista- itercount: 172, L: 3.816508e+04, eta:1.050000e+00
2020-06-11 18:01:00,555 - DEBUG - fx_L1_mfista- itercount: 172, L: 4.007333e+04, eta:1.050000e+00
2020-06-11 18:01:00,562 - DEBUG - fx_L1_mfista- itercount: 172, L: 4.207700e+04, eta:1.050000e+00
2020-06-11 18:01:00,577 - DEBUG - fx_L1_mfista- itercount: 173, L: 4.007333e+04, eta:1.050000e+00
2020-06-11 18:01:00,594 - DEBUG - fx_L1_mfista- itercount: 174, L: 3.816508e+04, eta:1.050000e+00
2020-06-11 18:01:00,601 - DEBUG - fx_L1_mfista- itercount: 174, L: 4.007333e+04, eta:1.050000e+00
2020-06-11 18:01:00,618 - DEBUG - fx_L1_mfista- itercount: 175, L: 3.816508e+04, eta:1.050000e+00
2020-06-11 18:01:00,624 - DEBUG - fx_L1_mfista- itercount: 175, L: 4.007333e+04, eta:1.050000e+00
2020-06-11 18:01:00,631 - DEBUG - fx_L1_mfista- itercount: 175, L: 4.207700e+04, eta:1.050000e+00
2020-06-11 18:01:00,648 - DEBUG - fx_L1_mfista- itercount: 176, L: 4.007333e+04, eta:1.050000e+00
2020-06-11 18:01:00,668 - DEBUG - fx_L1_mfista- itercount: 177, L: 3.816508e+04, eta:1.050000e+00
2020-06-11 18:01:00,675 - DEBUG - fx_L1_mfista- itercount: 177, L: 4.007333e+04, eta:1.050000e+00
2020-06-11 18:01:00,693 - DEBUG - fx_L1_mfista- itercount: 178, L: 3.816508e+04, eta:1.050000e+00
2020-06-11 18:01:00,700 - DEBUG - fx_L1_mfista- itercount: 178, L: 4.007333e+04, eta:1.050000e+00
2020-06-11 18:01:00,706 - DEBUG - fx_L1_mfista- itercount: 178, L: 4.207700e+04, eta:1.050000e+00
2020-06-11 18:01:00,723 - DEBUG - fx_L1_mfista- itercount: 179, L: 4.007333e+04, eta:1.050000e+00
2020-06-11 18:01:00,730 - DEBUG - fx_L1_mfista- itercount: 179, L: 4.207700e+04, eta:1.050000e+00
2020-06-11 18:01:00,747 - DEBUG - fx_L1_mfista- itercount: 180, L: 4.007333e+04, eta:1.050000e+00
2020-06-11 18:01:00,763 - DEBUG - fx_L1_mfista- itercount: 181, L: 3.816508e+04, eta:1.050000e+00
2020-06-11 18:01:00,778 - DEBUG - fx_L1_mfista- itercount: 182, L: 3.634769e+04, eta:1.050000e+00
2020-06-11 18:01:00,784 - DEBUG - fx_L1_mfista- itercount: 182, L: 3.816508e+04, eta:1.050000e+00
2020-06-11 18:01:00,790 - DEBUG - fx_L1_mfista- itercount: 182, L: 4.007333e+04, eta:1.050000e+00
2020-06-11 18:01:00,805 - DEBUG - fx_L1_mfista- itercount: 183, L: 3.816508e+04, eta:1.050000e+00
2020-06-11 18:01:00,820 - DEBUG - fx_L1_mfista- itercount: 184, L: 3.634769e+04, eta:1.050000e+00
2020-06-11 18:01:00,826 - DEBUG - fx_L1_mfista- itercount: 184, L: 3.816508e+04, eta:1.050000e+00
2020-06-11 18:01:00,841 - DEBUG - fx_L1_mfista- itercount: 185, L: 3.634769e+04, eta:1.050000e+00
2020-06-11 18:01:00,856 - DEBUG - fx_L1_mfista- itercount: 186, L: 3.461685e+04, eta:1.050000e+00
2020-06-11 18:01:00,871 - DEBUG - fx_L1_mfista- itercount: 187, L: 3.296843e+04, eta:1.050000e+00
2020-06-11 18:01:00,886 - DEBUG - fx_L1_mfista- itercount: 188, L: 3.139850e+04, eta:1.050000e+00
2020-06-11 18:01:00,900 - DEBUG - fx_L1_mfista- itercount: 189, L: 2.990334e+04, eta:1.050000e+00
2020-06-11 18:01:00,914 - DEBUG - fx_L1_mfista- itercount: 190, L: 2.847937e+04, eta:1.050000e+00
2020-06-11 18:01:00,929 - DEBUG - fx_L1_mfista- itercount: 191, L: 2.712321e+04, eta:1.050000e+00
2020-06-11 18:01:00,943 - DEBUG - fx_L1_mfista- itercount: 192, L: 2.583163e+04, eta:1.050000e+00
2020-06-11 18:01:00,949 - DEBUG - fx_L1_mfista- itercount: 192, L: 2.712321e+04, eta:1.050000e+00
2020-06-11 18:01:00,955 - DEBUG - fx_L1_mfista- itercount: 192, L: 2.847937e+04, eta:1.050000e+00
2020-06-11 18:01:00,961 - DEBUG - fx_L1_mfista- itercount: 192, L: 2.990334e+04, eta:1.050000e+00
2020-06-11 18:01:00,967 - DEBUG - fx_L1_mfista- itercount: 192, L: 3.139850e+04, eta:1.050000e+00
2020-06-11 18:01:00,972 - DEBUG - fx_L1_mfista- itercount: 192, L: 3.296843e+04, eta:1.050000e+00
2020-06-11 18:01:00,978 - DEBUG - fx_L1_mfista- itercount: 192, L: 3.461685e+04, eta:1.050000e+00
2020-06-11 18:01:00,983 - DEBUG - fx_L1_mfista- itercount: 192, L: 3.634769e+04, eta:1.050000e+00
2020-06-11 18:01:00,990 - DEBUG - fx_L1_mfista- itercount: 192, L: 3.816508e+04, eta:1.050000e+00
2020-06-11 18:01:01,004 - DEBUG - fx_L1_mfista- itercount: 193, L: 3.634769e+04, eta:1.050000e+00
2020-06-11 18:01:01,011 - DEBUG - fx_L1_mfista- itercount: 193, L: 3.816508e+04, eta:1.050000e+00
2020-06-11 18:01:01,026 - DEBUG - fx_L1_mfista- itercount: 194, L: 3.634769e+04, eta:1.050000e+00
2020-06-11 18:01:01,031 - DEBUG - fx_L1_mfista- itercount: 194, L: 3.816508e+04, eta:1.050000e+00
2020-06-11 18:01:01,046 - DEBUG - fx_L1_mfista- itercount: 195, L: 3.634769e+04, eta:1.050000e+00
2020-06-11 18:01:01,052 - DEBUG - fx_L1_mfista- itercount: 195, L: 3.816508e+04, eta:1.050000e+00
2020-06-11 18:01:01,066 - DEBUG - fx_L1_mfista- itercount: 196, L: 3.634769e+04, eta:1.050000e+00
2020-06-11 18:01:01,072 - DEBUG - fx_L1_mfista- itercount: 196, L: 3.816508e+04, eta:1.050000e+00
2020-06-11 18:01:01,087 - DEBUG - fx_L1_mfista- itercount: 197, L: 3.634769e+04, eta:1.050000e+00
2020-06-11 18:01:01,092 - DEBUG - fx_L1_mfista- itercount: 197, L: 3.816508e+04, eta:1.050000e+00
2020-06-11 18:01:01,106 - DEBUG - fx_L1_mfista- itercount: 198, L: 3.634769e+04, eta:1.050000e+00
2020-06-11 18:01:01,112 - DEBUG - fx_L1_mfista- itercount: 198, L: 3.816508e+04, eta:1.050000e+00
2020-06-11 18:01:01,119 - DEBUG - fx_L1_mfista- itercount: 198, L: 4.007333e+04, eta:1.050000e+00
2020-06-11 18:01:01,134 - DEBUG - fx_L1_mfista- itercount: 199, L: 3.816508e+04, eta:1.050000e+00
2020-06-11 18:01:01,147 - DEBUG - fx_L1_mfista- iternum:200, L: 3.816508e+04, F_xk: 7.143082e+00, chi:7.534462e+06, reg: 3.651420e+05, rela_err:7.605006e-12
2020-06-11 18:01:01,169 - DEBUG - fx_L1_mfista- itercount: 200, L: 3.634769e+04, eta:1.050000e+00
2020-06-11 18:01:01,179 - DEBUG - fx_L1_mfista- itercount: 200, L: 3.816508e+04, eta:1.050000e+00
2020-06-11 18:01:01,188 - DEBUG - fx_L1_mfista- itercount: 200, L: 4.007333e+04, eta:1.050000e+00
2020-06-11 18:01:01,203 - DEBUG - fx_L1_mfista- itercount: 201, L: 3.816508e+04, eta:1.050000e+00
2020-06-11 18:01:01,221 - DEBUG - fx_L1_mfista- itercount: 202, L: 3.634769e+04, eta:1.050000e+00
2020-06-11 18:01:01,226 - DEBUG - fx_L1_mfista- itercount: 202, L: 3.816508e+04, eta:1.050000e+00
2020-06-11 18:01:01,233 - DEBUG - fx_L1_mfista- itercount: 202, L: 4.007333e+04, eta:1.050000e+00
2020-06-11 18:01:01,250 - DEBUG - fx_L1_mfista- itercount: 203, L: 3.816508e+04, eta:1.050000e+00
2020-06-11 18:01:01,257 - DEBUG - fx_L1_mfista- itercount: 203, L: 4.007333e+04, eta:1.050000e+00
2020-06-11 18:01:01,275 - DEBUG - fx_L1_mfista- itercount: 204, L: 3.816508e+04, eta:1.050000e+00
2020-06-11 18:01:01,289 - DEBUG - fx_L1_mfista- itercount: 205, L: 3.634769e+04, eta:1.050000e+00
2020-06-11 18:01:01,295 - DEBUG - fx_L1_mfista- itercount: 205, L: 3.816508e+04, eta:1.050000e+00
2020-06-11 18:01:01,301 - DEBUG - fx_L1_mfista- itercount: 205, L: 4.007333e+04, eta:1.050000e+00
2020-06-11 18:01:01,316 - DEBUG - fx_L1_mfista- itercount: 206, L: 3.816508e+04, eta:1.050000e+00
2020-06-11 18:01:01,324 - DEBUG - fx_L1_mfista- itercount: 206, L: 4.007333e+04, eta:1.050000e+00
2020-06-11 18:01:01,339 - DEBUG - fx_L1_mfista- itercount: 207, L: 3.816508e+04, eta:1.050000e+00
2020-06-11 18:01:01,346 - DEBUG - fx_L1_mfista- itercount: 207, L: 4.007333e+04, eta:1.050000e+00
2020-06-11 18:01:01,362 - DEBUG - fx_L1_mfista- itercount: 208, L: 3.816508e+04, eta:1.050000e+00
2020-06-11 18:01:01,377 - DEBUG - fx_L1_mfista- itercount: 209, L: 3.634769e+04, eta:1.050000e+00
2020-06-11 18:01:01,384 - DEBUG - fx_L1_mfista- itercount: 209, L: 3.816508e+04, eta:1.050000e+00
2020-06-11 18:01:01,390 - DEBUG - fx_L1_mfista- itercount: 209, L: 4.007333e+04, eta:1.050000e+00
2020-06-11 18:01:01,396 - DEBUG - fx_L1_mfista- itercount: 209, L: 4.207700e+04, eta:1.050000e+00
2020-06-11 18:01:01,412 - DEBUG - fx_L1_mfista- itercount: 210, L: 4.007333e+04, eta:1.050000e+00
2020-06-11 18:01:01,428 - DEBUG - fx_L1_mfista- itercount: 211, L: 3.816508e+04, eta:1.050000e+00
2020-06-11 18:01:01,445 - DEBUG - fx_L1_mfista- itercount: 212, L: 3.634769e+04, eta:1.050000e+00
2020-06-11 18:01:01,450 - DEBUG - fx_L1_mfista- itercount: 212, L: 3.816508e+04, eta:1.050000e+00
2020-06-11 18:01:01,456 - DEBUG - fx_L1_mfista- itercount: 212, L: 4.007333e+04, eta:1.050000e+00
2020-06-11 18:01:01,462 - DEBUG - fx_L1_mfista- itercount: 212, L: 4.207700e+04, eta:1.050000e+00
2020-06-11 18:01:01,478 - DEBUG - fx_L1_mfista- itercount: 213, L: 4.007333e+04, eta:1.050000e+00
2020-06-11 18:01:01,494 - DEBUG - fx_L1_mfista- itercount: 214, L: 3.816508e+04, eta:1.050000e+00
2020-06-11 18:01:01,510 - DEBUG - fx_L1_mfista- itercount: 215, L: 3.634769e+04, eta:1.050000e+00
2020-06-11 18:01:01,516 - DEBUG - fx_L1_mfista- itercount: 215, L: 3.816508e+04, eta:1.050000e+00
2020-06-11 18:01:01,523 - DEBUG - fx_L1_mfista- itercount: 215, L: 4.007333e+04, eta:1.050000e+00
2020-06-11 18:01:01,529 - DEBUG - fx_L1_mfista- itercount: 215, L: 4.207700e+04, eta:1.050000e+00
2020-06-11 18:01:01,546 - DEBUG - fx_L1_mfista- itercount: 216, L: 4.007333e+04, eta:1.050000e+00
2020-06-11 18:01:01,563 - DEBUG - fx_L1_mfista- itercount: 217, L: 3.816508e+04, eta:1.050000e+00
2020-06-11 18:01:01,571 - DEBUG - fx_L1_mfista- itercount: 217, L: 4.007333e+04, eta:1.050000e+00
2020-06-11 18:01:01,585 - DEBUG - fx_L1_mfista- itercount: 218, L: 3.816508e+04, eta:1.050000e+00
2020-06-11 18:01:01,591 - DEBUG - fx_L1_mfista- itercount: 218, L: 4.007333e+04, eta:1.050000e+00
2020-06-11 18:01:01,597 - DEBUG - fx_L1_mfista- itercount: 218, L: 4.207700e+04, eta:1.050000e+00
2020-06-11 18:01:01,613 - DEBUG - fx_L1_mfista- itercount: 219, L: 4.007333e+04, eta:1.050000e+00
2020-06-11 18:01:01,630 - DEBUG - fx_L1_mfista- itercount: 220, L: 3.816508e+04, eta:1.050000e+00
2020-06-11 18:01:01,636 - DEBUG - fx_L1_mfista- itercount: 220, L: 4.007333e+04, eta:1.050000e+00
2020-06-11 18:01:01,651 - DEBUG - fx_L1_mfista- itercount: 221, L: 3.816508e+04, eta:1.050000e+00
2020-06-11 18:01:01,658 - DEBUG - fx_L1_mfista- itercount: 221, L: 4.007333e+04, eta:1.050000e+00
2020-06-11 18:01:01,674 - DEBUG - fx_L1_mfista- itercount: 222, L: 3.816508e+04, eta:1.050000e+00
2020-06-11 18:01:01,680 - DEBUG - fx_L1_mfista- itercount: 222, L: 4.007333e+04, eta:1.050000e+00
2020-06-11 18:01:01,686 - DEBUG - fx_L1_mfista- itercount: 222, L: 4.207700e+04, eta:1.050000e+00
2020-06-11 18:01:01,704 - DEBUG - fx_L1_mfista- itercount: 223, L: 4.007333e+04, eta:1.050000e+00
2020-06-11 18:01:01,718 - DEBUG - fx_L1_mfista- itercount: 224, L: 3.816508e+04, eta:1.050000e+00
2020-06-11 18:01:01,732 - DEBUG - fx_L1_mfista- itercount: 225, L: 3.634769e+04, eta:1.050000e+00
2020-06-11 18:01:01,738 - DEBUG - fx_L1_mfista- itercount: 225, L: 3.816508e+04, eta:1.050000e+00
2020-06-11 18:01:01,745 - DEBUG - fx_L1_mfista- itercount: 225, L: 4.007333e+04, eta:1.050000e+00
2020-06-11 18:01:01,753 - DEBUG - fx_L1_mfista- itercount: 225, L: 4.207700e+04, eta:1.050000e+00
2020-06-11 18:01:01,769 - DEBUG - fx_L1_mfista- itercount: 226, L: 4.007333e+04, eta:1.050000e+00
2020-06-11 18:01:01,784 - DEBUG - fx_L1_mfista- itercount: 227, L: 3.816508e+04, eta:1.050000e+00
2020-06-11 18:01:01,799 - DEBUG - fx_L1_mfista- itercount: 228, L: 3.634769e+04, eta:1.050000e+00
2020-06-11 18:01:01,807 - DEBUG - fx_L1_mfista- itercount: 228, L: 3.816508e+04, eta:1.050000e+00
2020-06-11 18:01:01,822 - DEBUG - fx_L1_mfista- itercount: 229, L: 3.634769e+04, eta:1.050000e+00
2020-06-11 18:01:01,829 - DEBUG - fx_L1_mfista- itercount: 229, L: 3.816508e+04, eta:1.050000e+00
2020-06-11 18:01:01,836 - DEBUG - fx_L1_mfista- itercount: 229, L: 4.007333e+04, eta:1.050000e+00
2020-06-11 18:01:01,852 - DEBUG - fx_L1_mfista- itercount: 230, L: 3.816508e+04, eta:1.050000e+00
2020-06-11 18:01:01,868 - DEBUG - fx_L1_mfista- itercount: 231, L: 3.634769e+04, eta:1.050000e+00
2020-06-11 18:01:01,874 - DEBUG - fx_L1_mfista- itercount: 231, L: 3.816508e+04, eta:1.050000e+00
2020-06-11 18:01:01,880 - DEBUG - fx_L1_mfista- itercount: 231, L: 4.007333e+04, eta:1.050000e+00
2020-06-11 18:01:01,896 - DEBUG - fx_L1_mfista- itercount: 232, L: 3.816508e+04, eta:1.050000e+00
2020-06-11 18:01:01,913 - DEBUG - fx_L1_mfista- itercount: 233, L: 3.634769e+04, eta:1.050000e+00
2020-06-11 18:01:01,919 - DEBUG - fx_L1_mfista- itercount: 233, L: 3.816508e+04, eta:1.050000e+00
2020-06-11 18:01:01,926 - DEBUG - fx_L1_mfista- itercount: 233, L: 4.007333e+04, eta:1.050000e+00
2020-06-11 18:01:01,940 - DEBUG - fx_L1_mfista- itercount: 234, L: 3.816508e+04, eta:1.050000e+00
2020-06-11 18:01:01,957 - DEBUG - fx_L1_mfista- itercount: 235, L: 3.634769e+04, eta:1.050000e+00
2020-06-11 18:01:01,963 - DEBUG - fx_L1_mfista- itercount: 235, L: 3.816508e+04, eta:1.050000e+00
2020-06-11 18:01:01,970 - DEBUG - fx_L1_mfista- itercount: 235, L: 4.007333e+04, eta:1.050000e+00
2020-06-11 18:01:01,984 - DEBUG - fx_L1_mfista- itercount: 236, L: 3.816508e+04, eta:1.050000e+00
2020-06-11 18:01:01,990 - DEBUG - fx_L1_mfista- itercount: 236, L: 4.007333e+04, eta:1.050000e+00
2020-06-11 18:01:02,011 - DEBUG - fx_L1_mfista- itercount: 237, L: 3.816508e+04, eta:1.050000e+00
2020-06-11 18:01:02,025 - DEBUG - fx_L1_mfista- itercount: 238, L: 3.634769e+04, eta:1.050000e+00
2020-06-11 18:01:02,031 - DEBUG - fx_L1_mfista- itercount: 238, L: 3.816508e+04, eta:1.050000e+00
2020-06-11 18:01:02,037 - DEBUG - fx_L1_mfista- itercount: 238, L: 4.007333e+04, eta:1.050000e+00
2020-06-11 18:01:02,053 - DEBUG - fx_L1_mfista- itercount: 239, L: 3.816508e+04, eta:1.050000e+00
2020-06-11 18:01:02,059 - DEBUG - fx_L1_mfista- itercount: 239, L: 4.007333e+04, eta:1.050000e+00
2020-06-11 18:01:02,076 - DEBUG - fx_L1_mfista- itercount: 240, L: 3.816508e+04, eta:1.050000e+00
2020-06-11 18:01:02,092 - DEBUG - fx_L1_mfista- itercount: 241, L: 3.634769e+04, eta:1.050000e+00
2020-06-11 18:01:02,098 - DEBUG - fx_L1_mfista- itercount: 241, L: 3.816508e+04, eta:1.050000e+00
2020-06-11 18:01:02,106 - DEBUG - fx_L1_mfista- itercount: 241, L: 4.007333e+04, eta:1.050000e+00
2020-06-11 18:01:02,112 - DEBUG - fx_L1_mfista- itercount: 241, L: 4.207700e+04, eta:1.050000e+00
2020-06-11 18:01:02,126 - DEBUG - fx_L1_mfista- itercount: 242, L: 4.007333e+04, eta:1.050000e+00
2020-06-11 18:01:02,142 - DEBUG - fx_L1_mfista- itercount: 243, L: 3.816508e+04, eta:1.050000e+00
2020-06-11 18:01:02,159 - DEBUG - fx_L1_mfista- itercount: 244, L: 3.634769e+04, eta:1.050000e+00
2020-06-11 18:01:02,164 - DEBUG - fx_L1_mfista- itercount: 244, L: 3.816508e+04, eta:1.050000e+00
2020-06-11 18:01:02,170 - DEBUG - fx_L1_mfista- itercount: 244, L: 4.007333e+04, eta:1.050000e+00
2020-06-11 18:01:02,186 - DEBUG - fx_L1_mfista- itercount: 245, L: 3.816508e+04, eta:1.050000e+00
2020-06-11 18:01:02,192 - DEBUG - fx_L1_mfista- itercount: 245, L: 4.007333e+04, eta:1.050000e+00
2020-06-11 18:01:02,208 - DEBUG - fx_L1_mfista- itercount: 246, L: 3.816508e+04, eta:1.050000e+00
2020-06-11 18:01:02,214 - DEBUG - fx_L1_mfista- itercount: 246, L: 4.007333e+04, eta:1.050000e+00
2020-06-11 18:01:02,230 - DEBUG - fx_L1_mfista- itercount: 247, L: 3.816508e+04, eta:1.050000e+00
2020-06-11 18:01:02,238 - DEBUG - fx_L1_mfista- itercount: 247, L: 4.007333e+04, eta:1.050000e+00
2020-06-11 18:01:02,253 - DEBUG - fx_L1_mfista- itercount: 248, L: 3.816508e+04, eta:1.050000e+00
2020-06-11 18:01:02,258 - DEBUG - fx_L1_mfista- itercount: 248, L: 4.007333e+04, eta:1.050000e+00
2020-06-11 18:01:02,275 - DEBUG - fx_L1_mfista- itercount: 249, L: 3.816508e+04, eta:1.050000e+00
2020-06-11 18:01:02,281 - DEBUG - fx_L1_mfista- itercount: 249, L: 4.007333e+04, eta:1.050000e+00
2020-06-11 18:01:02,296 - DEBUG - fx_L1_mfista- iternum:250, L: 4.007333e+04, F_xk: 7.143082e+00, chi:7.534463e+06, reg: 3.651295e+05, rela_err:5.447843e-14
2020-06-11 18:01:02,318 - DEBUG - fx_L1_mfista- itercount: 250, L: 3.816508e+04, eta:1.050000e+00
2020-06-11 18:01:02,326 - DEBUG - fx_L1_mfista- itercount: 250, L: 4.007333e+04, eta:1.050000e+00
2020-06-11 18:01:02,429 - INFO - fx_L1_mfista- end; fitting. iternum:250, relative dif of F: 5.109790e-14
2020-06-11 18:01:04,682 - INFO - plots_comp- 0 model, rms:2.174535e+01
2020-06-11 18:01:04,716 - INFO - plots_comp- 1 model, rms:2.007462e+01
2020-06-11 18:01:04,755 - INFO - plots_comp- 2 model, rms:2.054168e+01
2020-06-11 18:01:04,791 - INFO - plots_comp- 3 model, rms:3.227401e+01
2020-06-11 18:01:04,867 - INFO - plots_comp- 4 model, rms:8.172915e+00
2020-06-11 18:01:04,901 - INFO - plots_comp- 5 model, rms:0.000000e+00
