2020-06-05 15:34:42,072 - INFO - <module>- Main part starts
2020-06-05 15:34:46,873 - INFO - only_fx_mfista- end; fitting. iternum:100, relative dif of F: 0.000000e+00
2020-06-05 15:34:51,123 - INFO - only_fx_mfista- end; fitting. iternum:100, relative dif of F: 3.064457e-15
2020-06-05 15:34:55,485 - INFO - only_fx_mfista- end; fitting. iternum:100, relative dif of F: 2.354297e-13
2020-06-05 15:34:59,751 - INFO - only_fx_mfista- end; fitting. iternum:100, relative dif of F: 1.466147e-11
2020-06-05 15:35:03,944 - INFO - only_fx_mfista- end; fitting. iternum:100, relative dif of F: 5.894867e-10
2020-06-05 15:35:08,223 - INFO - only_fx_mfista- end; fitting. iternum:100, relative dif of F: 8.784156e-09
2020-06-05 15:35:12,430 - INFO - only_fx_mfista- end; fitting. iternum:100, relative dif of F: 2.977797e-10
2020-06-05 15:35:44,481 - ERROR - only_fx_mfista- Too large L!! Change l1 or l2 values!!
2020-06-05 15:35:44,481 - INFO - only_fx_mfista- end fitting: itercount: 49
2020-06-05 15:35:47,988 - INFO - plots_comp- 0 model, rms:2.013327e+01
2020-06-05 15:35:48,019 - INFO - plots_comp- 1 model, rms:2.013327e+01
2020-06-05 15:35:48,050 - INFO - plots_comp- 2 model, rms:2.013325e+01
2020-06-05 15:35:48,083 - INFO - plots_comp- 3 model, rms:2.013305e+01
2020-06-05 15:35:48,119 - INFO - plots_comp- 4 model, rms:2.013151e+01
2020-06-05 15:35:48,150 - INFO - plots_comp- 5 model, rms:2.012071e+01
2020-06-05 15:35:48,187 - INFO - plots_comp- 6 model, rms:2.005576e+01
2020-06-05 15:35:48,275 - INFO - plots_comp- 7 model, rms:1.994805e+01
2020-06-05 15:35:48,305 - INFO - plots_comp- 8 model, rms:2.111863e+01
2020-06-05 15:35:48,337 - INFO - plots_comp- 9 model, rms:2.174679e+01
2020-06-05 15:35:48,367 - INFO - plots_comp- 10 model, rms:0.000000e+00
