2020-06-11 14:53:14,275 - INFO - <module>- Main part starts
2020-06-11 14:53:21,306 - ERROR - only_fx_mfista- Too large L!! Change l1 or l2 values!!
2020-06-11 14:53:21,306 - INFO - only_fx_mfista- end fitting: itercount: 47
2020-06-11 14:53:23,960 - DEBUG - only_fx_mfista- iternum:50, L: 1.220855e+08, F_xk: 8.360888e+00, chi:2.211668e+08, reg: 8.131964e+06, rela_err:2.792713e-05
2020-06-11 14:53:25,163 - DEBUG - only_fx_mfista- iternum:100, L: 1.220855e+08, F_xk: 8.347013e+00, chi:2.049225e+08, reg: 1.735341e+07, rela_err:7.002930e-06
2020-06-11 14:53:26,335 - DEBUG - only_fx_mfista- iternum:150, L: 1.220855e+08, F_xk: 8.343456e+00, chi:2.005499e+08, reg: 1.995385e+07, rela_err:2.302428e-06
2020-06-11 14:53:27,506 - DEBUG - only_fx_mfista- iternum:200, L: 1.220855e+08, F_xk: 8.342055e+00, chi:1.992818e+08, reg: 2.052261e+07, rela_err:1.089317e-06
2020-06-11 14:53:27,657 - INFO - only_fx_mfista- end; fitting. iternum:201, relative dif of F: 1.074121e-06
2020-06-11 14:53:27,692 - DEBUG - fx_L1_mfista- itercount: 0, L: 9.523810e-05, eta:1.050000e+00
2020-06-11 14:53:27,699 - DEBUG - fx_L1_mfista- itercount: 0, L: 1.000000e-04, eta:1.050000e+00
2020-06-11 14:53:27,705 - DEBUG - fx_L1_mfista- itercount: 0, L: 1.050000e-04, eta:1.050000e+00
2020-06-11 14:53:27,711 - DEBUG - fx_L1_mfista- itercount: 0, L: 1.102500e-04, eta:1.050000e+00
2020-06-11 14:53:27,719 - DEBUG - fx_L1_mfista- itercount: 0, L: 1.157625e-04, eta:1.050000e+00
2020-06-11 14:53:27,725 - DEBUG - fx_L1_mfista- itercount: 0, L: 1.215506e-04, eta:1.050000e+00
2020-06-11 14:53:27,731 - DEBUG - fx_L1_mfista- itercount: 0, L: 1.276282e-04, eta:1.050000e+00
2020-06-11 14:53:27,738 - DEBUG - fx_L1_mfista- itercount: 0, L: 1.340096e-04, eta:1.050000e+00
2020-06-11 14:53:27,744 - DEBUG - fx_L1_mfista- itercount: 0, L: 1.407100e-04, eta:1.050000e+00
2020-06-11 14:53:27,752 - DEBUG - fx_L1_mfista- itercount: 0, L: 1.477455e-04, eta:1.050000e+00
2020-06-11 14:53:27,758 - DEBUG - fx_L1_mfista- itercount: 0, L: 1.551328e-04, eta:1.050000e+00
2020-06-11 14:53:27,764 - DEBUG - fx_L1_mfista- itercount: 0, L: 1.628895e-04, eta:1.050000e+00
2020-06-11 14:53:27,771 - DEBUG - fx_L1_mfista- itercount: 0, L: 1.710339e-04, eta:1.050000e+00
2020-06-11 14:53:27,778 - DEBUG - fx_L1_mfista- itercount: 0, L: 1.795856e-04, eta:1.050000e+00
2020-06-11 14:53:27,786 - DEBUG - fx_L1_mfista- itercount: 0, L: 1.885649e-04, eta:1.050000e+00
2020-06-11 14:53:27,792 - DEBUG - fx_L1_mfista- itercount: 0, L: 1.979932e-04, eta:1.050000e+00
2020-06-11 14:53:27,798 - DEBUG - fx_L1_mfista- itercount: 0, L: 2.078928e-04, eta:1.050000e+00
2020-06-11 14:53:27,805 - DEBUG - fx_L1_mfista- itercount: 0, L: 2.182875e-04, eta:1.050000e+00
2020-06-11 14:53:27,810 - DEBUG - fx_L1_mfista- itercount: 0, L: 2.292018e-04, eta:1.050000e+00
2020-06-11 14:53:27,817 - DEBUG - fx_L1_mfista- itercount: 0, L: 2.406619e-04, eta:1.050000e+00
2020-06-11 14:53:27,824 - DEBUG - fx_L1_mfista- itercount: 0, L: 2.526950e-04, eta:1.050000e+00
2020-06-11 14:53:27,830 - DEBUG - fx_L1_mfista- itercount: 0, L: 2.653298e-04, eta:1.050000e+00
2020-06-11 14:53:27,837 - DEBUG - fx_L1_mfista- itercount: 0, L: 2.785963e-04, eta:1.050000e+00
2020-06-11 14:53:27,843 - DEBUG - fx_L1_mfista- itercount: 0, L: 2.925261e-04, eta:1.050000e+00
2020-06-11 14:53:27,849 - DEBUG - fx_L1_mfista- itercount: 0, L: 3.071524e-04, eta:1.050000e+00
2020-06-11 14:53:27,856 - DEBUG - fx_L1_mfista- itercount: 0, L: 3.225100e-04, eta:1.050000e+00
2020-06-11 14:53:27,863 - DEBUG - fx_L1_mfista- itercount: 0, L: 3.386355e-04, eta:1.050000e+00
2020-06-11 14:53:27,870 - DEBUG - fx_L1_mfista- itercount: 0, L: 3.555673e-04, eta:1.050000e+00
2020-06-11 14:53:27,876 - DEBUG - fx_L1_mfista- itercount: 0, L: 3.733456e-04, eta:1.050000e+00
2020-06-11 14:53:27,882 - DEBUG - fx_L1_mfista- itercount: 0, L: 3.920129e-04, eta:1.050000e+00
2020-06-11 14:53:27,888 - DEBUG - fx_L1_mfista- itercount: 0, L: 4.116136e-04, eta:1.050000e+00
2020-06-11 14:53:27,895 - DEBUG - fx_L1_mfista- itercount: 0, L: 4.321942e-04, eta:1.050000e+00
2020-06-11 14:53:27,902 - DEBUG - fx_L1_mfista- itercount: 0, L: 4.538039e-04, eta:1.050000e+00
2020-06-11 14:53:27,909 - DEBUG - fx_L1_mfista- itercount: 0, L: 4.764941e-04, eta:1.050000e+00
2020-06-11 14:53:27,916 - DEBUG - fx_L1_mfista- itercount: 0, L: 5.003189e-04, eta:1.050000e+00
2020-06-11 14:53:27,922 - DEBUG - fx_L1_mfista- itercount: 0, L: 5.253348e-04, eta:1.050000e+00
2020-06-11 14:53:27,928 - DEBUG - fx_L1_mfista- itercount: 0, L: 5.516015e-04, eta:1.050000e+00
2020-06-11 14:53:27,935 - DEBUG - fx_L1_mfista- itercount: 0, L: 5.791816e-04, eta:1.050000e+00
2020-06-11 14:53:27,942 - DEBUG - fx_L1_mfista- itercount: 0, L: 6.081407e-04, eta:1.050000e+00
2020-06-11 14:53:27,948 - DEBUG - fx_L1_mfista- itercount: 0, L: 6.385477e-04, eta:1.050000e+00
2020-06-11 14:53:27,955 - DEBUG - fx_L1_mfista- itercount: 0, L: 6.704751e-04, eta:1.050000e+00
2020-06-11 14:53:27,961 - DEBUG - fx_L1_mfista- itercount: 0, L: 7.039989e-04, eta:1.050000e+00
2020-06-11 14:53:27,967 - DEBUG - fx_L1_mfista- itercount: 0, L: 7.391988e-04, eta:1.050000e+00
2020-06-11 14:53:27,973 - DEBUG - fx_L1_mfista- itercount: 0, L: 7.761588e-04, eta:1.050000e+00
2020-06-11 14:53:27,980 - DEBUG - fx_L1_mfista- itercount: 0, L: 8.149667e-04, eta:1.050000e+00
2020-06-11 14:53:27,988 - DEBUG - fx_L1_mfista- itercount: 0, L: 8.557150e-04, eta:1.050000e+00
2020-06-11 14:53:27,994 - DEBUG - fx_L1_mfista- itercount: 0, L: 8.985008e-04, eta:1.050000e+00
2020-06-11 14:53:28,000 - DEBUG - fx_L1_mfista- itercount: 0, L: 9.434258e-04, eta:1.050000e+00
2020-06-11 14:53:28,006 - DEBUG - fx_L1_mfista- itercount: 0, L: 9.905971e-04, eta:1.050000e+00
2020-06-11 14:53:28,012 - DEBUG - fx_L1_mfista- itercount: 0, L: 1.040127e-03, eta:1.050000e+00
2020-06-11 14:53:28,020 - DEBUG - fx_L1_mfista- itercount: 0, L: 1.092133e-03, eta:1.050000e+00
2020-06-11 14:53:28,026 - DEBUG - fx_L1_mfista- itercount: 0, L: 1.146740e-03, eta:1.050000e+00
2020-06-11 14:53:28,033 - DEBUG - fx_L1_mfista- itercount: 0, L: 1.204077e-03, eta:1.050000e+00
2020-06-11 14:53:28,039 - DEBUG - fx_L1_mfista- itercount: 0, L: 1.264281e-03, eta:1.050000e+00
2020-06-11 14:53:28,045 - DEBUG - fx_L1_mfista- itercount: 0, L: 1.327495e-03, eta:1.050000e+00
2020-06-11 14:53:28,051 - DEBUG - fx_L1_mfista- itercount: 0, L: 1.393870e-03, eta:1.050000e+00
2020-06-11 14:53:28,059 - DEBUG - fx_L1_mfista- itercount: 0, L: 1.463563e-03, eta:1.050000e+00
2020-06-11 14:53:28,066 - DEBUG - fx_L1_mfista- itercount: 0, L: 1.536741e-03, eta:1.050000e+00
2020-06-11 14:53:28,072 - DEBUG - fx_L1_mfista- itercount: 0, L: 1.613578e-03, eta:1.050000e+00
2020-06-11 14:53:28,078 - DEBUG - fx_L1_mfista- itercount: 0, L: 1.694257e-03, eta:1.050000e+00
2020-06-11 14:53:28,084 - DEBUG - fx_L1_mfista- itercount: 0, L: 1.778970e-03, eta:1.050000e+00
2020-06-11 14:53:28,090 - DEBUG - fx_L1_mfista- itercount: 0, L: 1.867919e-03, eta:1.050000e+00
2020-06-11 14:53:28,097 - DEBUG - fx_L1_mfista- itercount: 0, L: 1.961315e-03, eta:1.050000e+00
2020-06-11 14:53:28,103 - DEBUG - fx_L1_mfista- itercount: 0, L: 2.059380e-03, eta:1.050000e+00
2020-06-11 14:53:28,110 - DEBUG - fx_L1_mfista- itercount: 0, L: 2.162349e-03, eta:1.050000e+00
2020-06-11 14:53:28,117 - DEBUG - fx_L1_mfista- itercount: 0, L: 2.270467e-03, eta:1.050000e+00
2020-06-11 14:53:28,124 - DEBUG - fx_L1_mfista- itercount: 0, L: 2.383990e-03, eta:1.050000e+00
2020-06-11 14:53:28,131 - DEBUG - fx_L1_mfista- itercount: 0, L: 2.503190e-03, eta:1.050000e+00
2020-06-11 14:53:28,139 - DEBUG - fx_L1_mfista- itercount: 0, L: 2.628349e-03, eta:1.050000e+00
2020-06-11 14:53:28,146 - DEBUG - fx_L1_mfista- itercount: 0, L: 2.759766e-03, eta:1.050000e+00
2020-06-11 14:53:28,154 - DEBUG - fx_L1_mfista- itercount: 0, L: 2.897755e-03, eta:1.050000e+00
2020-06-11 14:53:28,160 - DEBUG - fx_L1_mfista- itercount: 0, L: 3.042643e-03, eta:1.050000e+00
2020-06-11 14:53:28,166 - DEBUG - fx_L1_mfista- itercount: 0, L: 3.194775e-03, eta:1.050000e+00
2020-06-11 14:53:28,172 - DEBUG - fx_L1_mfista- itercount: 0, L: 3.354513e-03, eta:1.050000e+00
2020-06-11 14:53:28,180 - DEBUG - fx_L1_mfista- itercount: 0, L: 3.522239e-03, eta:1.050000e+00
2020-06-11 14:53:28,186 - DEBUG - fx_L1_mfista- itercount: 0, L: 3.698351e-03, eta:1.050000e+00
2020-06-11 14:53:28,192 - DEBUG - fx_L1_mfista- itercount: 0, L: 3.883269e-03, eta:1.050000e+00
2020-06-11 14:53:28,200 - DEBUG - fx_L1_mfista- itercount: 0, L: 4.077432e-03, eta:1.050000e+00
2020-06-11 14:53:28,206 - DEBUG - fx_L1_mfista- itercount: 0, L: 4.281304e-03, eta:1.050000e+00
2020-06-11 14:53:28,212 - DEBUG - fx_L1_mfista- itercount: 0, L: 4.495369e-03, eta:1.050000e+00
2020-06-11 14:53:28,219 - DEBUG - fx_L1_mfista- itercount: 0, L: 4.720137e-03, eta:1.050000e+00
2020-06-11 14:53:28,226 - DEBUG - fx_L1_mfista- itercount: 0, L: 4.956144e-03, eta:1.050000e+00
2020-06-11 14:53:28,233 - DEBUG - fx_L1_mfista- itercount: 0, L: 5.203951e-03, eta:1.050000e+00
2020-06-11 14:53:28,239 - DEBUG - fx_L1_mfista- itercount: 0, L: 5.464149e-03, eta:1.050000e+00
2020-06-11 14:53:28,245 - DEBUG - fx_L1_mfista- itercount: 0, L: 5.737356e-03, eta:1.050000e+00
2020-06-11 14:53:28,252 - DEBUG - fx_L1_mfista- itercount: 0, L: 6.024224e-03, eta:1.050000e+00
2020-06-11 14:53:28,258 - DEBUG - fx_L1_mfista- itercount: 0, L: 6.325435e-03, eta:1.050000e+00
2020-06-11 14:53:28,266 - DEBUG - fx_L1_mfista- itercount: 0, L: 6.641707e-03, eta:1.050000e+00
2020-06-11 14:53:28,272 - DEBUG - fx_L1_mfista- itercount: 0, L: 6.973792e-03, eta:1.050000e+00
2020-06-11 14:53:28,278 - DEBUG - fx_L1_mfista- itercount: 0, L: 7.322482e-03, eta:1.050000e+00
2020-06-11 14:53:28,284 - DEBUG - fx_L1_mfista- itercount: 0, L: 7.688606e-03, eta:1.050000e+00
2020-06-11 14:53:28,291 - DEBUG - fx_L1_mfista- itercount: 0, L: 8.073037e-03, eta:1.050000e+00
2020-06-11 14:53:28,298 - DEBUG - fx_L1_mfista- itercount: 0, L: 8.476688e-03, eta:1.050000e+00
2020-06-11 14:53:28,305 - DEBUG - fx_L1_mfista- itercount: 0, L: 8.900523e-03, eta:1.050000e+00
2020-06-11 14:53:28,310 - DEBUG - fx_L1_mfista- itercount: 0, L: 9.345549e-03, eta:1.050000e+00
2020-06-11 14:53:28,318 - DEBUG - fx_L1_mfista- itercount: 0, L: 9.812826e-03, eta:1.050000e+00
2020-06-11 14:53:28,325 - DEBUG - fx_L1_mfista- itercount: 0, L: 1.030347e-02, eta:1.050000e+00
2020-06-11 14:53:28,331 - DEBUG - fx_L1_mfista- itercount: 0, L: 1.081864e-02, eta:1.050000e+00
2020-06-11 14:53:28,337 - DEBUG - fx_L1_mfista- itercount: 0, L: 1.135957e-02, eta:1.050000e+00
2020-06-11 14:53:28,344 - DEBUG - fx_L1_mfista- itercount: 0, L: 1.192755e-02, eta:1.050000e+00
2020-06-11 14:53:28,352 - DEBUG - fx_L1_mfista- itercount: 0, L: 1.252393e-02, eta:1.050000e+00
2020-06-11 14:53:28,358 - DEBUG - fx_L1_mfista- itercount: 0, L: 1.315013e-02, eta:1.050000e+00
2020-06-11 14:53:28,364 - DEBUG - fx_L1_mfista- itercount: 0, L: 1.380763e-02, eta:1.050000e+00
2020-06-11 14:53:28,370 - DEBUG - fx_L1_mfista- itercount: 0, L: 1.449801e-02, eta:1.050000e+00
2020-06-11 14:53:28,376 - DEBUG - fx_L1_mfista- itercount: 0, L: 1.522291e-02, eta:1.050000e+00
2020-06-11 14:53:28,384 - DEBUG - fx_L1_mfista- itercount: 0, L: 1.598406e-02, eta:1.050000e+00
2020-06-11 14:53:28,390 - DEBUG - fx_L1_mfista- itercount: 0, L: 1.678326e-02, eta:1.050000e+00
2020-06-11 14:53:28,396 - DEBUG - fx_L1_mfista- itercount: 0, L: 1.762243e-02, eta:1.050000e+00
2020-06-11 14:53:28,404 - DEBUG - fx_L1_mfista- itercount: 0, L: 1.850355e-02, eta:1.050000e+00
2020-06-11 14:53:28,410 - DEBUG - fx_L1_mfista- itercount: 0, L: 1.942872e-02, eta:1.050000e+00
2020-06-11 14:53:28,417 - DEBUG - fx_L1_mfista- itercount: 0, L: 2.040016e-02, eta:1.050000e+00
2020-06-11 14:53:28,424 - DEBUG - fx_L1_mfista- itercount: 0, L: 2.142017e-02, eta:1.050000e+00
2020-06-11 14:53:28,430 - DEBUG - fx_L1_mfista- itercount: 0, L: 2.249118e-02, eta:1.050000e+00
2020-06-11 14:53:28,438 - DEBUG - fx_L1_mfista- itercount: 0, L: 2.361574e-02, eta:1.050000e+00
2020-06-11 14:53:28,444 - DEBUG - fx_L1_mfista- itercount: 0, L: 2.479652e-02, eta:1.050000e+00
2020-06-11 14:53:28,450 - DEBUG - fx_L1_mfista- itercount: 0, L: 2.603635e-02, eta:1.050000e+00
2020-06-11 14:53:28,457 - DEBUG - fx_L1_mfista- itercount: 0, L: 2.733817e-02, eta:1.050000e+00
2020-06-11 14:53:28,464 - DEBUG - fx_L1_mfista- itercount: 0, L: 2.870508e-02, eta:1.050000e+00
2020-06-11 14:53:28,471 - DEBUG - fx_L1_mfista- itercount: 0, L: 3.014033e-02, eta:1.050000e+00
2020-06-11 14:53:28,479 - DEBUG - fx_L1_mfista- itercount: 0, L: 3.164735e-02, eta:1.050000e+00
2020-06-11 14:53:28,485 - DEBUG - fx_L1_mfista- itercount: 0, L: 3.322971e-02, eta:1.050000e+00
2020-06-11 14:53:28,491 - DEBUG - fx_L1_mfista- itercount: 0, L: 3.489120e-02, eta:1.050000e+00
2020-06-11 14:53:28,497 - DEBUG - fx_L1_mfista- itercount: 0, L: 3.663576e-02, eta:1.050000e+00
2020-06-11 14:53:28,504 - DEBUG - fx_L1_mfista- itercount: 0, L: 3.846755e-02, eta:1.050000e+00
2020-06-11 14:53:28,510 - DEBUG - fx_L1_mfista- itercount: 0, L: 4.039092e-02, eta:1.050000e+00
2020-06-11 14:53:28,518 - DEBUG - fx_L1_mfista- itercount: 0, L: 4.241047e-02, eta:1.050000e+00
2020-06-11 14:53:28,523 - DEBUG - fx_L1_mfista- itercount: 0, L: 4.453099e-02, eta:1.050000e+00
2020-06-11 14:53:28,529 - DEBUG - fx_L1_mfista- itercount: 0, L: 4.675754e-02, eta:1.050000e+00
2020-06-11 14:53:28,536 - DEBUG - fx_L1_mfista- itercount: 0, L: 4.909542e-02, eta:1.050000e+00
2020-06-11 14:53:28,543 - DEBUG - fx_L1_mfista- itercount: 0, L: 5.155019e-02, eta:1.050000e+00
2020-06-11 14:53:28,550 - DEBUG - fx_L1_mfista- itercount: 0, L: 5.412770e-02, eta:1.050000e+00
2020-06-11 14:53:28,556 - DEBUG - fx_L1_mfista- itercount: 0, L: 5.683409e-02, eta:1.050000e+00
2020-06-11 14:53:28,563 - DEBUG - fx_L1_mfista- itercount: 0, L: 5.967579e-02, eta:1.050000e+00
2020-06-11 14:53:28,569 - DEBUG - fx_L1_mfista- itercount: 0, L: 6.265958e-02, eta:1.050000e+00
2020-06-11 14:53:28,575 - DEBUG - fx_L1_mfista- itercount: 0, L: 6.579256e-02, eta:1.050000e+00
2020-06-11 14:53:28,582 - DEBUG - fx_L1_mfista- itercount: 0, L: 6.908219e-02, eta:1.050000e+00
2020-06-11 14:53:28,588 - DEBUG - fx_L1_mfista- itercount: 0, L: 7.253630e-02, eta:1.050000e+00
2020-06-11 14:53:28,594 - DEBUG - fx_L1_mfista- itercount: 0, L: 7.616311e-02, eta:1.050000e+00
2020-06-11 14:53:28,602 - DEBUG - fx_L1_mfista- itercount: 0, L: 7.997127e-02, eta:1.050000e+00
2020-06-11 14:53:28,608 - DEBUG - fx_L1_mfista- itercount: 0, L: 8.396983e-02, eta:1.050000e+00
2020-06-11 14:53:28,614 - DEBUG - fx_L1_mfista- itercount: 0, L: 8.816832e-02, eta:1.050000e+00
2020-06-11 14:53:28,622 - DEBUG - fx_L1_mfista- itercount: 0, L: 9.257674e-02, eta:1.050000e+00
2020-06-11 14:53:28,628 - DEBUG - fx_L1_mfista- itercount: 0, L: 9.720557e-02, eta:1.050000e+00
2020-06-11 14:53:28,635 - DEBUG - fx_L1_mfista- itercount: 0, L: 1.020659e-01, eta:1.050000e+00
2020-06-11 14:53:28,641 - DEBUG - fx_L1_mfista- itercount: 0, L: 1.071691e-01, eta:1.050000e+00
2020-06-11 14:53:28,648 - DEBUG - fx_L1_mfista- itercount: 0, L: 1.125276e-01, eta:1.050000e+00
2020-06-11 14:53:28,657 - DEBUG - fx_L1_mfista- itercount: 0, L: 1.181540e-01, eta:1.050000e+00
2020-06-11 14:53:28,663 - DEBUG - fx_L1_mfista- itercount: 0, L: 1.240617e-01, eta:1.050000e+00
2020-06-11 14:53:28,671 - DEBUG - fx_L1_mfista- itercount: 0, L: 1.302648e-01, eta:1.050000e+00
2020-06-11 14:53:28,676 - DEBUG - fx_L1_mfista- itercount: 0, L: 1.367780e-01, eta:1.050000e+00
2020-06-11 14:53:28,682 - DEBUG - fx_L1_mfista- itercount: 0, L: 1.436169e-01, eta:1.050000e+00
2020-06-11 14:53:28,689 - DEBUG - fx_L1_mfista- itercount: 0, L: 1.507977e-01, eta:1.050000e+00
2020-06-11 14:53:28,695 - DEBUG - fx_L1_mfista- itercount: 0, L: 1.583376e-01, eta:1.050000e+00
2020-06-11 14:53:28,702 - DEBUG - fx_L1_mfista- itercount: 0, L: 1.662545e-01, eta:1.050000e+00
2020-06-11 14:53:28,708 - DEBUG - fx_L1_mfista- itercount: 0, L: 1.745672e-01, eta:1.050000e+00
2020-06-11 14:53:28,714 - DEBUG - fx_L1_mfista- itercount: 0, L: 1.832956e-01, eta:1.050000e+00
2020-06-11 14:53:28,721 - DEBUG - fx_L1_mfista- itercount: 0, L: 1.924604e-01, eta:1.050000e+00
2020-06-11 14:53:28,727 - DEBUG - fx_L1_mfista- itercount: 0, L: 2.020834e-01, eta:1.050000e+00
2020-06-11 14:53:28,733 - DEBUG - fx_L1_mfista- itercount: 0, L: 2.121876e-01, eta:1.050000e+00
2020-06-11 14:53:28,741 - DEBUG - fx_L1_mfista- itercount: 0, L: 2.227970e-01, eta:1.050000e+00
2020-06-11 14:53:28,747 - DEBUG - fx_L1_mfista- itercount: 0, L: 2.339368e-01, eta:1.050000e+00
2020-06-11 14:53:28,754 - DEBUG - fx_L1_mfista- itercount: 0, L: 2.456336e-01, eta:1.050000e+00
2020-06-11 14:53:28,760 - DEBUG - fx_L1_mfista- itercount: 0, L: 2.579153e-01, eta:1.050000e+00
2020-06-11 14:53:28,766 - DEBUG - fx_L1_mfista- itercount: 0, L: 2.708111e-01, eta:1.050000e+00
2020-06-11 14:53:28,772 - DEBUG - fx_L1_mfista- itercount: 0, L: 2.843516e-01, eta:1.050000e+00
2020-06-11 14:53:28,779 - DEBUG - fx_L1_mfista- itercount: 0, L: 2.985692e-01, eta:1.050000e+00
2020-06-11 14:53:28,786 - DEBUG - fx_L1_mfista- itercount: 0, L: 3.134977e-01, eta:1.050000e+00
2020-06-11 14:53:28,792 - DEBUG - fx_L1_mfista- itercount: 0, L: 3.291726e-01, eta:1.050000e+00
2020-06-11 14:53:28,798 - DEBUG - fx_L1_mfista- itercount: 0, L: 3.456312e-01, eta:1.050000e+00
2020-06-11 14:53:28,805 - DEBUG - fx_L1_mfista- itercount: 0, L: 3.629128e-01, eta:1.050000e+00
2020-06-11 14:53:28,811 - DEBUG - fx_L1_mfista- itercount: 0, L: 3.810584e-01, eta:1.050000e+00
2020-06-11 14:53:28,818 - DEBUG - fx_L1_mfista- itercount: 0, L: 4.001113e-01, eta:1.050000e+00
2020-06-11 14:53:28,825 - DEBUG - fx_L1_mfista- itercount: 0, L: 4.201169e-01, eta:1.050000e+00
2020-06-11 14:53:28,831 - DEBUG - fx_L1_mfista- itercount: 0, L: 4.411227e-01, eta:1.050000e+00
2020-06-11 14:53:28,838 - DEBUG - fx_L1_mfista- itercount: 0, L: 4.631789e-01, eta:1.050000e+00
2020-06-11 14:53:28,844 - DEBUG - fx_L1_mfista- itercount: 0, L: 4.863378e-01, eta:1.050000e+00
2020-06-11 14:53:28,850 - DEBUG - fx_L1_mfista- itercount: 0, L: 5.106547e-01, eta:1.050000e+00
2020-06-11 14:53:28,856 - DEBUG - fx_L1_mfista- itercount: 0, L: 5.361874e-01, eta:1.050000e+00
2020-06-11 14:53:28,864 - DEBUG - fx_L1_mfista- itercount: 0, L: 5.629968e-01, eta:1.050000e+00
2020-06-11 14:53:28,871 - DEBUG - fx_L1_mfista- itercount: 0, L: 5.911467e-01, eta:1.050000e+00
2020-06-11 14:53:28,877 - DEBUG - fx_L1_mfista- itercount: 0, L: 6.207040e-01, eta:1.050000e+00
2020-06-11 14:53:28,883 - DEBUG - fx_L1_mfista- itercount: 0, L: 6.517392e-01, eta:1.050000e+00
2020-06-11 14:53:28,889 - DEBUG - fx_L1_mfista- itercount: 0, L: 6.843261e-01, eta:1.050000e+00
2020-06-11 14:53:28,895 - DEBUG - fx_L1_mfista- itercount: 0, L: 7.185425e-01, eta:1.050000e+00
2020-06-11 14:53:28,904 - DEBUG - fx_L1_mfista- itercount: 0, L: 7.544696e-01, eta:1.050000e+00
2020-06-11 14:53:28,910 - DEBUG - fx_L1_mfista- itercount: 0, L: 7.921931e-01, eta:1.050000e+00
2020-06-11 14:53:28,917 - DEBUG - fx_L1_mfista- itercount: 0, L: 8.318027e-01, eta:1.050000e+00
2020-06-11 14:53:28,923 - DEBUG - fx_L1_mfista- itercount: 0, L: 8.733928e-01, eta:1.050000e+00
2020-06-11 14:53:28,929 - DEBUG - fx_L1_mfista- itercount: 0, L: 9.170625e-01, eta:1.050000e+00
2020-06-11 14:53:28,935 - DEBUG - fx_L1_mfista- itercount: 0, L: 9.629156e-01, eta:1.050000e+00
2020-06-11 14:53:28,943 - DEBUG - fx_L1_mfista- itercount: 0, L: 1.011061e+00, eta:1.050000e+00
2020-06-11 14:53:28,950 - DEBUG - fx_L1_mfista- itercount: 0, L: 1.061614e+00, eta:1.050000e+00
2020-06-11 14:53:28,956 - DEBUG - fx_L1_mfista- itercount: 0, L: 1.114695e+00, eta:1.050000e+00
2020-06-11 14:53:28,962 - DEBUG - fx_L1_mfista- itercount: 0, L: 1.170430e+00, eta:1.050000e+00
2020-06-11 14:53:28,968 - DEBUG - fx_L1_mfista- itercount: 0, L: 1.228951e+00, eta:1.050000e+00
2020-06-11 14:53:28,974 - DEBUG - fx_L1_mfista- itercount: 0, L: 1.290399e+00, eta:1.050000e+00
2020-06-11 14:53:28,980 - DEBUG - fx_L1_mfista- itercount: 0, L: 1.354919e+00, eta:1.050000e+00
2020-06-11 14:53:28,987 - DEBUG - fx_L1_mfista- itercount: 0, L: 1.422665e+00, eta:1.050000e+00
2020-06-11 14:53:28,993 - DEBUG - fx_L1_mfista- itercount: 0, L: 1.493798e+00, eta:1.050000e+00
2020-06-11 14:53:29,001 - DEBUG - fx_L1_mfista- itercount: 0, L: 1.568488e+00, eta:1.050000e+00
2020-06-11 14:53:29,007 - DEBUG - fx_L1_mfista- itercount: 0, L: 1.646912e+00, eta:1.050000e+00
2020-06-11 14:53:29,012 - DEBUG - fx_L1_mfista- itercount: 0, L: 1.729258e+00, eta:1.050000e+00
2020-06-11 14:53:29,019 - DEBUG - fx_L1_mfista- itercount: 0, L: 1.815721e+00, eta:1.050000e+00
2020-06-11 14:53:29,027 - DEBUG - fx_L1_mfista- itercount: 0, L: 1.906507e+00, eta:1.050000e+00
2020-06-11 14:53:29,034 - DEBUG - fx_L1_mfista- itercount: 0, L: 2.001832e+00, eta:1.050000e+00
2020-06-11 14:53:29,040 - DEBUG - fx_L1_mfista- itercount: 0, L: 2.101924e+00, eta:1.050000e+00
2020-06-11 14:53:29,046 - DEBUG - fx_L1_mfista- itercount: 0, L: 2.207020e+00, eta:1.050000e+00
2020-06-11 14:53:29,052 - DEBUG - fx_L1_mfista- itercount: 0, L: 2.317371e+00, eta:1.050000e+00
2020-06-11 14:53:29,059 - DEBUG - fx_L1_mfista- itercount: 0, L: 2.433240e+00, eta:1.050000e+00
2020-06-11 14:53:29,066 - DEBUG - fx_L1_mfista- itercount: 0, L: 2.554902e+00, eta:1.050000e+00
2020-06-11 14:53:29,071 - DEBUG - fx_L1_mfista- itercount: 0, L: 2.682647e+00, eta:1.050000e+00
2020-06-11 14:53:29,077 - DEBUG - fx_L1_mfista- itercount: 0, L: 2.816779e+00, eta:1.050000e+00
2020-06-11 14:53:29,085 - DEBUG - fx_L1_mfista- itercount: 0, L: 2.957618e+00, eta:1.050000e+00
2020-06-11 14:53:29,091 - DEBUG - fx_L1_mfista- itercount: 0, L: 3.105499e+00, eta:1.050000e+00
2020-06-11 14:53:29,097 - DEBUG - fx_L1_mfista- itercount: 0, L: 3.260774e+00, eta:1.050000e+00
2020-06-11 14:53:29,105 - DEBUG - fx_L1_mfista- itercount: 0, L: 3.423813e+00, eta:1.050000e+00
2020-06-11 14:53:29,111 - DEBUG - fx_L1_mfista- itercount: 0, L: 3.595003e+00, eta:1.050000e+00
2020-06-11 14:53:29,119 - DEBUG - fx_L1_mfista- itercount: 0, L: 3.774754e+00, eta:1.050000e+00
2020-06-11 14:53:29,124 - DEBUG - fx_L1_mfista- itercount: 0, L: 3.963491e+00, eta:1.050000e+00
2020-06-11 14:53:29,130 - DEBUG - fx_L1_mfista- itercount: 0, L: 4.161666e+00, eta:1.050000e+00
2020-06-11 14:53:29,137 - DEBUG - fx_L1_mfista- itercount: 0, L: 4.369749e+00, eta:1.050000e+00
2020-06-11 14:53:29,144 - DEBUG - fx_L1_mfista- itercount: 0, L: 4.588236e+00, eta:1.050000e+00
2020-06-11 14:53:29,152 - DEBUG - fx_L1_mfista- itercount: 0, L: 4.817648e+00, eta:1.050000e+00
2020-06-11 14:53:29,159 - DEBUG - fx_L1_mfista- itercount: 0, L: 5.058531e+00, eta:1.050000e+00
2020-06-11 14:53:29,165 - DEBUG - fx_L1_mfista- itercount: 0, L: 5.311457e+00, eta:1.050000e+00
2020-06-11 14:53:29,171 - DEBUG - fx_L1_mfista- itercount: 0, L: 5.577030e+00, eta:1.050000e+00
2020-06-11 14:53:29,177 - DEBUG - fx_L1_mfista- itercount: 0, L: 5.855882e+00, eta:1.050000e+00
2020-06-11 14:53:29,184 - DEBUG - fx_L1_mfista- itercount: 0, L: 6.148676e+00, eta:1.050000e+00
2020-06-11 14:53:29,190 - DEBUG - fx_L1_mfista- itercount: 0, L: 6.456110e+00, eta:1.050000e+00
2020-06-11 14:53:29,196 - DEBUG - fx_L1_mfista- itercount: 0, L: 6.778915e+00, eta:1.050000e+00
2020-06-11 14:53:29,204 - DEBUG - fx_L1_mfista- itercount: 0, L: 7.117861e+00, eta:1.050000e+00
2020-06-11 14:53:29,211 - DEBUG - fx_L1_mfista- itercount: 0, L: 7.473754e+00, eta:1.050000e+00
2020-06-11 14:53:29,217 - DEBUG - fx_L1_mfista- itercount: 0, L: 7.847441e+00, eta:1.050000e+00
2020-06-11 14:53:29,224 - DEBUG - fx_L1_mfista- itercount: 0, L: 8.239814e+00, eta:1.050000e+00
2020-06-11 14:53:29,231 - DEBUG - fx_L1_mfista- itercount: 0, L: 8.651804e+00, eta:1.050000e+00
2020-06-11 14:53:29,238 - DEBUG - fx_L1_mfista- itercount: 0, L: 9.084394e+00, eta:1.050000e+00
2020-06-11 14:53:29,244 - DEBUG - fx_L1_mfista- itercount: 0, L: 9.538614e+00, eta:1.050000e+00
2020-06-11 14:53:29,251 - DEBUG - fx_L1_mfista- itercount: 0, L: 1.001554e+01, eta:1.050000e+00
2020-06-11 14:53:29,257 - DEBUG - fx_L1_mfista- itercount: 0, L: 1.051632e+01, eta:1.050000e+00
2020-06-11 14:53:29,265 - DEBUG - fx_L1_mfista- itercount: 0, L: 1.104214e+01, eta:1.050000e+00
2020-06-11 14:53:29,271 - DEBUG - fx_L1_mfista- itercount: 0, L: 1.159425e+01, eta:1.050000e+00
2020-06-11 14:53:29,277 - DEBUG - fx_L1_mfista- itercount: 0, L: 1.217396e+01, eta:1.050000e+00
2020-06-11 14:53:29,285 - DEBUG - fx_L1_mfista- itercount: 0, L: 1.278266e+01, eta:1.050000e+00
2020-06-11 14:53:29,292 - DEBUG - fx_L1_mfista- itercount: 0, L: 1.342179e+01, eta:1.050000e+00
2020-06-11 14:53:29,298 - DEBUG - fx_L1_mfista- itercount: 0, L: 1.409288e+01, eta:1.050000e+00
2020-06-11 14:53:29,306 - DEBUG - fx_L1_mfista- itercount: 0, L: 1.479752e+01, eta:1.050000e+00
2020-06-11 14:53:29,312 - DEBUG - fx_L1_mfista- itercount: 0, L: 1.553740e+01, eta:1.050000e+00
2020-06-11 14:53:29,319 - DEBUG - fx_L1_mfista- itercount: 0, L: 1.631427e+01, eta:1.050000e+00
2020-06-11 14:53:29,325 - DEBUG - fx_L1_mfista- itercount: 0, L: 1.712998e+01, eta:1.050000e+00
2020-06-11 14:53:29,331 - DEBUG - fx_L1_mfista- itercount: 0, L: 1.798648e+01, eta:1.050000e+00
2020-06-11 14:53:29,337 - DEBUG - fx_L1_mfista- itercount: 0, L: 1.888580e+01, eta:1.050000e+00
2020-06-11 14:53:29,343 - DEBUG - fx_L1_mfista- itercount: 0, L: 1.983009e+01, eta:1.050000e+00
2020-06-11 14:53:29,352 - DEBUG - fx_L1_mfista- itercount: 0, L: 2.082160e+01, eta:1.050000e+00
2020-06-11 14:53:29,358 - DEBUG - fx_L1_mfista- itercount: 0, L: 2.186268e+01, eta:1.050000e+00
2020-06-11 14:53:29,364 - DEBUG - fx_L1_mfista- itercount: 0, L: 2.295581e+01, eta:1.050000e+00
2020-06-11 14:53:29,370 - DEBUG - fx_L1_mfista- itercount: 0, L: 2.410360e+01, eta:1.050000e+00
2020-06-11 14:53:29,376 - DEBUG - fx_L1_mfista- itercount: 0, L: 2.530878e+01, eta:1.050000e+00
2020-06-11 14:53:29,383 - DEBUG - fx_L1_mfista- itercount: 0, L: 2.657422e+01, eta:1.050000e+00
2020-06-11 14:53:29,389 - DEBUG - fx_L1_mfista- itercount: 0, L: 2.790293e+01, eta:1.050000e+00
2020-06-11 14:53:29,395 - DEBUG - fx_L1_mfista- itercount: 0, L: 2.929808e+01, eta:1.050000e+00
2020-06-11 14:53:29,404 - DEBUG - fx_L1_mfista- itercount: 0, L: 3.076298e+01, eta:1.050000e+00
2020-06-11 14:53:29,410 - DEBUG - fx_L1_mfista- itercount: 0, L: 3.230113e+01, eta:1.050000e+00
2020-06-11 14:53:29,416 - DEBUG - fx_L1_mfista- itercount: 0, L: 3.391619e+01, eta:1.050000e+00
2020-06-11 14:53:29,423 - DEBUG - fx_L1_mfista- itercount: 0, L: 3.561200e+01, eta:1.050000e+00
2020-06-11 14:53:29,430 - DEBUG - fx_L1_mfista- itercount: 0, L: 3.739260e+01, eta:1.050000e+00
2020-06-11 14:53:29,437 - DEBUG - fx_L1_mfista- itercount: 0, L: 3.926223e+01, eta:1.050000e+00
2020-06-11 14:53:29,444 - DEBUG - fx_L1_mfista- itercount: 0, L: 4.122534e+01, eta:1.050000e+00
2020-06-11 14:53:29,450 - DEBUG - fx_L1_mfista- itercount: 0, L: 4.328661e+01, eta:1.050000e+00
2020-06-11 14:53:29,456 - DEBUG - fx_L1_mfista- itercount: 0, L: 4.545094e+01, eta:1.050000e+00
2020-06-11 14:53:29,462 - DEBUG - fx_L1_mfista- itercount: 0, L: 4.772349e+01, eta:1.050000e+00
2020-06-11 14:53:29,469 - DEBUG - fx_L1_mfista- itercount: 0, L: 5.010966e+01, eta:1.050000e+00
2020-06-11 14:53:29,475 - DEBUG - fx_L1_mfista- itercount: 0, L: 5.261514e+01, eta:1.050000e+00
2020-06-11 14:53:29,483 - DEBUG - fx_L1_mfista- itercount: 0, L: 5.524590e+01, eta:1.050000e+00
2020-06-11 14:53:29,489 - DEBUG - fx_L1_mfista- itercount: 0, L: 5.800819e+01, eta:1.050000e+00
2020-06-11 14:53:29,495 - DEBUG - fx_L1_mfista- itercount: 0, L: 6.090860e+01, eta:1.050000e+00
2020-06-11 14:53:29,502 - DEBUG - fx_L1_mfista- itercount: 0, L: 6.395403e+01, eta:1.050000e+00
2020-06-11 14:53:29,509 - DEBUG - fx_L1_mfista- itercount: 0, L: 6.715174e+01, eta:1.050000e+00
2020-06-11 14:53:29,515 - DEBUG - fx_L1_mfista- itercount: 0, L: 7.050932e+01, eta:1.050000e+00
2020-06-11 14:53:29,522 - DEBUG - fx_L1_mfista- itercount: 0, L: 7.403479e+01, eta:1.050000e+00
2020-06-11 14:53:29,529 - DEBUG - fx_L1_mfista- itercount: 0, L: 7.773653e+01, eta:1.050000e+00
2020-06-11 14:53:29,535 - DEBUG - fx_L1_mfista- itercount: 0, L: 8.162335e+01, eta:1.050000e+00
2020-06-11 14:53:29,541 - DEBUG - fx_L1_mfista- itercount: 0, L: 8.570452e+01, eta:1.050000e+00
2020-06-11 14:53:29,551 - DEBUG - fx_L1_mfista- itercount: 0, L: 8.998975e+01, eta:1.050000e+00
2020-06-11 14:53:29,557 - DEBUG - fx_L1_mfista- itercount: 0, L: 9.448924e+01, eta:1.050000e+00
2020-06-11 14:53:29,563 - DEBUG - fx_L1_mfista- itercount: 0, L: 9.921370e+01, eta:1.050000e+00
2020-06-11 14:53:29,569 - DEBUG - fx_L1_mfista- itercount: 0, L: 1.041744e+02, eta:1.050000e+00
2020-06-11 14:53:29,575 - DEBUG - fx_L1_mfista- itercount: 0, L: 1.093831e+02, eta:1.050000e+00
2020-06-11 14:53:29,581 - DEBUG - fx_L1_mfista- itercount: 0, L: 1.148523e+02, eta:1.050000e+00
2020-06-11 14:53:29,588 - DEBUG - fx_L1_mfista- itercount: 0, L: 1.205949e+02, eta:1.050000e+00
2020-06-11 14:53:29,595 - DEBUG - fx_L1_mfista- itercount: 0, L: 1.266246e+02, eta:1.050000e+00
2020-06-11 14:53:29,603 - DEBUG - fx_L1_mfista- itercount: 0, L: 1.329558e+02, eta:1.050000e+00
2020-06-11 14:53:29,609 - DEBUG - fx_L1_mfista- itercount: 0, L: 1.396036e+02, eta:1.050000e+00
2020-06-11 14:53:29,614 - DEBUG - fx_L1_mfista- itercount: 0, L: 1.465838e+02, eta:1.050000e+00
2020-06-11 14:53:29,621 - DEBUG - fx_L1_mfista- itercount: 0, L: 1.539130e+02, eta:1.050000e+00
2020-06-11 14:53:29,628 - DEBUG - fx_L1_mfista- itercount: 0, L: 1.616087e+02, eta:1.050000e+00
2020-06-11 14:53:29,636 - DEBUG - fx_L1_mfista- itercount: 0, L: 1.696891e+02, eta:1.050000e+00
2020-06-11 14:53:29,642 - DEBUG - fx_L1_mfista- itercount: 0, L: 1.781735e+02, eta:1.050000e+00
2020-06-11 14:53:29,648 - DEBUG - fx_L1_mfista- itercount: 0, L: 1.870822e+02, eta:1.050000e+00
2020-06-11 14:53:29,655 - DEBUG - fx_L1_mfista- itercount: 0, L: 1.964363e+02, eta:1.050000e+00
2020-06-11 14:53:29,662 - DEBUG - fx_L1_mfista- itercount: 0, L: 2.062582e+02, eta:1.050000e+00
2020-06-11 14:53:29,668 - DEBUG - fx_L1_mfista- itercount: 0, L: 2.165711e+02, eta:1.050000e+00
2020-06-11 14:53:29,675 - DEBUG - fx_L1_mfista- itercount: 0, L: 2.273996e+02, eta:1.050000e+00
2020-06-11 14:53:29,681 - DEBUG - fx_L1_mfista- itercount: 0, L: 2.387696e+02, eta:1.050000e+00
2020-06-11 14:53:29,688 - DEBUG - fx_L1_mfista- itercount: 0, L: 2.507081e+02, eta:1.050000e+00
2020-06-11 14:53:29,693 - DEBUG - fx_L1_mfista- itercount: 0, L: 2.632435e+02, eta:1.050000e+00
2020-06-11 14:53:29,700 - DEBUG - fx_L1_mfista- itercount: 0, L: 2.764057e+02, eta:1.050000e+00
2020-06-11 14:53:29,707 - DEBUG - fx_L1_mfista- itercount: 0, L: 2.902259e+02, eta:1.050000e+00
2020-06-11 14:53:29,713 - DEBUG - fx_L1_mfista- itercount: 0, L: 3.047372e+02, eta:1.050000e+00
2020-06-11 14:53:29,720 - DEBUG - fx_L1_mfista- itercount: 0, L: 3.199741e+02, eta:1.050000e+00
2020-06-11 14:53:29,726 - DEBUG - fx_L1_mfista- itercount: 0, L: 3.359728e+02, eta:1.050000e+00
2020-06-11 14:53:29,733 - DEBUG - fx_L1_mfista- itercount: 0, L: 3.527714e+02, eta:1.050000e+00
2020-06-11 14:53:29,739 - DEBUG - fx_L1_mfista- itercount: 0, L: 3.704100e+02, eta:1.050000e+00
2020-06-11 14:53:29,746 - DEBUG - fx_L1_mfista- itercount: 0, L: 3.889305e+02, eta:1.050000e+00
2020-06-11 14:53:29,754 - DEBUG - fx_L1_mfista- itercount: 0, L: 4.083770e+02, eta:1.050000e+00
2020-06-11 14:53:29,760 - DEBUG - fx_L1_mfista- itercount: 0, L: 4.287959e+02, eta:1.050000e+00
2020-06-11 14:53:29,766 - DEBUG - fx_L1_mfista- itercount: 0, L: 4.502357e+02, eta:1.050000e+00
2020-06-11 14:53:29,772 - DEBUG - fx_L1_mfista- itercount: 0, L: 4.727475e+02, eta:1.050000e+00
2020-06-11 14:53:29,778 - DEBUG - fx_L1_mfista- itercount: 0, L: 4.963848e+02, eta:1.050000e+00
2020-06-11 14:53:29,784 - DEBUG - fx_L1_mfista- itercount: 0, L: 5.212041e+02, eta:1.050000e+00
2020-06-11 14:53:29,791 - DEBUG - fx_L1_mfista- itercount: 0, L: 5.472643e+02, eta:1.050000e+00
2020-06-11 14:53:29,798 - DEBUG - fx_L1_mfista- itercount: 0, L: 5.746275e+02, eta:1.050000e+00
2020-06-11 14:53:29,806 - DEBUG - fx_L1_mfista- itercount: 0, L: 6.033589e+02, eta:1.050000e+00
2020-06-11 14:53:29,811 - DEBUG - fx_L1_mfista- itercount: 0, L: 6.335268e+02, eta:1.050000e+00
2020-06-11 14:53:29,818 - DEBUG - fx_L1_mfista- itercount: 0, L: 6.652032e+02, eta:1.050000e+00
2020-06-11 14:53:29,827 - DEBUG - fx_L1_mfista- itercount: 0, L: 6.984633e+02, eta:1.050000e+00
2020-06-11 14:53:29,835 - DEBUG - fx_L1_mfista- itercount: 0, L: 7.333865e+02, eta:1.050000e+00
2020-06-11 14:53:29,840 - DEBUG - fx_L1_mfista- itercount: 0, L: 7.700558e+02, eta:1.050000e+00
2020-06-11 14:53:29,847 - DEBUG - fx_L1_mfista- itercount: 0, L: 8.085586e+02, eta:1.050000e+00
2020-06-11 14:53:29,853 - DEBUG - fx_L1_mfista- itercount: 0, L: 8.489865e+02, eta:1.050000e+00
2020-06-11 14:53:29,859 - DEBUG - fx_L1_mfista- itercount: 0, L: 8.914358e+02, eta:1.050000e+00
2020-06-11 14:53:29,866 - DEBUG - fx_L1_mfista- itercount: 0, L: 9.360076e+02, eta:1.050000e+00
2020-06-11 14:53:29,872 - DEBUG - fx_L1_mfista- itercount: 0, L: 9.828080e+02, eta:1.050000e+00
2020-06-11 14:53:29,879 - DEBUG - fx_L1_mfista- itercount: 0, L: 1.031948e+03, eta:1.050000e+00
2020-06-11 14:53:29,887 - DEBUG - fx_L1_mfista- itercount: 0, L: 1.083546e+03, eta:1.050000e+00
2020-06-11 14:53:29,893 - DEBUG - fx_L1_mfista- itercount: 0, L: 1.137723e+03, eta:1.050000e+00
2020-06-11 14:53:29,898 - DEBUG - fx_L1_mfista- itercount: 0, L: 1.194609e+03, eta:1.050000e+00
2020-06-11 14:53:29,907 - DEBUG - fx_L1_mfista- itercount: 0, L: 1.254340e+03, eta:1.050000e+00
2020-06-11 14:53:29,913 - DEBUG - fx_L1_mfista- itercount: 0, L: 1.317057e+03, eta:1.050000e+00
2020-06-11 14:53:29,921 - DEBUG - fx_L1_mfista- itercount: 0, L: 1.382910e+03, eta:1.050000e+00
2020-06-11 14:53:29,927 - DEBUG - fx_L1_mfista- itercount: 0, L: 1.452055e+03, eta:1.050000e+00
2020-06-11 14:53:29,933 - DEBUG - fx_L1_mfista- itercount: 0, L: 1.524658e+03, eta:1.050000e+00
2020-06-11 14:53:29,939 - DEBUG - fx_L1_mfista- itercount: 0, L: 1.600891e+03, eta:1.050000e+00
2020-06-11 14:53:29,945 - DEBUG - fx_L1_mfista- itercount: 0, L: 1.680935e+03, eta:1.050000e+00
2020-06-11 14:53:29,952 - DEBUG - fx_L1_mfista- itercount: 0, L: 1.764982e+03, eta:1.050000e+00
2020-06-11 14:53:29,958 - DEBUG - fx_L1_mfista- itercount: 0, L: 1.853231e+03, eta:1.050000e+00
2020-06-11 14:53:29,964 - DEBUG - fx_L1_mfista- itercount: 0, L: 1.945893e+03, eta:1.050000e+00
2020-06-11 14:53:29,971 - DEBUG - fx_L1_mfista- itercount: 0, L: 2.043187e+03, eta:1.050000e+00
2020-06-11 14:53:29,977 - DEBUG - fx_L1_mfista- itercount: 0, L: 2.145347e+03, eta:1.050000e+00
2020-06-11 14:53:29,984 - DEBUG - fx_L1_mfista- itercount: 0, L: 2.252614e+03, eta:1.050000e+00
2020-06-11 14:53:29,991 - DEBUG - fx_L1_mfista- itercount: 0, L: 2.365245e+03, eta:1.050000e+00
2020-06-11 14:53:29,997 - DEBUG - fx_L1_mfista- itercount: 0, L: 2.483507e+03, eta:1.050000e+00
2020-06-11 14:53:30,004 - DEBUG - fx_L1_mfista- itercount: 0, L: 2.607682e+03, eta:1.050000e+00
2020-06-11 14:53:30,010 - DEBUG - fx_L1_mfista- itercount: 0, L: 2.738066e+03, eta:1.050000e+00
2020-06-11 14:53:30,016 - DEBUG - fx_L1_mfista- itercount: 0, L: 2.874970e+03, eta:1.050000e+00
2020-06-11 14:53:30,022 - DEBUG - fx_L1_mfista- itercount: 0, L: 3.018718e+03, eta:1.050000e+00
2020-06-11 14:53:30,030 - DEBUG - fx_L1_mfista- itercount: 0, L: 3.169654e+03, eta:1.050000e+00
2020-06-11 14:53:30,038 - DEBUG - fx_L1_mfista- itercount: 0, L: 3.328137e+03, eta:1.050000e+00
2020-06-11 14:53:30,044 - DEBUG - fx_L1_mfista- itercount: 0, L: 3.494544e+03, eta:1.050000e+00
2020-06-11 14:53:30,050 - DEBUG - fx_L1_mfista- itercount: 0, L: 3.669271e+03, eta:1.050000e+00
2020-06-11 14:53:30,056 - DEBUG - fx_L1_mfista- itercount: 0, L: 3.852734e+03, eta:1.050000e+00
2020-06-11 14:53:30,062 - DEBUG - fx_L1_mfista- itercount: 0, L: 4.045371e+03, eta:1.050000e+00
2020-06-11 14:53:30,070 - DEBUG - fx_L1_mfista- itercount: 0, L: 4.247640e+03, eta:1.050000e+00
2020-06-11 14:53:30,076 - DEBUG - fx_L1_mfista- itercount: 0, L: 4.460022e+03, eta:1.050000e+00
2020-06-11 14:53:30,084 - DEBUG - fx_L1_mfista- itercount: 0, L: 4.683023e+03, eta:1.050000e+00
2020-06-11 14:53:30,089 - DEBUG - fx_L1_mfista- itercount: 0, L: 4.917174e+03, eta:1.050000e+00
2020-06-11 14:53:30,095 - DEBUG - fx_L1_mfista- itercount: 0, L: 5.163033e+03, eta:1.050000e+00
2020-06-11 14:53:30,101 - DEBUG - fx_L1_mfista- itercount: 0, L: 5.421184e+03, eta:1.050000e+00
2020-06-11 14:53:30,109 - DEBUG - fx_L1_mfista- itercount: 0, L: 5.692243e+03, eta:1.050000e+00
2020-06-11 14:53:30,116 - DEBUG - fx_L1_mfista- itercount: 0, L: 5.976856e+03, eta:1.050000e+00
2020-06-11 14:53:30,122 - DEBUG - fx_L1_mfista- itercount: 0, L: 6.275698e+03, eta:1.050000e+00
2020-06-11 14:53:30,128 - DEBUG - fx_L1_mfista- itercount: 0, L: 6.589483e+03, eta:1.050000e+00
2020-06-11 14:53:30,135 - DEBUG - fx_L1_mfista- itercount: 0, L: 6.918957e+03, eta:1.050000e+00
2020-06-11 14:53:30,141 - DEBUG - fx_L1_mfista- itercount: 0, L: 7.264905e+03, eta:1.050000e+00
2020-06-11 14:53:30,147 - DEBUG - fx_L1_mfista- itercount: 0, L: 7.628151e+03, eta:1.050000e+00
2020-06-11 14:53:30,155 - DEBUG - fx_L1_mfista- itercount: 0, L: 8.009558e+03, eta:1.050000e+00
2020-06-11 14:53:30,161 - DEBUG - fx_L1_mfista- itercount: 0, L: 8.410036e+03, eta:1.050000e+00
2020-06-11 14:53:30,169 - DEBUG - fx_L1_mfista- itercount: 0, L: 8.830538e+03, eta:1.050000e+00
2020-06-11 14:53:30,175 - DEBUG - fx_L1_mfista- itercount: 0, L: 9.272065e+03, eta:1.050000e+00
2020-06-11 14:53:30,181 - DEBUG - fx_L1_mfista- itercount: 0, L: 9.735668e+03, eta:1.050000e+00
2020-06-11 14:53:30,187 - DEBUG - fx_L1_mfista- itercount: 0, L: 1.022245e+04, eta:1.050000e+00
2020-06-11 14:53:30,194 - DEBUG - fx_L1_mfista- itercount: 0, L: 1.073357e+04, eta:1.050000e+00
2020-06-11 14:53:30,201 - DEBUG - fx_L1_mfista- itercount: 0, L: 1.127025e+04, eta:1.050000e+00
2020-06-11 14:53:30,207 - DEBUG - fx_L1_mfista- itercount: 0, L: 1.183377e+04, eta:1.050000e+00
2020-06-11 14:53:30,214 - DEBUG - fx_L1_mfista- itercount: 0, L: 1.242545e+04, eta:1.050000e+00
2020-06-11 14:53:30,220 - DEBUG - fx_L1_mfista- itercount: 0, L: 1.304673e+04, eta:1.050000e+00
2020-06-11 14:53:30,226 - DEBUG - fx_L1_mfista- itercount: 0, L: 1.369906e+04, eta:1.050000e+00
2020-06-11 14:53:30,234 - DEBUG - fx_L1_mfista- itercount: 0, L: 1.438402e+04, eta:1.050000e+00
2020-06-11 14:53:30,240 - DEBUG - fx_L1_mfista- itercount: 0, L: 1.510322e+04, eta:1.050000e+00
2020-06-11 14:53:30,247 - DEBUG - fx_L1_mfista- itercount: 0, L: 1.585838e+04, eta:1.050000e+00
2020-06-11 14:53:30,252 - DEBUG - fx_L1_mfista- itercount: 0, L: 1.665130e+04, eta:1.050000e+00
2020-06-11 14:53:30,258 - DEBUG - fx_L1_mfista- itercount: 0, L: 1.748386e+04, eta:1.050000e+00
2020-06-11 14:53:30,265 - DEBUG - fx_L1_mfista- itercount: 0, L: 1.835805e+04, eta:1.050000e+00
2020-06-11 14:53:30,272 - DEBUG - fx_L1_mfista- itercount: 0, L: 1.927596e+04, eta:1.050000e+00
2020-06-11 14:53:30,278 - DEBUG - fx_L1_mfista- itercount: 0, L: 2.023975e+04, eta:1.050000e+00
2020-06-11 14:53:30,286 - DEBUG - fx_L1_mfista- itercount: 0, L: 2.125174e+04, eta:1.050000e+00
2020-06-11 14:53:30,291 - DEBUG - fx_L1_mfista- itercount: 0, L: 2.231433e+04, eta:1.050000e+00
2020-06-11 14:53:30,297 - DEBUG - fx_L1_mfista- itercount: 0, L: 2.343005e+04, eta:1.050000e+00
2020-06-11 14:53:30,304 - DEBUG - fx_L1_mfista- itercount: 0, L: 2.460155e+04, eta:1.050000e+00
2020-06-11 14:53:30,311 - DEBUG - fx_L1_mfista- itercount: 0, L: 2.583163e+04, eta:1.050000e+00
2020-06-11 14:53:30,318 - DEBUG - fx_L1_mfista- itercount: 0, L: 2.712321e+04, eta:1.050000e+00
2020-06-11 14:53:30,324 - DEBUG - fx_L1_mfista- itercount: 0, L: 2.847937e+04, eta:1.050000e+00
2020-06-11 14:53:30,330 - DEBUG - fx_L1_mfista- itercount: 0, L: 2.990334e+04, eta:1.050000e+00
2020-06-11 14:53:30,336 - DEBUG - fx_L1_mfista- itercount: 0, L: 3.139850e+04, eta:1.050000e+00
2020-06-11 14:53:30,342 - DEBUG - fx_L1_mfista- itercount: 0, L: 3.296843e+04, eta:1.050000e+00
2020-06-11 14:53:30,350 - DEBUG - fx_L1_mfista- itercount: 0, L: 3.461685e+04, eta:1.050000e+00
2020-06-11 14:53:30,356 - DEBUG - fx_L1_mfista- itercount: 0, L: 3.634769e+04, eta:1.050000e+00
2020-06-11 14:53:30,362 - DEBUG - fx_L1_mfista- itercount: 0, L: 3.816508e+04, eta:1.050000e+00
2020-06-11 14:53:30,370 - DEBUG - fx_L1_mfista- itercount: 0, L: 4.007333e+04, eta:1.050000e+00
2020-06-11 14:53:30,375 - DEBUG - fx_L1_mfista- itercount: 0, L: 4.207700e+04, eta:1.050000e+00
2020-06-11 14:53:30,382 - DEBUG - fx_L1_mfista- itercount: 0, L: 4.418085e+04, eta:1.050000e+00
2020-06-11 14:53:30,389 - DEBUG - fx_L1_mfista- itercount: 0, L: 4.638989e+04, eta:1.050000e+00
2020-06-11 14:53:30,396 - DEBUG - fx_L1_mfista- itercount: 0, L: 4.870938e+04, eta:1.050000e+00
2020-06-11 14:53:30,404 - DEBUG - fx_L1_mfista- itercount: 0, L: 5.114485e+04, eta:1.050000e+00
2020-06-11 14:53:30,410 - DEBUG - fx_L1_mfista- itercount: 0, L: 5.370209e+04, eta:1.050000e+00
2020-06-11 14:53:30,416 - DEBUG - fx_L1_mfista- itercount: 0, L: 5.638720e+04, eta:1.050000e+00
2020-06-11 14:53:30,422 - DEBUG - fx_L1_mfista- itercount: 0, L: 5.920656e+04, eta:1.050000e+00
2020-06-11 14:53:30,429 - DEBUG - fx_L1_mfista- itercount: 0, L: 6.216689e+04, eta:1.050000e+00
2020-06-11 14:53:30,435 - DEBUG - fx_L1_mfista- itercount: 0, L: 6.527523e+04, eta:1.050000e+00
2020-06-11 14:53:30,441 - DEBUG - fx_L1_mfista- itercount: 0, L: 6.853899e+04, eta:1.050000e+00
2020-06-11 14:53:30,447 - DEBUG - fx_L1_mfista- itercount: 0, L: 7.196594e+04, eta:1.050000e+00
2020-06-11 14:53:30,455 - DEBUG - fx_L1_mfista- itercount: 0, L: 7.556424e+04, eta:1.050000e+00
2020-06-11 14:53:30,461 - DEBUG - fx_L1_mfista- itercount: 0, L: 7.934245e+04, eta:1.050000e+00
2020-06-11 14:53:30,468 - DEBUG - fx_L1_mfista- itercount: 0, L: 8.330957e+04, eta:1.050000e+00
2020-06-11 14:53:30,474 - DEBUG - fx_L1_mfista- itercount: 0, L: 8.747505e+04, eta:1.050000e+00
2020-06-11 14:53:30,480 - DEBUG - fx_L1_mfista- itercount: 0, L: 9.184880e+04, eta:1.050000e+00
2020-06-11 14:53:30,488 - DEBUG - fx_L1_mfista- itercount: 0, L: 9.644124e+04, eta:1.050000e+00
2020-06-11 14:53:30,504 - DEBUG - fx_L1_mfista- itercount: 1, L: 9.184880e+04, eta:1.050000e+00
2020-06-11 14:53:30,512 - DEBUG - fx_L1_mfista- itercount: 1, L: 9.644124e+04, eta:1.050000e+00
2020-06-11 14:53:30,528 - DEBUG - fx_L1_mfista- itercount: 2, L: 9.184880e+04, eta:1.050000e+00
2020-06-11 14:53:30,535 - DEBUG - fx_L1_mfista- itercount: 2, L: 9.644124e+04, eta:1.050000e+00
2020-06-11 14:53:30,540 - DEBUG - fx_L1_mfista- itercount: 2, L: 1.012633e+05, eta:1.050000e+00
2020-06-11 14:53:30,546 - DEBUG - fx_L1_mfista- itercount: 2, L: 1.063265e+05, eta:1.050000e+00
2020-06-11 14:53:30,554 - DEBUG - fx_L1_mfista- itercount: 2, L: 1.116428e+05, eta:1.050000e+00
2020-06-11 14:53:30,560 - DEBUG - fx_L1_mfista- itercount: 2, L: 1.172249e+05, eta:1.050000e+00
2020-06-11 14:53:30,567 - DEBUG - fx_L1_mfista- itercount: 2, L: 1.230862e+05, eta:1.050000e+00
2020-06-11 14:53:30,573 - DEBUG - fx_L1_mfista- itercount: 2, L: 1.292405e+05, eta:1.050000e+00
2020-06-11 14:53:30,589 - DEBUG - fx_L1_mfista- itercount: 3, L: 1.230862e+05, eta:1.050000e+00
2020-06-11 14:53:30,607 - DEBUG - fx_L1_mfista- itercount: 4, L: 1.172249e+05, eta:1.050000e+00
2020-06-11 14:53:30,622 - DEBUG - fx_L1_mfista- itercount: 5, L: 1.116428e+05, eta:1.050000e+00
2020-06-11 14:53:30,638 - DEBUG - fx_L1_mfista- itercount: 6, L: 1.063265e+05, eta:1.050000e+00
2020-06-11 14:53:30,655 - DEBUG - fx_L1_mfista- itercount: 7, L: 1.012633e+05, eta:1.050000e+00
2020-06-11 14:53:30,671 - DEBUG - fx_L1_mfista- itercount: 8, L: 9.644124e+04, eta:1.050000e+00
2020-06-11 14:53:30,689 - DEBUG - fx_L1_mfista- itercount: 9, L: 9.184880e+04, eta:1.050000e+00
2020-06-11 14:53:30,704 - DEBUG - fx_L1_mfista- itercount: 10, L: 8.747505e+04, eta:1.050000e+00
2020-06-11 14:53:30,719 - DEBUG - fx_L1_mfista- itercount: 11, L: 8.330957e+04, eta:1.050000e+00
2020-06-11 14:53:30,735 - DEBUG - fx_L1_mfista- itercount: 12, L: 7.934245e+04, eta:1.050000e+00
2020-06-11 14:53:30,752 - DEBUG - fx_L1_mfista- itercount: 13, L: 7.556424e+04, eta:1.050000e+00
2020-06-11 14:53:30,767 - DEBUG - fx_L1_mfista- itercount: 14, L: 7.196594e+04, eta:1.050000e+00
2020-06-11 14:53:30,785 - DEBUG - fx_L1_mfista- itercount: 15, L: 6.853899e+04, eta:1.050000e+00
2020-06-11 14:53:30,799 - DEBUG - fx_L1_mfista- itercount: 16, L: 6.527523e+04, eta:1.050000e+00
2020-06-11 14:53:30,814 - DEBUG - fx_L1_mfista- itercount: 17, L: 6.216689e+04, eta:1.050000e+00
2020-06-11 14:53:30,833 - DEBUG - fx_L1_mfista- itercount: 18, L: 5.920656e+04, eta:1.050000e+00
2020-06-11 14:53:30,848 - DEBUG - fx_L1_mfista- itercount: 19, L: 5.638720e+04, eta:1.050000e+00
2020-06-11 14:53:30,863 - DEBUG - fx_L1_mfista- itercount: 20, L: 5.370209e+04, eta:1.050000e+00
2020-06-11 14:53:30,879 - DEBUG - fx_L1_mfista- itercount: 21, L: 5.114485e+04, eta:1.050000e+00
2020-06-11 14:53:30,895 - DEBUG - fx_L1_mfista- itercount: 22, L: 4.870938e+04, eta:1.050000e+00
2020-06-11 14:53:30,911 - DEBUG - fx_L1_mfista- itercount: 23, L: 4.638989e+04, eta:1.050000e+00
2020-06-11 14:53:30,927 - DEBUG - fx_L1_mfista- itercount: 24, L: 4.418085e+04, eta:1.050000e+00
2020-06-11 14:53:30,934 - DEBUG - fx_L1_mfista- itercount: 24, L: 4.638989e+04, eta:1.050000e+00
2020-06-11 14:53:30,940 - DEBUG - fx_L1_mfista- itercount: 24, L: 4.870938e+04, eta:1.050000e+00
2020-06-11 14:53:30,946 - DEBUG - fx_L1_mfista- itercount: 24, L: 5.114485e+04, eta:1.050000e+00
2020-06-11 14:53:30,952 - DEBUG - fx_L1_mfista- itercount: 24, L: 5.370209e+04, eta:1.050000e+00
2020-06-11 14:53:30,958 - DEBUG - fx_L1_mfista- itercount: 24, L: 5.638720e+04, eta:1.050000e+00
2020-06-11 14:53:30,965 - DEBUG - fx_L1_mfista- itercount: 24, L: 5.920656e+04, eta:1.050000e+00
2020-06-11 14:53:30,971 - DEBUG - fx_L1_mfista- itercount: 24, L: 6.216689e+04, eta:1.050000e+00
2020-06-11 14:53:30,977 - DEBUG - fx_L1_mfista- itercount: 24, L: 6.527523e+04, eta:1.050000e+00
2020-06-11 14:53:30,985 - DEBUG - fx_L1_mfista- itercount: 24, L: 6.853899e+04, eta:1.050000e+00
2020-06-11 14:53:30,991 - DEBUG - fx_L1_mfista- itercount: 24, L: 7.196594e+04, eta:1.050000e+00
2020-06-11 14:53:31,007 - DEBUG - fx_L1_mfista- itercount: 25, L: 6.853899e+04, eta:1.050000e+00
2020-06-11 14:53:31,013 - DEBUG - fx_L1_mfista- itercount: 25, L: 7.196594e+04, eta:1.050000e+00
2020-06-11 14:53:31,021 - DEBUG - fx_L1_mfista- itercount: 25, L: 7.556424e+04, eta:1.050000e+00
2020-06-11 14:53:31,035 - DEBUG - fx_L1_mfista- itercount: 26, L: 7.196594e+04, eta:1.050000e+00
2020-06-11 14:53:31,051 - DEBUG - fx_L1_mfista- itercount: 27, L: 6.853899e+04, eta:1.050000e+00
2020-06-11 14:53:31,057 - DEBUG - fx_L1_mfista- itercount: 27, L: 7.196594e+04, eta:1.050000e+00
2020-06-11 14:53:31,075 - DEBUG - fx_L1_mfista- itercount: 28, L: 6.853899e+04, eta:1.050000e+00
2020-06-11 14:53:31,081 - DEBUG - fx_L1_mfista- itercount: 28, L: 7.196594e+04, eta:1.050000e+00
2020-06-11 14:53:31,098 - DEBUG - fx_L1_mfista- itercount: 29, L: 6.853899e+04, eta:1.050000e+00
2020-06-11 14:53:31,106 - DEBUG - fx_L1_mfista- itercount: 29, L: 7.196594e+04, eta:1.050000e+00
2020-06-11 14:53:31,122 - DEBUG - fx_L1_mfista- itercount: 30, L: 6.853899e+04, eta:1.050000e+00
2020-06-11 14:53:31,129 - DEBUG - fx_L1_mfista- itercount: 30, L: 7.196594e+04, eta:1.050000e+00
2020-06-11 14:53:31,146 - DEBUG - fx_L1_mfista- itercount: 31, L: 6.853899e+04, eta:1.050000e+00
2020-06-11 14:53:31,163 - DEBUG - fx_L1_mfista- itercount: 32, L: 6.527523e+04, eta:1.050000e+00
2020-06-11 14:53:31,179 - DEBUG - fx_L1_mfista- itercount: 33, L: 6.216689e+04, eta:1.050000e+00
2020-06-11 14:53:31,187 - DEBUG - fx_L1_mfista- itercount: 33, L: 6.527523e+04, eta:1.050000e+00
2020-06-11 14:53:31,204 - DEBUG - fx_L1_mfista- itercount: 34, L: 6.216689e+04, eta:1.050000e+00
2020-06-11 14:53:31,210 - DEBUG - fx_L1_mfista- itercount: 34, L: 6.527523e+04, eta:1.050000e+00
2020-06-11 14:53:31,216 - DEBUG - fx_L1_mfista- itercount: 34, L: 6.853899e+04, eta:1.050000e+00
2020-06-11 14:53:31,232 - DEBUG - fx_L1_mfista- itercount: 35, L: 6.527523e+04, eta:1.050000e+00
2020-06-11 14:53:31,247 - DEBUG - fx_L1_mfista- itercount: 36, L: 6.216689e+04, eta:1.050000e+00
2020-06-11 14:53:31,262 - DEBUG - fx_L1_mfista- itercount: 37, L: 5.920656e+04, eta:1.050000e+00
2020-06-11 14:53:31,269 - DEBUG - fx_L1_mfista- itercount: 37, L: 6.216689e+04, eta:1.050000e+00
2020-06-11 14:53:31,284 - DEBUG - fx_L1_mfista- itercount: 38, L: 5.920656e+04, eta:1.050000e+00
2020-06-11 14:53:31,290 - DEBUG - fx_L1_mfista- itercount: 38, L: 6.216689e+04, eta:1.050000e+00
2020-06-11 14:53:31,296 - DEBUG - fx_L1_mfista- itercount: 38, L: 6.527523e+04, eta:1.050000e+00
2020-06-11 14:53:31,312 - DEBUG - fx_L1_mfista- itercount: 39, L: 6.216689e+04, eta:1.050000e+00
2020-06-11 14:53:31,326 - DEBUG - fx_L1_mfista- itercount: 40, L: 5.920656e+04, eta:1.050000e+00
2020-06-11 14:53:31,340 - DEBUG - fx_L1_mfista- itercount: 41, L: 5.638720e+04, eta:1.050000e+00
2020-06-11 14:53:31,355 - DEBUG - fx_L1_mfista- itercount: 42, L: 5.370209e+04, eta:1.050000e+00
2020-06-11 14:53:31,361 - DEBUG - fx_L1_mfista- itercount: 42, L: 5.638720e+04, eta:1.050000e+00
2020-06-11 14:53:31,366 - DEBUG - fx_L1_mfista- itercount: 42, L: 5.920656e+04, eta:1.050000e+00
2020-06-11 14:53:31,381 - DEBUG - fx_L1_mfista- itercount: 43, L: 5.638720e+04, eta:1.050000e+00
2020-06-11 14:53:31,386 - DEBUG - fx_L1_mfista- itercount: 43, L: 5.920656e+04, eta:1.050000e+00
2020-06-11 14:53:31,401 - DEBUG - fx_L1_mfista- itercount: 44, L: 5.638720e+04, eta:1.050000e+00
2020-06-11 14:53:31,408 - DEBUG - fx_L1_mfista- itercount: 44, L: 5.920656e+04, eta:1.050000e+00
2020-06-11 14:53:31,421 - DEBUG - fx_L1_mfista- itercount: 45, L: 5.638720e+04, eta:1.050000e+00
2020-06-11 14:53:31,435 - DEBUG - fx_L1_mfista- itercount: 46, L: 5.370209e+04, eta:1.050000e+00
2020-06-11 14:53:31,441 - DEBUG - fx_L1_mfista- itercount: 46, L: 5.638720e+04, eta:1.050000e+00
2020-06-11 14:53:31,455 - DEBUG - fx_L1_mfista- itercount: 47, L: 5.370209e+04, eta:1.050000e+00
2020-06-11 14:53:31,461 - DEBUG - fx_L1_mfista- itercount: 47, L: 5.638720e+04, eta:1.050000e+00
2020-06-11 14:53:31,466 - DEBUG - fx_L1_mfista- itercount: 47, L: 5.920656e+04, eta:1.050000e+00
2020-06-11 14:53:31,480 - DEBUG - fx_L1_mfista- itercount: 48, L: 5.638720e+04, eta:1.050000e+00
2020-06-11 14:53:31,493 - DEBUG - fx_L1_mfista- itercount: 49, L: 5.370209e+04, eta:1.050000e+00
2020-06-11 14:53:31,506 - DEBUG - fx_L1_mfista- iternum:50, L: 5.370209e+04, F_xk: 7.113613e+00, chi:6.291139e+06, reg: 3.097200e+05, rela_err:5.246472e-05
2020-06-11 14:53:31,525 - DEBUG - fx_L1_mfista- itercount: 50, L: 5.114485e+04, eta:1.050000e+00
2020-06-11 14:53:31,534 - DEBUG - fx_L1_mfista- itercount: 50, L: 5.370209e+04, eta:1.050000e+00
2020-06-11 14:53:31,540 - DEBUG - fx_L1_mfista- itercount: 50, L: 5.638720e+04, eta:1.050000e+00
2020-06-11 14:53:31,554 - DEBUG - fx_L1_mfista- itercount: 51, L: 5.370209e+04, eta:1.050000e+00
2020-06-11 14:53:31,560 - DEBUG - fx_L1_mfista- itercount: 51, L: 5.638720e+04, eta:1.050000e+00
2020-06-11 14:53:31,576 - DEBUG - fx_L1_mfista- itercount: 52, L: 5.370209e+04, eta:1.050000e+00
2020-06-11 14:53:31,583 - DEBUG - fx_L1_mfista- itercount: 52, L: 5.638720e+04, eta:1.050000e+00
2020-06-11 14:53:31,591 - DEBUG - fx_L1_mfista- itercount: 52, L: 5.920656e+04, eta:1.050000e+00
2020-06-11 14:53:31,608 - DEBUG - fx_L1_mfista- itercount: 53, L: 5.638720e+04, eta:1.050000e+00
2020-06-11 14:53:31,624 - DEBUG - fx_L1_mfista- itercount: 54, L: 5.370209e+04, eta:1.050000e+00
2020-06-11 14:53:31,639 - DEBUG - fx_L1_mfista- itercount: 55, L: 5.114485e+04, eta:1.050000e+00
2020-06-11 14:53:31,646 - DEBUG - fx_L1_mfista- itercount: 55, L: 5.370209e+04, eta:1.050000e+00
2020-06-11 14:53:31,664 - DEBUG - fx_L1_mfista- itercount: 56, L: 5.114485e+04, eta:1.050000e+00
2020-06-11 14:53:31,671 - DEBUG - fx_L1_mfista- itercount: 56, L: 5.370209e+04, eta:1.050000e+00
2020-06-11 14:53:31,688 - DEBUG - fx_L1_mfista- itercount: 57, L: 5.114485e+04, eta:1.050000e+00
2020-06-11 14:53:31,694 - DEBUG - fx_L1_mfista- itercount: 57, L: 5.370209e+04, eta:1.050000e+00
2020-06-11 14:53:31,710 - DEBUG - fx_L1_mfista- itercount: 58, L: 5.114485e+04, eta:1.050000e+00
2020-06-11 14:53:31,717 - DEBUG - fx_L1_mfista- itercount: 58, L: 5.370209e+04, eta:1.050000e+00
2020-06-11 14:53:31,722 - DEBUG - fx_L1_mfista- itercount: 58, L: 5.638720e+04, eta:1.050000e+00
2020-06-11 14:53:31,738 - DEBUG - fx_L1_mfista- itercount: 59, L: 5.370209e+04, eta:1.050000e+00
2020-06-11 14:53:31,753 - DEBUG - fx_L1_mfista- itercount: 60, L: 5.114485e+04, eta:1.050000e+00
2020-06-11 14:53:31,760 - DEBUG - fx_L1_mfista- itercount: 60, L: 5.370209e+04, eta:1.050000e+00
2020-06-11 14:53:31,775 - DEBUG - fx_L1_mfista- itercount: 61, L: 5.114485e+04, eta:1.050000e+00
2020-06-11 14:53:31,792 - DEBUG - fx_L1_mfista- itercount: 62, L: 4.870938e+04, eta:1.050000e+00
2020-06-11 14:53:31,807 - DEBUG - fx_L1_mfista- itercount: 63, L: 4.638989e+04, eta:1.050000e+00
2020-06-11 14:53:31,813 - DEBUG - fx_L1_mfista- itercount: 63, L: 4.870938e+04, eta:1.050000e+00
2020-06-11 14:53:31,820 - DEBUG - fx_L1_mfista- itercount: 63, L: 5.114485e+04, eta:1.050000e+00
2020-06-11 14:53:31,826 - DEBUG - fx_L1_mfista- itercount: 63, L: 5.370209e+04, eta:1.050000e+00
2020-06-11 14:53:31,843 - DEBUG - fx_L1_mfista- itercount: 64, L: 5.114485e+04, eta:1.050000e+00
2020-06-11 14:53:31,849 - DEBUG - fx_L1_mfista- itercount: 64, L: 5.370209e+04, eta:1.050000e+00
2020-06-11 14:53:31,868 - DEBUG - fx_L1_mfista- itercount: 65, L: 5.114485e+04, eta:1.050000e+00
2020-06-11 14:53:31,884 - DEBUG - fx_L1_mfista- itercount: 66, L: 4.870938e+04, eta:1.050000e+00
2020-06-11 14:53:31,890 - DEBUG - fx_L1_mfista- itercount: 66, L: 5.114485e+04, eta:1.050000e+00
2020-06-11 14:53:31,906 - DEBUG - fx_L1_mfista- itercount: 67, L: 4.870938e+04, eta:1.050000e+00
2020-06-11 14:53:31,925 - DEBUG - fx_L1_mfista- itercount: 68, L: 4.638989e+04, eta:1.050000e+00
2020-06-11 14:53:31,932 - DEBUG - fx_L1_mfista- itercount: 68, L: 4.870938e+04, eta:1.050000e+00
2020-06-11 14:53:31,938 - DEBUG - fx_L1_mfista- itercount: 68, L: 5.114485e+04, eta:1.050000e+00
2020-06-11 14:53:31,944 - DEBUG - fx_L1_mfista- itercount: 68, L: 5.370209e+04, eta:1.050000e+00
2020-06-11 14:53:31,961 - DEBUG - fx_L1_mfista- itercount: 69, L: 5.114485e+04, eta:1.050000e+00
2020-06-11 14:53:31,978 - DEBUG - fx_L1_mfista- itercount: 70, L: 4.870938e+04, eta:1.050000e+00
2020-06-11 14:53:31,995 - DEBUG - fx_L1_mfista- itercount: 71, L: 4.638989e+04, eta:1.050000e+00
2020-06-11 14:53:32,012 - DEBUG - fx_L1_mfista- itercount: 72, L: 4.418085e+04, eta:1.050000e+00
2020-06-11 14:53:32,018 - DEBUG - fx_L1_mfista- itercount: 72, L: 4.638989e+04, eta:1.050000e+00
2020-06-11 14:53:32,024 - DEBUG - fx_L1_mfista- itercount: 72, L: 4.870938e+04, eta:1.050000e+00
2020-06-11 14:53:32,031 - DEBUG - fx_L1_mfista- itercount: 72, L: 5.114485e+04, eta:1.050000e+00
2020-06-11 14:53:32,047 - DEBUG - fx_L1_mfista- itercount: 73, L: 4.870938e+04, eta:1.050000e+00
2020-06-11 14:53:32,064 - DEBUG - fx_L1_mfista- itercount: 74, L: 4.638989e+04, eta:1.050000e+00
2020-06-11 14:53:32,071 - DEBUG - fx_L1_mfista- itercount: 74, L: 4.870938e+04, eta:1.050000e+00
2020-06-11 14:53:32,078 - DEBUG - fx_L1_mfista- itercount: 74, L: 5.114485e+04, eta:1.050000e+00
2020-06-11 14:53:32,085 - DEBUG - fx_L1_mfista- itercount: 74, L: 5.370209e+04, eta:1.050000e+00
2020-06-11 14:53:32,099 - DEBUG - fx_L1_mfista- itercount: 75, L: 5.114485e+04, eta:1.050000e+00
2020-06-11 14:53:32,115 - DEBUG - fx_L1_mfista- itercount: 76, L: 4.870938e+04, eta:1.050000e+00
2020-06-11 14:53:32,121 - DEBUG - fx_L1_mfista- itercount: 76, L: 5.114485e+04, eta:1.050000e+00
2020-06-11 14:53:32,137 - DEBUG - fx_L1_mfista- itercount: 77, L: 4.870938e+04, eta:1.050000e+00
2020-06-11 14:53:32,154 - DEBUG - fx_L1_mfista- itercount: 78, L: 4.638989e+04, eta:1.050000e+00
2020-06-11 14:53:32,170 - DEBUG - fx_L1_mfista- itercount: 79, L: 4.418085e+04, eta:1.050000e+00
2020-06-11 14:53:32,176 - DEBUG - fx_L1_mfista- itercount: 79, L: 4.638989e+04, eta:1.050000e+00
2020-06-11 14:53:32,190 - DEBUG - fx_L1_mfista- itercount: 80, L: 4.418085e+04, eta:1.050000e+00
2020-06-11 14:53:32,198 - DEBUG - fx_L1_mfista- itercount: 80, L: 4.638989e+04, eta:1.050000e+00
2020-06-11 14:53:32,203 - DEBUG - fx_L1_mfista- itercount: 80, L: 4.870938e+04, eta:1.050000e+00
2020-06-11 14:53:32,210 - DEBUG - fx_L1_mfista- itercount: 80, L: 5.114485e+04, eta:1.050000e+00
2020-06-11 14:53:32,217 - DEBUG - fx_L1_mfista- itercount: 80, L: 5.370209e+04, eta:1.050000e+00
2020-06-11 14:53:32,230 - DEBUG - fx_L1_mfista- itercount: 81, L: 5.114485e+04, eta:1.050000e+00
2020-06-11 14:53:32,246 - DEBUG - fx_L1_mfista- itercount: 82, L: 4.870938e+04, eta:1.050000e+00
2020-06-11 14:53:32,261 - DEBUG - fx_L1_mfista- itercount: 83, L: 4.638989e+04, eta:1.050000e+00
2020-06-11 14:53:32,275 - DEBUG - fx_L1_mfista- itercount: 84, L: 4.418085e+04, eta:1.050000e+00
2020-06-11 14:53:32,290 - DEBUG - fx_L1_mfista- itercount: 85, L: 4.207700e+04, eta:1.050000e+00
2020-06-11 14:53:32,306 - DEBUG - fx_L1_mfista- itercount: 86, L: 4.007333e+04, eta:1.050000e+00
2020-06-11 14:53:32,319 - DEBUG - fx_L1_mfista- itercount: 87, L: 3.816508e+04, eta:1.050000e+00
2020-06-11 14:53:32,325 - DEBUG - fx_L1_mfista- itercount: 87, L: 4.007333e+04, eta:1.050000e+00
2020-06-11 14:53:32,332 - DEBUG - fx_L1_mfista- itercount: 87, L: 4.207700e+04, eta:1.050000e+00
2020-06-11 14:53:32,338 - DEBUG - fx_L1_mfista- itercount: 87, L: 4.418085e+04, eta:1.050000e+00
2020-06-11 14:53:32,343 - DEBUG - fx_L1_mfista- itercount: 87, L: 4.638989e+04, eta:1.050000e+00
2020-06-11 14:53:32,351 - DEBUG - fx_L1_mfista- itercount: 87, L: 4.870938e+04, eta:1.050000e+00
2020-06-11 14:53:32,358 - DEBUG - fx_L1_mfista- itercount: 87, L: 5.114485e+04, eta:1.050000e+00
2020-06-11 14:53:32,374 - DEBUG - fx_L1_mfista- itercount: 88, L: 4.870938e+04, eta:1.050000e+00
2020-06-11 14:53:32,391 - DEBUG - fx_L1_mfista- itercount: 89, L: 4.638989e+04, eta:1.050000e+00
2020-06-11 14:53:32,406 - DEBUG - fx_L1_mfista- itercount: 90, L: 4.418085e+04, eta:1.050000e+00
2020-06-11 14:53:32,423 - DEBUG - fx_L1_mfista- itercount: 91, L: 4.207700e+04, eta:1.050000e+00
2020-06-11 14:53:32,440 - DEBUG - fx_L1_mfista- itercount: 92, L: 4.007333e+04, eta:1.050000e+00
2020-06-11 14:53:32,445 - DEBUG - fx_L1_mfista- itercount: 92, L: 4.207700e+04, eta:1.050000e+00
2020-06-11 14:53:32,452 - DEBUG - fx_L1_mfista- itercount: 92, L: 4.418085e+04, eta:1.050000e+00
2020-06-11 14:53:32,470 - DEBUG - fx_L1_mfista- itercount: 93, L: 4.207700e+04, eta:1.050000e+00
2020-06-11 14:53:32,475 - DEBUG - fx_L1_mfista- itercount: 93, L: 4.418085e+04, eta:1.050000e+00
2020-06-11 14:53:32,482 - DEBUG - fx_L1_mfista- itercount: 93, L: 4.638989e+04, eta:1.050000e+00
2020-06-11 14:53:32,496 - DEBUG - fx_L1_mfista- itercount: 94, L: 4.418085e+04, eta:1.050000e+00
2020-06-11 14:53:32,512 - DEBUG - fx_L1_mfista- itercount: 95, L: 4.207700e+04, eta:1.050000e+00
2020-06-11 14:53:32,528 - DEBUG - fx_L1_mfista- itercount: 96, L: 4.007333e+04, eta:1.050000e+00
2020-06-11 14:53:32,542 - DEBUG - fx_L1_mfista- itercount: 97, L: 3.816508e+04, eta:1.050000e+00
2020-06-11 14:53:32,558 - DEBUG - fx_L1_mfista- itercount: 98, L: 3.634769e+04, eta:1.050000e+00
2020-06-11 14:53:32,573 - DEBUG - fx_L1_mfista- itercount: 99, L: 3.461685e+04, eta:1.050000e+00
2020-06-11 14:53:32,585 - DEBUG - fx_L1_mfista- iternum:100, L: 3.461685e+04, F_xk: 7.105088e+00, chi:6.286928e+06, reg: 3.661187e+05, rela_err:2.670375e-07
2020-06-11 14:53:32,604 - DEBUG - fx_L1_mfista- itercount: 100, L: 3.296843e+04, eta:1.050000e+00
2020-06-11 14:53:32,620 - DEBUG - fx_L1_mfista- itercount: 101, L: 3.139850e+04, eta:1.050000e+00
2020-06-11 14:53:32,634 - DEBUG - fx_L1_mfista- itercount: 102, L: 2.990334e+04, eta:1.050000e+00
2020-06-11 14:53:32,640 - DEBUG - fx_L1_mfista- itercount: 102, L: 3.139850e+04, eta:1.050000e+00
2020-06-11 14:53:32,647 - DEBUG - fx_L1_mfista- itercount: 102, L: 3.296843e+04, eta:1.050000e+00
2020-06-11 14:53:32,655 - DEBUG - fx_L1_mfista- itercount: 102, L: 3.461685e+04, eta:1.050000e+00
2020-06-11 14:53:32,661 - DEBUG - fx_L1_mfista- itercount: 102, L: 3.634769e+04, eta:1.050000e+00
2020-06-11 14:53:32,666 - DEBUG - fx_L1_mfista- itercount: 102, L: 3.816508e+04, eta:1.050000e+00
2020-06-11 14:53:32,672 - DEBUG - fx_L1_mfista- itercount: 102, L: 4.007333e+04, eta:1.050000e+00
2020-06-11 14:53:32,678 - DEBUG - fx_L1_mfista- itercount: 102, L: 4.207700e+04, eta:1.050000e+00
2020-06-11 14:53:32,685 - DEBUG - fx_L1_mfista- itercount: 102, L: 4.418085e+04, eta:1.050000e+00
2020-06-11 14:53:32,698 - DEBUG - fx_L1_mfista- itercount: 103, L: 4.207700e+04, eta:1.050000e+00
2020-06-11 14:53:32,706 - DEBUG - fx_L1_mfista- itercount: 103, L: 4.418085e+04, eta:1.050000e+00
2020-06-11 14:53:32,712 - DEBUG - fx_L1_mfista- itercount: 103, L: 4.638989e+04, eta:1.050000e+00
2020-06-11 14:53:32,728 - DEBUG - fx_L1_mfista- itercount: 104, L: 4.418085e+04, eta:1.050000e+00
2020-06-11 14:53:32,743 - DEBUG - fx_L1_mfista- itercount: 105, L: 4.207700e+04, eta:1.050000e+00
2020-06-11 14:53:32,757 - DEBUG - fx_L1_mfista- itercount: 106, L: 4.007333e+04, eta:1.050000e+00
2020-06-11 14:53:32,763 - DEBUG - fx_L1_mfista- itercount: 106, L: 4.207700e+04, eta:1.050000e+00
2020-06-11 14:53:32,770 - DEBUG - fx_L1_mfista- itercount: 106, L: 4.418085e+04, eta:1.050000e+00
2020-06-11 14:53:32,785 - DEBUG - fx_L1_mfista- itercount: 107, L: 4.207700e+04, eta:1.050000e+00
2020-06-11 14:53:32,792 - DEBUG - fx_L1_mfista- itercount: 107, L: 4.418085e+04, eta:1.050000e+00
2020-06-11 14:53:32,806 - DEBUG - fx_L1_mfista- itercount: 108, L: 4.207700e+04, eta:1.050000e+00
2020-06-11 14:53:32,823 - DEBUG - fx_L1_mfista- itercount: 109, L: 4.007333e+04, eta:1.050000e+00
2020-06-11 14:53:32,829 - DEBUG - fx_L1_mfista- itercount: 109, L: 4.207700e+04, eta:1.050000e+00
2020-06-11 14:53:32,835 - DEBUG - fx_L1_mfista- itercount: 109, L: 4.418085e+04, eta:1.050000e+00
2020-06-11 14:53:32,850 - DEBUG - fx_L1_mfista- itercount: 110, L: 4.207700e+04, eta:1.050000e+00
2020-06-11 14:53:32,856 - DEBUG - fx_L1_mfista- itercount: 110, L: 4.418085e+04, eta:1.050000e+00
2020-06-11 14:53:32,871 - DEBUG - fx_L1_mfista- itercount: 111, L: 4.207700e+04, eta:1.050000e+00
2020-06-11 14:53:32,877 - DEBUG - fx_L1_mfista- itercount: 111, L: 4.418085e+04, eta:1.050000e+00
2020-06-11 14:53:32,893 - DEBUG - fx_L1_mfista- itercount: 112, L: 4.207700e+04, eta:1.050000e+00
2020-06-11 14:53:32,898 - DEBUG - fx_L1_mfista- itercount: 112, L: 4.418085e+04, eta:1.050000e+00
2020-06-11 14:53:32,915 - DEBUG - fx_L1_mfista- itercount: 113, L: 4.207700e+04, eta:1.050000e+00
2020-06-11 14:53:32,930 - DEBUG - fx_L1_mfista- itercount: 114, L: 4.007333e+04, eta:1.050000e+00
2020-06-11 14:53:32,936 - DEBUG - fx_L1_mfista- itercount: 114, L: 4.207700e+04, eta:1.050000e+00
2020-06-11 14:53:32,942 - DEBUG - fx_L1_mfista- itercount: 114, L: 4.418085e+04, eta:1.050000e+00
2020-06-11 14:53:32,948 - DEBUG - fx_L1_mfista- itercount: 114, L: 4.638989e+04, eta:1.050000e+00
2020-06-11 14:53:32,963 - DEBUG - fx_L1_mfista- itercount: 115, L: 4.418085e+04, eta:1.050000e+00
2020-06-11 14:53:32,980 - DEBUG - fx_L1_mfista- itercount: 116, L: 4.207700e+04, eta:1.050000e+00
2020-06-11 14:53:32,995 - DEBUG - fx_L1_mfista- itercount: 117, L: 4.007333e+04, eta:1.050000e+00
2020-06-11 14:53:33,001 - DEBUG - fx_L1_mfista- itercount: 117, L: 4.207700e+04, eta:1.050000e+00
2020-06-11 14:53:33,007 - DEBUG - fx_L1_mfista- itercount: 117, L: 4.418085e+04, eta:1.050000e+00
2020-06-11 14:53:33,022 - DEBUG - fx_L1_mfista- itercount: 118, L: 4.207700e+04, eta:1.050000e+00
2020-06-11 14:53:33,028 - DEBUG - fx_L1_mfista- itercount: 118, L: 4.418085e+04, eta:1.050000e+00
2020-06-11 14:53:33,043 - DEBUG - fx_L1_mfista- itercount: 119, L: 4.207700e+04, eta:1.050000e+00
2020-06-11 14:53:33,049 - DEBUG - fx_L1_mfista- itercount: 119, L: 4.418085e+04, eta:1.050000e+00
2020-06-11 14:53:33,064 - DEBUG - fx_L1_mfista- itercount: 120, L: 4.207700e+04, eta:1.050000e+00
2020-06-11 14:53:33,072 - DEBUG - fx_L1_mfista- itercount: 120, L: 4.418085e+04, eta:1.050000e+00
2020-06-11 14:53:33,085 - DEBUG - fx_L1_mfista- itercount: 121, L: 4.207700e+04, eta:1.050000e+00
2020-06-11 14:53:33,091 - DEBUG - fx_L1_mfista- itercount: 121, L: 4.418085e+04, eta:1.050000e+00
2020-06-11 14:53:33,106 - DEBUG - fx_L1_mfista- itercount: 122, L: 4.207700e+04, eta:1.050000e+00
2020-06-11 14:53:33,113 - DEBUG - fx_L1_mfista- itercount: 122, L: 4.418085e+04, eta:1.050000e+00
2020-06-11 14:53:33,128 - DEBUG - fx_L1_mfista- itercount: 123, L: 4.207700e+04, eta:1.050000e+00
2020-06-11 14:53:33,134 - DEBUG - fx_L1_mfista- itercount: 123, L: 4.418085e+04, eta:1.050000e+00
2020-06-11 14:53:33,150 - DEBUG - fx_L1_mfista- itercount: 124, L: 4.207700e+04, eta:1.050000e+00
2020-06-11 14:53:33,158 - DEBUG - fx_L1_mfista- itercount: 124, L: 4.418085e+04, eta:1.050000e+00
2020-06-11 14:53:33,172 - DEBUG - fx_L1_mfista- itercount: 125, L: 4.207700e+04, eta:1.050000e+00
2020-06-11 14:53:33,178 - DEBUG - fx_L1_mfista- itercount: 125, L: 4.418085e+04, eta:1.050000e+00
2020-06-11 14:53:33,193 - DEBUG - fx_L1_mfista- itercount: 126, L: 4.207700e+04, eta:1.050000e+00
2020-06-11 14:53:33,199 - DEBUG - fx_L1_mfista- itercount: 126, L: 4.418085e+04, eta:1.050000e+00
2020-06-11 14:53:33,215 - DEBUG - fx_L1_mfista- itercount: 127, L: 4.207700e+04, eta:1.050000e+00
2020-06-11 14:53:33,221 - DEBUG - fx_L1_mfista- itercount: 127, L: 4.418085e+04, eta:1.050000e+00
2020-06-11 14:53:33,237 - DEBUG - fx_L1_mfista- itercount: 128, L: 4.207700e+04, eta:1.050000e+00
2020-06-11 14:53:33,252 - DEBUG - fx_L1_mfista- itercount: 129, L: 4.007333e+04, eta:1.050000e+00
2020-06-11 14:53:33,258 - DEBUG - fx_L1_mfista- itercount: 129, L: 4.207700e+04, eta:1.050000e+00
2020-06-11 14:53:33,264 - DEBUG - fx_L1_mfista- itercount: 129, L: 4.418085e+04, eta:1.050000e+00
2020-06-11 14:53:33,280 - DEBUG - fx_L1_mfista- itercount: 130, L: 4.207700e+04, eta:1.050000e+00
2020-06-11 14:53:33,287 - DEBUG - fx_L1_mfista- itercount: 130, L: 4.418085e+04, eta:1.050000e+00
2020-06-11 14:53:33,301 - DEBUG - fx_L1_mfista- itercount: 131, L: 4.207700e+04, eta:1.050000e+00
2020-06-11 14:53:33,307 - DEBUG - fx_L1_mfista- itercount: 131, L: 4.418085e+04, eta:1.050000e+00
2020-06-11 14:53:33,322 - DEBUG - fx_L1_mfista- itercount: 132, L: 4.207700e+04, eta:1.050000e+00
2020-06-11 14:53:33,328 - DEBUG - fx_L1_mfista- itercount: 132, L: 4.418085e+04, eta:1.050000e+00
2020-06-11 14:53:33,344 - DEBUG - fx_L1_mfista- itercount: 133, L: 4.207700e+04, eta:1.050000e+00
2020-06-11 14:53:33,358 - DEBUG - fx_L1_mfista- itercount: 134, L: 4.007333e+04, eta:1.050000e+00
2020-06-11 14:53:33,365 - DEBUG - fx_L1_mfista- itercount: 134, L: 4.207700e+04, eta:1.050000e+00
2020-06-11 14:53:33,372 - DEBUG - fx_L1_mfista- itercount: 134, L: 4.418085e+04, eta:1.050000e+00
2020-06-11 14:53:33,480 - INFO - fx_L1_mfista- end; fitting. iternum:134, relative dif of F: 9.642728e-08
2020-06-11 14:53:35,623 - INFO - plots_comp- 0 model, rms:2.174535e+01
2020-06-11 14:53:35,689 - INFO - plots_comp- 1 model, rms:2.008042e+01
2020-06-11 14:53:35,741 - INFO - plots_comp- 2 model, rms:2.158625e+01
2020-06-11 14:53:35,784 - INFO - plots_comp- 3 model, rms:2.121449e+01
2020-06-11 14:53:35,858 - INFO - plots_comp- 4 model, rms:8.289153e+00
2020-06-11 14:53:35,889 - INFO - plots_comp- 5 model, rms:0.000000e+00
